BLOCK00/SES002/SA002S12	SES002	1.06884	-4.28249	-5.35133
BLOCK00/SES002/SA002S13	SES002	0.763874	-5.96629	-6.73016
BLOCK00/SES002/SA002S23	SES002	0.210317	-5.52818	-5.7385
BLOCK00/SES002/SA002S26	SES002	0.669233	-8.37603	-9.04526
BLOCK00/SES002/SA002S28	SES002	0.135696	-7.24684	-7.38254
BLOCK00/SES007/SA007S14	SES007	0.71311	-4.28615	-4.99926
BLOCK00/SES007/SA007S15	SES007	0.400626	-5.26658	-5.6672
BLOCK00/SES007/SA007S24	SES007	0.539254	-4.35833	-4.89759
BLOCK00/SES007/SA007S27	SES007	-0.762525	-7.85481	-7.09228
BLOCK00/SES007/SA007S29	SES007	0.33319	-4.08149	-4.41469
BLOCK00/SES008/SA008S11	SES008	1.40428	-1.59888	-3.00315
BLOCK00/SES008/SA008S12	SES008	0.329941	-2.7319	-3.06184
BLOCK00/SES008/SA008S19	SES008	1.45727	-2.18926	-3.64653
BLOCK00/SES008/SA008S22	SES008	0.787674	-4.12647	-4.91414
BLOCK00/SES008/SA008S29	SES008	1.33504	-1.49982	-2.83486
BLOCK01/SES014/SA014S10	SES014	-0.0479875	-4.87873	-4.83074
BLOCK01/SES014/SA014S12	SES014	1.44112	-3.56036	-5.00148
BLOCK01/SES014/SA014S24	SES014	1.7702	-4.13203	-5.90223
BLOCK01/SES014/SA014S26	SES014	1.62799	-5.26518	-6.89317
BLOCK01/SES014/SA014S28	SES014	3.1666	-0.930316	-4.09692
BLOCK01/SES016/SA016S12	SES016	-0.0180111	-7.60859	-7.59058
BLOCK01/SES016/SA016S13	SES016	0.979547	-5.70051	-6.68006
BLOCK01/SES016/SA016S22	SES016	0.790983	-5.75385	-6.54484
BLOCK01/SES016/SA016S25	SES016	1.10666	-3.95332	-5.05998
BLOCK01/SES016/SA016S27	SES016	1.12903	-7.05141	-8.18044
BLOCK01/SES019/SA019S13	SES019	1.93088	-5.37184	-7.30273
BLOCK01/SES019/SA019S14	SES019	1.27059	-5.37042	-6.64101
BLOCK01/SES019/SA019S22	SES019	2.43262	-3.17206	-5.60468
BLOCK01/SES019/SA019S25	SES019	1.58529	-6.21997	-7.80526
BLOCK01/SES019/SA019S29	SES019	2.36364	-6.40771	-8.77135
BLOCK02/SES029/SA029S11	SES029	0.934173	-3.71129	-4.64547
BLOCK02/SES029/SA029S12	SES029	-0.157601	-5.57195	-5.41435
BLOCK02/SES029/SA029S20	SES029	0.54486	-3.16745	-3.71231
BLOCK02/SES029/SA029S25	SES029	-0.0937986	-5.24824	-5.15444
BLOCK02/SES029/SA029S28	SES029	0.0646729	-4.773	-4.83767
BLOCK04/SES042/SA042S12	SES042	1.07826	-5.35561	-6.43387
BLOCK04/SES042/SA042S15	SES042	0.906367	-5.84947	-6.75584
BLOCK04/SES042/SA042S22	SES042	3.15449	-9.58056	-12.7351
BLOCK04/SES042/SA042S25	SES042	1.3158	-8.02091	-9.33671
BLOCK04/SES042/SA042S27	SES042	2.13945	-8.08045	-10.2199
BLOCK04/SES048/SA048S11	SES048	0.790982	-3.32794	-4.11893
BLOCK04/SES048/SA048S12	SES048	0.274014	-5.52623	-5.80025
BLOCK04/SES048/SA048S20	SES048	0.945235	-4.76353	-5.70876
BLOCK04/SES048/SA048S23	SES048	0.805711	-3.30996	-4.11567
BLOCK04/SES048/SA048S27	SES048	-0.027669	-5.42792	-5.40025
BLOCK06/SES060/SA060S11	SES060	0.9462	-5.75175	-6.69795
BLOCK06/SES060/SA060S12	SES060	0.247922	-8.40026	-8.64818
BLOCK06/SES060/SA060S22	SES060	-1.7978	-8.36148	-6.56369
BLOCK06/SES060/SA060S24	SES060	0.70266	-2.79334	-3.496
BLOCK06/SES060/SA060S28	SES060	1.18833	-1.95	-3.13833
BLOCK06/SES062/SA062S10	SES062	-0.312886	-5.36043	-5.04754
BLOCK06/SES062/SA062S11	SES062	0.515146	-6.82887	-7.34401
BLOCK06/SES062/SA062S21	SES062	0.772707	-0.965043	-1.73775
BLOCK06/SES062/SA062S26	SES062	0.383269	-4.50009	-4.88336
BLOCK06/SES062/SA062S29	SES062	1.15951	-2.45767	-3.61718
BLOCK06/SES068/SA068S14	SES068	-0.110677	-4.38681	-4.27613
BLOCK06/SES068/SA068S15	SES068	0.675897	-4.57523	-5.25113
BLOCK06/SES068/SA068S23	SES068	0.0373487	-5.99935	-6.0367
BLOCK06/SES068/SA068S27	SES068	1.136	-4.32524	-5.46123
BLOCK06/SES068/SA068S29	SES068	-0.0973291	-6.15694	-6.05961
BLOCK08/SES082/SA082S12	SES082	-1.25793	-5.86811	-4.61019
BLOCK08/SES082/SA082S14	SES082	-0.109258	-4.54258	-4.43332
BLOCK08/SES082/SA082S21	SES082	0.0236669	-3.90744	-3.9311
BLOCK08/SES082/SA082S24	SES082	0.475098	-5.87499	-6.35009
BLOCK08/SES082/SA082S28	SES082	0.600281	-5.83249	-6.43277
BLOCK08/SES083/SA083S14	SES083	-0.0156045	-4.11237	-4.09677
BLOCK08/SES083/SA083S15	SES083	0.151968	-5.82317	-5.97514
BLOCK08/SES083/SA083S24	SES083	-0.166276	-5.18435	-5.01807
BLOCK08/SES083/SA083S26	SES083	-0.46927	-7.62967	-7.1604
BLOCK08/SES083/SA083S29	SES083	-0.249145	-6.21688	-5.96773
BLOCK08/SES085/SA085S10	SES085	0.689154	-3.50154	-4.19069
BLOCK08/SES085/SA085S13	SES085	-0.122754	-6.9124	-6.78965
BLOCK08/SES085/SA085S22	SES085	0.999545	-3.01461	-4.01416
BLOCK08/SES085/SA085S26	SES085	-0.46561	-8.09684	-7.63123
BLOCK08/SES085/SA085S28	SES085	1.0519	-3.38159	-4.43349
BLOCK08/SES087/SA087S15	SES087	1.04673	-5.26305	-6.30978
BLOCK08/SES087/SA087S16	SES087	1.839	-3.69578	-5.53478
BLOCK08/SES087/SA087S24	SES087	1.09685	-8.61412	-9.71097
BLOCK08/SES087/SA087S26	SES087	1.06869	-4.86319	-5.93187
BLOCK08/SES087/SA087S29	SES087	1.11885	-2.92565	-4.0445
BLOCK09/SES099/SA099S15	SES099	1.94175	-5.22967	-7.17142
BLOCK09/SES099/SA099S16	SES099	1.32217	-2.28396	-3.60612
BLOCK09/SES099/SA099S24	SES099	1.73567	-4.0552	-5.79087
BLOCK09/SES099/SA099S26	SES099	1.1134	-5.11721	-6.23062
BLOCK09/SES099/SA099S29	SES099	1.86123	-5.3673	-7.22852
BLOCK10/SES101/SA101S11	SES101	0.163856	-4.80027	-4.96413
BLOCK10/SES101/SA101S13	SES101	0.837492	-0.593584	-1.43108
BLOCK10/SES101/SA101S22	SES101	1.17401	-4.64107	-5.81508
BLOCK10/SES101/SA101S24	SES101	0.451732	-4.60722	-5.05895
BLOCK10/SES101/SA101S28	SES101	1.00055	-4.34962	-5.35016
BLOCK10/SES104/SA104S11	SES104	1.24122	-3.2149	-4.45612
BLOCK10/SES104/SA104S12	SES104	1.12743	-4.59169	-5.71912
BLOCK10/SES104/SA104S21	SES104	1.51585	-4.29567	-5.81152
BLOCK10/SES104/SA104S24	SES104	-0.293456	-8.01031	-7.71686
BLOCK10/SES104/SA104S28	SES104	1.10989	-6.73617	-7.84605
BLOCK10/SES105/SA105S12	SES105	0.970341	-5.87566	-6.846
BLOCK10/SES105/SA105S13	SES105	-0.14226	-6.50237	-6.36011
BLOCK10/SES105/SA105S22	SES105	0.117635	-6.1968	-6.31444
BLOCK10/SES105/SA105S26	SES105	0.55188	-6.72784	-7.27972
BLOCK10/SES105/SA105S29	SES105	0.82463	-3.51106	-4.33569
BLOCK10/SES106/SA106S09	SES106	0.652134	-8.19188	-8.84401
BLOCK10/SES106/SA106S11	SES106	1.56126	-4.15132	-5.71258
BLOCK10/SES106/SA106S22	SES106	2.46318	-7.70766	-10.1708
BLOCK10/SES106/SA106S27	SES106	0.968872	-4.67216	-5.64103
BLOCK10/SES106/SA106S29	SES106	0.854338	-5.32109	-6.17543
BLOCK11/SES117/SA117S12	SES117	0.0801525	-6.49979	-6.57995
BLOCK11/SES117/SA117S13	SES117	-0.234419	-4.7603	-4.52588
BLOCK11/SES117/SA117S23	SES117	1.42341	-7.98125	-9.40465
BLOCK11/SES117/SA117S25	SES117	0.553551	-5.44918	-6.00274
BLOCK11/SES117/SA117S28	SES117	1.3129	-7.87906	-9.19196
BLOCK12/SES120/SA120S08	SES120	0.669537	-8.32825	-8.99779
BLOCK12/SES120/SA120S11	SES120	1.39222	-12.0673	-13.4596
BLOCK12/SES120/SA120S22	SES120	0.443956	-5.18017	-5.62413
BLOCK12/SES120/SA120S24	SES120	-0.10203	-10.2006	-10.0986
BLOCK12/SES120/SA120S28	SES120	-0.0955801	-8.48721	-8.39163
BLOCK12/SES125/SA125S13	SES125	1.45395	-7.41855	-8.8725
BLOCK12/SES125/SA125S14	SES125	1.12763	-8.50787	-9.6355
BLOCK12/SES125/SA125S25	SES125	1.89782	-5.73539	-7.63321
BLOCK12/SES125/SA125S27	SES125	1.62669	-5.97251	-7.59921
BLOCK12/SES125/SA125S29	SES125	0.816282	-5.08106	-5.89734
BLOCK12/SES127/SA127S11	SES127	0.367458	-4.30921	-4.67667
BLOCK12/SES127/SA127S12	SES127	0.717472	-1.14622	-1.86369
BLOCK12/SES127/SA127S23	SES127	0.285799	-3.0288	-3.3146
BLOCK12/SES127/SA127S25	SES127	-0.794468	-3.18754	-2.39307
BLOCK12/SES127/SA127S27	SES127	0.672995	-3.11471	-3.7877
BLOCK12/SES129/SA129S11	SES129	0.887882	-2.52184	-3.40972
BLOCK12/SES129/SA129S12	SES129	0.74457	-2.25518	-2.99975
BLOCK12/SES129/SA129S22	SES129	0.492735	-3.05005	-3.54279
BLOCK12/SES129/SA129S27	SES129	1.06846	-2.86397	-3.93243
BLOCK12/SES129/SA129S29	SES129	0.273989	-7.84951	-8.1235
BLOCK14/SES142/SA142S11	SES142	0.934022	-3.80362	-4.73764
BLOCK14/SES142/SA142S12	SES142	0.876641	-8.12496	-9.0016
BLOCK14/SES142/SA142S24	SES142	0.426074	-7.00578	-7.43185
BLOCK14/SES142/SA142S27	SES142	0.563151	-6.33527	-6.89842
BLOCK14/SES142/SA142S29	SES142	0.317546	-6.75974	-7.07729
BLOCK14/SES143/SA143S12	SES143	0.764526	-4.42435	-5.18887
BLOCK14/SES143/SA143S13	SES143	0.936507	-4.16486	-5.10137
BLOCK14/SES143/SA143S23	SES143	0.0568833	-4.71596	-4.77284
BLOCK14/SES143/SA143S25	SES143	0.361131	-7.31942	-7.68055
BLOCK14/SES143/SA143S28	SES143	0.533018	-6.58589	-7.11891
BLOCK14/SES144/SA144S09	SES144	0.547669	-4.01963	-4.5673
BLOCK14/SES144/SA144S11	SES144	0.153088	-4.35624	-4.50933
BLOCK14/SES144/SA144S21	SES144	-0.820685	-4.4787	-3.65802
BLOCK14/SES144/SA144S25	SES144	0.475623	-4.52996	-5.00558
BLOCK14/SES144/SA144S29	SES144	-1.16632	-6.96374	-5.79742
BLOCK14/SES146/SA146S14	SES146	0.369971	-5.28008	-5.65005
BLOCK14/SES146/SA146S15	SES146	-0.164409	-6.12721	-5.9628
BLOCK14/SES146/SA146S24	SES146	0.558559	-6.44478	-7.00334
BLOCK14/SES146/SA146S26	SES146	0.872908	-5.6077	-6.4806
BLOCK14/SES146/SA146S29	SES146	0.370522	-6.98776	-7.35828
BLOCK14/SES147/SA147S11	SES147	0.371083	-5.84322	-6.2143
BLOCK14/SES147/SA147S13	SES147	0.737109	-2.87618	-3.61329
BLOCK14/SES147/SA147S23	SES147	0.53876	-3.40086	-3.93962
BLOCK14/SES147/SA147S26	SES147	0.977165	-3.19241	-4.16957
BLOCK14/SES147/SA147S28	SES147	1.47381	-1.36539	-2.8392
BLOCK14/SES148/SA148S10	SES148	0.632946	-2.7148	-3.34775
BLOCK14/SES148/SA148S12	SES148	0.322695	-4.94217	-5.26487
BLOCK14/SES148/SA148S22	SES148	0.637569	-2.56417	-3.20174
BLOCK14/SES148/SA148S26	SES148	0.168016	-1.93094	-2.09896
BLOCK14/SES148/SA148S29	SES148	-0.443626	-5.77727	-5.33364
BLOCK14/SES149/SA149S13	SES149	-0.209377	-4.78213	-4.57275
BLOCK14/SES149/SA149S14	SES149	-0.0579994	-3.02181	-2.96381
BLOCK14/SES149/SA149S24	SES149	0.757039	-3.52719	-4.28423
BLOCK14/SES149/SA149S26	SES149	0.93956	-4.33625	-5.27581
BLOCK14/SES149/SA149S28	SES149	1.77408	0.651369	-1.12271
BLOCK15/SES158/SA158S13	SES158	1.76552	-7.89919	-9.66471
BLOCK15/SES158/SA158S14	SES158	2.46408	-7.80928	-10.2734
BLOCK15/SES158/SA158S23	SES158	1.13853	-6.09122	-7.22975
BLOCK15/SES158/SA158S26	SES158	2.05551	-7.75575	-9.81126
BLOCK15/SES158/SA158S28	SES158	0.746473	-7.43429	-8.18076
BLOCK16/SES162/SA162S10	SES162	0.414542	-7.17705	-7.59159
BLOCK16/SES162/SA162S11	SES162	0.16885	-3.60596	-3.77481
BLOCK16/SES162/SA162S21	SES162	0.642095	-3.89387	-4.53597
BLOCK16/SES162/SA162S24	SES162	1.37333	-3.33167	-4.705
BLOCK16/SES162/SA162S27	SES162	1.51743	-6.82114	-8.33858
BLOCK16/SES167/SA167S14	SES167	1.33848	-1.62698	-2.96545
BLOCK16/SES167/SA167S15	SES167	1.20369	-1.04947	-2.25316
BLOCK16/SES167/SA167S21	SES167	2.14182	0.256986	-1.88484
BLOCK16/SES167/SA167S25	SES167	2.38894	-2.30422	-4.69315
BLOCK16/SES167/SA167S29	SES167	2.14201	0.349857	-1.79215
BLOCK17/SES172/SA172S12	SES172	0.240449	-5.79608	-6.03653
BLOCK17/SES172/SA172S13	SES172	0.318782	-6.06369	-6.38247
BLOCK17/SES172/SA172S23	SES172	0.58841	-3.03848	-3.62689
BLOCK17/SES172/SA172S27	SES172	-0.223358	-7.18913	-6.96577
BLOCK17/SES172/SA172S29	SES172	1.07874	-3.36915	-4.44789
BLOCK17/SES175/SA175S11	SES175	0.0984139	-7.05768	-7.15609
BLOCK17/SES175/SA175S13	SES175	0.692017	-1.03113	-1.72315
BLOCK17/SES175/SA175S23	SES175	0.552203	-3.01493	-3.56714
BLOCK17/SES175/SA175S25	SES175	0.432657	-5.55702	-5.98967
BLOCK17/SES175/SA175S28	SES175	0.928955	-4.27832	-5.20727
BLOCK17/SES177/SA177S15	SES177	-0.148513	-6.09302	-5.94451
BLOCK17/SES177/SA177S17	SES177	0.0192986	-5.57429	-5.59359
BLOCK17/SES177/SA177S23	SES177	-0.642724	-5.40759	-4.76487
BLOCK17/SES177/SA177S26	SES177	0.781696	-1.53641	-2.3181
BLOCK17/SES177/SA177S28	SES177	0.049015	-6.9008	-6.94981
BLOCK18/SES180/SA180S13	SES180	0.385143	-8.21167	-8.59682
BLOCK18/SES180/SA180S15	SES180	0.254423	-3.39458	-3.64901
BLOCK18/SES180/SA180S24	SES180	0.42345	-3.35695	-3.7804
BLOCK18/SES180/SA180S26	SES180	0.10196	-4.9795	-5.08146
BLOCK18/SES180/SA180S29	SES180	-0.452899	-7.85198	-7.39909
BLOCK18/SES183/SA183S13	SES183	0.626342	-5.12435	-5.75069
BLOCK18/SES183/SA183S14	SES183	-0.20881	-5.32158	-5.11277
BLOCK18/SES183/SA183S24	SES183	0.396835	-6.76429	-7.16113
BLOCK18/SES183/SA183S27	SES183	0.509962	-5.71429	-6.22425
BLOCK18/SES183/SA183S29	SES183	0.912388	-3.71815	-4.63053
BLOCK18/SES187/SA187S13	SES187	0.281367	-6.96486	-7.24623
BLOCK18/SES187/SA187S14	SES187	0.00481462	-7.48437	-7.48919
BLOCK18/SES187/SA187S24	SES187	1.07478	-5.06177	-6.13655
BLOCK18/SES187/SA187S27	SES187	0.240233	-4.37578	-4.61602
BLOCK18/SES187/SA187S29	SES187	0.569158	-8.52726	-9.09641
BLOCK18/SES189/SA189S10	SES189	0.837321	-6.53248	-7.3698
BLOCK18/SES189/SA189S13	SES189	0.631744	-10.644	-11.2757
BLOCK18/SES189/SA189S24	SES189	0.914803	-6.04872	-6.96352
BLOCK18/SES189/SA189S26	SES189	1.01728	-6.04212	-7.0594
BLOCK18/SES189/SA189S29	SES189	0.939581	-5.69598	-6.63557
BLOCK20/SES202/SA202S12	SES202	1.15629	-8.99599	-10.1523
BLOCK20/SES202/SA202S14	SES202	1.15822	-6.7219	-7.88013
BLOCK20/SES202/SA202S24	SES202	-0.0345631	-7.96428	-7.92972
BLOCK20/SES202/SA202S27	SES202	0.645596	-4.83472	-5.48031
BLOCK20/SES202/SA202S29	SES202	1.09846	-5.92051	-7.01897
BLOCK20/SES206/SA206S15	SES206	-0.67586	-3.83366	-3.1578
BLOCK20/SES206/SA206S17	SES206	1.03672	-5.71091	-6.74762
BLOCK20/SES206/SA206S24	SES206	0.863373	-3.9652	-4.82858
BLOCK20/SES206/SA206S27	SES206	1.49737	-6.80402	-8.30139
BLOCK20/SES206/SA206S29	SES206	1.15775	-6.81586	-7.97361
BLOCK22/SES226/SA226S12	SES226	1.2655	-4.26907	-5.53457
BLOCK22/SES226/SA226S13	SES226	-1.09576	-5.61301	-4.51725
BLOCK22/SES226/SA226S20	SES226	0.835618	-4.11765	-4.95327
BLOCK22/SES226/SA226S23	SES226	0.398682	-3.55578	-3.95446
BLOCK22/SES226/SA226S28	SES226	1.38578	-2.99685	-4.38263
BLOCK25/SES259/SA259S13	SES259	2.59518	-4.6175	-7.21268
BLOCK25/SES259/SA259S14	SES259	1.70087	-4.56501	-6.26589
BLOCK25/SES259/SA259S22	SES259	0.77694	-5.01107	-5.78801
BLOCK25/SES259/SA259S24	SES259	1.14234	-5.74776	-6.8901
BLOCK25/SES259/SA259S28	SES259	1.21841	-4.94285	-6.16126
BLOCK27/SES270/SA270S14	SES270	1.96024	-3.91203	-5.87227
BLOCK27/SES270/SA270S16	SES270	1.32726	-3.42269	-4.74995
BLOCK27/SES270/SA270S22	SES270	1.81147	-3.31279	-5.12426
BLOCK27/SES270/SA270S26	SES270	2.50436	-4.77037	-7.27473
BLOCK27/SES270/SA270S28	SES270	2.03974	-2.01072	-4.05046
BLOCK27/SES275/SA275S17	SES275	0.621389	-4.27524	-4.89663
BLOCK27/SES275/SA275S18	SES275	-0.193835	-5.58641	-5.39258
BLOCK27/SES275/SA275S24	SES275	0.323703	-5.41514	-5.73884
BLOCK27/SES275/SA275S26	SES275	0.643139	-4.13923	-4.78237
BLOCK27/SES275/SA275S28	SES275	-0.00884008	-4.82139	-4.81255
BLOCK29/SES292/SA292S10	SES292	-0.489861	-4.89579	-4.40593
BLOCK29/SES292/SA292S12	SES292	0.379367	-6.17961	-6.55897
BLOCK29/SES292/SA292S22	SES292	0.182131	-5.24805	-5.43018
BLOCK29/SES292/SA292S24	SES292	0.349148	-2.88766	-3.23681
BLOCK29/SES292/SA292S27	SES292	-0.65872	-4.52952	-3.8708
BLOCK00/SES001/SA001S14	SES062	-2.43933	-10.3679	-7.92853
BLOCK00/SES001/SA001S14	SES082	-0.611311	-8.53985	-7.92853
BLOCK00/SES001/SA001S14	SES106	-0.738568	-8.6671	-7.92853
BLOCK00/SES001/SA001S14	SES206	-1.25138	-9.17991	-7.92853
BLOCK00/SES001/SA001S15	SES062	-2.59523	-8.79746	-6.20223
BLOCK00/SES001/SA001S15	SES104	-0.695534	-6.89777	-6.20223
BLOCK00/SES001/SA001S15	SES106	-0.213666	-6.4159	-6.20223
BLOCK00/SES001/SA001S15	SES206	-1.93132	-8.13356	-6.20223
BLOCK00/SES001/SA001S24	SES062	-3.10234	-11.2318	-8.12943
BLOCK00/SES001/SA001S24	SES082	-1.63998	-9.76942	-8.12943
BLOCK00/SES001/SA001S24	SES087	-3.56795	-11.6974	-8.12943
BLOCK00/SES001/SA001S24	SES206	-1.19486	-9.3243	-8.12943
BLOCK00/SES001/SA001S27	SES062	-1.27878	-4.49924	-3.22046
BLOCK00/SES001/SA001S27	SES082	-0.753554	-3.97402	-3.22046
BLOCK00/SES001/SA001S27	SES087	-1.01763	-4.23809	-3.22046
BLOCK00/SES001/SA001S27	SES206	-1.79565	-5.01612	-3.22046
BLOCK00/SES001/SA001S29	SES062	-2.30845	-9.45854	-7.15009
BLOCK00/SES001/SA001S29	SES082	-0.964252	-8.11434	-7.15009
BLOCK00/SES001/SA001S29	SES158	-0.671161	-7.82125	-7.15009
BLOCK00/SES001/SA001S29	SES206	-2.28113	-9.43122	-7.15009
BLOCK00/SES003/SA003S11	SES002	0.104501	-3.50778	-3.61228
BLOCK00/SES003/SA003S11	SES019	-1.61016	-5.22244	-3.61228
BLOCK00/SES003/SA003S11	SES082	-0.585843	-4.19812	-3.61228
BLOCK00/SES003/SA003S11	SES125	-1.10172	-4.714	-3.61228
BLOCK00/SES003/SA003S15	SES016	-0.600074	-6.30343	-5.70336
BLOCK00/SES003/SA003S15	SES019	-1.60684	-7.3102	-5.70336
BLOCK00/SES003/SA003S15	SES062	0.418933	-5.28442	-5.70336
BLOCK00/SES003/SA003S15	SES206	-0.65903	-6.36239	-5.70336
BLOCK00/SES003/SA003S22	SES002	-0.699289	-5.5651	-4.86581
BLOCK00/SES003/SA003S22	SES062	-0.594161	-5.45997	-4.86581
BLOCK00/SES003/SA003S22	SES082	-0.93469	-5.8005	-4.86581
BLOCK00/SES003/SA003S22	SES087	-0.638463	-5.50427	-4.86581
BLOCK00/SES003/SA003S25	SES062	-0.987707	-7.90595	-6.91825
BLOCK00/SES003/SA003S25	SES082	-1.87111	-8.78936	-6.91825
BLOCK00/SES003/SA003S25	SES087	0.285156	-6.63309	-6.91825
BLOCK00/SES003/SA003S25	SES206	-1.21745	-8.1357	-6.91825
BLOCK00/SES003/SA003S29	SES002	-1.12965	-5.36929	-4.23964
BLOCK00/SES003/SA003S29	SES062	-1.76445	-6.00409	-4.23964
BLOCK00/SES003/SA003S29	SES082	-1.72847	-5.96811	-4.23964
BLOCK00/SES003/SA003S29	SES087	-1.00653	-5.24617	-4.23964
BLOCK00/SES004/SA004S12	SES083	-0.809777	-4.16113	-3.35135
BLOCK00/SES004/SA004S12	SES148	-1.68597	-5.03732	-3.35135
BLOCK00/SES004/SA004S12	SES172	0.144149	-3.2072	-3.35135
BLOCK00/SES004/SA004S12	SES292	-1.32442	-4.67578	-3.35135
BLOCK00/SES004/SA004S17	SES083	-1.21497	-5.23147	-4.0165
BLOCK00/SES004/SA004S17	SES162	-0.510618	-4.52712	-4.0165
BLOCK00/SES004/SA004S17	SES172	-0.362227	-4.37873	-4.0165
BLOCK00/SES004/SA004S17	SES292	-1.42675	-5.44325	-4.0165
BLOCK00/SES004/SA004S24	SES083	-0.664541	-5.47997	-4.81543
BLOCK00/SES004/SA004S24	SES148	-2.70191	-7.51734	-4.81543
BLOCK00/SES004/SA004S24	SES172	-0.0515976	-4.86703	-4.81543
BLOCK00/SES004/SA004S24	SES292	-1.35639	-6.17182	-4.81543
BLOCK00/SES004/SA004S26	SES083	-0.646893	-6.85062	-6.20373
BLOCK00/SES004/SA004S26	SES127	-1.23859	-7.44233	-6.20373
BLOCK00/SES004/SA004S26	SES148	-2.39715	-8.60089	-6.20373
BLOCK00/SES004/SA004S26	SES292	-1.72578	-7.92951	-6.20373
BLOCK00/SES004/SA004S28	SES083	-1.23598	-2.28826	-1.05228
BLOCK00/SES004/SA004S28	SES127	-0.35766	-1.40994	-1.05228
BLOCK00/SES004/SA004S28	SES187	-0.650944	-1.70322	-1.05228
BLOCK00/SES004/SA004S28	SES292	-1.1755	-2.22778	-1.05228
BLOCK00/SES006/SA006S10	SES014	-3.79881	-14.488	-10.6892
BLOCK00/SES006/SA006S10	SES158	-3.51219	-14.2014	-10.6892
BLOCK00/SES006/SA006S10	SES226	-3.46464	-14.1538	-10.6892
BLOCK00/SES006/SA006S10	SES270	-1.51125	-12.2004	-10.6892
BLOCK00/SES006/SA006S11	SES158	-3.34567	-12.0693	-8.72365
BLOCK00/SES006/SA006S11	SES226	-2.56798	-11.2916	-8.72365
BLOCK00/SES006/SA006S11	SES270	-1.43813	-10.1618	-8.72365
BLOCK00/SES006/SA006S11	SES275	-1.2652	-9.98885	-8.72365
BLOCK00/SES006/SA006S23	SES062	-3.31333	-11.5048	-8.19145
BLOCK00/SES006/SA006S23	SES105	-2.14303	-10.3345	-8.19145
BLOCK00/SES006/SA006S23	SES158	-3.48188	-11.6733	-8.19145
BLOCK00/SES006/SA006S23	SES275	-1.691	-9.88245	-8.19145
BLOCK00/SES006/SA006S26	SES104	-4.54226	-13.805	-9.26272
BLOCK00/SES006/SA006S26	SES158	-3.38568	-12.6484	-9.26272
BLOCK00/SES006/SA006S26	SES270	-1.13333	-10.3961	-9.26272
BLOCK00/SES006/SA006S26	SES275	-1.32895	-10.5917	-9.26272
BLOCK00/SES006/SA006S28	SES007	-1.60722	-10.176	-8.5688
BLOCK00/SES006/SA006S28	SES105	-2.22881	-10.7976	-8.5688
BLOCK00/SES006/SA006S28	SES158	-2.43562	-11.0044	-8.5688
BLOCK00/SES006/SA006S28	SES275	-2.01036	-10.5792	-8.5688
BLOCK00/SES009/SA009S12	SES083	-1.91464	-8.96943	-7.05479
BLOCK00/SES009/SA009S12	SES148	-4.00465	-11.0594	-7.05479
BLOCK00/SES009/SA009S12	SES177	-0.694454	-7.74925	-7.05479
BLOCK00/SES009/SA009S12	SES292	-1.25199	-8.30678	-7.05479
BLOCK00/SES009/SA009S15	SES007	-0.825208	-7.30246	-6.47726
BLOCK00/SES009/SA009S15	SES099	-2.43179	-8.90905	-6.47726
BLOCK00/SES009/SA009S15	SES148	-3.84766	-10.3249	-6.47726
BLOCK00/SES009/SA009S15	SES172	-0.254957	-6.73221	-6.47726
BLOCK00/SES009/SA009S24	SES146	-0.825979	-8.25736	-7.43138
BLOCK00/SES009/SA009S24	SES148	-4.44678	-11.8782	-7.43138
BLOCK00/SES009/SA009S24	SES177	-0.421968	-7.85335	-7.43138
BLOCK00/SES009/SA009S24	SES292	-0.996842	-8.42822	-7.43138
BLOCK00/SES009/SA009S26	SES083	-2.19513	-7.87588	-5.68075
BLOCK00/SES009/SA009S26	SES101	-2.31769	-7.99844	-5.68075
BLOCK00/SES009/SA009S26	SES120	-1.11772	-6.79847	-5.68075
BLOCK00/SES009/SA009S26	SES177	-0.871552	-6.5523	-5.68075
BLOCK00/SES009/SA009S29	SES083	-1.68298	-7.34706	-5.66408
BLOCK00/SES009/SA009S29	SES101	-1.94094	-7.60501	-5.66408
BLOCK00/SES009/SA009S29	SES177	-0.707297	-6.37138	-5.66408
BLOCK00/SES009/SA009S29	SES292	-1.31664	-6.98072	-5.66408
BLOCK01/SES011/SA011S10	SES019	-2.95043	-13.2447	-10.2943
BLOCK01/SES011/SA011S10	SES042	0.0823154	-10.212	-10.2943
BLOCK01/SES011/SA011S10	SES082	-1.94566	-12.24	-10.2943
BLOCK01/SES011/SA011S10	SES206	-0.0282927	-10.3226	-10.2943
BLOCK01/SES011/SA011S11	SES019	-2.25735	-10.6357	-8.37833
BLOCK01/SES011/SA011S11	SES042	-0.855865	-9.2342	-8.37833
BLOCK01/SES011/SA011S11	SES082	-0.800034	-9.17837	-8.37833
BLOCK01/SES011/SA011S11	SES206	-1.93107	-10.3094	-8.37833
BLOCK01/SES011/SA011S22	SES019	-0.664719	-10.1971	-9.53236
BLOCK01/SES011/SA011S22	SES042	1.49035	-8.04201	-9.53236
BLOCK01/SES011/SA011S22	SES082	-0.0416384	-9.574	-9.53236
BLOCK01/SES011/SA011S22	SES206	-0.613464	-10.1458	-9.53236
BLOCK01/SES011/SA011S24	SES019	-2.40524	-10.8869	-8.48165
BLOCK01/SES011/SA011S24	SES042	0.512944	-7.96871	-8.48165
BLOCK01/SES011/SA011S24	SES104	-0.246477	-8.72813	-8.48165
BLOCK01/SES011/SA011S24	SES206	-0.125236	-8.60688	-8.48165
BLOCK01/SES011/SA011S27	SES082	-0.045342	-7.51481	-7.46947
BLOCK01/SES011/SA011S27	SES087	-2.85215	-10.3216	-7.46947
BLOCK01/SES011/SA011S27	SES125	-1.27169	-8.74116	-7.46947
BLOCK01/SES011/SA011S27	SES206	-0.884418	-8.35388	-7.46947
BLOCK01/SES012/SA012S11	SES007	-0.951585	-5.23728	-4.28569
BLOCK01/SES012/SA012S11	SES082	-0.514757	-4.80045	-4.28569
BLOCK01/SES012/SA012S11	SES083	-1.20457	-5.49026	-4.28569
BLOCK01/SES012/SA012S11	SES206	-0.18996	-4.47565	-4.28569
BLOCK01/SES012/SA012S14	SES082	-0.636158	-7.6879	-7.05174
BLOCK01/SES012/SA012S14	SES087	-2.20773	-9.25947	-7.05174
BLOCK01/SES012/SA012S14	SES206	-0.183063	-7.2348	-7.05174
BLOCK01/SES012/SA012S14	SES292	-0.976543	-8.02828	-7.05174
BLOCK01/SES012/SA012S24	SES082	-1.19996	-9.99649	-8.79653
BLOCK01/SES012/SA012S24	SES087	-1.96546	-10.762	-8.79653
BLOCK01/SES012/SA012S24	SES120	-1.52723	-10.3238	-8.79653
BLOCK01/SES012/SA012S24	SES206	-1.19521	-9.99174	-8.79653
BLOCK01/SES012/SA012S26	SES019	-6.34745	-15.8777	-9.53025
BLOCK01/SES012/SA012S26	SES082	-0.859411	-10.3897	-9.53025
BLOCK01/SES012/SA012S26	SES206	0.86958	-8.66067	-9.53025
BLOCK01/SES012/SA012S26	SES292	-1.26022	-10.7905	-9.53025
BLOCK01/SES012/SA012S29	SES062	-1.03056	-3.74795	-2.71739
BLOCK01/SES012/SA012S29	SES082	-0.448936	-3.16633	-2.71739
BLOCK01/SES012/SA012S29	SES083	-1.20564	-3.92303	-2.71739
BLOCK01/SES012/SA012S29	SES206	-0.0846205	-2.80201	-2.71739
BLOCK01/SES013/SA013S16	SES062	-2.35773	-10.7645	-8.4068
BLOCK01/SES013/SA013S16	SES106	-1.67883	-10.0856	-8.4068
BLOCK01/SES013/SA013S16	SES206	-1.70165	-10.1084	-8.4068
BLOCK01/SES013/SA013S16	SES226	-1.91216	-10.319	-8.4068
BLOCK01/SES013/SA013S17	SES062	-1.16463	-7.05185	-5.88722
BLOCK01/SES013/SA013S17	SES106	-2.13887	-8.02609	-5.88722
BLOCK01/SES013/SA013S17	SES206	-0.370522	-6.25774	-5.88722
BLOCK01/SES013/SA013S17	SES226	-0.19132	-6.07854	-5.88722
BLOCK01/SES013/SA013S23	SES104	-0.257333	-7.09607	-6.83874
BLOCK01/SES013/SA013S23	SES106	-0.581185	-7.41992	-6.83874
BLOCK01/SES013/SA013S23	SES206	-1.0327	-7.87143	-6.83874
BLOCK01/SES013/SA013S23	SES270	-1.32347	-8.16221	-6.83874
BLOCK01/SES013/SA013S25	SES042	-3.21661	-10.3342	-7.11762
BLOCK01/SES013/SA013S25	SES104	0.966821	-6.1508	-7.11762
BLOCK01/SES013/SA013S25	SES106	0.263287	-6.85433	-7.11762
BLOCK01/SES013/SA013S25	SES206	-0.0649362	-7.18255	-7.11762
BLOCK01/SES013/SA013S29	SES062	-1.9052	-9.86275	-7.95755
BLOCK01/SES013/SA013S29	SES104	-0.090703	-8.04825	-7.95755
BLOCK01/SES013/SA013S29	SES106	-0.215559	-8.17311	-7.95755
BLOCK01/SES013/SA013S29	SES206	-1.05462	-9.01217	-7.95755
BLOCK02/SES021/SA021S13	SES016	-2.42505	-7.95784	-5.5328
BLOCK02/SES021/SA021S13	SES029	-1.85061	-7.38341	-5.5328
BLOCK02/SES021/SA021S13	SES087	-2.34299	-7.87579	-5.5328
BLOCK02/SES021/SA021S13	SES206	-1.07671	-6.6095	-5.5328
BLOCK02/SES021/SA021S15	SES087	-1.00364	-6.33759	-5.33394
BLOCK02/SES021/SA021S15	SES125	-0.899727	-6.23367	-5.33394
BLOCK02/SES021/SA021S15	SES206	-1.53256	-6.8665	-5.33394
BLOCK02/SES021/SA021S15	SES226	-1.00034	-6.33429	-5.33394
BLOCK02/SES021/SA021S23	SES062	-2.7652	-9.28057	-6.51537
BLOCK02/SES021/SA021S23	SES087	-0.365324	-6.8807	-6.51537
BLOCK02/SES021/SA021S23	SES206	-0.875343	-7.39071	-6.51537
BLOCK02/SES021/SA021S23	SES226	-0.208228	-6.7236	-6.51537
BLOCK02/SES021/SA021S27	SES002	-2.70457	-6.2157	-3.51113
BLOCK02/SES021/SA021S27	SES016	-4.29849	-7.80962	-3.51113
BLOCK02/SES021/SA021S27	SES019	-2.24996	-5.76109	-3.51113
BLOCK02/SES021/SA021S27	SES062	-1.4795	-4.99064	-3.51113
BLOCK02/SES021/SA021S29	SES087	-1.18768	-6.65685	-5.46917
BLOCK02/SES021/SA021S29	SES125	-1.64211	-7.11128	-5.46917
BLOCK02/SES021/SA021S29	SES206	-0.312542	-5.78171	-5.46917
BLOCK02/SES021/SA021S29	SES226	-1.1436	-6.61277	-5.46917
BLOCK04/SES043/SA043S09	SES083	-0.179265	-7.31899	-7.13973
BLOCK04/SES043/SA043S09	SES101	-0.529618	-7.66935	-7.13973
BLOCK04/SES043/SA043S09	SES144	-0.329515	-7.46924	-7.13973
BLOCK04/SES043/SA043S09	SES172	-0.986525	-8.12625	-7.13973
BLOCK04/SES043/SA043S11	SES083	-0.340141	-3.91974	-3.5796
BLOCK04/SES043/SA043S11	SES101	-0.743775	-4.32338	-3.5796
BLOCK04/SES043/SA043S11	SES144	-0.104837	-3.68444	-3.5796
BLOCK04/SES043/SA043S11	SES172	-1.52622	-5.10583	-3.5796
BLOCK04/SES043/SA043S23	SES083	-0.275824	-4.85459	-4.57876
BLOCK04/SES043/SA043S23	SES144	0.33319	-4.24557	-4.57876
BLOCK04/SES043/SA043S23	SES177	-1.10937	-5.68814	-4.57876
BLOCK04/SES043/SA043S23	SES275	-0.934109	-5.51287	-4.57876
BLOCK04/SES043/SA043S26	SES083	-0.830943	-10.4297	-9.59872
BLOCK04/SES043/SA043S26	SES101	-0.848237	-10.447	-9.59872
BLOCK04/SES043/SA043S26	SES144	-0.205677	-9.8044	-9.59872
BLOCK04/SES043/SA043S26	SES177	-1.55996	-11.1587	-9.59872
BLOCK04/SES043/SA043S28	SES016	-1.60022	-6.93407	-5.33385
BLOCK04/SES043/SA043S28	SES083	-0.691271	-6.02512	-5.33385
BLOCK04/SES043/SA043S28	SES101	-1.08989	-6.42375	-5.33385
BLOCK04/SES043/SA043S28	SES144	-1.35887	-6.69272	-5.33385
BLOCK04/SES044/SA044S10	SES127	-3.90943	-14.4813	-10.5719
BLOCK04/SES044/SA044S10	SES144	-0.88302	-11.4549	-10.5719
BLOCK04/SES044/SA044S10	SES147	-3.2818	-13.8537	-10.5719
BLOCK04/SES044/SA044S10	SES148	-2.58661	-13.1585	-10.5719
BLOCK04/SES044/SA044S11	SES101	-1.0134	-8.70074	-7.68734
BLOCK04/SES044/SA044S11	SES144	-0.14303	-7.83037	-7.68734
BLOCK04/SES044/SA044S11	SES147	-1.87627	-9.56362	-7.68734
BLOCK04/SES044/SA044S11	SES177	-1.64378	-9.33113	-7.68734
BLOCK04/SES044/SA044S24	SES007	-1.36429	-9.0569	-7.6926
BLOCK04/SES044/SA044S24	SES101	-0.311808	-8.00441	-7.6926
BLOCK04/SES044/SA044S24	SES147	-1.39268	-9.08528	-7.6926
BLOCK04/SES044/SA044S24	SES177	-0.959462	-8.65206	-7.6926
BLOCK04/SES044/SA044S26	SES007	-1.15725	-5.43059	-4.27334
BLOCK04/SES044/SA044S26	SES016	-0.852432	-5.12577	-4.27334
BLOCK04/SES044/SA044S26	SES101	-1.54098	-5.81432	-4.27334
BLOCK04/SES044/SA044S26	SES147	-0.696999	-4.97034	-4.27334
BLOCK04/SES044/SA044S29	SES007	-1.62078	-6.84615	-5.22537
BLOCK04/SES044/SA044S29	SES101	-1.42014	-6.64551	-5.22537
BLOCK04/SES044/SA044S29	SES147	-1.41912	-6.64449	-5.22537
BLOCK04/SES044/SA044S29	SES177	-2.06891	-7.29428	-5.22537
BLOCK04/SES046/SA046S13	SES101	-0.690348	-7.97549	-7.28514
BLOCK04/SES046/SA046S13	SES144	-0.589164	-7.8743	-7.28514
BLOCK04/SES046/SA046S13	SES147	-0.892555	-8.17769	-7.28514
BLOCK04/SES046/SA046S13	SES177	-1.04166	-8.3268	-7.28514
BLOCK04/SES046/SA046S15	SES048	-0.172363	-3.64614	-3.47378
BLOCK04/SES046/SA046S15	SES083	-1.1056	-4.57938	-3.47378
BLOCK04/SES046/SA046S15	SES120	-1.88349	-5.35727	-3.47378
BLOCK04/SES046/SA046S15	SES148	-1.1772	-4.65098	-3.47378
BLOCK04/SES046/SA046S22	SES101	-1.12134	-7.55843	-6.43709
BLOCK04/SES046/SA046S22	SES144	0.151821	-6.28527	-6.43709
BLOCK04/SES046/SA046S22	SES147	-0.910212	-7.3473	-6.43709
BLOCK04/SES046/SA046S22	SES172	-0.256696	-6.69378	-6.43709
BLOCK04/SES046/SA046S25	SES083	-0.84689	-4.67293	-3.82604
BLOCK04/SES046/SA046S25	SES127	-1.4689	-5.29494	-3.82604
BLOCK04/SES046/SA046S25	SES144	-0.681329	-4.50737	-3.82604
BLOCK04/SES046/SA046S25	SES148	-1.1339	-4.95994	-3.82604
BLOCK04/SES046/SA046S28	SES007	-1.34099	-6.66569	-5.3247
BLOCK04/SES046/SA046S28	SES105	-1.04005	-6.36475	-5.3247
BLOCK04/SES046/SA046S28	SES147	-1.28054	-6.60524	-5.3247
BLOCK04/SES046/SA046S28	SES148	-2.12318	-7.44788	-5.3247
BLOCK04/SES049/SA049S16	SES104	-0.0642405	-8.16012	-8.09588
BLOCK04/SES049/SA049S16	SES106	-1.78233	-9.87821	-8.09588
BLOCK04/SES049/SA049S16	SES120	-0.936707	-9.03258	-8.09588
BLOCK04/SES049/SA049S16	SES206	-0.823689	-8.91957	-8.09588
BLOCK04/SES049/SA049S18	SES099	0.611559	-6.83547	-7.44703
BLOCK04/SES049/SA049S18	SES104	-0.433901	-7.88093	-7.44703
BLOCK04/SES049/SA049S18	SES125	-1.46259	-8.90962	-7.44703
BLOCK04/SES049/SA049S18	SES206	-1.00645	-8.45348	-7.44703
BLOCK04/SES049/SA049S25	SES087	-0.459461	-8.03925	-7.57979
BLOCK04/SES049/SA049S25	SES104	0.247182	-7.3326	-7.57979
BLOCK04/SES049/SA049S25	SES125	-1.33059	-8.91038	-7.57979
BLOCK04/SES049/SA049S25	SES206	-0.0940013	-7.67379	-7.57979
BLOCK04/SES049/SA049S27	SES099	-1.35896	-3.26092	-1.90196
BLOCK04/SES049/SA049S27	SES104	-0.182585	-2.08454	-1.90196
BLOCK04/SES049/SA049S27	SES125	-1.74426	-3.64622	-1.90196
BLOCK04/SES049/SA049S27	SES206	-1.76423	-3.66619	-1.90196
BLOCK04/SES049/SA049S29	SES099	0.287526	-3.13427	-3.42179
BLOCK04/SES049/SA049S29	SES104	0.585048	-2.83675	-3.42179
BLOCK04/SES049/SA049S29	SES125	-0.273105	-3.6949	-3.42179
BLOCK04/SES049/SA049S29	SES206	-0.914969	-4.33676	-3.42179
BLOCK06/SES063/SA063S09	SES068	-1.84404	-9.54245	-7.69841
BLOCK06/SES063/SA063S09	SES083	-0.381085	-8.07949	-7.69841
BLOCK06/SES063/SA063S09	SES177	-1.30731	-9.00572	-7.69841
BLOCK06/SES063/SA063S09	SES187	-1.71143	-9.40984	-7.69841
BLOCK06/SES063/SA063S10	SES068	-1.33442	-8.62406	-7.28964
BLOCK06/SES063/SA063S10	SES083	-0.661983	-7.95162	-7.28964
BLOCK06/SES063/SA063S10	SES172	-1.21411	-8.50375	-7.28964
BLOCK06/SES063/SA063S10	SES187	-0.821666	-8.1113	-7.28964
BLOCK06/SES063/SA063S20	SES068	-1.77861	-10.0586	-8.27999
BLOCK06/SES063/SA063S20	SES083	-0.44751	-8.7275	-8.27999
BLOCK06/SES063/SA063S20	SES172	-0.918242	-9.19823	-8.27999
BLOCK06/SES063/SA063S20	SES187	-0.53181	-8.8118	-8.27999
BLOCK06/SES063/SA063S24	SES029	-2.32466	-10.2054	-7.88072
BLOCK06/SES063/SA063S24	SES083	-0.310901	-8.19162	-7.88072
BLOCK06/SES063/SA063S24	SES177	-0.774492	-8.65521	-7.88072
BLOCK06/SES063/SA063S24	SES189	-1.04025	-8.92097	-7.88072
BLOCK06/SES063/SA063S27	SES083	-0.685726	-8.85904	-8.17331
BLOCK06/SES063/SA063S27	SES172	-1.57764	-9.75095	-8.17331
BLOCK06/SES063/SA063S27	SES187	-1.4392	-9.61251	-8.17331
BLOCK06/SES063/SA063S27	SES292	-1.29595	-9.46926	-8.17331
BLOCK06/SES067/SA067S12	SES083	-1.05945	-5.90561	-4.84615
BLOCK06/SES067/SA067S12	SES172	-1.59652	-6.44268	-4.84615
BLOCK06/SES067/SA067S12	SES202	-1.15028	-5.99644	-4.84615
BLOCK06/SES067/SA067S12	SES292	-1.39212	-6.23828	-4.84615
BLOCK06/SES067/SA067S14	SES085	-1.04664	-3.37627	-2.32963
BLOCK06/SES067/SA067S14	SES177	-2.09092	-4.42055	-2.32963
BLOCK06/SES067/SA067S14	SES183	0.260398	-2.06923	-2.32963
BLOCK06/SES067/SA067S14	SES202	-1.48217	-3.8118	-2.32963
BLOCK06/SES067/SA067S21	SES144	-1.28115	-6.49945	-5.2183
BLOCK06/SES067/SA067S21	SES177	-1.43108	-6.64938	-5.2183
BLOCK06/SES067/SA067S21	SES183	-0.546453	-5.76475	-5.2183
BLOCK06/SES067/SA067S21	SES189	-1.41962	-6.63791	-5.2183
BLOCK06/SES067/SA067S25	SES085	-2.04711	-8.4042	-6.35709
BLOCK06/SES067/SA067S25	SES177	-1.17436	-7.53145	-6.35709
BLOCK06/SES067/SA067S25	SES183	-1.18147	-7.53856	-6.35709
BLOCK06/SES067/SA067S25	SES202	-1.23418	-7.59127	-6.35709
BLOCK06/SES067/SA067S29	SES085	-2.5697	-9.95238	-7.38268
BLOCK06/SES067/SA067S29	SES177	-2.25588	-9.63856	-7.38268
BLOCK06/SES067/SA067S29	SES183	-0.0320535	-7.41473	-7.38268
BLOCK06/SES067/SA067S29	SES202	-2.36451	-9.74719	-7.38268
BLOCK06/SES069/SA069S12	SES029	-1.55436	-5.9393	-4.38495
BLOCK06/SES069/SA069S12	SES082	-0.214139	-4.59908	-4.38495
BLOCK06/SES069/SA069S12	SES087	-0.690975	-5.07592	-4.38495
BLOCK06/SES069/SA069S12	SES206	-0.345316	-4.73026	-4.38495
BLOCK06/SES069/SA069S13	SES029	-1.25303	-4.55755	-3.30452
BLOCK06/SES069/SA069S13	SES087	-0.136212	-3.44073	-3.30452
BLOCK06/SES069/SA069S13	SES206	-1.03446	-4.33898	-3.30452
BLOCK06/SES069/SA069S13	SES226	0.491975	-2.81255	-3.30452
BLOCK06/SES069/SA069S23	SES029	-0.24455	-2.08007	-1.83552
BLOCK06/SES069/SA069S23	SES087	0.82989	-1.00563	-1.83552
BLOCK06/SES069/SA069S23	SES206	-0.363097	-2.19862	-1.83552
BLOCK06/SES069/SA069S23	SES226	1.02644	-0.809085	-1.83552
BLOCK06/SES069/SA069S25	SES087	0.0940275	-4.24628	-4.34031
BLOCK06/SES069/SA069S25	SES206	-1.79297	-6.13329	-4.34031
BLOCK06/SES069/SA069S25	SES226	0.0173497	-4.32296	-4.34031
BLOCK06/SES069/SA069S25	SES270	-1.08918	-5.4295	-4.34031
BLOCK06/SES069/SA069S27	SES087	-1.09874	-6.03418	-4.93544
BLOCK06/SES069/SA069S27	SES206	-0.564266	-5.49971	-4.93544
BLOCK06/SES069/SA069S27	SES226	0.215517	-4.71992	-4.93544
BLOCK06/SES069/SA069S27	SES270	-1.41299	-6.34843	-4.93544
BLOCK08/SES081/SA081S11	SES060	-1.87256	-9.45841	-7.58586
BLOCK08/SES081/SA081S11	SES062	-1.40295	-8.98881	-7.58586
BLOCK08/SES081/SA081S11	SES117	-1.89481	-9.48067	-7.58586
BLOCK08/SES081/SA081S11	SES162	-2.37902	-9.96488	-7.58586
BLOCK08/SES081/SA081S13	SES016	-1.8409	-7.19828	-5.35738
BLOCK08/SES081/SA081S13	SES060	-1.00593	-6.36331	-5.35738
BLOCK08/SES081/SA081S13	SES068	-1.09912	-6.4565	-5.35738
BLOCK08/SES081/SA081S13	SES129	-2.78631	-8.14369	-5.35738
BLOCK08/SES081/SA081S24	SES060	-0.676141	-6.60411	-5.92797
BLOCK08/SES081/SA081S24	SES068	-0.741927	-6.66989	-5.92797
BLOCK08/SES081/SA081S24	SES117	-1.21608	-7.14405	-5.92797
BLOCK08/SES081/SA081S24	SES275	-1.54559	-7.47356	-5.92797
BLOCK08/SES081/SA081S27	SES007	-0.933217	-11.5037	-10.5705
BLOCK08/SES081/SA081S27	SES060	-2.04153	-12.612	-10.5705
BLOCK08/SES081/SA081S27	SES117	-1.53435	-12.1049	-10.5705
BLOCK08/SES081/SA081S27	SES275	-2.81948	-13.39	-10.5705
BLOCK08/SES081/SA081S29	SES007	-0.518208	-10.304	-9.78575
BLOCK08/SES081/SA081S29	SES060	-1.03407	-10.8198	-9.78575
BLOCK08/SES081/SA081S29	SES117	-0.71486	-10.5006	-9.78575
BLOCK08/SES081/SA081S29	SES275	-2.39787	-12.1836	-9.78575
BLOCK08/SES086/SA086S11	SES029	-2.60342	-12.56	-9.95662
BLOCK08/SES086/SA086S11	SES082	-0.709115	-10.6657	-9.95662
BLOCK08/SES086/SA086S11	SES087	0.141013	-9.81561	-9.95662
BLOCK08/SES086/SA086S11	SES206	-1.07064	-11.0273	-9.95662
BLOCK08/SES086/SA086S12	SES029	-1.69024	-9.41473	-7.72449
BLOCK08/SES086/SA086S12	SES082	-1.3711	-9.09559	-7.72449
BLOCK08/SES086/SA086S12	SES087	0.555848	-7.16864	-7.72449
BLOCK08/SES086/SA086S12	SES206	-1.04075	-8.76524	-7.72449
BLOCK08/SES086/SA086S20	SES029	-1.62713	-9.27507	-7.64793
BLOCK08/SES086/SA086S20	SES082	-0.494901	-8.14283	-7.64793
BLOCK08/SES086/SA086S20	SES087	0.81162	-6.83631	-7.64793
BLOCK08/SES086/SA086S20	SES206	-0.498582	-8.14651	-7.64793
BLOCK08/SES086/SA086S24	SES087	0.59847	-7.95882	-8.55729
BLOCK08/SES086/SA086S24	SES104	0.147758	-8.40953	-8.55729
BLOCK08/SES086/SA086S24	SES120	0.518165	-8.03912	-8.55729
BLOCK08/SES086/SA086S24	SES206	0.723969	-7.83332	-8.55729
BLOCK08/SES086/SA086S28	SES029	-1.70023	-6.79248	-5.09225
BLOCK08/SES086/SA086S28	SES082	-0.629559	-5.72181	-5.09225
BLOCK08/SES086/SA086S28	SES087	-0.23934	-5.33159	-5.09225
BLOCK08/SES086/SA086S28	SES206	-0.479268	-5.57152	-5.09225
BLOCK08/SES089/SA089S13	SES087	-0.851225	-8.47786	-7.62664
BLOCK08/SES089/SA089S13	SES206	-1.55178	-9.17842	-7.62664
BLOCK08/SES089/SA089S13	SES226	-0.252938	-7.87958	-7.62664
BLOCK08/SES089/SA089S13	SES270	-0.315898	-7.94254	-7.62664
BLOCK08/SES089/SA089S14	SES062	-1.87563	-8.41844	-6.54281
BLOCK08/SES089/SA089S14	SES087	0.103229	-6.43958	-6.54281
BLOCK08/SES089/SA089S14	SES206	-0.694935	-7.23774	-6.54281
BLOCK08/SES089/SA089S14	SES226	-0.988589	-7.5314	-6.54281
BLOCK08/SES089/SA089S23	SES087	-0.472686	-10.5298	-10.0571
BLOCK08/SES089/SA089S23	SES206	-0.848585	-10.9057	-10.0571
BLOCK08/SES089/SA089S23	SES226	-0.755311	-10.8124	-10.0571
BLOCK08/SES089/SA089S23	SES270	-1.47156	-11.5287	-10.0571
BLOCK08/SES089/SA089S25	SES062	-1.21049	-8.79417	-7.58368
BLOCK08/SES089/SA089S25	SES087	0.483527	-7.10015	-7.58368
BLOCK08/SES089/SA089S25	SES206	-1.3991	-8.98278	-7.58368
BLOCK08/SES089/SA089S25	SES226	-0.0752287	-7.65891	-7.58368
BLOCK08/SES089/SA089S28	SES062	-1.0426	-7.485	-6.4424
BLOCK08/SES089/SA089S28	SES087	0.503421	-5.93898	-6.4424
BLOCK08/SES089/SA089S28	SES206	-1.16326	-7.60566	-6.4424
BLOCK08/SES089/SA089S28	SES226	0.3105	-6.1319	-6.4424
BLOCK09/SES097/SA097S11	SES099	0.4766	-5.32311	-5.79971
BLOCK09/SES097/SA097S11	SES125	-0.579379	-6.37909	-5.79971
BLOCK09/SES097/SA097S11	SES206	-0.417035	-6.21674	-5.79971
BLOCK09/SES097/SA097S11	SES226	0.901476	-4.89823	-5.79971
BLOCK09/SES097/SA097S14	SES062	-1.35205	-5.78897	-4.43692
BLOCK09/SES097/SA097S14	SES099	-1.36254	-5.79946	-4.43692
BLOCK09/SES097/SA097S14	SES104	-1.13692	-5.57383	-4.43692
BLOCK09/SES097/SA097S14	SES206	-2.36307	-6.79999	-4.43692
BLOCK09/SES097/SA097S22	SES099	0.774996	-5.03796	-5.81295
BLOCK09/SES097/SA097S22	SES206	-1.07649	-6.88944	-5.81295
BLOCK09/SES097/SA097S22	SES226	-0.687454	-6.50041	-5.81295
BLOCK09/SES097/SA097S22	SES270	-1.10225	-6.9152	-5.81295
BLOCK09/SES097/SA097S26	SES099	1.26421	-6.66439	-7.92861
BLOCK09/SES097/SA097S26	SES120	-0.469402	-8.39801	-7.92861
BLOCK09/SES097/SA097S26	SES206	-0.999681	-8.92829	-7.92861
BLOCK09/SES097/SA097S26	SES226	0.570536	-7.35807	-7.92861
BLOCK09/SES097/SA097S28	SES099	1.44062	-4.40186	-5.84249
BLOCK09/SES097/SA097S28	SES120	-0.986463	-6.82895	-5.84249
BLOCK09/SES097/SA097S28	SES206	-0.854498	-6.69699	-5.84249
BLOCK09/SES097/SA097S28	SES226	-0.31151	-6.154	-5.84249
BLOCK09/SES098/SA098S11	SES127	-2.1768	-7.72632	-5.54952
BLOCK09/SES098/SA098S11	SES144	-1.61319	-7.16271	-5.54952
BLOCK09/SES098/SA098S11	SES147	-1.26257	-6.81209	-5.54952
BLOCK09/SES098/SA098S11	SES148	-3.21884	-8.76836	-5.54952
BLOCK09/SES098/SA098S12	SES127	-2.55057	-10.64	-8.08943
BLOCK09/SES098/SA098S12	SES144	-1.95521	-10.0446	-8.08943
BLOCK09/SES098/SA098S12	SES147	-1.27899	-9.36841	-8.08943
BLOCK09/SES098/SA098S12	SES189	-1.92675	-10.0162	-8.08943
BLOCK09/SES098/SA098S20	SES127	-4.86699	-14.6772	-9.81026
BLOCK09/SES098/SA098S20	SES147	-3.03624	-12.8465	-9.81026
BLOCK09/SES098/SA098S20	SES148	-5.47572	-15.286	-9.81026
BLOCK09/SES098/SA098S20	SES292	-0.482268	-10.2925	-9.81026
BLOCK09/SES098/SA098S23	SES127	-1.85239	-9.16354	-7.31115
BLOCK09/SES098/SA098S23	SES147	-1.5958	-8.90695	-7.31115
BLOCK09/SES098/SA098S23	SES187	-0.579491	-7.89064	-7.31115
BLOCK09/SES098/SA098S23	SES292	-1.22195	-8.5331	-7.31115
BLOCK09/SES098/SA098S27	SES127	-3.47342	-11.1357	-7.66233
BLOCK09/SES098/SA098S27	SES147	-2.44404	-10.1064	-7.66233
BLOCK09/SES098/SA098S27	SES148	-3.19207	-10.8544	-7.66233
BLOCK09/SES098/SA098S27	SES292	-0.944284	-8.60661	-7.66233
BLOCK10/SES102/SA102S13	SES101	-0.839816	-9.52954	-8.68972
BLOCK10/SES102/SA102S13	SES105	-1.3495	-10.0392	-8.68972
BLOCK10/SES102/SA102S13	SES120	-1.91859	-10.6083	-8.68972
BLOCK10/SES102/SA102S13	SES158	-1.0133	-9.70302	-8.68972
BLOCK10/SES102/SA102S14	SES007	0.17634	-4.42708	-4.60342
BLOCK10/SES102/SA102S14	SES101	-1.01765	-5.62107	-4.60342
BLOCK10/SES102/SA102S14	SES105	-1.0948	-5.69822	-4.60342
BLOCK10/SES102/SA102S14	SES147	-2.67465	-7.27807	-4.60342
BLOCK10/SES102/SA102S22	SES007	-0.971418	-6.60922	-5.6378
BLOCK10/SES102/SA102S22	SES101	-1.24816	-6.88596	-5.6378
BLOCK10/SES102/SA102S22	SES105	-0.665944	-6.30374	-5.6378
BLOCK10/SES102/SA102S22	SES158	-1.25372	-6.89152	-5.6378
BLOCK10/SES102/SA102S25	SES007	-0.381516	-5.76872	-5.38721
BLOCK10/SES102/SA102S25	SES101	-0.654311	-6.04152	-5.38721
BLOCK10/SES102/SA102S25	SES105	-1.40292	-6.79012	-5.38721
BLOCK10/SES102/SA102S25	SES147	-1.92802	-7.31523	-5.38721
BLOCK10/SES102/SA102S27	SES007	-0.157755	-4.8229	-4.66514
BLOCK10/SES102/SA102S27	SES101	-0.0611925	-4.72633	-4.66514
BLOCK10/SES102/SA102S27	SES105	-1.42053	-6.08567	-4.66514
BLOCK10/SES102/SA102S27	SES147	-1.70305	-6.36819	-4.66514
BLOCK10/SES103/SA103S14	SES105	-1.47797	-12.0039	-10.5259
BLOCK10/SES103/SA103S14	SES106	-2.30399	-12.8299	-10.5259
BLOCK10/SES103/SA103S14	SES120	-2.29481	-12.8207	-10.5259
BLOCK10/SES103/SA103S14	SES206	-1.32465	-11.8506	-10.5259
BLOCK10/SES103/SA103S15	SES099	-2.2194	-13.2209	-11.0015
BLOCK10/SES103/SA103S15	SES101	-1.25112	-12.2526	-11.0015
BLOCK10/SES103/SA103S15	SES104	-1.29784	-12.2993	-11.0015
BLOCK10/SES103/SA103S15	SES125	-3.6958	-14.6973	-11.0015
BLOCK10/SES103/SA103S24	SES104	-0.750717	-7.17654	-6.42583
BLOCK10/SES103/SA103S24	SES125	-3.46991	-9.89574	-6.42583
BLOCK10/SES103/SA103S24	SES148	-3.054	-9.47982	-6.42583
BLOCK10/SES103/SA103S24	SES158	-2.01777	-8.44359	-6.42583
BLOCK10/SES103/SA103S26	SES104	-0.76103	-10.0809	-9.31989
BLOCK10/SES103/SA103S26	SES106	-0.335513	-9.6554	-9.31989
BLOCK10/SES103/SA103S26	SES125	-1.24054	-10.5604	-9.31989
BLOCK10/SES103/SA103S26	SES148	-5.61479	-14.9347	-9.31989
BLOCK10/SES103/SA103S28	SES104	-1.50105	-12.054	-10.5529
BLOCK10/SES103/SA103S28	SES106	-2.94772	-13.5006	-10.5529
BLOCK10/SES103/SA103S28	SES125	-3.49885	-14.0518	-10.5529
BLOCK10/SES103/SA103S28	SES206	-2.36426	-12.9172	-10.5529
BLOCK12/SES121/SA121S12	SES042	-1.8548	-9.14729	-7.29249
BLOCK12/SES121/SA121S12	SES087	-1.41373	-8.70621	-7.29249
BLOCK12/SES121/SA121S12	SES105	-0.188603	-7.48109	-7.29249
BLOCK12/SES121/SA121S12	SES206	-0.514556	-7.80704	-7.29249
BLOCK12/SES121/SA121S14	SES007	-1.15062	-13.024	-11.8734
BLOCK12/SES121/SA121S14	SES105	-1.25042	-13.1238	-11.8734
BLOCK12/SES121/SA121S14	SES106	-1.14583	-13.0192	-11.8734
BLOCK12/SES121/SA121S14	SES206	-0.695848	-12.5692	-11.8734
BLOCK12/SES121/SA121S23	SES105	-1.0687	-11.0669	-9.99818
BLOCK12/SES121/SA121S23	SES106	-1.29507	-11.2932	-9.99818
BLOCK12/SES121/SA121S23	SES120	-0.871096	-10.8693	-9.99818
BLOCK12/SES121/SA121S23	SES206	1.00214	-8.99604	-9.99818
BLOCK12/SES121/SA121S25	SES007	-0.556989	-12.6573	-12.1003
BLOCK12/SES121/SA121S25	SES105	-1.23676	-13.337	-12.1003
BLOCK12/SES121/SA121S25	SES106	-0.143	-12.2433	-12.1003
BLOCK12/SES121/SA121S25	SES206	-0.148946	-12.2492	-12.1003
BLOCK12/SES121/SA121S27	SES087	0.250176	-11.5167	-11.7669
BLOCK12/SES121/SA121S27	SES105	-2.25597	-14.0229	-11.7669
BLOCK12/SES121/SA121S27	SES120	0.0764503	-11.6904	-11.7669
BLOCK12/SES121/SA121S27	SES206	-0.32388	-12.0908	-11.7669
BLOCK12/SES124/SA124S16	SES042	-0.404533	-5.47215	-5.06761
BLOCK12/SES124/SA124S16	SES082	-1.46761	-6.53523	-5.06761
BLOCK12/SES124/SA124S16	SES183	-0.611146	-5.67876	-5.06761
BLOCK12/SES124/SA124S16	SES206	-1.69052	-6.75814	-5.06761
BLOCK12/SES124/SA124S17	SES105	-1.45133	-9.35387	-7.90254
BLOCK12/SES124/SA124S17	SES149	-0.653723	-8.55626	-7.90254
BLOCK12/SES124/SA124S17	SES158	-2.22662	-10.1292	-7.90254
BLOCK12/SES124/SA124S17	SES275	-1.66146	-9.564	-7.90254
BLOCK12/SES124/SA124S23	SES105	-1.98465	-6.27309	-4.28844
BLOCK12/SES124/SA124S23	SES125	1.52806	-2.76038	-4.28844
BLOCK12/SES124/SA124S23	SES129	-1.23111	-5.51955	-4.28844
BLOCK12/SES124/SA124S23	SES158	-1.06217	-5.3506	-4.28844
BLOCK12/SES124/SA124S26	SES105	-2.02844	-8.9147	-6.88625
BLOCK12/SES124/SA124S26	SES125	0.139223	-6.74703	-6.88625
BLOCK12/SES124/SA124S26	SES129	-1.41148	-8.29773	-6.88625
BLOCK12/SES124/SA124S26	SES158	-0.890555	-7.77681	-6.88625
BLOCK12/SES124/SA124S28	SES104	-0.170258	-5.54498	-5.37472
BLOCK12/SES124/SA124S28	SES106	0.155044	-5.21968	-5.37472
BLOCK12/SES124/SA124S28	SES125	0.68451	-4.69021	-5.37472
BLOCK12/SES124/SA124S28	SES275	-1.44802	-6.82274	-5.37472
BLOCK12/SES126/SA126S13	SES007	-0.9616	-8.84546	-7.88386
BLOCK12/SES126/SA126S13	SES162	-1.71547	-9.59933	-7.88386
BLOCK12/SES126/SA126S13	SES177	-1.0628	-8.94666	-7.88386
BLOCK12/SES126/SA126S13	SES180	-1.3149	-9.19876	-7.88386
BLOCK12/SES126/SA126S14	SES144	-1.01266	-6.74198	-5.72932
BLOCK12/SES126/SA126S14	SES148	-1.85232	-7.58164	-5.72932
BLOCK12/SES126/SA126S14	SES177	-0.660383	-6.38971	-5.72932
BLOCK12/SES126/SA126S14	SES180	-0.693777	-6.4231	-5.72932
BLOCK12/SES126/SA126S20	SES007	-1.34404	-4.82226	-3.47822
BLOCK12/SES126/SA126S20	SES162	-1.0446	-4.52282	-3.47822
BLOCK12/SES126/SA126S20	SES172	-1.00443	-4.48265	-3.47822
BLOCK12/SES126/SA126S20	SES180	-0.542008	-4.02023	-3.47822
BLOCK12/SES126/SA126S24	SES120	-0.65042	-5.82161	-5.17119
BLOCK12/SES126/SA126S24	SES162	-1.11192	-6.28312	-5.17119
BLOCK12/SES126/SA126S24	SES177	-0.18697	-5.35816	-5.17119
BLOCK12/SES126/SA126S24	SES180	-1.15689	-6.32808	-5.17119
BLOCK12/SES126/SA126S26	SES120	-0.266599	-5.0575	-4.7909
BLOCK12/SES126/SA126S26	SES177	-0.788895	-5.5798	-4.7909
BLOCK12/SES126/SA126S26	SES180	-0.416217	-5.20712	-4.7909
BLOCK12/SES126/SA126S26	SES202	-0.88943	-5.68033	-4.7909
BLOCK12/SES128/SA128S10	SES087	-1.10818	-7.02169	-5.91351
BLOCK12/SES128/SA128S10	SES206	-0.494139	-6.40765	-5.91351
BLOCK12/SES128/SA128S10	SES226	-0.418726	-6.33223	-5.91351
BLOCK12/SES128/SA128S10	SES270	-1.2082	-7.1217	-5.91351
BLOCK12/SES128/SA128S12	SES120	-0.233459	-8.08789	-7.85443
BLOCK12/SES128/SA128S12	SES158	-1.4619	-9.31633	-7.85443
BLOCK12/SES128/SA128S12	SES206	-0.190705	-8.04514	-7.85443
BLOCK12/SES128/SA128S12	SES226	-1.56919	-9.42362	-7.85443
BLOCK12/SES128/SA128S21	SES106	-2.36539	-8.51139	-6.146
BLOCK12/SES128/SA128S21	SES120	-0.314803	-6.4608	-6.146
BLOCK12/SES128/SA128S21	SES206	-1.20423	-7.35023	-6.146
BLOCK12/SES128/SA128S21	SES226	-0.930931	-7.07693	-6.146
BLOCK12/SES128/SA128S24	SES087	0.10997	-8.28818	-8.39815
BLOCK12/SES128/SA128S24	SES120	-0.256912	-8.65506	-8.39815
BLOCK12/SES128/SA128S24	SES206	-0.244653	-8.6428	-8.39815
BLOCK12/SES128/SA128S24	SES226	-1.00148	-9.39962	-8.39815
BLOCK12/SES128/SA128S27	SES099	-0.563392	-6.96596	-6.40257
BLOCK12/SES128/SA128S27	SES120	-0.575397	-6.97796	-6.40257
BLOCK12/SES128/SA128S27	SES206	-0.647193	-7.04976	-6.40257
BLOCK12/SES128/SA128S27	SES226	-1.04694	-7.4495	-6.40257
BLOCK13/SES130/SA130S13	SES143	-0.638811	-7.16891	-6.5301
BLOCK13/SES130/SA130S13	SES144	0.11968	-6.41042	-6.5301
BLOCK13/SES130/SA130S13	SES146	-1.84234	-8.37244	-6.5301
BLOCK13/SES130/SA130S13	SES275	-1.63997	-8.17007	-6.5301
BLOCK13/SES130/SA130S15	SES143	-0.762555	-5.18148	-4.41892
BLOCK13/SES130/SA130S15	SES144	-0.163857	-4.58278	-4.41892
BLOCK13/SES130/SA130S15	SES146	-1.05113	-5.47006	-4.41892
BLOCK13/SES130/SA130S15	SES275	-1.20325	-5.62217	-4.41892
BLOCK13/SES130/SA130S23	SES127	-0.581674	-4.88942	-4.30775
BLOCK13/SES130/SA130S23	SES144	0.478285	-3.82946	-4.30775
BLOCK13/SES130/SA130S23	SES146	-1.00989	-5.31763	-4.30775
BLOCK13/SES130/SA130S23	SES162	-0.392132	-4.69988	-4.30775
BLOCK13/SES130/SA130S25	SES127	-1.15315	-3.17294	-2.01979
BLOCK13/SES130/SA130S25	SES144	-0.324995	-2.34478	-2.01979
BLOCK13/SES130/SA130S25	SES146	-0.768787	-2.78858	-2.01979
BLOCK13/SES130/SA130S25	SES275	-1.11983	-3.13962	-2.01979
BLOCK13/SES130/SA130S28	SES127	-0.986355	-5.76363	-4.77727
BLOCK13/SES130/SA130S28	SES144	-1.35593	-6.1332	-4.77727
BLOCK13/SES130/SA130S28	SES146	-0.737731	-5.515	-4.77727
BLOCK13/SES130/SA130S28	SES275	-0.69225	-5.46952	-4.77727
BLOCK13/SES131/SA131S13	SES002	-1.43279	-7.83119	-6.3984
BLOCK13/SES131/SA131S13	SES007	-1.20108	-7.59947	-6.3984
BLOCK13/SES131/SA131S13	SES099	-0.739115	-7.13751	-6.3984
BLOCK13/SES131/SA131S13	SES105	-0.616532	-7.01493	-6.3984
BLOCK13/SES131/SA131S14	SES104	-0.804476	-2.84211	-2.03763
BLOCK13/SES131/SA131S14	SES106	-2.21889	-4.25652	-2.03763
BLOCK13/SES131/SA131S14	SES125	-1.49976	-3.53739	-2.03763
BLOCK13/SES131/SA131S14	SES148	-0.0856044	-2.12324	-2.03763
BLOCK13/SES131/SA131S20	SES104	-1.77198	-9.96417	-8.19218
BLOCK13/SES131/SA131S20	SES106	-1.94836	-10.1405	-8.19218
BLOCK13/SES131/SA131S20	SES125	-2.17541	-10.3676	-8.19218
BLOCK13/SES131/SA131S20	SES148	-2.63995	-10.8321	-8.19218
BLOCK13/SES131/SA131S22	SES099	-1.51844	-6.71855	-5.20011
BLOCK13/SES131/SA131S22	SES104	-0.767579	-5.96768	-5.20011
BLOCK13/SES131/SA131S22	SES125	-0.738646	-5.93875	-5.20011
BLOCK13/SES131/SA131S22	SES206	-1.58232	-6.78243	-5.20011
BLOCK13/SES131/SA131S29	SES087	-1.622	-8.5499	-6.9279
BLOCK13/SES131/SA131S29	SES104	-3.65951	-10.5874	-6.9279
BLOCK13/SES131/SA131S29	SES125	-4.65714	-11.585	-6.9279
BLOCK13/SES131/SA131S29	SES206	-3.33317	-10.2611	-6.9279
BLOCK13/SES132/SA132S11	SES083	-1.17803	-9.76351	-8.58548
BLOCK13/SES132/SA132S11	SES120	0.366781	-8.2187	-8.58548
BLOCK13/SES132/SA132S11	SES127	-2.63339	-11.2189	-8.58548
BLOCK13/SES132/SA132S11	SES275	-0.765555	-9.35104	-8.58548
BLOCK13/SES132/SA132S12	SES083	-1.50063	-6.3727	-4.87207
BLOCK13/SES132/SA132S12	SES143	-1.52286	-6.39492	-4.87207
BLOCK13/SES132/SA132S12	SES144	-1.53159	-6.40365	-4.87207
BLOCK13/SES132/SA132S12	SES148	-1.2743	-6.14636	-4.87207
BLOCK13/SES132/SA132S22	SES062	-1.05349	-7.88574	-6.83225
BLOCK13/SES132/SA132S22	SES083	-1.39703	-8.22927	-6.83225
BLOCK13/SES132/SA132S22	SES127	-1.93303	-8.76527	-6.83225
BLOCK13/SES132/SA132S22	SES275	-0.858868	-7.69111	-6.83225
BLOCK13/SES132/SA132S24	SES007	-0.604161	-5.82728	-5.22312
BLOCK13/SES132/SA132S24	SES083	-1.6412	-6.86431	-5.22312
BLOCK13/SES132/SA132S24	SES127	-2.46074	-7.68386	-5.22312
BLOCK13/SES132/SA132S24	SES275	-1.10325	-6.32637	-5.22312
BLOCK13/SES132/SA132S27	SES083	-3.07001	-11.1796	-8.10954
BLOCK13/SES132/SA132S27	SES120	0.153244	-7.9563	-8.10954
BLOCK13/SES132/SA132S27	SES127	-4.81863	-12.9282	-8.10954
BLOCK13/SES132/SA132S27	SES275	-2.27944	-10.389	-8.10954
BLOCK14/SES141/SA141S09	SES143	-0.810417	-5.33078	-4.52036
BLOCK14/SES141/SA141S09	SES144	-0.218616	-4.73898	-4.52036
BLOCK14/SES141/SA141S09	SES162	-0.683652	-5.20401	-4.52036
BLOCK14/SES141/SA141S09	SES180	-0.482638	-5.003	-4.52036
BLOCK14/SES141/SA141S15	SES127	-0.476326	-6.45033	-5.97401
BLOCK14/SES141/SA141S15	SES144	-1.05298	-7.02698	-5.97401
BLOCK14/SES141/SA141S15	SES162	-1.36476	-7.33876	-5.97401
BLOCK14/SES141/SA141S15	SES180	-0.840024	-6.81403	-5.97401
BLOCK14/SES141/SA141S24	SES127	-1.20383	-7.91612	-6.71229
BLOCK14/SES141/SA141S24	SES144	-2.09316	-8.80545	-6.71229
BLOCK14/SES141/SA141S24	SES162	-0.349677	-7.06197	-6.71229
BLOCK14/SES141/SA141S24	SES183	-1.32318	-8.03547	-6.71229
BLOCK14/SES141/SA141S26	SES142	0.20945	-6.38961	-6.59906
BLOCK14/SES141/SA141S26	SES144	-1.12531	-7.72437	-6.59906
BLOCK14/SES141/SA141S26	SES172	-0.51782	-7.11688	-6.59906
BLOCK14/SES141/SA141S26	SES180	-0.720468	-7.31953	-6.59906
BLOCK14/SES141/SA141S29	SES127	-0.405615	-5.05663	-4.65102
BLOCK14/SES141/SA141S29	SES142	-0.00312901	-4.65415	-4.65102
BLOCK14/SES141/SA141S29	SES144	-0.475304	-5.12632	-4.65102
BLOCK14/SES141/SA141S29	SES180	-0.560669	-5.21169	-4.65102
BLOCK15/SES157/SA157S08	SES083	-1.23436	-5.37674	-4.14238
BLOCK15/SES157/SA157S08	SES127	-1.29551	-5.43789	-4.14238
BLOCK15/SES157/SA157S08	SES148	-1.48556	-5.62793	-4.14238
BLOCK15/SES157/SA157S08	SES292	-1.55575	-5.69813	-4.14238
BLOCK15/SES157/SA157S11	SES083	-1.74809	-6.11212	-4.36403
BLOCK15/SES157/SA157S11	SES127	-2.26244	-6.62647	-4.36403
BLOCK15/SES157/SA157S11	SES148	-2.94806	-7.31208	-4.36403
BLOCK15/SES157/SA157S11	SES292	-1.33948	-5.7035	-4.36403
BLOCK15/SES157/SA157S21	SES127	-0.0479805	-2.52413	-2.47615
BLOCK15/SES157/SA157S21	SES148	-0.114409	-2.59056	-2.47615
BLOCK15/SES157/SA157S21	SES158	-4.52511	-7.00125	-2.47615
BLOCK15/SES157/SA157S21	SES292	-0.975552	-3.4517	-2.47615
BLOCK15/SES157/SA157S24	SES127	-1.07408	-6.92895	-5.85487
BLOCK15/SES157/SA157S24	SES148	-1.13141	-6.98628	-5.85487
BLOCK15/SES157/SA157S24	SES183	-1.65044	-7.50531	-5.85487
BLOCK15/SES157/SA157S24	SES292	-1.45942	-7.31429	-5.85487
BLOCK15/SES157/SA157S26	SES007	-0.904959	-5.22002	-4.31506
BLOCK15/SES157/SA157S26	SES127	0.096168	-4.21889	-4.31506
BLOCK15/SES157/SA157S26	SES147	-0.641884	-4.95694	-4.31506
BLOCK15/SES157/SA157S26	SES148	-1.3335	-5.64856	-4.31506
BLOCK16/SES161/SA161S10	SES007	-0.976191	-7.40439	-6.4282
BLOCK16/SES161/SA161S10	SES105	-0.74175	-7.16995	-6.4282
BLOCK16/SES161/SA161S10	SES158	-1.53267	-7.96086	-6.4282
BLOCK16/SES161/SA161S10	SES275	-1.26546	-7.69366	-6.4282
BLOCK16/SES161/SA161S12	SES007	-2.81368	-12.542	-9.72832
BLOCK16/SES161/SA161S12	SES105	-2.61792	-12.3462	-9.72832
BLOCK16/SES161/SA161S12	SES158	-2.45911	-12.1874	-9.72832
BLOCK16/SES161/SA161S12	SES275	-2.14637	-11.8747	-9.72832
BLOCK16/SES161/SA161S20	SES007	-0.941912	-11.3213	-10.3794
BLOCK16/SES161/SA161S20	SES105	-0.997667	-11.377	-10.3794
BLOCK16/SES161/SA161S20	SES158	0.0275202	-10.3518	-10.3794
BLOCK16/SES161/SA161S20	SES275	-2.95364	-13.333	-10.3794
BLOCK16/SES161/SA161S23	SES007	-4.57848	-14.7913	-10.2128
BLOCK16/SES161/SA161S23	SES105	-1.97556	-12.1883	-10.2128
BLOCK16/SES161/SA161S23	SES148	-2.86876	-13.0815	-10.2128
BLOCK16/SES161/SA161S23	SES158	-4.3733	-14.5861	-10.2128
BLOCK16/SES161/SA161S28	SES007	-1.16903	-10.7942	-9.62517
BLOCK16/SES161/SA161S28	SES105	-2.69208	-12.3172	-9.62517
BLOCK16/SES161/SA161S28	SES158	-0.71596	-10.3411	-9.62517
BLOCK16/SES161/SA161S28	SES206	-0.843832	-10.469	-9.62517
BLOCK16/SES164/SA164S11	SES104	0.104726	-5.39528	-5.50001
BLOCK16/SES164/SA164S11	SES125	0.183484	-5.31652	-5.50001
BLOCK16/SES164/SA164S11	SES158	-2.33831	-7.83832	-5.50001
BLOCK16/SES164/SA164S11	SES206	-1.28978	-6.78979	-5.50001
BLOCK16/SES164/SA164S13	SES099	-2.02994	-7.51378	-5.48384
BLOCK16/SES164/SA164S13	SES104	-1.1131	-6.59694	-5.48384
BLOCK16/SES164/SA164S13	SES125	-2.0205	-7.50434	-5.48384
BLOCK16/SES164/SA164S13	SES206	-2.30041	-7.78425	-5.48384
BLOCK16/SES164/SA164S24	SES002	0.643147	-4.78156	-5.42471
BLOCK16/SES164/SA164S24	SES099	-0.15867	-5.58338	-5.42471
BLOCK16/SES164/SA164S24	SES125	-0.556633	-5.98134	-5.42471
BLOCK16/SES164/SA164S24	SES226	0.497675	-4.92703	-5.42471
BLOCK16/SES164/SA164S27	SES087	-0.445841	-6.56229	-6.11645
BLOCK16/SES164/SA164S27	SES125	-1.83248	-7.94893	-6.11645
BLOCK16/SES164/SA164S27	SES206	-1.83245	-7.9489	-6.11645
BLOCK16/SES164/SA164S27	SES226	-0.825027	-6.94147	-6.11645
BLOCK16/SES164/SA164S29	SES002	-0.395799	-4.93841	-4.54261
BLOCK16/SES164/SA164S29	SES019	-1.79695	-6.33955	-4.54261
BLOCK16/SES164/SA164S29	SES125	-1.2059	-5.7485	-4.54261
BLOCK16/SES164/SA164S29	SES226	-0.623478	-5.16609	-4.54261
BLOCK16/SES169/SA169S13	SES117	-1.42713	-7.99444	-6.56731
BLOCK16/SES169/SA169S13	SES144	-1.50027	-8.06758	-6.56731
BLOCK16/SES169/SA169S13	SES146	-1.15234	-7.71965	-6.56731
BLOCK16/SES169/SA169S13	SES162	-1.17596	-7.74327	-6.56731
BLOCK16/SES169/SA169S14	SES144	-1.32656	-4.62358	-3.29702
BLOCK16/SES169/SA169S14	SES148	-0.86001	-4.15703	-3.29702
BLOCK16/SES169/SA169S14	SES177	-0.714163	-4.01118	-3.29702
BLOCK16/SES169/SA169S14	SES180	-1.01757	-4.31459	-3.29702
BLOCK16/SES169/SA169S24	SES117	-0.342435	-6.42038	-6.07794
BLOCK16/SES169/SA169S24	SES144	-0.323124	-6.40107	-6.07794
BLOCK16/SES169/SA169S24	SES146	-0.708112	-6.78606	-6.07794
BLOCK16/SES169/SA169S24	SES162	-0.337988	-6.41593	-6.07794
BLOCK16/SES169/SA169S27	SES127	-0.946954	-6.86245	-5.91549
BLOCK16/SES169/SA169S27	SES129	-0.954907	-6.8704	-5.91549
BLOCK16/SES169/SA169S27	SES144	-1.20412	-7.11962	-5.91549
BLOCK16/SES169/SA169S27	SES146	-0.693058	-6.60855	-5.91549
BLOCK16/SES169/SA169S29	SES144	-0.661536	-3.96972	-3.30819
BLOCK16/SES169/SA169S29	SES162	-0.554217	-3.8624	-3.30819
BLOCK16/SES169/SA169S29	SES177	-1.17356	-4.48175	-3.30819
BLOCK16/SES169/SA169S29	SES180	-1.05822	-4.3664	-3.30819
BLOCK17/SES171/SA171S12	SES083	-1.80646	-7.22833	-5.42187
BLOCK17/SES171/SA171S12	SES148	-2.0552	-7.47706	-5.42187
BLOCK17/SES171/SA171S12	SES172	-2.04372	-7.46559	-5.42187
BLOCK17/SES171/SA171S12	SES292	-2.33642	-7.75828	-5.42187
BLOCK17/SES171/SA171S15	SES148	-2.79698	-8.75682	-5.95984
BLOCK17/SES171/SA171S15	SES177	-1.53564	-7.49548	-5.95984
BLOCK17/SES171/SA171S15	SES180	-3.55719	-9.51703	-5.95984
BLOCK17/SES171/SA171S15	SES292	-2.10371	-8.06356	-5.95984
BLOCK17/SES171/SA171S22	SES007	-1.08006	-3.27609	-2.19603
BLOCK17/SES171/SA171S22	SES148	-0.887515	-3.08355	-2.19603
BLOCK17/SES171/SA171S22	SES177	-0.787059	-2.98309	-2.19603
BLOCK17/SES171/SA171S22	SES180	-3.09967	-5.2957	-2.19603
BLOCK17/SES171/SA171S25	SES101	-2.08332	-8.87943	-6.79611
BLOCK17/SES171/SA171S25	SES120	-2.95785	-9.75396	-6.79611
BLOCK17/SES171/SA171S25	SES177	-1.22194	-8.01805	-6.79611
BLOCK17/SES171/SA171S25	SES180	-1.78495	-8.58106	-6.79611
BLOCK17/SES171/SA171S27	SES177	-1.36539	-7.81538	-6.44999
BLOCK17/SES171/SA171S27	SES180	-2.60524	-9.05523	-6.44999
BLOCK17/SES171/SA171S27	SES189	-1.15256	-7.60255	-6.44999
BLOCK17/SES171/SA171S27	SES292	-1.74629	-8.19628	-6.44999
BLOCK17/SES173/SA173S13	SES162	-3.15967	-9.51919	-6.35952
BLOCK17/SES173/SA173S13	SES177	-1.23637	-7.59589	-6.35952
BLOCK17/SES173/SA173S13	SES180	-1.40967	-7.76919	-6.35952
BLOCK17/SES173/SA173S13	SES292	0.0480285	-6.31149	-6.35952
BLOCK17/SES173/SA173S14	SES007	-1.61397	-7.18388	-5.56991
BLOCK17/SES173/SA173S14	SES162	-2.40426	-7.97418	-5.56991
BLOCK17/SES173/SA173S14	SES177	-0.951666	-6.52158	-5.56991
BLOCK17/SES173/SA173S14	SES180	-1.30891	-6.87883	-5.56991
BLOCK17/SES173/SA173S24	SES144	-2.28956	-8.41979	-6.13023
BLOCK17/SES173/SA173S24	SES162	-2.16713	-8.29736	-6.13023
BLOCK17/SES173/SA173S24	SES177	-0.0012126	-6.13144	-6.13023
BLOCK17/SES173/SA173S24	SES180	-2.36033	-8.49055	-6.13023
BLOCK17/SES173/SA173S27	SES162	-2.92532	-10.2415	-7.31618
BLOCK17/SES173/SA173S27	SES177	-0.916804	-8.23299	-7.31618
BLOCK17/SES173/SA173S27	SES180	-1.96355	-9.27973	-7.31618
BLOCK17/SES173/SA173S27	SES292	0.0945969	-7.22158	-7.31618
BLOCK17/SES173/SA173S29	SES162	-2.15117	-5.8943	-3.74313
BLOCK17/SES173/SA173S29	SES175	-1.26169	-5.00482	-3.74313
BLOCK17/SES173/SA173S29	SES177	-0.69432	-4.43745	-3.74313
BLOCK17/SES173/SA173S29	SES292	-1.06736	-4.81049	-3.74313
BLOCK18/SES182/SA182S10	SES144	-1.31516	-7.29555	-5.98039
BLOCK18/SES182/SA182S10	SES177	-1.21174	-7.19213	-5.98039
BLOCK18/SES182/SA182S10	SES180	-2.47074	-8.45113	-5.98039
BLOCK18/SES182/SA182S10	SES275	-1.43051	-7.41089	-5.98039
BLOCK18/SES182/SA182S12	SES144	-1.61564	-7.45762	-5.84198
BLOCK18/SES182/SA182S12	SES177	-1.76717	-7.60914	-5.84198
BLOCK18/SES182/SA182S12	SES180	-2.95637	-8.79834	-5.84198
BLOCK18/SES182/SA182S12	SES275	-1.31501	-7.15699	-5.84198
BLOCK18/SES182/SA182S21	SES117	-0.962497	-8.95207	-7.98957
BLOCK18/SES182/SA182S21	SES144	-1.28087	-9.27044	-7.98957
BLOCK18/SES182/SA182S21	SES162	-1.06594	-9.05551	-7.98957
BLOCK18/SES182/SA182S21	SES180	-2.72266	-10.7122	-7.98957
BLOCK18/SES182/SA182S23	SES117	-1.78891	-11.7477	-9.95881
BLOCK18/SES182/SA182S23	SES144	-4.13649	-14.0953	-9.95881
BLOCK18/SES182/SA182S23	SES180	-5.0254	-14.9842	-9.95881
BLOCK18/SES182/SA182S23	SES275	-2.8562	-12.815	-9.95881
BLOCK18/SES182/SA182S25	SES007	0.201363	-6.57774	-6.7791
BLOCK18/SES182/SA182S25	SES162	-0.800245	-7.57935	-6.7791
BLOCK18/SES182/SA182S25	SES177	-0.72717	-7.50627	-6.7791
BLOCK18/SES182/SA182S25	SES180	-2.47007	-9.24917	-6.7791
BLOCK18/SES184/SA184S12	SES177	-0.54307	-5.0595	-4.51643
BLOCK18/SES184/SA184S12	SES180	-0.258274	-4.7747	-4.51643
BLOCK18/SES184/SA184S12	SES189	-2.45651	-6.97294	-4.51643
BLOCK18/SES184/SA184S12	SES292	-0.527825	-5.04425	-4.51643
BLOCK18/SES184/SA184S13	SES101	-1.0881	-6.23745	-5.14934
BLOCK18/SES184/SA184S13	SES177	-1.32637	-6.47571	-5.14934
BLOCK18/SES184/SA184S13	SES180	-0.839671	-5.98901	-5.14934
BLOCK18/SES184/SA184S13	SES292	-1.21513	-6.36448	-5.14934
BLOCK18/SES184/SA184S22	SES177	-1.16891	-5.89574	-4.72683
BLOCK18/SES184/SA184S22	SES180	-0.457361	-5.18419	-4.72683
BLOCK18/SES184/SA184S22	SES189	-1.53021	-6.25704	-4.72683
BLOCK18/SES184/SA184S22	SES292	-1.28491	-6.01174	-4.72683
BLOCK18/SES184/SA184S25	SES101	-0.752633	-4.56082	-3.80819
BLOCK18/SES184/SA184S25	SES177	-1.16157	-4.96976	-3.80819
BLOCK18/SES184/SA184S25	SES180	-0.57305	-4.38124	-3.80819
BLOCK18/SES184/SA184S25	SES292	-0.713067	-4.52126	-3.80819
BLOCK18/SES184/SA184S27	SES083	-1.42597	-5.5489	-4.12292
BLOCK18/SES184/SA184S27	SES177	-1.57858	-5.70151	-4.12292
BLOCK18/SES184/SA184S27	SES202	-1.42109	-5.54401	-4.12292
BLOCK18/SES184/SA184S27	SES292	-1.8139	-5.93683	-4.12292
BLOCK20/SES204/SA204S12	SES062	-0.85736	-6.13728	-5.27992
BLOCK20/SES204/SA204S12	SES083	-1.69996	-6.97988	-5.27992
BLOCK20/SES204/SA204S12	SES206	-0.860565	-6.14048	-5.27992
BLOCK20/SES204/SA204S12	SES226	-1.02834	-6.30826	-5.27992
BLOCK20/SES204/SA204S14	SES068	-0.172513	-3.73854	-3.56603
BLOCK20/SES204/SA204S14	SES087	0.0508173	-3.51521	-3.56603
BLOCK20/SES204/SA204S14	SES206	-1.21799	-4.78402	-3.56603
BLOCK20/SES204/SA204S14	SES226	-1.79442	-5.36045	-3.56603
BLOCK20/SES204/SA204S22	SES068	-0.73657	-6.01734	-5.28077
BLOCK20/SES204/SA204S22	SES082	-1.5154	-6.79617	-5.28077
BLOCK20/SES204/SA204S22	SES083	-1.8188	-7.09957	-5.28077
BLOCK20/SES204/SA204S22	SES206	-0.763522	-6.04429	-5.28077
BLOCK20/SES204/SA204S25	SES062	-0.821196	-6.22544	-5.40425
BLOCK20/SES204/SA204S25	SES083	-1.90689	-7.31114	-5.40425
BLOCK20/SES204/SA204S25	SES206	-1.16217	-6.56642	-5.40425
BLOCK20/SES204/SA204S25	SES226	-0.726877	-6.13113	-5.40425
BLOCK20/SES204/SA204S27	SES068	-0.802023	-7.22213	-6.4201
BLOCK20/SES204/SA204S27	SES082	-1.72411	-8.14421	-6.4201
BLOCK20/SES204/SA204S27	SES087	0.367731	-6.05237	-6.4201
BLOCK20/SES204/SA204S27	SES206	-1.398	-7.8181	-6.4201
BLOCK20/SES207/SA207S10	SES127	-2.14882	-6.60963	-4.46081
BLOCK20/SES207/SA207S10	SES183	-1.49135	-5.95216	-4.46081
BLOCK20/SES207/SA207S10	SES189	-1.06863	-5.52944	-4.46081
BLOCK20/SES207/SA207S10	SES292	-1.51916	-5.97997	-4.46081
BLOCK20/SES207/SA207S11	SES127	-1.68719	-6.05538	-4.36819
BLOCK20/SES207/SA207S11	SES183	-1.13822	-5.5064	-4.36819
BLOCK20/SES207/SA207S11	SES187	-1.40493	-5.77312	-4.36819
BLOCK20/SES207/SA207S11	SES292	-1.12143	-5.48962	-4.36819
BLOCK20/SES207/SA207S25	SES068	-0.904881	-7.12916	-6.22428
BLOCK20/SES207/SA207S25	SES083	-1.73713	-7.96141	-6.22428
BLOCK20/SES207/SA207S25	SES127	-0.411383	-6.63566	-6.22428
BLOCK20/SES207/SA207S25	SES187	-0.945503	-7.16978	-6.22428
BLOCK20/SES207/SA207S27	SES127	-1.25308	-8.58739	-7.33431
BLOCK20/SES207/SA207S27	SES183	-1.1299	-8.46421	-7.33431
BLOCK20/SES207/SA207S27	SES187	-1.33769	-8.672	-7.33431
BLOCK20/SES207/SA207S27	SES292	-1.47768	-8.81199	-7.33431
BLOCK20/SES207/SA207S29	SES083	-2.01826	-5.89454	-3.87628
BLOCK20/SES207/SA207S29	SES085	-0.946967	-4.82324	-3.87628
BLOCK20/SES207/SA207S29	SES172	-0.254875	-4.13115	-3.87628
BLOCK20/SES207/SA207S29	SES189	-3.32617	-7.20245	-3.87628
BLOCK22/SES221/SA221S12	SES068	-0.407362	-5.22691	-4.81955
BLOCK22/SES221/SA221S12	SES143	-1.04904	-5.86859	-4.81955
BLOCK22/SES221/SA221S12	SES175	-0.64129	-5.46084	-4.81955
BLOCK22/SES221/SA221S12	SES202	-0.598802	-5.41835	-4.81955
BLOCK22/SES221/SA221S15	SES085	-0.0960498	-5.22296	-5.12691
BLOCK22/SES221/SA221S15	SES143	-1.09135	-6.21827	-5.12691
BLOCK22/SES221/SA221S15	SES175	-1.41554	-6.54245	-5.12691
BLOCK22/SES221/SA221S15	SES187	-1.65018	-6.77709	-5.12691
BLOCK22/SES221/SA221S23	SES068	-0.386234	-5.99618	-5.60994
BLOCK22/SES221/SA221S23	SES143	-1.57471	-7.18466	-5.60994
BLOCK22/SES221/SA221S23	SES175	-0.853729	-6.46367	-5.60994
BLOCK22/SES221/SA221S23	SES189	-1.50699	-7.11693	-5.60994
BLOCK22/SES221/SA221S27	SES085	0.143947	-5.50929	-5.65324
BLOCK22/SES221/SA221S27	SES143	-0.981071	-6.63431	-5.65324
BLOCK22/SES221/SA221S27	SES175	-0.80969	-6.46293	-5.65324
BLOCK22/SES221/SA221S27	SES189	-2.07625	-7.72949	-5.65324
BLOCK22/SES221/SA221S29	SES085	-0.935945	-9.54184	-8.60589
BLOCK22/SES221/SA221S29	SES143	-1.07981	-9.6857	-8.60589
BLOCK22/SES221/SA221S29	SES175	-0.323966	-8.92986	-8.60589
BLOCK22/SES221/SA221S29	SES187	-1.6739	-10.2798	-8.60589
BLOCK22/SES223/SA223S11	SES143	-0.748338	-8.12898	-7.38064
BLOCK22/SES223/SA223S11	SES144	-2.4163	-9.79694	-7.38064
BLOCK22/SES223/SA223S11	SES175	-1.03932	-8.41996	-7.38064
BLOCK22/SES223/SA223S11	SES187	-1.17556	-8.5562	-7.38064
BLOCK22/SES223/SA223S13	SES068	0.383759	-8.3744	-8.75815
BLOCK22/SES223/SA223S13	SES143	-1.25699	-10.0151	-8.75815
BLOCK22/SES223/SA223S13	SES146	-1.02694	-9.7851	-8.75815
BLOCK22/SES223/SA223S13	SES202	-0.194206	-8.95236	-8.75815
BLOCK22/SES223/SA223S22	SES143	-0.945018	-6.50526	-5.56024
BLOCK22/SES223/SA223S22	SES144	-2.3066	-7.86685	-5.56024
BLOCK22/SES223/SA223S22	SES175	-1.45719	-7.01743	-5.56024
BLOCK22/SES223/SA223S22	SES187	-1.11107	-6.67131	-5.56024
BLOCK22/SES223/SA223S25	SES068	-0.811553	-7.13835	-6.3268
BLOCK22/SES223/SA223S25	SES143	-1.04241	-7.3692	-6.3268
BLOCK22/SES223/SA223S25	SES175	-0.583451	-6.91025	-6.3268
BLOCK22/SES223/SA223S25	SES187	-1.47211	-7.7989	-6.3268
BLOCK22/SES223/SA223S27	SES143	-0.653888	-8.9429	-8.28901
BLOCK22/SES223/SA223S27	SES146	-1.7794	-10.0684	-8.28901
BLOCK22/SES223/SA223S27	SES187	-0.679231	-8.96824	-8.28901
BLOCK22/SES223/SA223S27	SES292	-0.374167	-8.66318	-8.28901
BLOCK27/SES273/SA273S12	SES099	-0.0292306	-6.68348	-6.65425
BLOCK27/SES273/SA273S12	SES104	-0.603224	-7.25747	-6.65425
BLOCK27/SES273/SA273S12	SES125	-0.661585	-7.31583	-6.65425
BLOCK27/SES273/SA273S12	SES206	0.265865	-6.38838	-6.65425
BLOCK27/SES273/SA273S13	SES099	-1.03158	-4.04455	-3.01297
BLOCK27/SES273/SA273S13	SES104	-0.791859	-3.80483	-3.01297
BLOCK27/SES273/SA273S13	SES206	-1.12183	-4.13479	-3.01297
BLOCK27/SES273/SA273S13	SES292	-0.68813	-3.7011	-3.01297
BLOCK27/SES273/SA273S21	SES099	-1.41819	-5.54437	-4.12618
BLOCK27/SES273/SA273S21	SES148	-3.39571	-7.52189	-4.12618
BLOCK27/SES273/SA273S21	SES149	-1.98289	-6.10907	-4.12618
BLOCK27/SES273/SA273S21	SES177	-1.60605	-5.73223	-4.12618
BLOCK27/SES273/SA273S25	SES104	-0.290819	-7.31359	-7.02277
BLOCK27/SES273/SA273S25	SES125	-1.01679	-8.03956	-7.02277
BLOCK27/SES273/SA273S25	SES158	0.178187	-6.84458	-7.02277
BLOCK27/SES273/SA273S25	SES206	-0.601709	-7.62448	-7.02277
BLOCK27/SES273/SA273S27	SES099	-1.25185	-3.28695	-2.0351
BLOCK27/SES273/SA273S27	SES104	-1.51675	-3.55186	-2.0351
BLOCK27/SES273/SA273S27	SES149	-1.10073	-3.13583	-2.0351
BLOCK27/SES273/SA273S27	SES275	-1.61696	-3.65206	-2.0351
BLOCK27/SES274/SA274S10	SES105	-2.56833	-5.0308	-2.46246
BLOCK27/SES274/SA274S10	SES125	-3.65267	-6.11514	-2.46246
BLOCK27/SES274/SA274S10	SES129	-0.902885	-3.36535	-2.46246
BLOCK27/SES274/SA274S10	SES158	-5.46494	-7.9274	-2.46246
BLOCK27/SES274/SA274S11	SES105	-1.02604	-6.18107	-5.15503
BLOCK27/SES274/SA274S11	SES149	-1.12787	-6.2829	-5.15503
BLOCK27/SES274/SA274S11	SES158	-1.79436	-6.94939	-5.15503
BLOCK27/SES274/SA274S11	SES275	-0.665324	-5.82036	-5.15503
BLOCK27/SES274/SA274S21	SES105	-1.56398	-6.58097	-5.01699
BLOCK27/SES274/SA274S21	SES129	-0.729371	-5.74636	-5.01699
BLOCK27/SES274/SA274S21	SES149	-1.10284	-6.11983	-5.01699
BLOCK27/SES274/SA274S21	SES158	-2.92013	-7.93712	-5.01699
BLOCK27/SES274/SA274S24	SES105	-1.79087	-6.88942	-5.09855
BLOCK27/SES274/SA274S24	SES129	-0.290095	-5.38865	-5.09855
BLOCK27/SES274/SA274S24	SES149	-1.57645	-6.675	-5.09855
BLOCK27/SES274/SA274S24	SES158	-3.85224	-8.95079	-5.09855
BLOCK27/SES274/SA274S29	SES105	-1.92296	-6.39443	-4.47147
BLOCK27/SES274/SA274S29	SES106	-2.42358	-6.89505	-4.47147
BLOCK27/SES274/SA274S29	SES120	-1.39345	-5.86492	-4.47147
BLOCK27/SES274/SA274S29	SES275	-0.957943	-5.42942	-4.47147
BLOCK27/SES276/SA276S16	SES148	-1.61769	-7.47832	-5.86063
BLOCK27/SES276/SA276S16	SES172	0.358241	-5.50239	-5.86063
BLOCK27/SES276/SA276S16	SES180	-0.114797	-5.97543	-5.86063
BLOCK27/SES276/SA276S16	SES292	-0.376965	-6.23759	-5.86063
BLOCK27/SES276/SA276S17	SES101	-0.941293	-5.97325	-5.03196
BLOCK27/SES276/SA276S17	SES177	-1.03595	-6.06791	-5.03196
BLOCK27/SES276/SA276S17	SES180	-0.928973	-5.96093	-5.03196
BLOCK27/SES276/SA276S17	SES292	-0.696621	-5.72858	-5.03196
BLOCK27/SES276/SA276S24	SES101	-1.00363	-5.07325	-4.06962
BLOCK27/SES276/SA276S24	SES177	-0.42015	-4.48977	-4.06962
BLOCK27/SES276/SA276S24	SES180	-1.30345	-5.37308	-4.06962
BLOCK27/SES276/SA276S24	SES292	-1.00176	-5.07138	-4.06962
BLOCK27/SES276/SA276S26	SES101	-1.49293	-3.30205	-1.80912
BLOCK27/SES276/SA276S26	SES177	-1.00142	-2.81054	-1.80912
BLOCK27/SES276/SA276S26	SES180	-0.986964	-2.79608	-1.80912
BLOCK27/SES276/SA276S26	SES292	-0.164552	-1.97367	-1.80912
BLOCK27/SES276/SA276S28	SES101	-0.831803	-3.54059	-2.70879
BLOCK27/SES276/SA276S28	SES177	-0.713819	-3.42261	-2.70879
BLOCK27/SES276/SA276S28	SES180	-0.0471628	-2.75595	-2.70879
BLOCK27/SES276/SA276S28	SES292	-0.327545	-3.03633	-2.70879
BLOCK27/SES277/SA277S12	SES101	-0.834966	-8.53574	-7.70077
BLOCK27/SES277/SA277S12	SES177	-1.76983	-9.47061	-7.70077
BLOCK27/SES277/SA277S12	SES180	-2.09438	-9.79515	-7.70077
BLOCK27/SES277/SA277S12	SES292	-1.36775	-9.06852	-7.70077
BLOCK27/SES277/SA277S14	SES177	-1.46499	-8.41195	-6.94696
BLOCK27/SES277/SA277S14	SES180	-2.43549	-9.38245	-6.94696
BLOCK27/SES277/SA277S14	SES189	-0.495894	-7.44286	-6.94696
BLOCK27/SES277/SA277S14	SES292	-1.99229	-8.93925	-6.94696
BLOCK27/SES277/SA277S21	SES177	-1.28649	-7.70209	-6.4156
BLOCK27/SES277/SA277S21	SES180	-1.81727	-8.23287	-6.4156
BLOCK27/SES277/SA277S21	SES189	-0.367141	-6.78274	-6.4156
BLOCK27/SES277/SA277S21	SES292	-1.62185	-8.03745	-6.4156
BLOCK27/SES277/SA277S24	SES144	-1.15577	-9.10722	-7.95145
BLOCK27/SES277/SA277S24	SES177	-1.68708	-9.63853	-7.95145
BLOCK27/SES277/SA277S24	SES180	-2.17445	-10.1259	-7.95145
BLOCK27/SES277/SA277S24	SES189	-0.723359	-8.67481	-7.95145
BLOCK27/SES277/SA277S29	SES177	-1.25236	-4.00387	-2.75151
BLOCK27/SES277/SA277S29	SES180	-1.11953	-3.87104	-2.75151
BLOCK27/SES277/SA277S29	SES202	-1.33985	-4.09136	-2.75151
BLOCK27/SES277/SA277S29	SES292	-1.69638	-4.44789	-2.75151
BLOCK27/SES279/SA279S09	SES120	-1.37304	-5.57635	-4.20331
BLOCK27/SES279/SA279S09	SES146	-1.22083	-5.42414	-4.20331
BLOCK27/SES279/SA279S09	SES206	0.0840416	-4.11927	-4.20331
BLOCK27/SES279/SA279S09	SES226	-1.72557	-5.92888	-4.20331
BLOCK27/SES279/SA279S10	SES099	0.021883	-5.23119	-5.25308
BLOCK27/SES279/SA279S10	SES206	-1.223	-6.47607	-5.25308
BLOCK27/SES279/SA279S10	SES226	-2.07856	-7.33164	-5.25308
BLOCK27/SES279/SA279S10	SES292	-0.00173426	-5.25481	-5.25308
BLOCK27/SES279/SA279S20	SES099	-2.35436	-9.4908	-7.13644
BLOCK27/SES279/SA279S20	SES206	-0.216744	-7.35319	-7.13644
BLOCK27/SES279/SA279S20	SES226	-2.56377	-9.70021	-7.13644
BLOCK27/SES279/SA279S20	SES292	0.482987	-6.65346	-7.13644
BLOCK27/SES279/SA279S26	SES099	0.289233	-7.32373	-7.61297
BLOCK27/SES279/SA279S26	SES206	-0.464768	-8.07774	-7.61297
BLOCK27/SES279/SA279S26	SES226	-3.43119	-11.0442	-7.61297
BLOCK27/SES279/SA279S26	SES292	0.206073	-7.40689	-7.61297
BLOCK27/SES279/SA279S28	SES099	-0.184066	-2.42065	-2.23659
BLOCK27/SES279/SA279S28	SES120	-0.882994	-3.11958	-2.23659
BLOCK27/SES279/SA279S28	SES177	-1.17606	-3.41265	-2.23659
BLOCK27/SES279/SA279S28	SES206	-0.726917	-2.9635	-2.23659
BLOCK29/SES290/SA290S12	SES162	-0.994031	-5.96345	-4.96942
BLOCK29/SES290/SA290S12	SES177	-1.09203	-6.06145	-4.96942
BLOCK29/SES290/SA290S12	SES180	-1.06748	-6.03691	-4.96942
BLOCK29/SES290/SA290S12	SES292	-1.36973	-6.33915	-4.96942
BLOCK29/SES290/SA290S13	SES007	-0.648335	-5.48609	-4.83776
BLOCK29/SES290/SA290S13	SES162	-1.30752	-6.14528	-4.83776
BLOCK29/SES290/SA290S13	SES177	-1.02164	-5.85939	-4.83776
BLOCK29/SES290/SA290S13	SES180	-1.23837	-6.07613	-4.83776
BLOCK29/SES290/SA290S22	SES177	-0.942606	-5.80273	-4.86013
BLOCK29/SES290/SA290S22	SES180	-1.79029	-6.65042	-4.86013
BLOCK29/SES290/SA290S22	SES202	-0.505572	-5.3657	-4.86013
BLOCK29/SES290/SA290S22	SES292	-1.16846	-6.02859	-4.86013
BLOCK29/SES290/SA290S25	SES162	-1.4121	-7.07772	-5.66562
BLOCK29/SES290/SA290S25	SES177	-0.772619	-6.43824	-5.66562
BLOCK29/SES290/SA290S25	SES180	-1.58111	-7.24673	-5.66562
BLOCK29/SES290/SA290S25	SES292	-0.795065	-6.46069	-5.66562
BLOCK29/SES290/SA290S29	SES177	-0.731607	-3.2785	-2.54689
BLOCK29/SES290/SA290S29	SES180	-0.513265	-3.06016	-2.54689
BLOCK29/SES290/SA290S29	SES275	-0.416563	-2.96346	-2.54689
BLOCK29/SES290/SA290S29	SES292	-0.94823	-3.49512	-2.54689
BLOCK29/SES291/SA291S11	SES105	-1.0368	-8.09206	-7.05525
BLOCK29/SES291/SA291S11	SES125	-0.909606	-7.96486	-7.05525
BLOCK29/SES291/SA291S11	SES158	-1.28092	-8.33618	-7.05525
BLOCK29/SES291/SA291S11	SES275	-1.16733	-8.22258	-7.05525
BLOCK29/SES291/SA291S12	SES158	0.542374	-7.84944	-8.39182
BLOCK29/SES291/SA291S12	SES226	-2.21734	-10.6092	-8.39182
BLOCK29/SES291/SA291S12	SES270	-0.894505	-9.28632	-8.39182
BLOCK29/SES291/SA291S12	SES275	-3.1482	-11.54	-8.39182
BLOCK29/SES291/SA291S22	SES082	-0.893036	-6.38803	-5.49499
BLOCK29/SES291/SA291S22	SES158	-0.656044	-6.15104	-5.49499
BLOCK29/SES291/SA291S22	SES259	-0.914293	-6.40929	-5.49499
BLOCK29/SES291/SA291S22	SES275	-2.14251	-7.63751	-5.49499
BLOCK29/SES291/SA291S24	SES104	-0.537788	-7.11478	-6.57699
BLOCK29/SES291/SA291S24	SES125	-0.530779	-7.10777	-6.57699
BLOCK29/SES291/SA291S24	SES158	-0.184839	-6.76183	-6.57699
BLOCK29/SES291/SA291S24	SES275	-2.34789	-8.92488	-6.57699
BLOCK29/SES291/SA291S27	SES158	-0.78468	-5.14274	-4.35806
BLOCK29/SES291/SA291S27	SES172	-2.54752	-6.90558	-4.35806
BLOCK29/SES291/SA291S27	SES275	-1.81346	-6.17152	-4.35806
BLOCK29/SES291/SA291S27	SES292	-1.14496	-5.50302	-4.35806
