spk_ver/v00/v0000	SES146	0.804172	15.049	14.2448
spk_ver/v00/v0001	SES002	-7.24108	6.56899	13.8101
spk_ver/v00/v0002	SES002	-4.19413	9.38974	13.5839
spk_ver/v00/v0003	SES002	-9.18799	4.19622	13.3842
spk_ver/v00/v0004	SES002	-3.80562	9.98506	13.7907
spk_ver/v00/v0005	SES002	-3.85252	9.01124	12.8638
spk_ver/v00/v0006	SES002	-5.41404	10.4245	15.8386
spk_ver/v00/v0007	SES002	-4.05796	8.58153	12.6395
spk_ver/v00/v0008	SES146	0.841322	14.2908	13.4494
spk_ver/v00/v0009	SES002	-2.02152	14.0211	16.0426
spk_ver/v00/v0010	SES002	-5.41526	7.69531	13.1106
spk_ver/v00/v0011	SES002	-1.64875	10.2382	11.887
spk_ver/v00/v0012	SES002	-4.1655	12.7195	16.885
spk_ver/v00/v0013	SES002	-4.47316	11.4362	15.9093
spk_ver/v00/v0014	SES002	-1.1308	13.8424	14.9732
spk_ver/v00/v0015	SES002	-2.47486	12.703	15.1779
spk_ver/v00/v0016	SES275	0.285349	14.6543	14.3689
spk_ver/v00/v0017	SES002	-1.45943	13.5196	14.979
spk_ver/v00/v0018	SES002	-7.07912	6.69276	13.7719
spk_ver/v00/v0019	SES002	-2.79782	11.1817	13.9795
spk_ver/v00/v0020	SES002	-7.56146	5.66314	13.2246
spk_ver/v00/v0021	SES002	-4.50956	9.3203	13.8299
spk_ver/v00/v0022	SES002	-3.29464	11.3671	14.6617
spk_ver/v00/v0023	SES002	-6.84296	10.2779	17.1209
spk_ver/v00/v0024	SES002	-7.96641	5.93348	13.8999
spk_ver/v00/v0025	SES002	-4.86195	10.0574	14.9193
spk_ver/v00/v0026	SES002	-4.69303	10.2807	14.9738
spk_ver/v00/v0027	SES129	1.96486	16.1491	14.1843
spk_ver/v00/v0028	SES007	-2.42206	13.1683	15.5904
spk_ver/v00/v0029	SES083	0.175812	16.3281	16.1523
spk_ver/v00/v0030	SES019	2.80336	16.3477	13.5444
spk_ver/v00/v0031	SES007	-2.03424	12.6449	14.6791
spk_ver/v00/v0032	SES270	1.44304	15.4338	13.9908
spk_ver/v00/v0033	SES007	-2.44156	12.4337	14.8752
spk_ver/v00/v0034	SES007	-3.12319	10.5547	13.6779
spk_ver/v00/v0035	SES007	-1.69869	14.278	15.9767
spk_ver/v00/v0036	SES007	-3.40024	9.81563	13.2159
spk_ver/v00/v0037	SES007	-3.17955	11.4617	14.6412
spk_ver/v00/v0038	SES259	3.28844	18.5156	15.2272
spk_ver/v00/v0039	SES007	-2.99142	9.20169	12.1931
spk_ver/v00/v0040	SES007	-3.91006	12.4614	16.3715
spk_ver/v00/v0041	SES007	-1.90961	12.3602	14.2698
spk_ver/v00/v0042	SES007	-2.23491	9.85716	12.0921
spk_ver/v00/v0043	SES007	-1.19919	13.2024	14.4016
spk_ver/v00/v0044	SES007	-3.27796	13.5303	16.8082
spk_ver/v00/v0045	SES007	-1.91674	13.9784	15.8951
spk_ver/v00/v0046	SES007	-2.03719	13.1902	15.2274
spk_ver/v00/v0047	SES172	0.261819	15.6514	15.3896
spk_ver/v00/v0048	SES105	1.38078	15.9535	14.5727
spk_ver/v00/v0049	SES007	-1.88669	14.3846	16.2713
spk_ver/v00/v0050	SES292	-0.506552	15.001	15.5076
spk_ver/v00/v0051	SES007	-1.49278	13.0896	14.5823
spk_ver/v00/v0052	SES068	1.00208	17.2918	16.2897
spk_ver/v00/v0053	SES008	-1.71804	14.5488	16.2668
spk_ver/v00/v0054	SES008	-3.21064	10.2968	13.5075
spk_ver/v00/v0055	SES008	-2.52886	12.3027	14.8315
spk_ver/v00/v0056	SES008	-5.09597	9.00958	14.1055
spk_ver/v00/v0057	SES008	-3.98159	11.2386	15.2202
spk_ver/v00/v0058	SES083	0.532256	16.0734	15.5411
spk_ver/v00/v0059	SES158	2.34183	16.8341	14.4923
spk_ver/v00/v0060	SES008	-3.55839	11.314	14.8724
spk_ver/v00/v0061	SES101	-0.300021	15.2272	15.5272
spk_ver/v00/v0062	SES008	-3.85947	10.4274	14.2869
spk_ver/v00/v0063	SES008	-3.04439	12.2342	15.2786
spk_ver/v00/v0064	SES117	1.31999	14.9508	13.6308
spk_ver/v00/v0065	SES149	2.08246	18.1463	16.0639
spk_ver/v00/v0066	SES008	0.442334	16.2872	15.8448
spk_ver/v00/v0067	SES008	-3.17136	10.544	13.7154
spk_ver/v00/v0068	SES162	1.14556	14.8431	13.6976
spk_ver/v00/v0069	SES008	-6.20045	8.28766	14.4881
spk_ver/v00/v0070	SES008	-0.79713	14.7534	15.5505
spk_ver/v00/v0071	SES008	-3.62317	11.4517	15.0748
spk_ver/v00/v0072	SES008	-1.60576	15.4985	17.1042
spk_ver/v00/v0073	SES008	-2.60487	13.1917	15.7965
spk_ver/v00/v0074	SES008	-4.2386	10.317	14.5556
spk_ver/v00/v0075	SES008	-6.71118	6.55631	13.2675
spk_ver/v00/v0076	SES167	1.49047	16.8927	15.4022
spk_ver/v00/v0077	SES008	-2.20159	14.0423	16.2438
spk_ver/v00/v0078	SES177	0.795456	16.7709	15.9754
spk_ver/v00/v0079	SES008	-1.69668	12.3762	14.0729
spk_ver/v00/v0080	SES008	-3.18348	11.2906	14.4741
spk_ver/v00/v0081	SES008	-5.08315	7.68664	12.7698
spk_ver/v00/v0082	SES008	-2.91528	12.4465	15.3618
spk_ver/v00/v0083	SES008	-5.78196	6.66883	12.4508
spk_ver/v00/v0084	SES144	1.19987	16.3549	15.155
spk_ver/v00/v0085	SES008	-2.80307	11.8035	14.6066
spk_ver/v00/v0086	SES008	-3.24484	13.6464	16.8913
spk_ver/v00/v0087	SES008	-5.32348	9.12867	14.4522
spk_ver/v00/v0088	SES008	-2.2129	14.6449	16.8578
spk_ver/v00/v0089	SES008	-2.34486	10.7619	13.1068
spk_ver/v00/v0090	SES142	2.30255	15.3773	13.0748
spk_ver/v00/v0091	SES008	-5.19864	10.0148	15.2135
spk_ver/v00/v0092	SES158	1.43541	14.931	13.4956
spk_ver/v00/v0093	SES014	-2.55562	13.2825	15.8381
spk_ver/v00/v0094	SES014	-4.39367	7.21294	11.6066
spk_ver/v00/v0095	SES014	-1.2756	14.742	16.0176
spk_ver/v00/v0096	SES014	-9.28688	4.61765	13.9045
spk_ver/v00/v0097	SES014	-1.4942	11.6304	13.1246
spk_ver/v00/v0098	SES014	-1.93538	14.3497	16.285
spk_ver/v00/v0099	SES014	-3.76084	10.0492	13.8101
spk_ver/v01/v0100	SES127	0.276898	15.7522	15.4753
spk_ver/v01/v0101	SES014	-5.05875	8.26494	13.3237
spk_ver/v01/v0102	SES014	-5.76073	7.50658	13.2673
spk_ver/v01/v0103	SES014	-6.48488	7.48892	13.9738
spk_ver/v01/v0104	SES014	-6.92779	7.33915	14.2669
spk_ver/v01/v0105	SES014	-4.01955	7.83193	11.8515
spk_ver/v01/v0106	SES014	-3.84787	9.22391	13.0718
spk_ver/v01/v0107	SES014	-6.5971	9.15681	15.7539
spk_ver/v01/v0108	SES014	-7.17588	6.37866	13.5545
spk_ver/v01/v0109	SES014	-4.14001	8.68269	12.8227
spk_ver/v01/v0110	SES014	-3.75803	8.74995	12.508
spk_ver/v01/v0111	SES014	-1.5759	14.0596	15.6355
spk_ver/v01/v0112	SES014	-4.49905	11.2848	15.7839
spk_ver/v01/v0113	SES104	0.231698	15.1634	14.9317
spk_ver/v01/v0114	SES082	1.43301	17.2151	15.7821
spk_ver/v01/v0115	SES087	1.60615	16.384	14.7779
spk_ver/v01/v0116	SES014	-2.36899	11.8505	14.2195
spk_ver/v01/v0117	SES177	-0.0547609	15.0085	15.0633
spk_ver/v01/v0118	SES014	-4.51437	8.4173	12.9317
spk_ver/v01/v0119	SES014	-1.00624	13.9684	14.9747
spk_ver/v01/v0120	SES014	-7.81713	6.04556	13.8627
spk_ver/v01/v0121	SES146	0.0498438	15.2525	15.2026
spk_ver/v01/v0122	SES014	2.28864	18.6781	16.3894
spk_ver/v01/v0123	SES014	-3.1463	12.1179	15.2642
spk_ver/v01/v0124	SES014	-10.0394	5.28159	15.321
spk_ver/v01/v0125	SES014	-4.83534	10.0474	14.8828
spk_ver/v01/v0126	SES016	-2.9946	11.573	14.5676
spk_ver/v01/v0127	SES016	-2.83652	9.48401	12.3205
spk_ver/v01/v0128	SES106	2.48701	16.5609	14.0739
spk_ver/v01/v0129	SES016	-3.52047	11.6977	15.2182
spk_ver/v01/v0130	SES016	-2.89466	12.0344	14.929
spk_ver/v01/v0131	SES016	-4.90302	9.1655	14.0685
spk_ver/v01/v0132	SES016	-2.91019	12.141	15.0512
spk_ver/v01/v0133	SES016	-3.17218	12.3977	15.5699
spk_ver/v01/v0134	SES016	-2.68406	13.1513	15.8354
spk_ver/v01/v0135	SES016	-4.68845	10.5297	15.2181
spk_ver/v01/v0136	SES016	-4.21283	9.92958	14.1424
spk_ver/v01/v0137	SES007	0.399057	14.2561	13.8571
spk_ver/v01/v0138	SES016	-1.49355	13.8207	15.3142
spk_ver/v01/v0139	SES016	-1.83124	13.7088	15.54
spk_ver/v01/v0140	SES016	1.4951	17.5515	16.0564
spk_ver/v01/v0141	SES016	-6.74712	3.34631	10.0934
spk_ver/v01/v0142	SES016	-5.74424	8.59996	14.3442
spk_ver/v01/v0143	SES016	-4.69204	7.81112	12.5032
spk_ver/v01/v0144	SES016	-4.90609	10.978	15.8841
spk_ver/v01/v0145	SES016	-5.94789	6.96469	12.9126
spk_ver/v01/v0146	SES016	-1.68324	13.9435	15.6267
spk_ver/v01/v0147	SES016	-1.81749	13.7275	15.545
spk_ver/v01/v0148	SES127	0.639504	15.2912	14.6517
spk_ver/v01/v0149	SES016	-3.65838	11.164	14.8224
spk_ver/v01/v0150	SES016	-2.85839	12.8517	15.7101
spk_ver/v01/v0151	SES147	0.922451	14.1813	13.2588
spk_ver/v01/v0152	SES016	-1.74743	12.2473	13.9947
spk_ver/v01/v0153	SES104	1.69408	18.0382	16.3442
spk_ver/v01/v0154	SES016	-4.34774	9.90458	14.2523
spk_ver/v01/v0155	SES016	-2.83339	10.689	13.5224
spk_ver/v01/v0156	SES019	-0.674477	11.7548	12.4293
spk_ver/v01/v0157	SES019	-3.6911	13.1795	16.8706
spk_ver/v01/v0158	SES019	-0.657535	13.4356	14.0932
spk_ver/v01/v0159	SES007	-0.0674601	14.9058	14.9732
spk_ver/v01/v0160	SES019	-3.02803	12.8092	15.8372
spk_ver/v01/v0161	SES019	-3.82974	9.25512	13.0849
spk_ver/v01/v0162	SES019	-4.28259	12.5218	16.8044
spk_ver/v01/v0163	SES189	1.19174	15.1446	13.9529
spk_ver/v01/v0164	SES019	-3.0239	12.0292	15.0531
spk_ver/v01/v0165	SES019	-0.217283	11.3897	11.607
spk_ver/v01/v0166	SES019	-5.53842	10.679	16.2174
spk_ver/v01/v0167	SES019	-5.25723	8.65307	13.9103
spk_ver/v01/v0168	SES019	-2.15968	9.126	11.2857
spk_ver/v01/v0169	SES019	-4.29543	9.037	13.3324
spk_ver/v01/v0170	SES270	1.40217	15.0199	13.6178
spk_ver/v01/v0171	SES019	-2.06121	12.2268	14.288
spk_ver/v01/v0172	SES019	-4.81151	9.54069	14.3522
spk_ver/v01/v0173	SES206	1.63202	16.3438	14.7117
spk_ver/v01/v0174	SES019	-2.77711	10.427	13.2041
spk_ver/v01/v0175	SES014	2.18264	18.7122	16.5295
spk_ver/v01/v0176	SES019	-5.06786	10.7688	15.8366
spk_ver/v01/v0177	SES120	1.54578	15.1322	13.5865
spk_ver/v01/v0178	SES019	-2.2008	10.3239	12.5247
spk_ver/v01/v0179	SES019	-6.03378	11.3751	17.4088
spk_ver/v01/v0180	SES175	0.647145	15.2423	14.5951
spk_ver/v01/v0181	SES019	-4.91418	8.98305	13.8972
spk_ver/v01/v0182	SES019	-5.26114	11.404	16.6652
spk_ver/v01/v0183	SES029	-2.6605	12.8699	15.5304
spk_ver/v01/v0184	SES029	-5.81874	8.59356	14.4123
spk_ver/v01/v0185	SES029	-2.73376	13.3483	16.082
spk_ver/v01/v0186	SES068	1.48173	17.6793	16.1975
spk_ver/v01/v0187	SES029	-4.4823	9.94625	14.4285
spk_ver/v01/v0188	SES029	-2.95179	12.8911	15.8429
spk_ver/v01/v0189	SES149	2.59961	18.911	16.3114
spk_ver/v01/v0190	SES029	-3.30716	12.327	15.6341
spk_ver/v01/v0191	SES029	-3.27336	10.7298	14.0032
spk_ver/v01/v0192	SES183	1.52765	17.1278	15.6002
spk_ver/v01/v0193	SES029	-2.51882	12.6318	15.1507
spk_ver/v01/v0194	SES016	2.10664	17.849	15.7423
spk_ver/v01/v0195	SES029	-3.31464	11.9325	15.2471
spk_ver/v01/v0196	SES029	-1.77514	12.3527	14.1278
spk_ver/v01/v0197	SES029	-4.09671	11.6828	15.7795
spk_ver/v01/v0198	SES146	0.842323	14.7851	13.9428
spk_ver/v01/v0199	SES029	-4.01958	8.9989	13.0185
spk_ver/v02/v0200	SES029	-1.98161	13.168	15.1496
spk_ver/v02/v0201	SES068	1.2732	17.4048	16.1316
spk_ver/v02/v0202	SES148	2.12994	16.3228	14.1929
spk_ver/v02/v0203	SES029	-2.96586	12.1723	15.1382
spk_ver/v02/v0204	SES029	-1.29145	13.2128	14.5043
spk_ver/v02/v0205	SES060	0.380968	17.6276	17.2466
spk_ver/v02/v0206	SES127	1.99119	18.0547	16.0635
spk_ver/v02/v0207	SES029	-3.13299	10.9982	14.1311
spk_ver/v02/v0208	SES048	1.6487	15.5791	13.9304
spk_ver/v02/v0209	SES029	-1.93714	13.7131	15.6503
spk_ver/v02/v0210	SES029	-3.21545	10.9365	14.1519
spk_ver/v02/v0211	SES029	-3.22829	12.0796	15.3079
spk_ver/v02/v0212	SES042	-7.51141	5.95909	13.4705
spk_ver/v02/v0213	SES085	1.36745	15.9749	14.6075
spk_ver/v02/v0214	SES206	2.09961	17.6542	15.5546
spk_ver/v02/v0215	SES144	0.4682	15.3477	14.8795
spk_ver/v02/v0216	SES042	-2.70303	11.9414	14.6444
spk_ver/v02/v0217	SES042	-2.76817	6.04626	8.81443
spk_ver/v02/v0218	SES042	-2.17329	12.9845	15.1578
spk_ver/v02/v0219	SES206	1.31768	17.7281	16.4104
spk_ver/v02/v0220	SES019	4.5297	17.6099	13.0802
spk_ver/v02/v0221	SES007	0.367308	15.5236	15.1563
spk_ver/v02/v0222	SES042	-7.98671	5.92312	13.9098
spk_ver/v02/v0223	SES147	1.19067	14.4442	13.2535
spk_ver/v02/v0224	SES105	1.63926	15.9173	14.2781
spk_ver/v02/v0225	SES042	-1.79238	12.5751	14.3675
spk_ver/v02/v0226	SES275	0.988299	15.4891	14.5008
spk_ver/v02/v0227	SES042	-4.25427	9.14295	13.3972
spk_ver/v02/v0228	SES042	-5.2256	10.7566	15.9822
spk_ver/v02/v0229	SES042	-4.73852	11.3704	16.1089
spk_ver/v02/v0230	SES085	0.746586	17.8464	17.0998
spk_ver/v02/v0231	SES014	2.54008	19.3901	16.85
spk_ver/v02/v0232	SES042	-1.82115	13.3353	15.1564
spk_ver/v02/v0233	SES048	-4.285	10.9838	15.2688
spk_ver/v02/v0234	SES048	-3.81009	11.1919	15.002
spk_ver/v02/v0235	SES029	0.347543	16.3261	15.9786
spk_ver/v02/v0236	SES048	-3.21421	12.9982	16.2124
spk_ver/v02/v0237	SES048	-4.55111	9.36803	13.9191
spk_ver/v02/v0238	SES048	-2.55263	12.882	15.4346
spk_ver/v02/v0239	SES060	1.89664	17.9198	16.0232
spk_ver/v02/v0240	SES048	-4.30235	10.0832	14.3855
spk_ver/v02/v0241	SES048	-3.06373	12.2304	15.2941
spk_ver/v02/v0242	SES189	2.26786	15.6627	13.3948
spk_ver/v02/v0243	SES162	1.07021	15.5402	14.47
spk_ver/v02/v0244	SES048	-5.95421	9.71412	15.6683
spk_ver/v02/v0245	SES048	-4.55779	9.45839	14.0162
spk_ver/v02/v0246	SES048	-4.08134	11.1427	15.224
spk_ver/v02/v0247	SES048	-5.54984	6.98085	12.5307
spk_ver/v02/v0248	SES226	2.39056	16.4288	14.0382
spk_ver/v02/v0249	SES048	-2.21924	12.5142	14.7335
spk_ver/v02/v0250	SES048	-3.26015	10.9527	14.2129
spk_ver/v02/v0251	SES048	-4.99242	7.88439	12.8768
spk_ver/v02/v0252	SES060	-4.42233	9.28468	13.707
spk_ver/v02/v0253	SES060	-5.74734	8.43999	14.1873
spk_ver/v02/v0254	SES259	2.85305	18.1377	15.2847
spk_ver/v02/v0255	SES060	-4.9421	8.7573	13.6994
spk_ver/v02/v0256	SES202	0.909326	14.8893	13.9799
spk_ver/v02/v0257	SES148	1.11207	16.5329	15.4209
spk_ver/v02/v0258	SES060	-5.64008	5.06158	10.7017
spk_ver/v02/v0259	SES060	-2.13099	13.6407	15.7717
spk_ver/v02/v0260	SES060	-3.45089	12.2151	15.666
spk_ver/v02/v0261	SES099	2.71958	17.6975	14.9779
spk_ver/v02/v0262	SES060	-3.38669	11.3851	14.7718
spk_ver/v02/v0263	SES060	-3.19806	13.3842	16.5822
spk_ver/v02/v0264	SES292	0.344245	15.3994	15.0552
spk_ver/v02/v0265	SES060	-2.08011	12.7331	14.8132
spk_ver/v02/v0266	SES060	-6.08626	7.26734	13.3536
spk_ver/v02/v0267	SES060	-6.49272	6.69574	13.1885
spk_ver/v02/v0268	SES060	-7.00125	4.46362	11.4649
spk_ver/v02/v0269	SES127	1.28456	17.5517	16.2672
spk_ver/v02/v0270	SES060	-4.26772	10.1737	14.4415
spk_ver/v02/v0271	SES060	-1.41433	14.5856	15.9999
spk_ver/v02/v0272	SES060	-4.71754	7.53986	12.2574
spk_ver/v02/v0273	SES087	1.70217	16.577	14.8749
spk_ver/v02/v0274	SES146	0.407204	14.5728	14.1656
spk_ver/v02/v0275	SES060	-4.95086	8.49394	13.4448
spk_ver/v02/v0276	SES002	1.93426	16.4756	14.5413
spk_ver/v02/v0277	SES060	-2.48302	12.9756	15.4587
spk_ver/v02/v0278	SES060	-4.8538	8.67398	13.5278
spk_ver/v02/v0279	SES060	-5.37547	9.58425	14.9597
spk_ver/v02/v0280	SES129	2.46834	17.0178	14.5494
spk_ver/v02/v0281	SES162	1.30269	15.7271	14.4245
spk_ver/v02/v0282	SES060	-3.29855	10.91	14.2085
spk_ver/v02/v0283	SES060	-3.79095	12.3519	16.1428
spk_ver/v02/v0284	SES062	-4.58958	7.6824	12.272
spk_ver/v02/v0285	SES062	-5.94529	8.39016	14.3355
spk_ver/v02/v0286	SES120	0.26386	13.586	13.3221
spk_ver/v02/v0287	SES062	-3.81625	9.81613	13.6324
spk_ver/v02/v0288	SES062	-4.08221	10.0369	14.1191
spk_ver/v02/v0289	SES062	-3.87561	11.8352	15.7108
spk_ver/v02/v0290	SES062	-2.15943	13.2768	15.4362
spk_ver/v02/v0291	SES275	0.733428	15.2328	14.4994
spk_ver/v02/v0292	SES062	-2.55931	12.0001	14.5594
spk_ver/v02/v0293	SES062	-4.59767	10.1718	14.7694
spk_ver/v02/v0294	SES062	-4.54777	10.4011	14.9488
spk_ver/v02/v0295	SES062	-2.27436	12.323	14.5973
spk_ver/v02/v0296	SES062	-3.6941	10.902	14.5961
spk_ver/v02/v0297	SES062	-5.02616	9.29326	14.3194
spk_ver/v02/v0298	SES062	-2.83879	11.0452	13.884
spk_ver/v02/v0299	SES062	-2.29161	12.9337	15.2253
spk_ver/v03/v0300	SES062	-3.68723	10.0956	13.7829
spk_ver/v03/v0301	SES062	-1.91318	13.7167	15.6298
spk_ver/v03/v0302	SES172	0.609123	17.5503	16.9412
spk_ver/v03/v0303	SES062	-1.99555	13.164	15.1595
spk_ver/v03/v0304	SES062	-3.51676	10.6945	14.2113
spk_ver/v03/v0305	SES062	-3.07551	11.437	14.5125
spk_ver/v03/v0306	SES062	-3.80871	9.1841	12.9928
spk_ver/v03/v0307	SES062	-2.69812	12.2819	14.98
spk_ver/v03/v0308	SES062	-2.78231	11.5745	14.3568
spk_ver/v03/v0309	SES062	-2.7731	8.82871	11.6018
spk_ver/v03/v0310	SES125	1.63686	18.1512	16.5143
spk_ver/v03/v0311	SES062	-1.86319	13.1881	15.0513
spk_ver/v03/v0312	SES062	-5.65701	7.92889	13.5859
spk_ver/v03/v0313	SES062	-2.50212	12.1384	14.6406
spk_ver/v03/v0314	SES068	-2.81087	12.011	14.8218
spk_ver/v03/v0315	SES068	-2.5431	12.8623	15.4054
spk_ver/v03/v0316	SES068	-2.91822	10.7409	13.6592
spk_ver/v03/v0317	SES068	-1.73505	11.6654	13.4005
spk_ver/v03/v0318	SES068	-3.41075	12.7838	16.1945
spk_ver/v03/v0319	SES068	-6.22682	6.36413	12.591
spk_ver/v03/v0320	SES068	-1.03852	14.2381	15.2766
spk_ver/v03/v0321	SES068	-1.83115	12.5746	14.4057
spk_ver/v03/v0322	SES068	-1.78749	12.2117	13.9991
spk_ver/v03/v0323	SES068	-2.08257	13.29	15.3726
spk_ver/v03/v0324	SES144	0.53712	13.2124	12.6753
spk_ver/v03/v0325	SES068	-2.58285	13.5214	16.1042
spk_ver/v03/v0326	SES068	-0.581491	15.2852	15.8667
spk_ver/v03/v0327	SES068	-2.11458	13.5048	15.6194
spk_ver/v03/v0328	SES068	-4.43709	9.49937	13.9365
spk_ver/v03/v0329	SES068	-3.17524	12.5698	15.745
spk_ver/v03/v0330	SES180	0.653758	15.1153	14.4616
spk_ver/v03/v0331	SES068	-0.986287	14.1102	15.0965
spk_ver/v03/v0332	SES275	1.55294	16.473	14.9201
spk_ver/v03/v0333	SES062	1.5968	18.8501	17.2533
spk_ver/v03/v0334	SES270	1.65399	14.8685	13.2145
spk_ver/v03/v0335	SES068	-6.20696	5.98128	12.1882
spk_ver/v03/v0336	SES068	-1.7013	15.4836	17.1849
spk_ver/v03/v0337	SES068	-2.38693	11.9231	14.31
spk_ver/v03/v0338	SES068	-2.7068	10.5339	13.2407
spk_ver/v03/v0339	SES068	-1.3095	13.6523	14.9619
spk_ver/v03/v0340	SES068	-2.30071	11.312	13.6127
spk_ver/v03/v0341	SES016	1.29084	18.0744	16.7836
spk_ver/v03/v0342	SES068	-2.9292	10.8952	13.8244
spk_ver/v03/v0343	SES068	-2.58366	11.8001	14.3838
spk_ver/v03/v0344	SES125	1.44226	16.4226	14.9803
spk_ver/v03/v0345	SES187	0.586873	15.742	15.1552
spk_ver/v03/v0346	SES068	-3.51104	12.2849	15.796
spk_ver/v03/v0347	SES143	0.930676	14.8019	13.8712
spk_ver/v03/v0348	SES292	1.00069	16.1057	15.105
spk_ver/v03/v0349	SES082	-5.39814	10.5819	15.98
spk_ver/v03/v0350	SES101	0.68697	16.9199	16.2329
spk_ver/v03/v0351	SES082	-0.746822	13.4708	14.2176
spk_ver/v03/v0352	SES082	-1.15462	11.6055	12.7601
spk_ver/v03/v0353	SES082	-3.5925	11.4966	15.0891
spk_ver/v03/v0354	SES082	-7.28079	5.73924	13.02
spk_ver/v03/v0355	SES083	0.576111	17.3748	16.7987
spk_ver/v03/v0356	SES082	-2.36565	11.3056	13.6713
spk_ver/v03/v0357	SES082	-4.42893	9.79013	14.2191
spk_ver/v03/v0358	SES082	-1.74434	12.8335	14.5778
spk_ver/v03/v0359	SES117	0.797224	12.8751	12.0779
spk_ver/v03/v0360	SES082	-5.94428	10.0142	15.9585
spk_ver/v03/v0361	SES082	-2.24069	12.2372	14.4779
spk_ver/v03/v0362	SES007	1.03207	15.7769	14.7449
spk_ver/v03/v0363	SES082	-2.9733	11.8916	14.8649
spk_ver/v03/v0364	SES019	3.1112	16.8528	13.7416
spk_ver/v03/v0365	SES082	-0.824932	12.9399	13.7648
spk_ver/v03/v0366	SES226	2.37517	16.9424	14.5673
spk_ver/v03/v0367	SES167	1.08889	17.3205	16.2316
spk_ver/v03/v0368	SES082	-3.01038	12.7759	15.7862
spk_ver/v03/v0369	SES042	3.43774	19.8909	16.4532
spk_ver/v03/v0370	SES042	2.7844	18.5858	15.8014
spk_ver/v03/v0371	SES082	-5.01104	9.978	14.989
spk_ver/v03/v0372	SES082	-1.70995	13.6952	15.4051
spk_ver/v03/v0373	SES082	-5.52771	9.68159	15.2093
spk_ver/v03/v0374	SES083	-1.75803	15.4712	17.2293
spk_ver/v03/v0375	SES292	0.0728388	15.354	15.2811
spk_ver/v03/v0376	SES083	-3.04119	12.4093	15.4505
spk_ver/v03/v0377	SES083	-3.79904	9.78207	13.5811
spk_ver/v03/v0378	SES083	-1.01257	13.1622	14.1747
spk_ver/v03/v0379	SES083	-1.35704	13.1402	14.4973
spk_ver/v03/v0380	SES083	-3.39019	11.1846	14.5748
spk_ver/v03/v0381	SES083	-3.58764	11.806	15.3937
spk_ver/v03/v0382	SES148	0.364109	16.426	16.0619
spk_ver/v03/v0383	SES083	-1.83974	13.714	15.5537
spk_ver/v03/v0384	SES226	2.14331	16.4948	14.3515
spk_ver/v03/v0385	SES226	2.42948	17.3844	14.9549
spk_ver/v03/v0386	SES087	1.60117	16.1124	14.5112
spk_ver/v03/v0387	SES029	1.24736	16.4303	15.1829
spk_ver/v03/v0388	SES147	0.977762	15.5001	14.5224
spk_ver/v03/v0389	SES083	-3.92607	8.60992	12.536
spk_ver/v03/v0390	SES189	1.92495	16.1872	14.2623
spk_ver/v03/v0391	SES083	-1.66955	13.5957	15.2652
spk_ver/v03/v0392	SES083	-0.568041	16.1844	16.7524
spk_ver/v03/v0393	SES083	-3.43486	11.7755	15.2103
spk_ver/v03/v0394	SES083	-2.74485	10.8772	13.622
spk_ver/v03/v0395	SES083	-1.72171	13.9002	15.6219
spk_ver/v03/v0396	SES014	3.00452	20.1689	17.1644
spk_ver/v03/v0397	SES085	-0.636467	16.7083	17.3448
spk_ver/v03/v0398	SES085	-1.6051	14.9244	16.5295
spk_ver/v03/v0399	SES085	-2.30849	12.6118	14.9203
spk_ver/v04/v0400	SES106	1.93489	16.958	15.0231
spk_ver/v04/v0401	SES085	-3.73821	10.3069	14.0452
spk_ver/v04/v0402	SES085	-7.74669	4.79686	12.5436
spk_ver/v04/v0403	SES085	-0.328199	15.5263	15.8545
spk_ver/v04/v0404	SES180	1.13377	16.0609	14.9271
spk_ver/v04/v0405	SES129	1.56246	17.3407	15.7782
spk_ver/v04/v0406	SES085	-4.46002	9.75787	14.2179
spk_ver/v04/v0407	SES146	-0.0719442	13.627	13.6989
spk_ver/v04/v0408	SES085	-1.00125	15.0598	16.061
spk_ver/v04/v0409	SES085	-3.01531	10.6194	13.6348
spk_ver/v04/v0410	SES085	-2.97906	12.3276	15.3067
spk_ver/v04/v0411	SES292	0.656585	15.164	14.5074
spk_ver/v04/v0412	SES085	-1.58654	14.7582	16.3448
spk_ver/v04/v0413	SES125	1.70273	17.287	15.5843
spk_ver/v04/v0414	SES085	-2.38317	10.9668	13.35
spk_ver/v04/v0415	SES085	-1.83037	14.3138	16.1442
spk_ver/v04/v0416	SES085	-1.20647	13.9805	15.187
spk_ver/v04/v0417	SES062	1.3395	18.6905	17.351
spk_ver/v04/v0418	SES060	1.88484	17.7532	15.8684
spk_ver/v04/v0419	SES085	-1.43251	14.4054	15.8379
spk_ver/v04/v0420	SES085	-4.74443	9.7247	14.4691
spk_ver/v04/v0421	SES085	-5.05039	7.23305	12.2834
spk_ver/v04/v0422	SES085	-1.71982	11.3537	13.0735
spk_ver/v04/v0423	SES085	-3.6493	10.32	13.9693
spk_ver/v04/v0424	SES085	-3.2348	8.51762	11.7524
spk_ver/v04/v0425	SES183	0.677507	15.3904	14.7129
spk_ver/v04/v0426	SES085	-3.23493	10.3029	13.5378
spk_ver/v04/v0427	SES087	-2.59221	10.9214	13.5136
spk_ver/v04/v0428	SES162	0.660047	15.7399	15.0799
spk_ver/v04/v0429	SES087	-1.27219	13.7716	15.0438
spk_ver/v04/v0430	SES087	-4.97053	9.99564	14.9662
spk_ver/v04/v0431	SES087	-4.34968	9.9285	14.2782
spk_ver/v04/v0432	SES087	-3.37954	10.4194	13.799
spk_ver/v04/v0433	SES087	-3.85951	11.8339	15.6935
spk_ver/v04/v0434	SES142	2.64906	16.7422	14.0932
spk_ver/v04/v0435	SES087	-4.12486	10.3343	14.4591
spk_ver/v04/v0436	SES099	1.90841	17.2456	15.3372
spk_ver/v04/v0437	SES087	-1.18458	15.0948	16.2793
spk_ver/v04/v0438	SES087	-5.58067	9.75184	15.3325
spk_ver/v04/v0439	SES087	-2.02632	13.5665	15.5928
spk_ver/v04/v0440	SES087	-2.87186	13.1301	16.0019
spk_ver/v04/v0441	SES087	-5.25356	9.63632	14.8899
spk_ver/v04/v0442	SES187	1.68852	15.7224	14.0339
spk_ver/v04/v0443	SES172	1.66245	17.1903	15.5279
spk_ver/v04/v0444	SES087	-2.81204	11.528	14.3401
spk_ver/v04/v0445	SES087	-2.96887	12.1207	15.0896
spk_ver/v04/v0446	SES087	-0.733033	14.2844	15.0174
spk_ver/v04/v0447	SES087	-1.15634	13.898	15.0544
spk_ver/v04/v0448	SES106	2.35852	15.1871	12.8286
spk_ver/v04/v0449	SES146	0.933871	14.8752	13.9413
spk_ver/v04/v0450	SES087	-4.60413	9.99171	14.5958
spk_ver/v04/v0451	SES087	-2.15644	12.3391	14.4956
spk_ver/v04/v0452	SES007	1.17962	15.4764	14.2968
spk_ver/v04/v0453	SES087	-2.76478	10.954	13.7187
spk_ver/v04/v0454	SES087	-6.41643	8.23027	14.6467
spk_ver/v04/v0455	SES180	0.601127	15.5253	14.9242
spk_ver/v04/v0456	SES099	-5.3662	9.5718	14.938
spk_ver/v04/v0457	SES042	2.21078	18.3079	16.0971
spk_ver/v04/v0458	SES099	-0.697441	13.3641	14.0616
spk_ver/v04/v0459	SES099	-5.02412	10.403	15.4271
spk_ver/v04/v0460	SES099	-4.62098	8.66942	13.2904
spk_ver/v04/v0461	SES099	-2.66509	12.7065	15.3715
spk_ver/v04/v0462	SES082	2.5244	18.1344	15.61
spk_ver/v04/v0463	SES099	-0.707196	13.9931	14.7003
spk_ver/v04/v0464	SES099	0.209879	15.6055	15.3956
spk_ver/v04/v0465	SES099	-5.96523	8.97869	14.9439
spk_ver/v04/v0466	SES099	-1.10797	13.6494	14.7574
spk_ver/v04/v0467	SES099	0.35408	14.457	14.1029
spk_ver/v04/v0468	SES129	2.30173	17.4075	15.1058
spk_ver/v04/v0469	SES101	0.118157	15.651	15.5328
spk_ver/v04/v0470	SES099	-5.31745	8.66028	13.9777
spk_ver/v04/v0471	SES172	1.26415	16.5208	15.2567
spk_ver/v04/v0472	SES099	-0.345413	14.1667	14.5121
spk_ver/v04/v0473	SES270	3.66895	17.0954	13.4264
spk_ver/v04/v0474	SES099	-5.29498	11.0004	16.2954
spk_ver/v04/v0475	SES099	-2.8282	13.6127	16.4409
spk_ver/v04/v0476	SES099	-3.75664	7.98374	11.7404
spk_ver/v04/v0477	SES002	2.12866	17.6705	15.5418
spk_ver/v04/v0478	SES099	-0.0958014	14.2074	14.3033
spk_ver/v04/v0479	SES007	-0.23764	14.398	14.6356
spk_ver/v04/v0480	SES101	-5.60252	9.81768	15.4202
spk_ver/v04/v0481	SES101	-3.05462	9.98394	13.0386
spk_ver/v04/v0482	SES175	0.27474	15.1806	14.9058
spk_ver/v04/v0483	SES101	-3.89822	10.3742	14.2725
spk_ver/v04/v0484	SES101	-5.02306	11.883	16.906
spk_ver/v04/v0485	SES101	-1.76408	12.0155	13.7796
spk_ver/v04/v0486	SES101	-2.17742	10.7873	12.9648
spk_ver/v04/v0487	SES101	-1.07607	13.9142	14.9903
spk_ver/v04/v0488	SES101	-6.11008	7.23602	13.3461
spk_ver/v04/v0489	SES147	1.24509	13.6897	12.4446
spk_ver/v04/v0490	SES085	-0.678938	13.9155	14.5944
spk_ver/v04/v0491	SES101	-2.99932	10.7296	13.7289
spk_ver/v04/v0492	SES101	-5.07533	6.64535	11.7207
spk_ver/v04/v0493	SES101	-3.20725	12.7082	15.9154
spk_ver/v04/v0494	SES101	-2.65582	11.058	13.7138
spk_ver/v04/v0495	SES101	-1.8198	15.1939	17.0137
spk_ver/v04/v0496	SES101	-2.19504	14.0391	16.2342
spk_ver/v04/v0497	SES014	2.91516	19.9127	16.9975
spk_ver/v04/v0498	SES101	-3.32009	11.3194	14.6395
spk_ver/v04/v0499	SES101	-2.9747	12.8436	15.8183
spk_ver/v05/v0500	SES085	0.629114	17.7845	17.1554
spk_ver/v05/v0501	SES101	-5.08257	9.93626	15.0188
spk_ver/v05/v0502	SES275	0.72692	15.2828	14.5559
spk_ver/v05/v0503	SES117	0.747058	14.3338	13.5867
spk_ver/v05/v0504	SES101	-4.26928	9.71102	13.9803
spk_ver/v05/v0505	SES101	-2.85042	12.3671	15.2176
spk_ver/v05/v0506	SES101	-1.72848	13.2915	15.0199
spk_ver/v05/v0507	SES048	0.893728	17.456	16.5622
spk_ver/v05/v0508	SES117	0.28918	13.4118	13.1226
spk_ver/v05/v0509	SES202	1.66113	15.9629	14.3017
spk_ver/v05/v0510	SES104	-2.37923	9.72256	12.1018
spk_ver/v05/v0511	SES008	1.33704	15.4634	14.1264
spk_ver/v05/v0512	SES104	-0.654941	12.0122	12.6672
spk_ver/v05/v0513	SES104	-3.00306	12.1431	15.1462
spk_ver/v05/v0514	SES104	-4.89242	11.2884	16.1808
spk_ver/v05/v0515	SES104	-6.9964	8.76081	15.7572
spk_ver/v05/v0516	SES104	-3.17956	8.83794	12.0175
spk_ver/v05/v0517	SES060	0.666121	18.6268	17.9607
spk_ver/v05/v0518	SES104	-5.59241	8.25085	13.8433
spk_ver/v05/v0519	SES104	-6.74852	6.36434	13.1129
spk_ver/v05/v0520	SES104	-0.684718	15.6992	16.3839
spk_ver/v05/v0521	SES008	0.952635	17.6272	16.6746
spk_ver/v05/v0522	SES068	1.57202	17.1784	15.6064
spk_ver/v05/v0523	SES087	1.83721	17.5668	15.7296
spk_ver/v05/v0524	SES104	-1.23387	12.8342	14.0681
spk_ver/v05/v0525	SES104	-0.973355	13.3767	14.3501
spk_ver/v05/v0526	SES104	-1.39386	13.5186	14.9125
spk_ver/v05/v0527	SES083	0.974333	16.0739	15.0996
spk_ver/v05/v0528	SES148	1.44022	16.084	14.6438
spk_ver/v05/v0529	SES104	-3.03204	11.005	14.0371
spk_ver/v05/v0530	SES104	-5.53978	9.60035	15.1401
spk_ver/v05/v0531	SES125	1.63593	16.6702	15.0343
spk_ver/v05/v0532	SES104	-6.46507	6.93579	13.4009
spk_ver/v05/v0533	SES149	2.29265	19.4784	17.1857
spk_ver/v05/v0534	SES104	-4.61348	10.9137	15.5272
spk_ver/v05/v0535	SES187	1.04294	14.5383	13.4953
spk_ver/v05/v0536	SES104	-1.98617	12.4364	14.4225
spk_ver/v05/v0537	SES104	-2.27376	11.1494	13.4232
spk_ver/v05/v0538	SES167	1.43823	16.5239	15.0856
spk_ver/v05/v0539	SES104	-1.44721	10.099	11.5462
spk_ver/v05/v0540	SES104	-6.38043	11.1479	17.5284
spk_ver/v05/v0541	SES183	1.38452	14.298	12.9135
spk_ver/v05/v0542	SES104	-1.29888	12.3273	13.6262
spk_ver/v05/v0543	SES104	-6.17053	9.73238	15.9029
spk_ver/v05/v0544	SES105	-3.87809	10.852	14.7301
spk_ver/v05/v0545	SES105	-2.91196	11.4336	14.3456
spk_ver/v05/v0546	SES105	-3.02977	10.9853	14.015
spk_ver/v05/v0547	SES105	-3.52617	10.3808	13.907
spk_ver/v05/v0548	SES019	3.55524	16.7102	13.155
spk_ver/v05/v0549	SES105	-2.43711	12.8249	15.2621
spk_ver/v05/v0550	SES105	-2.28275	10.5854	12.8682
spk_ver/v05/v0551	SES202	2.12326	14.5973	12.474
spk_ver/v05/v0552	SES105	-4.2042	10.6532	14.8574
spk_ver/v05/v0553	SES105	-1.66263	13.8755	15.5382
spk_ver/v05/v0554	SES105	-1.93281	13.8472	15.78
spk_ver/v05/v0555	SES105	-2.87611	10.6197	13.4958
spk_ver/v05/v0556	SES082	0.987098	16.5151	15.528
spk_ver/v05/v0557	SES105	-3.81564	11.7213	15.537
spk_ver/v05/v0558	SES014	1.76582	17.3063	15.5405
spk_ver/v05/v0559	SES105	-2.59497	12.8862	15.4812
spk_ver/v05/v0560	SES177	0.0956841	15.464	15.3683
spk_ver/v05/v0561	SES189	2.77875	11.4587	8.67994
spk_ver/v05/v0562	SES105	-3.35857	10.0733	13.4319
spk_ver/v05/v0563	SES099	2.33056	14.8874	12.5569
spk_ver/v05/v0564	SES105	-2.61908	13.494	16.1131
spk_ver/v05/v0565	SES105	-3.51076	10.4805	13.9913
spk_ver/v05/v0566	SES105	-3.38272	10.279	13.6617
spk_ver/v05/v0567	SES142	1.72372	15.5306	13.8069
spk_ver/v05/v0568	SES048	0.400613	15.1845	14.7839
spk_ver/v05/v0569	SES105	-3.59334	11.5012	15.0945
spk_ver/v05/v0570	SES105	-1.78178	13.6256	15.4074
spk_ver/v05/v0571	SES105	-3.07366	10.9766	14.0502
spk_ver/v05/v0572	SES105	-3.93059	8.17948	12.1101
spk_ver/v05/v0573	SES105	-3.88298	9.26084	13.1438
spk_ver/v05/v0574	SES105	-1.2029	14.2222	15.4251
spk_ver/v05/v0575	SES105	-1.29943	13.1956	14.495
spk_ver/v05/v0576	SES106	-5.31711	8.28488	13.602
spk_ver/v05/v0577	SES106	-5.68536	8.66491	14.3503
spk_ver/v05/v0578	SES106	-5.61002	10.2338	15.8438
spk_ver/v05/v0579	SES106	-5.69201	9.31651	15.0085
spk_ver/v05/v0580	SES106	-2.50468	13.6819	16.1866
spk_ver/v05/v0581	SES106	-6.79458	8.3118	15.1064
spk_ver/v05/v0582	SES106	-1.7806	11.5349	13.3154
spk_ver/v05/v0583	SES106	-0.890742	14.5943	15.485
spk_ver/v05/v0584	SES106	-5.03528	8.66663	13.7019
spk_ver/v05/v0585	SES106	0.856699	12.2069	11.3502
spk_ver/v05/v0586	SES106	-4.81064	9.49864	14.3093
spk_ver/v05/v0587	SES106	-3.84381	9.28793	13.1317
spk_ver/v05/v0588	SES106	-5.14355	10.5982	15.7418
spk_ver/v05/v0589	SES106	-6.4464	10.0471	16.4935
spk_ver/v05/v0590	SES082	0.910047	15.1619	14.2518
spk_ver/v05/v0591	SES180	0.606848	15.5091	14.9022
spk_ver/v05/v0592	SES106	-2.04704	11.9741	14.0211
spk_ver/v05/v0593	SES106	-5.92216	7.98293	13.9051
spk_ver/v05/v0594	SES292	0.761081	16.0543	15.2932
spk_ver/v05/v0595	SES106	-1.29852	12.7259	14.0244
spk_ver/v05/v0596	SES106	-6.18688	8.65063	14.8375
spk_ver/v05/v0597	SES106	-6.57212	8.11254	14.6847
spk_ver/v05/v0598	SES042	1.78357	17.6501	15.8665
spk_ver/v05/v0599	SES106	-6.01785	7.72776	13.7456
spk_ver/v06/v0600	SES106	-0.108005	12.3753	12.4833
spk_ver/v06/v0601	SES106	-2.23298	11.6873	13.9202
spk_ver/v06/v0602	SES106	-3.75962	11.4031	15.1627
spk_ver/v06/v0603	SES106	-4.61813	9.51009	14.1282
spk_ver/v06/v0604	SES106	-4.29411	10.5341	14.8282
spk_ver/v06/v0605	SES106	-6.02258	7.32082	13.3434
spk_ver/v06/v0606	SES048	1.8758	17.9213	16.0455
spk_ver/v06/v0607	SES167	2.43956	18.8222	16.3827
spk_ver/v06/v0608	SES106	-5.34811	9.91009	15.2582
spk_ver/v06/v0609	SES143	0.737352	15.5635	14.8261
spk_ver/v06/v0610	SES106	-9.32311	3.59616	12.9193
spk_ver/v06/v0611	SES106	-4.20604	10.2868	14.4928
spk_ver/v06/v0612	SES106	-6.7719	6.74897	13.5209
spk_ver/v06/v0613	SES117	-1.30611	14.7589	16.065
spk_ver/v06/v0614	SES117	-3.38743	11.4909	14.8784
spk_ver/v06/v0615	SES117	-1.84481	12.7355	14.5803
spk_ver/v06/v0616	SES106	2.49494	18.794	16.299
spk_ver/v06/v0617	SES142	2.02813	14.3376	12.3095
spk_ver/v06/v0618	SES048	1.83602	17.9943	16.1583
spk_ver/v06/v0619	SES175	0.670201	15.2212	14.551
spk_ver/v06/v0620	SES180	0.675177	16.8702	16.195
spk_ver/v06/v0621	SES117	-1.00275	11.7996	12.8024
spk_ver/v06/v0622	SES029	0.309101	15.6729	15.3638
spk_ver/v06/v0623	SES117	-2.22323	12.9476	15.1708
spk_ver/v06/v0624	SES117	-3.26977	10.5109	13.7806
spk_ver/v06/v0625	SES117	-1.98132	10.9747	12.9561
spk_ver/v06/v0626	SES106	1.92283	16.4947	14.5719
spk_ver/v06/v0627	SES226	2.95815	18.0333	15.0752
spk_ver/v06/v0628	SES117	-1.36782	13.8775	15.2453
spk_ver/v06/v0629	SES117	-2.74273	14.0348	16.7775
spk_ver/v06/v0630	SES117	-3.62354	11.1312	14.7547
spk_ver/v06/v0631	SES117	-3.49708	8.59013	12.0872
spk_ver/v06/v0632	SES117	-1.66766	14.2297	15.8974
spk_ver/v06/v0633	SES099	2.81713	16.9365	14.1194
spk_ver/v06/v0634	SES105	2.44156	16.8895	14.4479
spk_ver/v06/v0635	SES167	0.423149	15.69	15.2668
spk_ver/v06/v0636	SES117	-1.1761	13.9864	15.1624
spk_ver/v06/v0637	SES202	1.52768	15.1445	13.6169
spk_ver/v06/v0638	SES117	-2.75801	12.6935	15.4516
spk_ver/v06/v0639	SES167	1.21397	15.3142	14.1003
spk_ver/v06/v0640	SES117	-1.85468	13.5804	15.4351
spk_ver/v06/v0641	SES117	-3.24574	11.5415	14.7872
spk_ver/v06/v0642	SES101	0.734039	16.9219	16.1879
spk_ver/v06/v0643	SES068	1.16248	16.9054	15.7429
spk_ver/v06/v0644	SES120	-2.65869	10.3921	13.0508
spk_ver/v06/v0645	SES120	-1.68886	12.3934	14.0823
spk_ver/v06/v0646	SES172	0.756623	15.4387	14.682
spk_ver/v06/v0647	SES120	-3.59516	12.5666	16.1617
spk_ver/v06/v0648	SES120	-0.735978	15.2536	15.9895
spk_ver/v06/v0649	SES120	-2.19246	10.1878	12.3803
spk_ver/v06/v0650	SES087	1.87954	16.8875	15.0079
spk_ver/v06/v0651	SES120	-1.74704	12.3363	14.0833
spk_ver/v06/v0652	SES104	0.878036	14.2282	13.3501
spk_ver/v06/v0653	SES129	1.75025	17.5646	15.8144
spk_ver/v06/v0654	SES120	-3.48878	11.1079	14.5967
spk_ver/v06/v0655	SES120	-1.08861	11.6427	12.7313
spk_ver/v06/v0656	SES120	-2.02404	13.2099	15.2339
spk_ver/v06/v0657	SES147	0.366853	13.9259	13.559
spk_ver/v06/v0658	SES120	-2.08518	11.9482	14.0334
spk_ver/v06/v0659	SES120	-2.33306	13.1308	15.4639
spk_ver/v06/v0660	SES120	-1.33544	14.1116	15.4471
spk_ver/v06/v0661	SES120	-2.06756	10.7117	12.7793
spk_ver/v06/v0662	SES120	-2.21725	14.099	16.3163
spk_ver/v06/v0663	SES120	-1.76174	10.8462	12.6079
spk_ver/v06/v0664	SES147	1.05194	15.672	14.62
spk_ver/v06/v0665	SES162	1.23651	16.0785	14.842
spk_ver/v06/v0666	SES120	-2.17515	13.2195	15.3947
spk_ver/v06/v0667	SES120	-0.488645	14.3175	14.8062
spk_ver/v06/v0668	SES120	0.76716	15.8539	15.0867
spk_ver/v06/v0669	SES142	2.34215	16.8979	14.5558
spk_ver/v06/v0670	SES106	2.88721	17.7673	14.8801
spk_ver/v06/v0671	SES183	2.15778	15.474	13.3162
spk_ver/v06/v0672	SES120	-1.06969	12.538	13.6077
spk_ver/v06/v0673	SES029	0.107018	15.305	15.198
spk_ver/v06/v0674	SES120	-1.35492	12.8053	14.1602
spk_ver/v06/v0675	SES008	1.73679	17.5433	15.8065
spk_ver/v06/v0676	SES125	-4.20389	8.13726	12.3411
spk_ver/v06/v0677	SES143	0.788331	14.7062	13.9178
spk_ver/v06/v0678	SES125	-5.51688	7.55808	13.075
spk_ver/v06/v0679	SES162	0.53043	15.2136	14.6832
spk_ver/v06/v0680	SES125	-3.0034	12.0241	15.0275
spk_ver/v06/v0681	SES125	-2.41983	11.5091	13.9289
spk_ver/v06/v0682	SES125	-5.9993	10.7677	16.767
spk_ver/v06/v0683	SES226	1.71269	16.5321	14.8195
spk_ver/v06/v0684	SES125	-3.71164	10.1143	13.826
spk_ver/v06/v0685	SES125	-5.84853	8.5036	14.3521
spk_ver/v06/v0686	SES120	0.969622	16.845	15.8754
spk_ver/v06/v0687	SES125	-4.43729	7.01025	11.4475
spk_ver/v06/v0688	SES158	2.41113	16.184	13.7728
spk_ver/v06/v0689	SES125	-6.89075	8.09207	14.9828
spk_ver/v06/v0690	SES105	1.73868	16.144	14.4053
spk_ver/v06/v0691	SES125	-1.40017	12.3799	13.78
spk_ver/v06/v0692	SES125	-2.74479	12.1024	14.8472
spk_ver/v06/v0693	SES180	1.73108	17.0359	15.3049
spk_ver/v06/v0694	SES125	-6.85277	8.25362	15.1064
spk_ver/v06/v0695	SES125	-3.93204	12.0842	16.0162
spk_ver/v06/v0696	SES125	-7.21615	8.79247	16.0086
spk_ver/v06/v0697	SES125	-5.96703	7.15083	13.1179
spk_ver/v06/v0698	SES083	0.80938	17.2784	16.469
spk_ver/v06/v0699	SES125	-4.13716	10.8325	14.9696
spk_ver/v07/v0700	SES014	2.36403	18.4701	16.1061
spk_ver/v07/v0701	SES125	-5.08612	11.6243	16.7104
spk_ver/v07/v0702	SES127	-1.78722	13.7666	15.5538
spk_ver/v07/v0703	SES127	-1.15035	12.2051	13.3554
spk_ver/v07/v0704	SES206	2.12711	17.6663	15.5392
spk_ver/v07/v0705	SES127	-2.62099	12.0618	14.6828
spk_ver/v07/v0706	SES127	-1.5887	14.7902	16.3789
spk_ver/v07/v0707	SES127	-3.49162	11.7174	15.209
spk_ver/v07/v0708	SES275	0.781505	16.268	15.4865
spk_ver/v07/v0709	SES127	-2.66191	12.2079	14.8699
spk_ver/v07/v0710	SES105	1.08959	15.4685	14.3789
spk_ver/v07/v0711	SES127	-2.1398	11.7154	13.8552
spk_ver/v07/v0712	SES127	-3.27595	11.5468	14.8227
spk_ver/v07/v0713	SES127	-2.11533	11.3403	13.4556
spk_ver/v07/v0714	SES019	4.89147	17.1192	12.2277
spk_ver/v07/v0715	SES127	-4.13521	8.60485	12.7401
spk_ver/v07/v0716	SES148	0.992046	15.7049	14.7128
spk_ver/v07/v0717	SES162	1.19041	16.4288	15.2384
spk_ver/v07/v0718	SES189	0.813081	14.3171	13.504
spk_ver/v07/v0719	SES149	0.622139	17.6986	17.0765
spk_ver/v07/v0720	SES175	0.920666	15.773	14.8523
spk_ver/v07/v0721	SES127	-2.81735	11.7956	14.613
spk_ver/v07/v0722	SES127	-1.26957	13.4159	14.6855
spk_ver/v07/v0723	SES127	-2.88275	12.6298	15.5126
spk_ver/v07/v0724	SES127	-2.45068	13.3133	15.764
spk_ver/v07/v0725	SES127	-2.49497	11.7834	14.2784
spk_ver/v07/v0726	SES259	2.80877	18.1959	15.3871
spk_ver/v07/v0727	SES127	-1.8344	12.7665	14.6009
spk_ver/v07/v0728	SES127	-1.20871	15.7133	16.922
spk_ver/v07/v0729	SES127	-3.72848	9.51315	13.2416
spk_ver/v07/v0730	SES127	-2.60111	10.4343	13.0354
spk_ver/v07/v0731	SES129	-2.24813	14.5094	16.7576
spk_ver/v07/v0732	SES129	-2.44468	11.9447	14.3894
spk_ver/v07/v0733	SES129	-3.14744	10.192	13.3394
spk_ver/v07/v0734	SES129	-5.85449	7.6924	13.5469
spk_ver/v07/v0735	SES183	1.07373	15.4817	14.4079
spk_ver/v07/v0736	SES129	-2.89028	11.3028	14.1931
spk_ver/v07/v0737	SES129	-2.64521	12.1491	14.7944
spk_ver/v07/v0738	SES129	-5.69755	8.11351	13.8111
spk_ver/v07/v0739	SES129	-3.32417	10.8607	14.1849
spk_ver/v07/v0740	SES167	-0.27951	15.8281	16.1076
spk_ver/v07/v0741	SES129	-2.93208	10.9173	13.8493
spk_ver/v07/v0742	SES129	-3.76768	13.1707	16.9384
spk_ver/v07/v0743	SES129	-3.0403	12.6031	15.6434
spk_ver/v07/v0744	SES129	-4.68543	8.06672	12.7522
spk_ver/v07/v0745	SES180	1.67703	16.966	15.289
spk_ver/v07/v0746	SES129	-2.86846	13.9303	16.7987
spk_ver/v07/v0747	SES292	-0.403721	15.491	15.8947
spk_ver/v07/v0748	SES202	1.82059	14.2258	12.4052
spk_ver/v07/v0749	SES270	2.00509	16.1681	14.1631
spk_ver/v07/v0750	SES129	-4.10446	13.1397	17.2442
spk_ver/v07/v0751	SES129	-5.12611	10.8352	15.9613
spk_ver/v07/v0752	SES060	0.854639	15.8419	14.9872
spk_ver/v07/v0753	SES129	-3.28668	10.4254	13.7121
spk_ver/v07/v0754	SES129	-5.84117	5.83954	11.6807
spk_ver/v07/v0755	SES129	-5.16201	9.9235	15.0855
spk_ver/v07/v0756	SES175	0.711399	15.0009	14.2895
spk_ver/v07/v0757	SES129	-4.16731	8.29319	12.4605
spk_ver/v07/v0758	SES129	-5.24183	7.83873	13.0806
spk_ver/v07/v0759	SES129	-4.74707	10.665	15.412
spk_ver/v07/v0760	SES129	-3.80185	11.9101	15.712
spk_ver/v07/v0761	SES129	-4.03466	11.9607	15.9954
spk_ver/v07/v0762	SES172	0.601996	15.5172	14.9152
spk_ver/v07/v0763	SES129	-4.32303	8.14043	12.4635
spk_ver/v07/v0764	SES129	-3.57251	11.9466	15.5191
spk_ver/v07/v0765	SES175	0.714516	14.9307	14.2162
spk_ver/v07/v0766	SES129	-4.05847	12.3768	16.4353
spk_ver/v07/v0767	SES129	-3.25977	10.6864	13.9462
spk_ver/v07/v0768	SES042	2.57917	18.878	16.2989
spk_ver/v07/v0769	SES099	1.82539	15.7072	13.8819
spk_ver/v07/v0770	SES142	-3.29374	11.044	14.3377
spk_ver/v07/v0771	SES142	-2.30665	13.7734	16.0801
spk_ver/v07/v0772	SES101	1.3258	17.7788	16.453
spk_ver/v07/v0773	SES142	-6.75191	6.45518	13.2071
spk_ver/v07/v0774	SES142	-4.69465	8.26406	12.9587
spk_ver/v07/v0775	SES142	-1.77646	13.7381	15.5145
spk_ver/v07/v0776	SES142	-3.35073	13.2889	16.6396
spk_ver/v07/v0777	SES142	-5.06921	9.43866	14.5079
spk_ver/v07/v0778	SES142	-1.94363	11.292	13.2356
spk_ver/v07/v0779	SES142	-8.67014	5.75437	14.4245
spk_ver/v07/v0780	SES142	-4.39314	7.38342	11.7766
spk_ver/v07/v0781	SES142	-8.26436	6.22441	14.4888
spk_ver/v07/v0782	SES101	1.05642	15.8768	14.8203
spk_ver/v07/v0783	SES142	-4.00916	9.90827	13.9174
spk_ver/v07/v0784	SES187	1.48192	15.8018	14.3199
spk_ver/v07/v0785	SES143	0.612117	12.7754	12.1633
spk_ver/v07/v0786	SES142	-4.43484	11.8031	16.2379
spk_ver/v07/v0787	SES144	0.626109	15.863	15.2369
spk_ver/v07/v0788	SES275	0.749413	15.3608	14.6114
spk_ver/v07/v0789	SES142	-3.77518	11.2037	14.9789
spk_ver/v07/v0790	SES099	2.44154	17.9392	15.4976
spk_ver/v07/v0791	SES142	-6.04752	7.73617	13.7837
spk_ver/v07/v0792	SES142	-4.42629	12.778	17.2043
spk_ver/v07/v0793	SES142	-5.68713	8.54202	14.2292
spk_ver/v07/v0794	SES014	1.91238	17.8915	15.9791
spk_ver/v07/v0795	SES142	-6.06476	8.74249	14.8073
spk_ver/v07/v0796	SES142	-3.49683	12.2088	15.7056
spk_ver/v07/v0797	SES143	-1.14803	14.291	15.439
spk_ver/v07/v0798	SES206	1.6378	17.854	16.2162
spk_ver/v07/v0799	SES143	-1.95853	9.93233	11.8909
spk_ver/v08/v0800	SES143	-1.27939	12.6799	13.9593
spk_ver/v08/v0801	SES143	-1.63876	14.9378	16.5766
spk_ver/v08/v0802	SES143	-1.74606	11.3944	13.1405
spk_ver/v08/v0803	SES143	-1.35717	11.9336	13.2907
spk_ver/v08/v0804	SES143	-1.61223	11.199	12.8112
spk_ver/v08/v0805	SES143	-0.960649	12.6352	13.5958
spk_ver/v08/v0806	SES143	-1.92973	11.2738	13.2035
spk_ver/v08/v0807	SES177	0.0864878	14.7268	14.6403
spk_ver/v08/v0808	SES149	1.15561	17.3404	16.1847
spk_ver/v08/v0809	SES143	-3.12602	11.7373	14.8634
spk_ver/v08/v0810	SES158	1.86318	16.0771	14.2139
spk_ver/v08/v0811	SES143	-1.91625	10.763	12.6792
spk_ver/v08/v0812	SES062	1.61952	19.0907	17.4712
spk_ver/v08/v0813	SES259	2.40905	18.0596	15.6505
spk_ver/v08/v0814	SES143	-3.65756	12.31	15.9676
spk_ver/v08/v0815	SES143	-2.04788	12.3626	14.4105
spk_ver/v08/v0816	SES143	-2.08956	13.6113	15.7008
spk_ver/v08/v0817	SES144	0.829307	16.3828	15.5535
spk_ver/v08/v0818	SES143	-1.68947	12.8203	14.5098
spk_ver/v08/v0819	SES143	-2.60747	12.8976	15.505
spk_ver/v08/v0820	SES143	-1.74911	14.5479	16.297
spk_ver/v08/v0821	SES143	-2.67971	11.9453	14.625
spk_ver/v08/v0822	SES143	-2.43964	11.5479	13.9875
spk_ver/v08/v0823	SES104	2.0736	18.1056	16.032
spk_ver/v08/v0824	SES143	-3.4584	11.6956	15.154
spk_ver/v08/v0825	SES143	-2.44177	11.8033	14.2451
spk_ver/v08/v0826	SES144	-3.88991	10.4481	14.3381
spk_ver/v08/v0827	SES144	-2.11364	13.2614	15.3751
spk_ver/v08/v0828	SES144	-1.07019	14.9198	15.9899
spk_ver/v08/v0829	SES172	0.780318	15.56	14.7797
spk_ver/v08/v0830	SES144	-0.521033	14.0585	14.5796
spk_ver/v08/v0831	SES183	1.70322	15.9738	14.2706
spk_ver/v08/v0832	SES144	-4.42622	8.42785	12.8541
spk_ver/v08/v0833	SES144	-4.57925	10.9757	15.5549
spk_ver/v08/v0834	SES144	-1.24426	14.2218	15.466
spk_ver/v08/v0835	SES144	-2.87288	11.6056	14.4785
spk_ver/v08/v0836	SES144	-2.10649	12.4911	14.5976
spk_ver/v08/v0837	SES144	-2.0735	14.1707	16.2442
spk_ver/v08/v0838	SES144	-3.1421	11.1537	14.2958
spk_ver/v08/v0839	SES085	0.592799	16.2249	15.6321
spk_ver/v08/v0840	SES144	-0.789788	13.7061	14.4959
spk_ver/v08/v0841	SES144	-3.77286	7.61167	11.3845
spk_ver/v08/v0842	SES144	-3.24209	11.5461	14.7882
spk_ver/v08/v0843	SES144	-0.76309	14.8347	15.5978
spk_ver/v08/v0844	SES144	-3.18377	11.8122	14.996
spk_ver/v08/v0845	SES144	-3.35134	13.7066	17.058
spk_ver/v08/v0846	SES104	1.2537	16.2309	14.9772
spk_ver/v08/v0847	SES144	-3.59713	11.0529	14.65
spk_ver/v08/v0848	SES144	-3.3383	10.317	13.6553
spk_ver/v08/v0849	SES144	-5.39939	9.34809	14.7475
spk_ver/v08/v0850	SES144	-3.07299	12.7288	15.8018
spk_ver/v08/v0851	SES144	-1.85992	12.8063	14.6663
spk_ver/v08/v0852	SES144	-0.870993	15.4985	16.3695
spk_ver/v08/v0853	SES144	-5.30572	9.36281	14.6685
spk_ver/v08/v0854	SES144	-2.17156	12.6353	14.8068
spk_ver/v08/v0855	SES144	0.113324	16.1107	15.9973
spk_ver/v08/v0856	SES082	-0.204096	12.2361	12.4402
spk_ver/v08/v0857	SES142	1.88492	16.4158	14.5309
spk_ver/v08/v0858	SES144	-1.11639	12.0899	13.2063
spk_ver/v08/v0859	SES144	-1.45413	12.8724	14.3265
spk_ver/v08/v0860	SES146	-4.51694	9.61179	14.1287
spk_ver/v08/v0861	SES146	-3.74179	9.60823	13.35
spk_ver/v08/v0862	SES146	-5.10199	8.15215	13.2541
spk_ver/v08/v0863	SES146	-2.23675	11.3649	13.6016
spk_ver/v08/v0864	SES146	-3.97229	11.7654	15.7377
spk_ver/v08/v0865	SES008	1.71381	16.4667	14.7529
spk_ver/v08/v0866	SES142	1.18077	15.7789	14.5982
spk_ver/v08/v0867	SES146	-3.45636	11.0087	14.4651
spk_ver/v08/v0868	SES082	2.78186	19.3819	16.6001
spk_ver/v08/v0869	SES146	-1.95179	12.9818	14.9336
spk_ver/v08/v0870	SES146	-3.76638	8.28	12.0464
spk_ver/v08/v0871	SES146	-4.47965	9.17507	13.6547
spk_ver/v08/v0872	SES146	-4.13256	8.02939	12.1619
spk_ver/v08/v0873	SES082	2.14063	18.5571	16.4165
spk_ver/v08/v0874	SES146	-3.86488	11.1512	15.0161
spk_ver/v08/v0875	SES144	0.438239	14.8097	14.3715
spk_ver/v08/v0876	SES146	-2.68895	14.8704	17.5594
spk_ver/v08/v0877	SES146	-3.11327	10.3665	13.4797
spk_ver/v08/v0878	SES146	-3.02803	11.9789	15.0069
spk_ver/v08/v0879	SES146	-2.48068	12.2428	14.7234
spk_ver/v08/v0880	SES146	-2.80418	11.288	14.0922
spk_ver/v08/v0881	SES143	0.984577	14.9769	13.9923
spk_ver/v08/v0882	SES146	-1.13039	15.039	16.1694
spk_ver/v08/v0883	SES147	-2.24751	13.392	15.6395
spk_ver/v08/v0884	SES147	-0.983034	13.8814	14.8645
spk_ver/v08/v0885	SES016	1.41491	17.3885	15.9736
spk_ver/v08/v0886	SES147	-1.42808	12.8227	14.2508
spk_ver/v08/v0887	SES147	-2.38491	12.5078	14.8927
spk_ver/v08/v0888	SES147	-3.00659	10.6691	13.6757
spk_ver/v08/v0889	SES019	2.11478	15.6615	13.5468
spk_ver/v08/v0890	SES147	-2.52658	11.5414	14.068
spk_ver/v08/v0891	SES147	-2.3224	12.9728	15.2952
spk_ver/v08/v0892	SES147	-2.62107	11.2697	13.8908
spk_ver/v08/v0893	SES270	3.1698	14.4844	11.3146
spk_ver/v08/v0894	SES029	0.656549	15.4264	14.7699
spk_ver/v08/v0895	SES147	-2.6433	10.5386	13.1819
spk_ver/v08/v0896	SES117	1.39802	14.2573	12.8593
spk_ver/v08/v0897	SES183	2.08552	13.8065	11.721
spk_ver/v08/v0898	SES147	-4.39732	11.1158	15.5132
spk_ver/v08/v0899	SES147	-3.58996	8.72688	12.3168
spk_ver/v09/v0900	SES087	1.21378	16.4388	15.225
spk_ver/v09/v0901	SES147	-5.56133	8.12053	13.6819
spk_ver/v09/v0902	SES147	-3.1295	10.6338	13.7633
spk_ver/v09/v0903	SES147	-1.8791	12.5051	14.3842
spk_ver/v09/v0904	SES147	-2.71872	12.7651	15.4838
spk_ver/v09/v0905	SES143	0.943839	15.1024	14.1585
spk_ver/v09/v0906	SES149	0.560841	17.252	16.6912
spk_ver/v09/v0907	SES148	-1.18741	14.0068	15.1942
spk_ver/v09/v0908	SES148	-1.28993	14.1363	15.4262
spk_ver/v09/v0909	SES106	3.26657	15.9653	12.6987
spk_ver/v09/v0910	SES148	-1.44037	11.9327	13.3731
spk_ver/v09/v0911	SES148	-3.65272	11.3183	14.971
spk_ver/v09/v0912	SES142	0.413876	15.0634	14.6495
spk_ver/v09/v0913	SES148	-2.39309	10.6892	13.0823
spk_ver/v09/v0914	SES148	-3.92937	10.8476	14.7769
spk_ver/v09/v0915	SES148	-3.49272	10.0245	13.5172
spk_ver/v09/v0916	SES148	-2.7157	10.971	13.6867
spk_ver/v09/v0917	SES148	1.1248	16.2323	15.1075
spk_ver/v09/v0918	SES148	-1.5253	13.6859	15.2112
spk_ver/v09/v0919	SES270	2.29543	15.7838	13.4883
spk_ver/v09/v0920	SES148	-2.42261	12.9864	15.409
spk_ver/v09/v0921	SES148	-3.9832	11.4818	15.465
spk_ver/v09/v0922	SES129	1.50724	17.8382	16.3309
spk_ver/v09/v0923	SES117	1.12716	15.8942	14.767
spk_ver/v09/v0924	SES042	3.35629	19.115	15.7587
spk_ver/v09/v0925	SES148	-4.14129	8.85872	13
spk_ver/v09/v0926	SES148	-5.6153	6.52481	12.1401
spk_ver/v09/v0927	SES144	0.701238	16.2718	15.5706
spk_ver/v09/v0928	SES007	1.35221	16.3177	14.9655
spk_ver/v09/v0929	SES148	-2.60477	14.0957	16.7005
spk_ver/v09/v0930	SES148	-1.54228	14.3578	15.9
spk_ver/v09/v0931	SES148	-3.22101	10.1064	13.3274
spk_ver/v09/v0932	SES202	0.959938	16.0079	15.048
spk_ver/v09/v0933	SES148	-0.85487	15.5579	16.4128
spk_ver/v09/v0934	SES148	-3.75636	11.2628	15.0191
spk_ver/v09/v0935	SES060	1.39592	17.7814	16.3855
spk_ver/v09/v0936	SES060	1.52135	16.9246	15.4033
spk_ver/v09/v0937	SES148	-2.38213	13.7631	16.1452
spk_ver/v09/v0938	SES148	-2.0216	14.2013	16.2229
spk_ver/v09/v0939	SES148	-3.73133	12.0945	15.8258
spk_ver/v09/v0940	SES148	-2.56055	12.2717	14.8322
spk_ver/v09/v0941	SES149	-3.25397	10.3339	13.5879
spk_ver/v09/v0942	SES149	-3.28801	13.6327	16.9207
spk_ver/v09/v0943	SES149	-1.4664	13.3627	14.8291
spk_ver/v09/v0944	SES149	-2.14051	11.768	13.9085
spk_ver/v09/v0945	SES105	1.21953	16.3247	15.1052
spk_ver/v09/v0946	SES149	-3.45774	11.9443	15.402
spk_ver/v09/v0947	SES149	-2.50617	11.2331	13.7392
spk_ver/v09/v0948	SES149	-4.28962	11.4564	15.746
spk_ver/v09/v0949	SES149	-2.0225	15.0139	17.0364
spk_ver/v09/v0950	SES226	1.52242	17.5855	16.063
spk_ver/v09/v0951	SES149	-3.11593	10.7236	13.8395
spk_ver/v09/v0952	SES149	-3.97458	9.43	13.4046
spk_ver/v09/v0953	SES062	1.47739	17.7593	16.2819
spk_ver/v09/v0954	SES149	-3.19458	11.6162	14.8108
spk_ver/v09/v0955	SES048	-0.0401497	16.3315	16.3716
spk_ver/v09/v0956	SES158	-1.12138	13.6348	14.7562
spk_ver/v09/v0957	SES158	-5.97569	8.18054	14.1562
spk_ver/v09/v0958	SES158	-0.83456	15.4034	16.238
spk_ver/v09/v0959	SES158	-2.88019	10.9744	13.8546
spk_ver/v09/v0960	SES158	-4.18438	9.35622	13.5406
spk_ver/v09/v0961	SES147	0.903383	14.9485	14.0451
spk_ver/v09/v0962	SES158	-6.32981	7.28191	13.6117
spk_ver/v09/v0963	SES292	0.686328	16.0364	15.35
spk_ver/v09/v0964	SES060	1.31766	18.0743	16.7567
spk_ver/v09/v0965	SES002	1.64773	16.4421	14.7944
spk_ver/v09/v0966	SES149	1.80007	18.8745	17.0745
spk_ver/v09/v0967	SES158	-6.61767	8.51244	15.1301
spk_ver/v09/v0968	SES158	-3.53236	9.58296	13.1153
spk_ver/v09/v0969	SES275	0.209699	13.9964	13.7867
spk_ver/v09/v0970	SES158	-5.08237	11.2536	16.3359
spk_ver/v09/v0971	SES158	-3.56123	11.3159	14.8772
spk_ver/v09/v0972	SES002	1.61694	16.8482	15.2313
spk_ver/v09/v0973	SES158	-4.59942	9.86694	14.4664
spk_ver/v09/v0974	SES202	1.17031	15.6363	14.466
spk_ver/v09/v0975	SES158	-5.40511	7.76924	13.1744
spk_ver/v09/v0976	SES158	-0.087738	15.4803	15.568
spk_ver/v09/v0977	SES162	-2.34121	13.5458	15.887
spk_ver/v09/v0978	SES162	-4.97324	8.1196	13.0928
spk_ver/v09/v0979	SES162	-5.70153	8.07331	13.7748
spk_ver/v09/v0980	SES162	-2.21964	11.9289	14.1485
spk_ver/v09/v0981	SES162	-3.14989	10.114	13.2639
spk_ver/v09/v0982	SES259	3.11711	18.1041	14.987
spk_ver/v09/v0983	SES162	-4.60425	6.16396	10.7682
spk_ver/v09/v0984	SES162	-1.86693	14.633	16.4999
spk_ver/v09/v0985	SES162	-1.56805	13.2185	14.7866
spk_ver/v09/v0986	SES062	1.21922	18.1337	16.9145
spk_ver/v09/v0987	SES162	-1.23543	13.4743	14.7097
spk_ver/v09/v0988	SES162	-4.36991	10.1814	14.5513
spk_ver/v09/v0989	SES162	-5.34014	6.90677	12.2469
spk_ver/v09/v0990	SES162	-4.48495	11.7871	16.272
spk_ver/v09/v0991	SES087	1.70857	16.9422	15.2336
spk_ver/v09/v0992	SES120	-0.0110292	13.8453	13.8563
spk_ver/v09/v0993	SES162	-4.33379	11.0024	15.3362
spk_ver/v09/v0994	SES162	-2.1638	13.8568	16.0206
spk_ver/v09/v0995	SES162	-4.86457	11.5406	16.4052
spk_ver/v09/v0996	SES162	-3.17369	14.4912	17.6649
spk_ver/v09/v0997	SES162	-4.77417	10.0703	14.8445
spk_ver/v09/v0998	SES162	-2.6274	10.8054	13.4328
spk_ver/v09/v0999	SES162	-2.6367	15.1915	17.8282
spk_ver/v10/v1000	SES162	-5.22514	9.20583	14.431
spk_ver/v10/v1001	SES148	1.7667	15.1846	13.4179
spk_ver/v10/v1002	SES162	-1.31408	12.2828	13.5969
spk_ver/v10/v1003	SES162	-2.70905	13.3382	16.0473
spk_ver/v10/v1004	SES162	-2.23707	10.9549	13.1919
spk_ver/v10/v1005	SES162	-4.40901	8.95634	13.3654
spk_ver/v10/v1006	SES162	-4.34635	10.948	15.2944
spk_ver/v10/v1007	SES162	-2.00649	11.3229	13.3294
spk_ver/v10/v1008	SES162	-4.76668	6.70502	11.4717
spk_ver/v10/v1009	SES162	-5.88136	8.84725	14.7286
spk_ver/v10/v1010	SES167	-2.68248	10.1384	12.8209
spk_ver/v10/v1011	SES167	-1.1791	12.9168	14.0959
spk_ver/v10/v1012	SES167	-1.95015	11.0633	13.0135
spk_ver/v10/v1013	SES167	-5.62193	8.83957	14.4615
spk_ver/v10/v1014	SES167	-1.16596	15.3037	16.4696
spk_ver/v10/v1015	SES167	-2.0014	13.1336	15.135
spk_ver/v10/v1016	SES167	-2.43832	13.1777	15.616
spk_ver/v10/v1017	SES167	-2.25062	12.3221	14.5728
spk_ver/v10/v1018	SES167	-3.18224	12.5283	15.7106
spk_ver/v10/v1019	SES167	-2.99644	11.7451	14.7415
spk_ver/v10/v1020	SES167	-5.08437	8.44269	13.5271
spk_ver/v10/v1021	SES167	-2.34141	10.2102	12.5516
spk_ver/v10/v1022	SES167	-4.68916	9.9685	14.6577
spk_ver/v10/v1023	SES167	-3.92468	10.445	14.3697
spk_ver/v10/v1024	SES167	-4.73115	8.34186	13.073
spk_ver/v10/v1025	SES167	-2.07623	13.8685	15.9447
spk_ver/v10/v1026	SES167	-4.04308	10.8297	14.8728
spk_ver/v10/v1027	SES167	-2.38046	14.0967	16.4771
spk_ver/v10/v1028	SES167	-4.37104	9.54366	13.9147
spk_ver/v10/v1029	SES167	-4.1907	10.9069	15.0976
spk_ver/v10/v1030	SES167	-3.1425	12.3164	15.4589
spk_ver/v10/v1031	SES167	-3.6882	9.84819	13.5364
spk_ver/v10/v1032	SES167	-3.61064	12.8127	16.4234
spk_ver/v10/v1033	SES167	-4.96229	10.9802	15.9425
spk_ver/v10/v1034	SES002	1.29226	17.4251	16.1328
spk_ver/v10/v1035	SES167	-1.07339	15.2979	16.3713
spk_ver/v10/v1036	SES083	1.17171	16.9297	15.758
spk_ver/v10/v1037	SES167	-3.13695	11.1241	14.2611
spk_ver/v10/v1038	SES167	-2.5262	11.0057	13.5319
spk_ver/v10/v1039	SES167	-3.17089	11.2047	14.3756
spk_ver/v10/v1040	SES167	-4.5619	8.45323	13.0151
spk_ver/v10/v1041	SES167	-1.04473	13.4247	14.4694
spk_ver/v10/v1042	SES087	1.30772	15.8645	14.5567
spk_ver/v10/v1043	SES029	1.38995	16.6362	15.2463
spk_ver/v10/v1044	SES206	1.12846	17.2441	16.1157
spk_ver/v10/v1045	SES172	-2.07854	12.0107	14.0892
spk_ver/v10/v1046	SES172	1.25872	16.8894	15.6307
spk_ver/v10/v1047	SES172	-1.16837	14.5091	15.6775
spk_ver/v10/v1048	SES259	3.73705	19.2437	15.5066
spk_ver/v10/v1049	SES172	-4.16448	11.5848	15.7492
spk_ver/v10/v1050	SES120	0.981457	15.224	14.2426
spk_ver/v10/v1051	SES172	-3.3049	12.3144	15.6193
spk_ver/v10/v1052	SES172	-1.95406	12.7624	14.7164
spk_ver/v10/v1053	SES172	-3.53791	11.8115	15.3494
spk_ver/v10/v1054	SES172	-2.71205	12.0328	14.7448
spk_ver/v10/v1055	SES189	1.30925	14.4876	13.1783
spk_ver/v10/v1056	SES172	-2.94628	11.3607	14.307
spk_ver/v10/v1057	SES172	-1.97193	12.8109	14.7828
spk_ver/v10/v1058	SES172	-1.18503	13.6069	14.7919
spk_ver/v10/v1059	SES172	-3.35295	12.0063	15.3592
spk_ver/v10/v1060	SES029	0.285248	16.9612	16.6759
spk_ver/v10/v1061	SES175	-5.278	8.23986	13.5179
spk_ver/v10/v1062	SES187	0.533792	16.9822	16.4484
spk_ver/v10/v1063	SES019	3.51043	16.1637	12.6533
spk_ver/v10/v1064	SES175	-3.20496	11.3977	14.6027
spk_ver/v10/v1065	SES175	-4.68378	9.74318	14.427
spk_ver/v10/v1066	SES175	-4.99675	7.10763	12.1044
spk_ver/v10/v1067	SES175	-2.05941	12.0115	14.0709
spk_ver/v10/v1068	SES175	-2.3046	11.115	13.4196
spk_ver/v10/v1069	SES016	2.67743	18.7024	16.025
spk_ver/v10/v1070	SES175	-2.14198	12.6409	14.7829
spk_ver/v10/v1071	SES175	-1.86978	14.3883	16.2581
spk_ver/v10/v1072	SES175	-4.09507	10.3021	14.3972
spk_ver/v10/v1073	SES029	0.00157166	15.5623	15.5607
spk_ver/v10/v1074	SES175	-1.95771	12.6053	14.563
spk_ver/v10/v1075	SES175	-1.37653	15.187	16.5635
spk_ver/v10/v1076	SES175	-1.26197	15.8616	17.1236
spk_ver/v10/v1077	SES175	-2.29661	14.4207	16.7173
spk_ver/v10/v1078	SES127	0.802382	17.7449	16.9426
spk_ver/v10/v1079	SES175	-3.22132	12.8301	16.0514
spk_ver/v10/v1080	SES175	-3.12254	10.5637	13.6863
spk_ver/v10/v1081	SES175	-3.82432	10.1763	14.0006
spk_ver/v10/v1082	SES175	-2.64554	13.4452	16.0908
spk_ver/v10/v1083	SES007	1.05513	14.7343	13.6792
spk_ver/v10/v1084	SES068	0.433462	17.2089	16.7754
spk_ver/v10/v1085	SES008	0.480211	17.587	17.1067
spk_ver/v10/v1086	SES175	-1.47076	14.4777	15.9484
spk_ver/v10/v1087	SES175	-2.35547	12.9156	15.2711
spk_ver/v10/v1088	SES008	1.43783	17.1542	15.7164
spk_ver/v10/v1089	SES177	-2.12583	14.5849	16.7107
spk_ver/v10/v1090	SES177	-3.48148	10.9889	14.4704
spk_ver/v10/v1091	SES177	-3.57986	9.66392	13.2438
spk_ver/v10/v1092	SES177	-0.799619	13.8589	14.6585
spk_ver/v10/v1093	SES177	-4.01019	10.8104	14.8206
spk_ver/v10/v1094	SES002	1.69773	17.6695	15.9718
spk_ver/v10/v1095	SES104	1.7415	17.4265	15.685
spk_ver/v10/v1096	SES177	-1.11642	14.1517	15.2682
spk_ver/v10/v1097	SES177	-2.68063	9.53619	12.2168
spk_ver/v10/v1098	SES177	-3.05473	13.399	16.4537
spk_ver/v10/v1099	SES177	-0.641559	14.3917	15.0332
spk_ver/v11/v1100	SES177	-3.03579	11.1854	14.2211
spk_ver/v11/v1101	SES085	0.653337	16.5147	15.8614
spk_ver/v11/v1102	SES187	0.991528	16.1633	15.1718
spk_ver/v11/v1103	SES177	-1.35226	12.8187	14.1709
spk_ver/v11/v1104	SES177	0.437588	16.3992	15.9616
spk_ver/v11/v1105	SES177	-0.908958	14.4042	15.3131
spk_ver/v11/v1106	SES177	-3.01711	11.8039	14.821
spk_ver/v11/v1107	SES177	-1.06582	14.8914	15.9573
spk_ver/v11/v1108	SES177	-0.897158	15.3643	16.2615
spk_ver/v11/v1109	SES125	1.59835	16.3611	14.7627
spk_ver/v11/v1110	SES177	-2.70557	12.0632	14.7688
spk_ver/v11/v1111	SES177	-1.44541	14.7661	16.2115
spk_ver/v11/v1112	SES177	-3.16552	11.8529	15.0184
spk_ver/v11/v1113	SES177	-4.64456	10.4757	15.1202
spk_ver/v11/v1114	SES177	-2.02945	12.32	14.3495
spk_ver/v11/v1115	SES177	-2.0995	10.3968	12.4963
spk_ver/v11/v1116	SES085	0.512615	17.9093	17.3967
spk_ver/v11/v1117	SES147	0.586953	15.2267	14.6398
spk_ver/v11/v1118	SES177	-1.4095	12.8089	14.2184
spk_ver/v11/v1119	SES177	-2.8855	10.5105	13.396
spk_ver/v11/v1120	SES180	-6.24633	8.303	14.5493
spk_ver/v11/v1121	SES189	0.579142	14.3186	13.7395
spk_ver/v11/v1122	SES117	0.555877	12.8336	12.2777
spk_ver/v11/v1123	SES129	1.89032	17.6221	15.7318
spk_ver/v11/v1124	SES180	-2.22364	13.3887	15.6123
spk_ver/v11/v1125	SES180	-0.938449	15.2245	16.163
spk_ver/v11/v1126	SES180	-2.0125	13.8574	15.8699
spk_ver/v11/v1127	SES180	-3.26127	11.9142	15.1755
spk_ver/v11/v1128	SES016	1.35081	16.1796	14.8288
spk_ver/v11/v1129	SES158	1.31207	15.5534	14.2414
spk_ver/v11/v1130	SES180	-2.71017	12.6297	15.3398
spk_ver/v11/v1131	SES180	-3.82585	13.521	17.3469
spk_ver/v11/v1132	SES180	-1.59105	13.03	14.6211
spk_ver/v11/v1133	SES180	-3.60844	12.0776	15.6861
spk_ver/v11/v1134	SES180	-2.24784	11.2529	13.5008
spk_ver/v11/v1135	SES180	-2.22284	13.8245	16.0474
spk_ver/v11/v1136	SES180	-4.80809	6.88272	11.6908
spk_ver/v11/v1137	SES148	0.385041	15.4811	15.0961
spk_ver/v11/v1138	SES104	2.01811	19.8947	17.8766
spk_ver/v11/v1139	SES180	-4.0259	8.78312	12.809
spk_ver/v11/v1140	SES083	1.251	16.2671	15.0161
spk_ver/v11/v1141	SES180	-4.33361	9.9884	14.322
spk_ver/v11/v1142	SES180	-3.05999	11.288	14.348
spk_ver/v11/v1143	SES180	-2.92488	10.076	13.0008
spk_ver/v11/v1144	SES099	2.31832	16.3246	14.0062
spk_ver/v11/v1145	SES180	-2.70274	12.79	15.4928
spk_ver/v11/v1146	SES183	-3.13899	12.6915	15.8305
spk_ver/v11/v1147	SES183	-1.62086	14.2269	15.8478
spk_ver/v11/v1148	SES183	-5.7246	7.01834	12.7429
spk_ver/v11/v1149	SES183	-6.13866	9.61835	15.757
spk_ver/v11/v1150	SES183	-4.69107	9.18067	13.8717
spk_ver/v11/v1151	SES082	1.73082	16.2329	14.5021
spk_ver/v11/v1152	SES183	-2.12362	10.3166	12.4402
spk_ver/v11/v1153	SES183	-1.70093	12.8961	14.5971
spk_ver/v11/v1154	SES002	1.49819	17.7299	16.2317
spk_ver/v11/v1155	SES183	-2.27679	11.8409	14.1177
spk_ver/v11/v1156	SES183	-4.02219	8.22154	12.2437
spk_ver/v11/v1157	SES183	-3.73884	13.2389	16.9777
spk_ver/v11/v1158	SES183	-1.49777	14.1945	15.6923
spk_ver/v11/v1159	SES183	-1.71516	13.6434	15.3586
spk_ver/v11/v1160	SES183	-6.75507	7.58626	14.3413
spk_ver/v11/v1161	SES183	-3.73082	8.00038	11.7312
spk_ver/v11/v1162	SES105	1.86803	16.8599	14.9919
spk_ver/v11/v1163	SES183	-4.37902	10.6539	15.0329
spk_ver/v11/v1164	SES259	3.09918	17.7114	14.6122
spk_ver/v11/v1165	SES183	-1.87549	12.5661	14.4416
spk_ver/v11/v1166	SES183	-5.29416	9.62404	14.9182
spk_ver/v11/v1167	SES183	-2.01004	11.4766	13.4866
spk_ver/v11/v1168	SES183	-2.46794	13.5651	16.0331
spk_ver/v11/v1169	SES183	-5.62189	9.56157	15.1835
spk_ver/v11/v1170	SES183	-3.77283	13.0594	16.8322
spk_ver/v11/v1171	SES183	-8.74187	4.61071	13.3526
spk_ver/v11/v1172	SES187	-2.59069	12.3709	14.9615
spk_ver/v11/v1173	SES019	4.18332	15.8562	11.6729
spk_ver/v11/v1174	SES187	-3.34481	9.05042	12.3952
spk_ver/v11/v1175	SES187	-2.62975	11.3795	14.0092
spk_ver/v11/v1176	SES083	1.11823	17.8562	16.738
spk_ver/v11/v1177	SES187	-4.65167	7.9486	12.6003
spk_ver/v11/v1178	SES187	-3.80617	9.97669	13.7829
spk_ver/v11/v1179	SES187	-1.90824	12.7816	14.6898
spk_ver/v11/v1180	SES187	-1.12379	12.7837	13.9075
spk_ver/v11/v1181	SES187	-4.17686	12.0036	16.1804
spk_ver/v11/v1182	SES187	-1.68148	14.6863	16.3678
spk_ver/v11/v1183	SES187	-2.69947	10.9381	13.6376
spk_ver/v11/v1184	SES187	-0.185353	14.1798	14.3651
spk_ver/v11/v1185	SES127	1.65875	17.2315	15.5727
spk_ver/v11/v1186	SES187	-1.16539	13.9677	15.1331
spk_ver/v11/v1187	SES187	-1.76754	14.7422	16.5098
spk_ver/v11/v1188	SES187	-1.39278	12.0035	13.3963
spk_ver/v11/v1189	SES042	1.99392	18.5417	16.5478
spk_ver/v11/v1190	SES187	-1.37025	13.2406	14.6108
spk_ver/v11/v1191	SES187	-3.60421	8.60479	12.209
spk_ver/v11/v1192	SES187	-3.93581	8.84552	12.7813
spk_ver/v11/v1193	SES183	1.36277	15.6582	14.2954
spk_ver/v11/v1194	SES187	-2.6336	11.0944	13.728
spk_ver/v11/v1195	SES187	-3.34111	10.418	13.7591
spk_ver/v11/v1196	SES146	1.58925	14.6575	13.0682
spk_ver/v11/v1197	SES189	-4.99582	10.9	15.8959
spk_ver/v11/v1198	SES175	1.35381	16.56	15.2062
spk_ver/v11/v1199	SES189	-4.15479	8.17405	12.3288
spk_ver/v12/v1200	SES189	-2.55068	14.928	17.4787
spk_ver/v12/v1201	SES177	1.07707	17.0737	15.9967
spk_ver/v12/v1202	SES189	-2.53112	10.8521	13.3832
spk_ver/v12/v1203	SES143	0.485636	15.167	14.6814
spk_ver/v12/v1204	SES189	-2.74356	12.5466	15.2902
spk_ver/v12/v1205	SES189	-2.18781	14.5114	16.6992
spk_ver/v12/v1206	SES189	-4.56758	8.34993	12.9175
spk_ver/v12/v1207	SES189	-4.01751	11.0906	15.1082
spk_ver/v12/v1208	SES189	-4.4912	13.5818	18.073
spk_ver/v12/v1209	SES189	-5.42642	7.50953	12.9359
spk_ver/v12/v1210	SES189	-1.76249	12.5961	14.3585
spk_ver/v12/v1211	SES062	1.70116	18.4912	16.7901
spk_ver/v12/v1212	SES189	-3.40836	12.1131	15.5214
spk_ver/v12/v1213	SES048	1.50411	17.7765	16.2724
spk_ver/v12/v1214	SES042	3.66957	20.0435	16.3739
spk_ver/v12/v1215	SES008	2.34872	18.0196	15.6709
spk_ver/v12/v1216	SES202	-5.16305	11.2784	16.4414
spk_ver/v12/v1217	SES202	-2.86288	10.8804	13.7432
spk_ver/v12/v1218	SES085	1.18339	18.8751	17.6918
spk_ver/v12/v1219	SES202	-2.91673	13.0684	15.9851
spk_ver/v12/v1220	SES202	-1.98296	14.6541	16.6371
spk_ver/v12/v1221	SES202	-2.12162	12.0705	14.1921
spk_ver/v12/v1222	SES202	-5.98128	7.19423	13.1755
spk_ver/v12/v1223	SES158	1.47444	16.1012	14.6268
spk_ver/v12/v1224	SES202	-2.29126	11.602	13.8933
spk_ver/v12/v1225	SES202	-3.40097	11.6108	15.0118
spk_ver/v12/v1226	SES202	-3.98879	12.0951	16.0839
spk_ver/v12/v1227	SES202	-2.65323	11.7659	14.4191
spk_ver/v12/v1228	SES177	0.624938	15.9242	15.2992
spk_ver/v12/v1229	SES202	-3.62746	12.4621	16.0895
spk_ver/v12/v1230	SES202	-3.15558	11.6366	14.7922
spk_ver/v12/v1231	SES202	-4.32594	11.3666	15.6925
spk_ver/v12/v1232	SES202	-3.24959	9.74128	12.9909
spk_ver/v12/v1233	SES206	1.89342	18.1955	16.3021
spk_ver/v12/v1234	SES202	-6.11738	7.3513	13.4687
spk_ver/v12/v1235	SES202	-3.2177	13.0546	16.2723
spk_ver/v12/v1236	SES125	2.46909	16.6205	14.1514
spk_ver/v12/v1237	SES127	1.01928	16.7395	15.7203
spk_ver/v12/v1238	SES202	2.65349	16.9101	14.2566
spk_ver/v12/v1239	SES167	1.70135	17.5702	15.8688
spk_ver/v12/v1240	SES206	-4.38604	10.2696	14.6557
spk_ver/v12/v1241	SES206	-5.62707	8.64754	14.2746
spk_ver/v12/v1242	SES206	-1.53593	14.5584	16.0944
spk_ver/v12/v1243	SES206	-2.71614	11.0647	13.7809
spk_ver/v12/v1244	SES259	2.72941	16.8793	14.1499
spk_ver/v12/v1245	SES206	-3.33908	12.4912	15.8303
spk_ver/v12/v1246	SES206	-2.95874	13.3103	16.269
spk_ver/v12/v1247	SES206	-1.559	13.4033	14.9623
spk_ver/v12/v1248	SES206	-5.64638	7.41627	13.0627
spk_ver/v12/v1249	SES270	3.12403	15.4918	12.3678
spk_ver/v12/v1250	SES206	-4.56345	9.38678	13.9502
spk_ver/v12/v1251	SES206	-2.793	13.7496	16.5426
spk_ver/v12/v1252	SES206	-2.71901	12.407	15.126
spk_ver/v12/v1253	SES206	-1.4263	13.7581	15.1844
spk_ver/v12/v1254	SES206	-2.30261	11.2764	13.579
spk_ver/v12/v1255	SES125	2.08416	17.3606	15.2764
spk_ver/v12/v1256	SES206	-6.36087	9.7801	16.141
spk_ver/v12/v1257	SES206	-4.31722	11.7379	16.0552
spk_ver/v12/v1258	SES206	-1.47433	12.7293	14.2036
spk_ver/v12/v1259	SES206	-5.74249	9.30026	15.0427
spk_ver/v12/v1260	SES206	-5.66943	8.29417	13.9636
spk_ver/v12/v1261	SES206	-6.00405	9.90082	15.9049
spk_ver/v12/v1262	SES206	-5.75007	9.12327	14.8733
spk_ver/v12/v1263	SES206	-3.36894	12.0529	15.4218
spk_ver/v12/v1264	SES149	0.960421	17.4307	16.4703
spk_ver/v12/v1265	SES206	-1.22102	11.6158	12.8368
spk_ver/v12/v1266	SES206	-5.33609	9.31084	14.6469
spk_ver/v12/v1267	SES206	-1.50198	9.88633	11.3883
spk_ver/v12/v1268	SES206	-3.5859	10.5862	14.1721
spk_ver/v12/v1269	SES206	-5.93866	6.94266	12.8813
spk_ver/v12/v1270	SES206	-7.34743	4.15947	11.5069
spk_ver/v12/v1271	SES226	-5.01807	8.21136	13.2294
spk_ver/v12/v1272	SES226	-0.281061	16.2883	16.5693
spk_ver/v12/v1273	SES226	-4.72282	11.6589	16.3817
spk_ver/v12/v1274	SES226	-4.82019	9.49434	14.3145
spk_ver/v12/v1275	SES226	-0.542895	11.7878	12.3307
spk_ver/v12/v1276	SES226	-5.24398	9.25393	14.4979
spk_ver/v12/v1277	SES226	-0.625572	14.8884	15.514
spk_ver/v12/v1278	SES226	-0.574585	13.5037	14.0783
spk_ver/v12/v1279	SES226	-4.54211	11.9553	16.4974
spk_ver/v12/v1280	SES226	-3.49089	11.8556	15.3464
spk_ver/v12/v1281	SES226	-1.04778	12.3904	13.4382
spk_ver/v12/v1282	SES226	-2.15183	11.9532	14.105
spk_ver/v12/v1283	SES143	1.86173	15.9838	14.122
spk_ver/v12/v1284	SES226	-4.48011	12.4213	16.9014
spk_ver/v12/v1285	SES226	-2.65303	12.4552	15.1083
spk_ver/v12/v1286	SES226	-2.20245	11.1112	13.3136
spk_ver/v12/v1287	SES226	-3.1506	12.6906	15.8412
spk_ver/v12/v1288	SES226	-5.09015	10.3282	15.4184
spk_ver/v12/v1289	SES104	1.99001	16.7422	14.7522
spk_ver/v12/v1290	SES008	3.37679	17.2625	13.8857
spk_ver/v12/v1291	SES226	-0.932852	13.8736	14.8064
spk_ver/v12/v1292	SES259	-4.31985	9.54006	13.8599
spk_ver/v12/v1293	SES062	0.973082	17.2272	16.2541
spk_ver/v12/v1294	SES099	1.61426	14.8046	13.1903
spk_ver/v12/v1295	SES158	1.26013	14.585	13.3249
spk_ver/v12/v1296	SES259	-4.53079	12.3833	16.9141
spk_ver/v12/v1297	SES259	-5.94322	8.94784	14.8911
spk_ver/v12/v1298	SES259	-4.19361	11.2083	15.4019
spk_ver/v12/v1299	SES259	-5.1149	10.1374	15.2523
spk_ver/v13/v1300	SES120	1.31203	15.1405	13.8284
spk_ver/v13/v1301	SES259	-6.79554	7.98709	14.7826
spk_ver/v13/v1302	SES259	-5.68778	8.58158	14.2694
spk_ver/v13/v1303	SES129	1.87915	17.2344	15.3553
spk_ver/v13/v1304	SES259	-3.46618	10.2686	13.7348
spk_ver/v13/v1305	SES259	-6.34328	7.8736	14.2169
spk_ver/v13/v1306	SES106	1.02251	15.8481	14.8256
spk_ver/v13/v1307	SES259	-5.04315	9.61532	14.6585
spk_ver/v13/v1308	SES259	-2.10718	12.0843	14.1914
spk_ver/v13/v1309	SES259	-6.09717	9.70526	15.8024
spk_ver/v13/v1310	SES259	-5.53978	11.1642	16.704
spk_ver/v13/v1311	SES259	-3.71605	11.8553	15.5713
spk_ver/v13/v1312	SES259	-4.48314	11.0468	15.53
spk_ver/v13/v1313	SES144	1.21594	16.3973	15.1813
spk_ver/v13/v1314	SES259	-5.90957	8.43294	14.3425
spk_ver/v13/v1315	SES162	1.90718	16.4866	14.5795
spk_ver/v13/v1316	SES206	1.06343	16.78	15.7165
spk_ver/v13/v1317	SES175	0.426316	15.0027	14.5764
spk_ver/v13/v1318	SES259	-5.57378	8.988	14.5618
spk_ver/v13/v1319	SES259	-5.39264	9.08899	14.4816
spk_ver/v13/v1320	SES270	0.248279	14.4299	14.1817
spk_ver/v13/v1321	SES101	0.313634	15.9918	15.6782
spk_ver/v13/v1322	SES177	0.562567	17.2627	16.7001
spk_ver/v13/v1323	SES127	0.934196	18.1546	17.2204
spk_ver/v13/v1324	SES270	-4.77525	9.34914	14.1244
spk_ver/v13/v1325	SES062	1.17607	17.5844	16.4083
spk_ver/v13/v1326	SES270	0.797795	14.2111	13.4133
spk_ver/v13/v1327	SES120	0.468355	13.5651	13.0967
spk_ver/v13/v1328	SES270	-4.86369	9.36807	14.2318
spk_ver/v13/v1329	SES270	-5.3334	12.0558	17.3892
spk_ver/v13/v1330	SES270	0.110858	13.7551	13.6443
spk_ver/v13/v1331	SES270	-4.86923	12.4522	17.3215
spk_ver/v13/v1332	SES270	-1.23371	14.8136	16.0473
spk_ver/v13/v1333	SES270	-1.97761	11.7035	13.6811
spk_ver/v13/v1334	SES270	-3.62918	12.0471	15.6763
spk_ver/v13/v1335	SES270	0.635755	15.3511	14.7153
spk_ver/v13/v1336	SES270	-1.68269	12.2625	13.9452
spk_ver/v13/v1337	SES016	1.73775	17.4102	15.6724
spk_ver/v13/v1338	SES270	-5.62498	11.2291	16.854
spk_ver/v13/v1339	SES002	1.55777	17.0174	15.4597
spk_ver/v13/v1340	SES105	2.59241	16.4107	13.8183
spk_ver/v13/v1341	SES275	-2.96008	11.1919	14.152
spk_ver/v13/v1342	SES187	0.527378	14.995	14.4676
spk_ver/v13/v1343	SES275	-2.08586	12.1369	14.2227
spk_ver/v13/v1344	SES275	-3.3312	9.94171	13.2729
spk_ver/v13/v1345	SES275	-2.12251	11.7937	13.9162
spk_ver/v13/v1346	SES275	-5.32074	9.30976	14.6305
spk_ver/v13/v1347	SES275	-3.03199	10.9261	13.9581
spk_ver/v13/v1348	SES180	0.615253	16.5459	15.9306
spk_ver/v13/v1349	SES275	-2.46128	10.3485	12.8098
spk_ver/v13/v1350	SES275	-1.44231	14.5263	15.9686
spk_ver/v13/v1351	SES275	-3.00815	7.29751	10.3057
spk_ver/v13/v1352	SES275	-1.88164	14.0957	15.9773
spk_ver/v13/v1353	SES275	-2.08269	9.65147	11.7342
spk_ver/v13/v1354	SES189	0.872832	14.1677	13.2948
spk_ver/v13/v1355	SES068	1.36543	18.0184	16.653
spk_ver/v13/v1356	SES275	-2.64132	9.89858	12.5399
spk_ver/v13/v1357	SES048	0.137003	15.9448	15.8078
spk_ver/v13/v1358	SES226	2.76576	19.1327	16.367
spk_ver/v13/v1359	SES016	1.16477	17.4255	16.2607
spk_ver/v13/v1360	SES275	-2.25646	11.4986	13.7551
spk_ver/v13/v1361	SES068	1.1731	17.833	16.6599
spk_ver/v13/v1362	SES275	-3.19782	10.6982	13.896
spk_ver/v13/v1363	SES275	-3.39626	10.1245	13.5208
spk_ver/v13/v1364	SES275	-2.98912	10.4205	13.4097
spk_ver/v13/v1365	SES275	-1.59915	13.9566	15.5558
spk_ver/v13/v1366	SES187	0.81712	16.3948	15.5777
spk_ver/v13/v1367	SES275	-3.90942	9.30425	13.2137
spk_ver/v13/v1368	SES125	1.46931	16.286	14.8166
spk_ver/v13/v1369	SES275	-2.54557	9.23663	11.7822
spk_ver/v13/v1370	SES292	-1.76521	12.8733	14.6385
spk_ver/v13/v1371	SES292	-1.68525	13.1028	14.7881
spk_ver/v13/v1372	SES292	-1.68407	11.4563	13.1404
spk_ver/v13/v1373	SES292	-2.6615	11.7751	14.4366
spk_ver/v13/v1374	SES101	1.39218	15.8375	14.4453
spk_ver/v13/v1375	SES292	-2.86178	12.7803	15.6421
spk_ver/v13/v1376	SES292	-2.52672	12.7359	15.2626
spk_ver/v13/v1377	SES292	-3.72308	9.60956	13.3326
spk_ver/v13/v1378	SES292	-1.48131	14.2005	15.6818
spk_ver/v13/v1379	SES292	-2.29882	11.5854	13.8842
spk_ver/v13/v1380	SES292	-2.11445	13.579	15.6934
spk_ver/v13/v1381	SES292	-0.912748	16.2972	17.2099
spk_ver/v13/v1382	SES292	-1.47372	12.6691	14.1429
spk_ver/v13/v1383	SES292	-1.29122	12.6031	13.8943
spk_ver/v13/v1384	SES292	-1.96953	13.2756	15.2452
spk_ver/v13/v1385	SES292	-1.54505	14.1389	15.6839
spk_ver/v13/v1386	SES292	-1.16879	13.1377	14.3065
spk_ver/v13/v1387	SES158	2.03086	13.7621	11.7313
spk_ver/v13/v1388	SES292	-0.780411	16.1442	16.9246
spk_ver/v13/v1389	SES292	-1.322	17.2194	18.5414
spk_ver/v13/v1390	SES292	-1.49789	14.165	15.6628
spk_ver/v13/v1391	SES292	-2.21065	13.3419	15.5526
spk_ver/v13/v1392	SES292	-2.98888	11.8609	14.8497
spk_ver/v13/v1393	SES292	-1.50916	13.1108	14.6199
spk_ver/v13/v1394	SES292	-2.10205	13.0073	15.1093
spk_ver/v13/v1395	SES292	-1.14946	13.5051	14.6545
spk_ver/v13/v1396	SES117	0.861385	13.6379	12.7765
spk_ver/v13/v1397	SES292	-2.47911	12.4693	14.9484
spk_ver/v13/v1398	SES292	-2.46967	11.3882	13.8579
spk_ver/v13/v1399	SES292	-0.30228	15.3511	15.6534
