BLOCK00/SES002/SA002S12	SES002	2.50391	-70.2986	-72.8025
BLOCK00/SES002/SA002S13	SES002	2.874	-70.943	-73.817
BLOCK00/SES002/SA002S23	SES002	2.6806	-70.1027	-72.7833
BLOCK00/SES002/SA002S26	SES002	3.32765	-68.2431	-71.5708
BLOCK00/SES002/SA002S28	SES002	2.23174	-73.1066	-75.3383
BLOCK00/SES007/SA007S14	SES007	1.044	-73.7308	-74.7748
BLOCK00/SES007/SA007S15	SES007	0.43013	-75.9528	-76.3829
BLOCK00/SES007/SA007S24	SES007	0.919823	-75.542	-76.4618
BLOCK00/SES007/SA007S27	SES007	0.62915	-75.6187	-76.2479
BLOCK00/SES007/SA007S29	SES007	0.657448	-74.8495	-75.507
BLOCK00/SES008/SA008S11	SES008	1.5247	-75.1556	-76.6803
BLOCK00/SES008/SA008S12	SES008	0.549538	-75.9149	-76.4645
BLOCK00/SES008/SA008S19	SES008	2.0724	-72.9115	-74.9839
BLOCK00/SES008/SA008S22	SES008	1.43536	-75.5966	-77.0319
BLOCK00/SES008/SA008S29	SES008	1.28677	-74.8254	-76.1122
BLOCK01/SES014/SA014S10	SES014	3.54419	-73.0039	-76.5481
BLOCK01/SES014/SA014S12	SES014	5.08329	-67.5319	-72.6152
BLOCK01/SES014/SA014S24	SES014	2.9757	-70.6143	-73.59
BLOCK01/SES014/SA014S26	SES014	3.6991	-66.3847	-70.0838
BLOCK01/SES014/SA014S28	SES014	5.41407	-67.6134	-73.0274
BLOCK01/SES016/SA016S12	SES016	0.560753	-78.7947	-79.3555
BLOCK01/SES016/SA016S13	SES016	1.16849	-77.1297	-78.2982
BLOCK01/SES016/SA016S22	SES016	0.385956	-78.063	-78.4489
BLOCK01/SES016/SA016S25	SES016	2.18727	-73.6262	-75.8134
BLOCK01/SES016/SA016S27	SES016	1.84891	-73.4645	-75.3135
BLOCK01/SES019/SA019S13	SES019	3.2963	-73.371	-76.6673
BLOCK01/SES019/SA019S14	SES019	3.11729	-72.7073	-75.8246
BLOCK01/SES019/SA019S22	SES019	3.4108	-72.5487	-75.9594
BLOCK01/SES019/SA019S25	SES019	3.27005	-72.1615	-75.4315
BLOCK01/SES019/SA019S29	SES019	4.0126	-72.0672	-76.0798
BLOCK02/SES029/SA029S11	SES029	1.54613	-75.2348	-76.781
BLOCK02/SES029/SA029S12	SES029	0.303566	-75.8429	-76.1464
BLOCK02/SES029/SA029S20	SES029	1.17177	-76.3497	-77.5214
BLOCK02/SES029/SA029S25	SES029	0.250946	-75.4537	-75.7047
BLOCK02/SES029/SA029S28	SES029	1.43934	-74.4078	-75.8471
BLOCK04/SES042/SA042S12	SES042	3.78606	-70.7464	-74.5325
BLOCK04/SES042/SA042S15	SES042	3.27947	-71.5569	-74.8363
BLOCK04/SES042/SA042S22	SES042	4.58142	-67.1539	-71.7353
BLOCK04/SES042/SA042S25	SES042	3.83764	-71.0659	-74.9036
BLOCK04/SES042/SA042S27	SES042	3.38822	-70.2412	-73.6294
BLOCK04/SES048/SA048S11	SES048	1.52257	-73.7363	-75.2589
BLOCK04/SES048/SA048S12	SES048	-0.221077	-75.0496	-74.8285
BLOCK04/SES048/SA048S20	SES048	1.36176	-73.477	-74.8387
BLOCK04/SES048/SA048S23	SES048	2.1158	-74.4083	-76.5241
BLOCK04/SES048/SA048S27	SES048	1.663	-72.1647	-73.8277
BLOCK06/SES060/SA060S11	SES060	1.69975	-74.9441	-76.6438
BLOCK06/SES060/SA060S12	SES060	-1.5648	-79.6733	-78.1086
BLOCK06/SES060/SA060S22	SES060	0.155769	-78.0005	-78.1563
BLOCK06/SES060/SA060S24	SES060	1.05325	-75.1878	-76.241
BLOCK06/SES060/SA060S28	SES060	1.53564	-71.675	-73.2106
BLOCK06/SES062/SA062S10	SES062	1.91503	-74.1892	-76.1042
BLOCK06/SES062/SA062S11	SES062	1.74146	-74.5538	-76.2952
BLOCK06/SES062/SA062S21	SES062	3.22626	-70.2478	-73.4741
BLOCK06/SES062/SA062S26	SES062	1.59379	-73.3054	-74.8992
BLOCK06/SES062/SA062S29	SES062	1.68676	-72.7108	-74.3975
BLOCK06/SES068/SA068S14	SES068	0.66835	-75.4173	-76.0857
BLOCK06/SES068/SA068S15	SES068	1.08102	-72.9634	-74.0444
BLOCK06/SES068/SA068S23	SES068	0.919464	-75.8766	-76.7961
BLOCK06/SES068/SA068S27	SES068	1.84358	-73.5963	-75.4398
BLOCK06/SES068/SA068S29	SES068	1.12194	-74.4477	-75.5696
BLOCK08/SES082/SA082S12	SES082	2.02064	-73.5954	-75.616
BLOCK08/SES082/SA082S14	SES082	2.06535	-75.1324	-77.1977
BLOCK08/SES082/SA082S21	SES082	1.82572	-74.4767	-76.3024
BLOCK08/SES082/SA082S24	SES082	2.12006	-72.8322	-74.9523
BLOCK08/SES082/SA082S28	SES082	1.32639	-74.516	-75.8424
BLOCK08/SES083/SA083S14	SES083	-0.388969	-76.5713	-76.1824
BLOCK08/SES083/SA083S15	SES083	0.164062	-75.396	-75.5601
BLOCK08/SES083/SA083S24	SES083	0.257477	-75.7435	-76.0009
BLOCK08/SES083/SA083S26	SES083	0.0481644	-75.7752	-75.8233
BLOCK08/SES083/SA083S29	SES083	0.134254	-75.6315	-75.7657
BLOCK08/SES085/SA085S10	SES085	0.917336	-75.8779	-76.7952
BLOCK08/SES085/SA085S13	SES085	1.21813	-76.3216	-77.5398
BLOCK08/SES085/SA085S22	SES085	-4.38543	-81.1385	-76.753
BLOCK08/SES085/SA085S26	SES085	0.266312	-76.6896	-76.9559
BLOCK08/SES085/SA085S28	SES085	0.577835	-75.7003	-76.2782
BLOCK08/SES087/SA087S15	SES087	2.64772	-72.2551	-74.9028
BLOCK08/SES087/SA087S16	SES087	2.84935	-71.604	-74.4534
BLOCK08/SES087/SA087S24	SES087	2.76324	-71.6844	-74.4476
BLOCK08/SES087/SA087S26	SES087	1.97304	-70.835	-72.808
BLOCK08/SES087/SA087S29	SES087	2.66645	-72.9702	-75.6366
BLOCK09/SES099/SA099S15	SES099	3.23291	-71.8437	-75.0766
BLOCK09/SES099/SA099S16	SES099	3.05585	-71.7321	-74.7879
BLOCK09/SES099/SA099S24	SES099	2.65741	-72.0512	-74.7086
BLOCK09/SES099/SA099S26	SES099	3.01411	-71.2821	-74.2962
BLOCK09/SES099/SA099S29	SES099	3.46277	-70.5516	-74.0144
BLOCK10/SES101/SA101S11	SES101	0.0796509	-75.4274	-75.5071
BLOCK10/SES101/SA101S13	SES101	1.95418	-73.5111	-75.4652
BLOCK10/SES101/SA101S22	SES101	1.75141	-75.7333	-77.4848
BLOCK10/SES101/SA101S24	SES101	0.55468	-76.0307	-76.5854
BLOCK10/SES101/SA101S28	SES101	-0.53669	-78.3037	-77.767
BLOCK10/SES104/SA104S11	SES104	0.90451	-71.5008	-72.4054
BLOCK10/SES104/SA104S12	SES104	2.32903	-73.0382	-75.3673
BLOCK10/SES104/SA104S21	SES104	2.02238	-72.774	-74.7964
BLOCK10/SES104/SA104S24	SES104	1.19501	-72.8382	-74.0332
BLOCK10/SES104/SA104S28	SES104	2.78408	-71.7467	-74.5308
BLOCK10/SES105/SA105S12	SES105	0.870789	-76.4131	-77.2839
BLOCK10/SES105/SA105S13	SES105	1.1964	-75.6382	-76.8346
BLOCK10/SES105/SA105S22	SES105	1.20358	-76.6279	-77.8315
BLOCK10/SES105/SA105S26	SES105	1.28165	-76.0492	-77.3308
BLOCK10/SES105/SA105S29	SES105	0.977989	-75.6161	-76.5941
BLOCK10/SES106/SA106S09	SES106	1.24434	-74.8319	-76.0762
BLOCK10/SES106/SA106S11	SES106	2.61569	-71.2691	-73.8848
BLOCK10/SES106/SA106S22	SES106	4.11212	-71.6535	-75.7656
BLOCK10/SES106/SA106S27	SES106	1.58846	-74.3341	-75.9225
BLOCK10/SES106/SA106S29	SES106	1.48525	-72.8176	-74.3028
BLOCK11/SES117/SA117S12	SES117	0.0396194	-79.0905	-79.1302
BLOCK11/SES117/SA117S13	SES117	0.304474	-76.4914	-76.7959
BLOCK11/SES117/SA117S23	SES117	3.07572	-78.853	-81.9287
BLOCK11/SES117/SA117S25	SES117	2.12823	-76.703	-78.8313
BLOCK11/SES117/SA117S28	SES117	2.18246	-78.1548	-80.3372
BLOCK12/SES120/SA120S08	SES120	1.27473	-77.6979	-78.9726
BLOCK12/SES120/SA120S11	SES120	0.736351	-79.0848	-79.8211
BLOCK12/SES120/SA120S22	SES120	0.249603	-75.9349	-76.1845
BLOCK12/SES120/SA120S24	SES120	0.42012	-76.4258	-76.8459
BLOCK12/SES120/SA120S28	SES120	1.14168	-78.5475	-79.6892
BLOCK12/SES125/SA125S13	SES125	3.12799	-72.2702	-75.3982
BLOCK12/SES125/SA125S14	SES125	2.2625	-72.9083	-75.1708
BLOCK12/SES125/SA125S25	SES125	2.86608	-71.6096	-74.4757
BLOCK12/SES125/SA125S27	SES125	3.01387	-70.1602	-73.1741
BLOCK12/SES125/SA125S29	SES125	2.62753	-72.2814	-74.9089
BLOCK12/SES127/SA127S11	SES127	0.60836	-76.2014	-76.8097
BLOCK12/SES127/SA127S12	SES127	-0.36113	-76.7983	-76.4372
BLOCK12/SES127/SA127S23	SES127	0.323372	-76.3541	-76.6775
BLOCK12/SES127/SA127S25	SES127	-0.271362	-77.0229	-76.7515
BLOCK12/SES127/SA127S27	SES127	1.35901	-76.0623	-77.4213
BLOCK12/SES129/SA129S11	SES129	1.95686	-74.045	-76.0019
BLOCK12/SES129/SA129S12	SES129	1.53456	-74.4942	-76.0288
BLOCK12/SES129/SA129S22	SES129	1.1479	-75.2267	-76.3746
BLOCK12/SES129/SA129S27	SES129	2.47853	-73.3162	-75.7948
BLOCK12/SES129/SA129S29	SES129	2.38382	-72.6619	-75.0457
BLOCK14/SES142/SA142S11	SES142	3.9407	-76.3762	-80.3169
BLOCK14/SES142/SA142S12	SES142	1.79809	-78.4991	-80.2972
BLOCK14/SES142/SA142S24	SES142	3.87131	-75.4544	-79.3257
BLOCK14/SES142/SA142S27	SES142	4.02832	-74.8835	-78.9118
BLOCK14/SES142/SA142S29	SES142	3.93143	-75.6709	-79.6023
BLOCK14/SES143/SA143S12	SES143	0.939659	-77.1179	-78.0576
BLOCK14/SES143/SA143S13	SES143	0.481857	-77.5255	-78.0074
BLOCK14/SES143/SA143S23	SES143	1.5046	-76.4785	-77.9831
BLOCK14/SES143/SA143S25	SES143	1.0809	-76.9311	-78.012
BLOCK14/SES143/SA143S28	SES143	0.756676	-77.4696	-78.2262
BLOCK14/SES144/SA144S09	SES144	0.800415	-75.3054	-76.1059
BLOCK14/SES144/SA144S11	SES144	1.16328	-76.6289	-77.7921
BLOCK14/SES144/SA144S21	SES144	0.38063	-76.7877	-77.1684
BLOCK14/SES144/SA144S25	SES144	0.962036	-76.7537	-77.7158
BLOCK14/SES144/SA144S29	SES144	-0.351944	-76.356	-76.0041
BLOCK14/SES146/SA146S14	SES146	1.04719	-76.3791	-77.4263
BLOCK14/SES146/SA146S15	SES146	0.13765	-76.7387	-76.8763
BLOCK14/SES146/SA146S24	SES146	0.769058	-76.6307	-77.3998
BLOCK14/SES146/SA146S26	SES146	0.886711	-76.9926	-77.8793
BLOCK14/SES146/SA146S29	SES146	0.897202	-77.0654	-77.9626
BLOCK14/SES147/SA147S11	SES147	2.15791	-77.519	-79.6769
BLOCK14/SES147/SA147S13	SES147	3.93498	-75.1826	-79.1176
BLOCK14/SES147/SA147S23	SES147	3.15002	-76.6927	-79.8427
BLOCK14/SES147/SA147S26	SES147	2.90307	-76.9534	-79.8565
BLOCK14/SES147/SA147S28	SES147	2.86568	-75.6158	-78.4815
BLOCK14/SES148/SA148S10	SES148	1.35861	-75.2785	-76.6372
BLOCK14/SES148/SA148S12	SES148	0.715103	-77.0384	-77.7535
BLOCK14/SES148/SA148S22	SES148	1.19759	-74.8833	-76.0809
BLOCK14/SES148/SA148S26	SES148	0.793549	-75.5542	-76.3477
BLOCK14/SES148/SA148S29	SES148	0.854019	-76.0785	-76.9325
BLOCK14/SES149/SA149S13	SES149	-1.06778	-76.0914	-75.0237
BLOCK14/SES149/SA149S14	SES149	-0.182999	-75.3642	-75.1812
BLOCK14/SES149/SA149S24	SES149	1.55996	-73.7045	-75.2644
BLOCK14/SES149/SA149S26	SES149	2.37798	-72.4476	-74.8256
BLOCK14/SES149/SA149S28	SES149	2.47781	-71.6435	-74.1213
BLOCK15/SES158/SA158S13	SES158	1.54907	-75.0594	-76.6085
BLOCK15/SES158/SA158S14	SES158	2.08919	-75.4928	-77.5819
BLOCK15/SES158/SA158S23	SES158	1.63313	-74.1948	-75.8279
BLOCK15/SES158/SA158S26	SES158	2.77167	-73.9089	-76.6805
BLOCK15/SES158/SA158S28	SES158	1.60258	-75.1174	-76.72
BLOCK16/SES162/SA162S10	SES162	1.25961	-77.4217	-78.6813
BLOCK16/SES162/SA162S11	SES162	1.37608	-75.7781	-77.1542
BLOCK16/SES162/SA162S21	SES162	1.40092	-76.0422	-77.4431
BLOCK16/SES162/SA162S24	SES162	1.43182	-76.2116	-77.6434
BLOCK16/SES162/SA162S27	SES162	1.67622	-76.9981	-78.6743
BLOCK16/SES167/SA167S14	SES167	1.07776	-74.5271	-75.6048
BLOCK16/SES167/SA167S15	SES167	1.3909	-76.4611	-77.852
BLOCK16/SES167/SA167S21	SES167	2.02133	-74.6601	-76.6815
BLOCK16/SES167/SA167S25	SES167	2.52242	-75.8472	-78.3696
BLOCK16/SES167/SA167S29	SES167	3.05266	-73.7622	-76.8148
BLOCK17/SES172/SA172S12	SES172	1.19342	-75.6431	-76.8365
BLOCK17/SES172/SA172S13	SES172	1.563	-76.694	-78.257
BLOCK17/SES172/SA172S23	SES172	0.41214	-74.9788	-75.391
BLOCK17/SES172/SA172S27	SES172	0.735672	-75.3866	-76.1223
BLOCK17/SES172/SA172S29	SES172	1.46615	-74.8603	-76.3264
BLOCK17/SES175/SA175S11	SES175	2.29035	-75.7831	-78.0735
BLOCK17/SES175/SA175S13	SES175	1.80916	-74.675	-76.4841
BLOCK17/SES175/SA175S23	SES175	2.40941	-75.2983	-77.7077
BLOCK17/SES175/SA175S25	SES175	1.56399	-77.9814	-79.5454
BLOCK17/SES175/SA175S28	SES175	2.29714	-75.0863	-77.3834
BLOCK17/SES177/SA177S15	SES177	0.400185	-76.1098	-76.51
BLOCK17/SES177/SA177S17	SES177	0.882599	-75.1166	-75.9992
BLOCK17/SES177/SA177S23	SES177	-0.181473	-76.796	-76.6145
BLOCK17/SES177/SA177S26	SES177	0.956551	-73.9115	-74.8681
BLOCK17/SES177/SA177S28	SES177	0.752457	-74.4907	-75.2431
BLOCK18/SES180/SA180S13	SES180	1.26842	-76.5786	-77.847
BLOCK18/SES180/SA180S15	SES180	1.16494	-76.5171	-77.682
BLOCK18/SES180/SA180S24	SES180	1.2055	-75.0738	-76.2793
BLOCK18/SES180/SA180S26	SES180	0.691376	-75.5419	-76.2333
BLOCK18/SES180/SA180S29	SES180	1.4596	-77.2104	-78.67
BLOCK18/SES183/SA183S13	SES183	1.31787	-77.0008	-78.3187
BLOCK18/SES183/SA183S14	SES183	0.582298	-77.3724	-77.9547
BLOCK18/SES183/SA183S24	SES183	1.59104	-78.0555	-79.6465
BLOCK18/SES183/SA183S27	SES183	1.49929	-76.2348	-77.7341
BLOCK18/SES183/SA183S29	SES183	1.50335	-75.128	-76.6314
BLOCK18/SES187/SA187S13	SES187	1.88501	-77.0439	-78.9289
BLOCK18/SES187/SA187S14	SES187	1.66895	-77.1715	-78.8404
BLOCK18/SES187/SA187S24	SES187	2.79717	-76.448	-79.2452
BLOCK18/SES187/SA187S27	SES187	2.2626	-76.0145	-78.2771
BLOCK18/SES187/SA187S29	SES187	2.03843	-76.6983	-78.7367
BLOCK18/SES189/SA189S10	SES189	3.96174	-78.463	-82.4248
BLOCK18/SES189/SA189S13	SES189	5.40408	-78.8555	-84.2596
BLOCK18/SES189/SA189S24	SES189	4.13213	-79.2595	-83.3917
BLOCK18/SES189/SA189S26	SES189	3.26364	-77.9839	-81.2475
BLOCK18/SES189/SA189S29	SES189	4.05129	-77.5982	-81.6495
BLOCK20/SES202/SA202S12	SES202	3.30609	-77.1178	-80.4239
BLOCK20/SES202/SA202S14	SES202	4.4099	-74.463	-78.8729
BLOCK20/SES202/SA202S24	SES202	3.34606	-75.625	-78.9711
BLOCK20/SES202/SA202S27	SES202	3.21752	-73.8104	-77.0279
BLOCK20/SES202/SA202S29	SES202	4.23569	-74.4841	-78.7198
BLOCK20/SES206/SA206S15	SES206	0.907509	-72.6117	-73.5192
BLOCK20/SES206/SA206S17	SES206	2.96159	-69.5378	-72.4994
BLOCK20/SES206/SA206S24	SES206	2.23615	-70.7266	-72.9628
BLOCK20/SES206/SA206S27	SES206	2.56847	-70.8979	-73.4664
BLOCK20/SES206/SA206S29	SES206	1.95176	-69.2345	-71.1863
BLOCK22/SES226/SA226S12	SES226	2.40889	-73.5553	-75.9642
BLOCK22/SES226/SA226S13	SES226	-0.441887	-75.0641	-74.6223
BLOCK22/SES226/SA226S20	SES226	1.71137	-73.7267	-75.4381
BLOCK22/SES226/SA226S23	SES226	2.33339	-73.0136	-75.347
BLOCK22/SES226/SA226S28	SES226	2.69901	-71.9997	-74.6987
BLOCK25/SES259/SA259S13	SES259	4.86382	-70.2076	-75.0714
BLOCK25/SES259/SA259S14	SES259	3.55914	-71.2833	-74.8425
BLOCK25/SES259/SA259S22	SES259	3.0729	-70.7915	-73.8644
BLOCK25/SES259/SA259S24	SES259	3.60674	-68.5882	-72.1949
BLOCK25/SES259/SA259S28	SES259	3.44641	-71.0005	-74.4469
BLOCK27/SES270/SA270S14	SES270	3.22918	-72.5331	-75.7623
BLOCK27/SES270/SA270S16	SES270	1.89384	-73.2942	-75.188
BLOCK27/SES270/SA270S22	SES270	3.7959	-71.3804	-75.1763
BLOCK27/SES270/SA270S26	SES270	2.57663	-73.7071	-76.2838
BLOCK27/SES270/SA270S28	SES270	2.47459	-72.5761	-75.0507
BLOCK27/SES275/SA275S17	SES275	1.31094	-76.158	-77.4689
BLOCK27/SES275/SA275S18	SES275	0.717415	-76.4201	-77.1375
BLOCK27/SES275/SA275S24	SES275	1.02909	-77.5105	-78.5396
BLOCK27/SES275/SA275S26	SES275	1.50169	-75.3719	-76.8736
BLOCK27/SES275/SA275S28	SES275	0.269394	-77.119	-77.3884
BLOCK29/SES292/SA292S10	SES292	0.719963	-76.2404	-76.9604
BLOCK29/SES292/SA292S12	SES292	0.254143	-77.9093	-78.1634
BLOCK29/SES292/SA292S22	SES292	1.0262	-75.5579	-76.5841
BLOCK29/SES292/SA292S24	SES292	0.353706	-76.1905	-76.5442
BLOCK29/SES292/SA292S27	SES292	-0.0117645	-75.5835	-75.5717
BLOCK00/SES001/SA001S14	SES062	-0.966316	-80.7313	-79.765
BLOCK00/SES001/SA001S14	SES082	-4.04485	-83.8098	-79.765
BLOCK00/SES001/SA001S14	SES106	-3.84008	-83.605	-79.765
BLOCK00/SES001/SA001S14	SES206	-8.86861	-88.6336	-79.765
BLOCK00/SES001/SA001S15	SES062	-2.45177	-78.7577	-76.3059
BLOCK00/SES001/SA001S15	SES104	-6.04612	-82.352	-76.3059
BLOCK00/SES001/SA001S15	SES106	-4.70951	-81.0154	-76.3059
BLOCK00/SES001/SA001S15	SES206	-9.87856	-86.1845	-76.3059
BLOCK00/SES001/SA001S24	SES062	-3.28665	-82.1587	-78.872
BLOCK00/SES001/SA001S24	SES082	-4.01812	-82.8901	-78.872
BLOCK00/SES001/SA001S24	SES087	-7.47166	-86.3437	-78.872
BLOCK00/SES001/SA001S24	SES206	-5.86329	-84.7353	-78.872
BLOCK00/SES001/SA001S27	SES062	-1.85609	-77.3956	-75.5395
BLOCK00/SES001/SA001S27	SES082	-4.62904	-80.1685	-75.5395
BLOCK00/SES001/SA001S27	SES087	-5.9826	-81.5221	-75.5395
BLOCK00/SES001/SA001S27	SES206	-6.13554	-81.675	-75.5395
BLOCK00/SES001/SA001S29	SES062	-1.80191	-80.58	-78.7781
BLOCK00/SES001/SA001S29	SES082	-3.73141	-82.5095	-78.7781
BLOCK00/SES001/SA001S29	SES158	-4.28141	-83.0595	-78.7781
BLOCK00/SES001/SA001S29	SES206	-9.91737	-88.6955	-78.7781
BLOCK00/SES003/SA003S11	SES002	-3.35404	-79.848	-76.4939
BLOCK00/SES003/SA003S11	SES019	-1.87458	-78.3685	-76.4939
BLOCK00/SES003/SA003S11	SES082	-0.254463	-76.7484	-76.4939
BLOCK00/SES003/SA003S11	SES125	-2.11247	-78.6064	-76.4939
BLOCK00/SES003/SA003S15	SES016	-6.82624	-82.2601	-75.4339
BLOCK00/SES003/SA003S15	SES019	-2.3597	-77.7936	-75.4339
BLOCK00/SES003/SA003S15	SES062	-3.64177	-79.0757	-75.4339
BLOCK00/SES003/SA003S15	SES206	-1.58026	-77.0142	-75.4339
BLOCK00/SES003/SA003S22	SES002	-6.80168	-82.7943	-75.9926
BLOCK00/SES003/SA003S22	SES062	-2.55101	-78.5436	-75.9926
BLOCK00/SES003/SA003S22	SES082	-1.38316	-77.3757	-75.9926
BLOCK00/SES003/SA003S22	SES087	-4.59859	-80.5912	-75.9926
BLOCK00/SES003/SA003S25	SES062	-3.66728	-81.4387	-77.7714
BLOCK00/SES003/SA003S25	SES082	-0.491592	-78.263	-77.7714
BLOCK00/SES003/SA003S25	SES087	-4.57209	-82.3435	-77.7714
BLOCK00/SES003/SA003S25	SES206	-4.11014	-81.8815	-77.7714
BLOCK00/SES003/SA003S29	SES002	-5.90063	-82.2681	-76.3674
BLOCK00/SES003/SA003S29	SES062	-2.76847	-79.1359	-76.3674
BLOCK00/SES003/SA003S29	SES082	-0.839508	-77.2069	-76.3674
BLOCK00/SES003/SA003S29	SES087	-4.08881	-80.4562	-76.3674
BLOCK00/SES004/SA004S12	SES083	-1.96944	-80.7481	-78.7787
BLOCK00/SES004/SA004S12	SES148	-1.59743	-80.3761	-78.7787
BLOCK00/SES004/SA004S12	SES172	-2.61067	-81.3894	-78.7787
BLOCK00/SES004/SA004S12	SES292	-2.21753	-80.9962	-78.7787
BLOCK00/SES004/SA004S17	SES083	-1.66928	-80.4219	-78.7527
BLOCK00/SES004/SA004S17	SES162	-1.62633	-80.379	-78.7527
BLOCK00/SES004/SA004S17	SES172	-2.61906	-81.3717	-78.7527
BLOCK00/SES004/SA004S17	SES292	-2.14236	-80.895	-78.7527
BLOCK00/SES004/SA004S24	SES083	-1.57645	-79.3205	-77.7441
BLOCK00/SES004/SA004S24	SES148	-2.23124	-79.9753	-77.7441
BLOCK00/SES004/SA004S24	SES172	-1.69678	-79.4408	-77.7441
BLOCK00/SES004/SA004S24	SES292	-1.95763	-79.7017	-77.7441
BLOCK00/SES004/SA004S26	SES083	-0.651154	-78.4666	-77.8155
BLOCK00/SES004/SA004S26	SES127	-2.25212	-80.0676	-77.8155
BLOCK00/SES004/SA004S26	SES148	-2.68411	-80.4996	-77.8155
BLOCK00/SES004/SA004S26	SES292	-2.13243	-79.9479	-77.8155
BLOCK00/SES004/SA004S28	SES083	-1.32997	-78.775	-77.445
BLOCK00/SES004/SA004S28	SES127	-1.90896	-79.354	-77.445
BLOCK00/SES004/SA004S28	SES187	-1.22656	-78.6716	-77.445
BLOCK00/SES004/SA004S28	SES292	-1.50818	-78.9532	-77.445
BLOCK00/SES006/SA006S10	SES014	-2.98471	-83.2453	-80.2606
BLOCK00/SES006/SA006S10	SES158	-0.709991	-80.9706	-80.2606
BLOCK00/SES006/SA006S10	SES226	-2.50568	-82.7663	-80.2606
BLOCK00/SES006/SA006S10	SES270	-0.647636	-80.9082	-80.2606
BLOCK00/SES006/SA006S11	SES158	-0.606972	-80.2126	-79.6057
BLOCK00/SES006/SA006S11	SES226	-1.99718	-81.6028	-79.6057
BLOCK00/SES006/SA006S11	SES270	-0.4142	-80.0199	-79.6057
BLOCK00/SES006/SA006S11	SES275	-4.19511	-83.8008	-79.6057
BLOCK00/SES006/SA006S23	SES062	-3.22026	-79.7882	-76.568
BLOCK00/SES006/SA006S23	SES105	-2.74152	-79.3095	-76.568
BLOCK00/SES006/SA006S23	SES158	-1.63778	-78.2057	-76.568
BLOCK00/SES006/SA006S23	SES275	-3.37404	-79.942	-76.568
BLOCK00/SES006/SA006S26	SES104	-1.77692	-80.0822	-78.3053
BLOCK00/SES006/SA006S26	SES158	-0.1968	-78.5021	-78.3053
BLOCK00/SES006/SA006S26	SES270	-0.898071	-79.2034	-78.3053
BLOCK00/SES006/SA006S26	SES275	-3.72076	-82.026	-78.3053
BLOCK00/SES006/SA006S28	SES007	-3.89336	-82.8289	-78.9356
BLOCK00/SES006/SA006S28	SES105	-3.09119	-82.0268	-78.9356
BLOCK00/SES006/SA006S28	SES158	-1.49168	-80.4273	-78.9356
BLOCK00/SES006/SA006S28	SES275	-3.75155	-82.6871	-78.9356
BLOCK00/SES009/SA009S12	SES083	-1.89688	-77.7391	-75.8423
BLOCK00/SES009/SA009S12	SES148	-1.91323	-77.7555	-75.8423
BLOCK00/SES009/SA009S12	SES177	-4.083	-79.9253	-75.8423
BLOCK00/SES009/SA009S12	SES292	-0.340645	-76.1829	-75.8423
BLOCK00/SES009/SA009S15	SES007	0.505974	-74.2472	-74.7532
BLOCK00/SES009/SA009S15	SES099	-24.4576	-99.2108	-74.7532
BLOCK00/SES009/SA009S15	SES148	-2.67787	-77.431	-74.7532
BLOCK00/SES009/SA009S15	SES172	-2.75475	-77.5079	-74.7532
BLOCK00/SES009/SA009S24	SES146	-1.04668	-76.4138	-75.3671
BLOCK00/SES009/SA009S24	SES148	-2.02765	-77.3947	-75.3671
BLOCK00/SES009/SA009S24	SES177	-3.18032	-78.5474	-75.3671
BLOCK00/SES009/SA009S24	SES292	-0.54808	-75.9152	-75.3671
BLOCK00/SES009/SA009S26	SES083	-1.61654	-77.3165	-75.6999
BLOCK00/SES009/SA009S26	SES101	-1.26105	-76.961	-75.6999
BLOCK00/SES009/SA009S26	SES120	-1.65378	-77.3537	-75.6999
BLOCK00/SES009/SA009S26	SES177	-3.58591	-79.2858	-75.6999
BLOCK00/SES009/SA009S29	SES083	-1.24541	-76.3832	-75.1378
BLOCK00/SES009/SA009S29	SES101	-1.69435	-76.8322	-75.1378
BLOCK00/SES009/SA009S29	SES177	-3.96435	-79.1022	-75.1378
BLOCK00/SES009/SA009S29	SES292	-0.341644	-75.4795	-75.1378
BLOCK01/SES011/SA011S10	SES019	-0.712624	-75.6938	-74.9812
BLOCK01/SES011/SA011S10	SES042	-0.0666962	-75.0479	-74.9812
BLOCK01/SES011/SA011S10	SES082	0.131599	-74.8496	-74.9812
BLOCK01/SES011/SA011S10	SES206	-0.386215	-75.3674	-74.9812
BLOCK01/SES011/SA011S11	SES019	-0.268867	-76.9995	-76.7307
BLOCK01/SES011/SA011S11	SES042	-0.327072	-77.0577	-76.7307
BLOCK01/SES011/SA011S11	SES082	-1.04206	-77.7727	-76.7307
BLOCK01/SES011/SA011S11	SES206	-0.235596	-76.9663	-76.7307
BLOCK01/SES011/SA011S22	SES019	-0.372871	-76.3406	-75.9677
BLOCK01/SES011/SA011S22	SES042	-0.760597	-76.7283	-75.9677
BLOCK01/SES011/SA011S22	SES082	0.128174	-75.8396	-75.9677
BLOCK01/SES011/SA011S22	SES206	-0.897079	-76.8648	-75.9677
BLOCK01/SES011/SA011S24	SES019	-0.591049	-75.8483	-75.2572
BLOCK01/SES011/SA011S24	SES042	-0.275482	-75.5327	-75.2572
BLOCK01/SES011/SA011S24	SES104	-0.316658	-75.5739	-75.2572
BLOCK01/SES011/SA011S24	SES206	-0.350372	-75.6076	-75.2572
BLOCK01/SES011/SA011S27	SES082	1.00524	-75.4754	-76.4806
BLOCK01/SES011/SA011S27	SES087	-1.04272	-77.5233	-76.4806
BLOCK01/SES011/SA011S27	SES125	0.193619	-76.287	-76.4806
BLOCK01/SES011/SA011S27	SES206	-0.509613	-76.9902	-76.4806
BLOCK01/SES012/SA012S11	SES007	-5.15096	-77.5932	-72.4422
BLOCK01/SES012/SA012S11	SES082	-0.588806	-73.031	-72.4422
BLOCK01/SES012/SA012S11	SES083	-4.10585	-76.5481	-72.4422
BLOCK01/SES012/SA012S11	SES206	-0.231628	-72.6739	-72.4422
BLOCK01/SES012/SA012S14	SES082	-0.837212	-73.9937	-73.1565
BLOCK01/SES012/SA012S14	SES087	-2.24865	-75.4052	-73.1565
BLOCK01/SES012/SA012S14	SES206	-0.105087	-73.2616	-73.1565
BLOCK01/SES012/SA012S14	SES292	-6.11624	-79.2728	-73.1565
BLOCK01/SES012/SA012S24	SES082	0.26252	-74.1101	-74.3727
BLOCK01/SES012/SA012S24	SES087	-0.32637	-74.699	-74.3727
BLOCK01/SES012/SA012S24	SES120	-5.11745	-79.4901	-74.3727
BLOCK01/SES012/SA012S24	SES206	0.125336	-74.2473	-74.3727
BLOCK01/SES012/SA012S26	SES019	-2.56031	-75.0583	-72.4979
BLOCK01/SES012/SA012S26	SES082	-1.37608	-73.874	-72.4979
BLOCK01/SES012/SA012S26	SES206	0.359207	-72.1387	-72.4979
BLOCK01/SES012/SA012S26	SES292	-7.03819	-79.5361	-72.4979
BLOCK01/SES012/SA012S29	SES062	-4.17474	-77.216	-73.0413
BLOCK01/SES012/SA012S29	SES082	-0.603706	-73.645	-73.0413
BLOCK01/SES012/SA012S29	SES083	-3.27913	-76.3204	-73.0413
BLOCK01/SES012/SA012S29	SES206	-0.4142	-73.4555	-73.0413
BLOCK01/SES013/SA013S16	SES062	-5.7375	-80.7745	-75.037
BLOCK01/SES013/SA013S16	SES106	-0.268402	-75.3054	-75.037
BLOCK01/SES013/SA013S16	SES206	-0.557884	-75.5949	-75.037
BLOCK01/SES013/SA013S16	SES226	-0.336205	-75.3732	-75.037
BLOCK01/SES013/SA013S17	SES062	-5.82453	-79.0953	-73.2708
BLOCK01/SES013/SA013S17	SES106	-0.74321	-74.014	-73.2708
BLOCK01/SES013/SA013S17	SES206	-0.0917053	-73.3625	-73.2708
BLOCK01/SES013/SA013S17	SES226	-0.204239	-73.475	-73.2708
BLOCK01/SES013/SA013S23	SES104	-1.20267	-74.8464	-73.6437
BLOCK01/SES013/SA013S23	SES106	-0.628563	-74.2723	-73.6437
BLOCK01/SES013/SA013S23	SES206	-1.00108	-74.6448	-73.6437
BLOCK01/SES013/SA013S23	SES270	-0.574867	-74.2186	-73.6437
BLOCK01/SES013/SA013S25	SES042	-1.90573	-74.2561	-72.3503
BLOCK01/SES013/SA013S25	SES104	-0.995064	-73.3454	-72.3503
BLOCK01/SES013/SA013S25	SES106	-0.374298	-72.7246	-72.3503
BLOCK01/SES013/SA013S25	SES206	-0.637245	-72.9876	-72.3503
BLOCK01/SES013/SA013S29	SES062	-6.61193	-80.4019	-73.79
BLOCK01/SES013/SA013S29	SES104	-0.954147	-74.7441	-73.79
BLOCK01/SES013/SA013S29	SES106	-0.151672	-73.9417	-73.79
BLOCK01/SES013/SA013S29	SES206	-0.581772	-74.3718	-73.79
BLOCK02/SES021/SA021S13	SES016	-8.38685	-82.5361	-74.1492
BLOCK02/SES021/SA021S13	SES029	-7.75944	-81.9087	-74.1492
BLOCK02/SES021/SA021S13	SES087	-2.44238	-76.5916	-74.1492
BLOCK02/SES021/SA021S13	SES206	-1.19765	-75.3469	-74.1492
BLOCK02/SES021/SA021S15	SES087	-2.96846	-75.6758	-72.7074
BLOCK02/SES021/SA021S15	SES125	-0.633476	-73.3409	-72.7074
BLOCK02/SES021/SA021S15	SES206	-0.727013	-73.4344	-72.7074
BLOCK02/SES021/SA021S15	SES226	-1.18121	-73.8886	-72.7074
BLOCK02/SES021/SA021S23	SES062	-4.56326	-80.71	-76.1467
BLOCK02/SES021/SA021S23	SES087	-3.42396	-79.5706	-76.1467
BLOCK02/SES021/SA021S23	SES206	-1.46619	-77.6129	-76.1467
BLOCK02/SES021/SA021S23	SES226	-0.424698	-76.5714	-76.1467
BLOCK02/SES021/SA021S27	SES002	-3.66373	-78.5314	-74.8677
BLOCK02/SES021/SA021S27	SES016	-5.63676	-80.5045	-74.8677
BLOCK02/SES021/SA021S27	SES019	-1.86832	-76.736	-74.8677
BLOCK02/SES021/SA021S27	SES062	-2.15894	-77.0266	-74.8677
BLOCK02/SES021/SA021S29	SES087	-4.04348	-78.4634	-74.4199
BLOCK02/SES021/SA021S29	SES125	-1.6337	-76.0536	-74.4199
BLOCK02/SES021/SA021S29	SES206	-1.44933	-75.8692	-74.4199
BLOCK02/SES021/SA021S29	SES226	-0.425919	-74.8458	-74.4199
BLOCK04/SES043/SA043S09	SES083	-2.39589	-81.2373	-78.8414
BLOCK04/SES043/SA043S09	SES101	-4.27254	-83.1139	-78.8414
BLOCK04/SES043/SA043S09	SES144	-0.200279	-79.0416	-78.8414
BLOCK04/SES043/SA043S09	SES172	-6.50784	-85.3492	-78.8414
BLOCK04/SES043/SA043S11	SES083	-1.30656	-77.7088	-76.4022
BLOCK04/SES043/SA043S11	SES101	-2.00332	-78.4055	-76.4022
BLOCK04/SES043/SA043S11	SES144	-0.445786	-76.848	-76.4022
BLOCK04/SES043/SA043S11	SES172	-3.20398	-79.6062	-76.4022
BLOCK04/SES043/SA043S23	SES083	-0.358398	-77.7808	-77.4224
BLOCK04/SES043/SA043S23	SES144	0.0619202	-77.3605	-77.4224
BLOCK04/SES043/SA043S23	SES177	-4.90768	-82.3301	-77.4224
BLOCK04/SES043/SA043S23	SES275	-0.818489	-78.2409	-77.4224
BLOCK04/SES043/SA043S26	SES083	-1.27994	-78.5871	-77.3071
BLOCK04/SES043/SA043S26	SES101	-1.72107	-79.0282	-77.3071
BLOCK04/SES043/SA043S26	SES144	-0.991081	-78.2982	-77.3071
BLOCK04/SES043/SA043S26	SES177	-3.38618	-80.6933	-77.3071
BLOCK04/SES043/SA043S28	SES016	-1.5539	-77.3956	-75.8417
BLOCK04/SES043/SA043S28	SES083	-1.05944	-76.9011	-75.8417
BLOCK04/SES043/SA043S28	SES101	-1.54108	-77.3828	-75.8417
BLOCK04/SES043/SA043S28	SES144	-0.956581	-76.7983	-75.8417
BLOCK04/SES044/SA044S10	SES127	-3.38673	-84.2423	-80.8556
BLOCK04/SES044/SA044S10	SES144	-0.827827	-81.6834	-80.8556
BLOCK04/SES044/SA044S10	SES147	-4.75322	-85.6088	-80.8556
BLOCK04/SES044/SA044S10	SES148	-3.67012	-84.5257	-80.8556
BLOCK04/SES044/SA044S11	SES101	-2.18687	-81.7193	-79.5324
BLOCK04/SES044/SA044S11	SES144	-0.809166	-80.3416	-79.5324
BLOCK04/SES044/SA044S11	SES147	-3.87241	-83.4049	-79.5324
BLOCK04/SES044/SA044S11	SES177	-2.58717	-82.1196	-79.5324
BLOCK04/SES044/SA044S24	SES007	-2.94233	-81.6097	-78.6674
BLOCK04/SES044/SA044S24	SES101	-1.50459	-80.172	-78.6674
BLOCK04/SES044/SA044S24	SES147	-5.98853	-84.6559	-78.6674
BLOCK04/SES044/SA044S24	SES177	-4.2271	-82.8945	-78.6674
BLOCK04/SES044/SA044S26	SES007	-2.54848	-80.9423	-78.3938
BLOCK04/SES044/SA044S26	SES016	-0.533737	-78.9276	-78.3938
BLOCK04/SES044/SA044S26	SES101	-1.63607	-80.0299	-78.3938
BLOCK04/SES044/SA044S26	SES147	-2.27777	-80.6716	-78.3938
BLOCK04/SES044/SA044S29	SES007	-2.02254	-79.3745	-77.352
BLOCK04/SES044/SA044S29	SES101	-0.782639	-78.1346	-77.352
BLOCK04/SES044/SA044S29	SES147	-2.40512	-79.7571	-77.352
BLOCK04/SES044/SA044S29	SES177	-2.63061	-79.9826	-77.352
BLOCK04/SES046/SA046S13	SES101	-4.64097	-83.4754	-78.8345
BLOCK04/SES046/SA046S13	SES144	-1.67008	-80.5046	-78.8345
BLOCK04/SES046/SA046S13	SES147	-3.17321	-82.0077	-78.8345
BLOCK04/SES046/SA046S13	SES177	-2.52296	-81.3574	-78.8345
BLOCK04/SES046/SA046S15	SES048	-4.3755	-81.6515	-77.276
BLOCK04/SES046/SA046S15	SES083	-0.384544	-77.6605	-77.276
BLOCK04/SES046/SA046S15	SES120	-2.00632	-79.2823	-77.276
BLOCK04/SES046/SA046S15	SES148	-1.68533	-78.9613	-77.276
BLOCK04/SES046/SA046S22	SES101	-1.00938	-79.3055	-78.2961
BLOCK04/SES046/SA046S22	SES144	-0.737228	-79.0333	-78.2961
BLOCK04/SES046/SA046S22	SES147	-2.27184	-80.5679	-78.2961
BLOCK04/SES046/SA046S22	SES172	-3.1821	-81.4782	-78.2961
BLOCK04/SES046/SA046S25	SES083	-1.7282	-79.0736	-77.3454
BLOCK04/SES046/SA046S25	SES127	-2.39294	-79.7383	-77.3454
BLOCK04/SES046/SA046S25	SES144	-2.0629	-79.4083	-77.3454
BLOCK04/SES046/SA046S25	SES148	-1.62885	-78.9742	-77.3454
BLOCK04/SES046/SA046S28	SES007	-3.26196	-82.3363	-79.0744
BLOCK04/SES046/SA046S28	SES105	-3.06342	-82.1378	-79.0744
BLOCK04/SES046/SA046S28	SES147	-3.28088	-82.3552	-79.0744
BLOCK04/SES046/SA046S28	SES148	-1.29823	-80.3726	-79.0744
BLOCK04/SES049/SA049S16	SES104	-0.993561	-76.6605	-75.6669
BLOCK04/SES049/SA049S16	SES106	-0.6819	-76.3488	-75.6669
BLOCK04/SES049/SA049S16	SES120	-3.95974	-79.6267	-75.6669
BLOCK04/SES049/SA049S16	SES206	-0.718216	-76.3852	-75.6669
BLOCK04/SES049/SA049S18	SES099	-2.14555	-78.9181	-76.7725
BLOCK04/SES049/SA049S18	SES104	-1.25655	-78.0291	-76.7725
BLOCK04/SES049/SA049S18	SES125	-2.52459	-79.2971	-76.7725
BLOCK04/SES049/SA049S18	SES206	-1.47872	-78.2513	-76.7725
BLOCK04/SES049/SA049S25	SES087	-1.62813	-77.2493	-75.6212
BLOCK04/SES049/SA049S25	SES104	0.43055	-75.1907	-75.6212
BLOCK04/SES049/SA049S25	SES125	-2.41875	-78.04	-75.6212
BLOCK04/SES049/SA049S25	SES206	-0.479836	-76.101	-75.6212
BLOCK04/SES049/SA049S27	SES099	-2.32452	-77.5045	-75.18
BLOCK04/SES049/SA049S27	SES104	0.112297	-75.0677	-75.18
BLOCK04/SES049/SA049S27	SES125	-1.45984	-76.6398	-75.18
BLOCK04/SES049/SA049S27	SES206	-0.692497	-75.8725	-75.18
BLOCK04/SES049/SA049S29	SES099	-2.54381	-77.2289	-74.6851
BLOCK04/SES049/SA049S29	SES104	0.450874	-74.2342	-74.6851
BLOCK04/SES049/SA049S29	SES125	-0.613518	-75.2986	-74.6851
BLOCK04/SES049/SA049S29	SES206	-0.0781097	-74.7632	-74.6851
BLOCK06/SES063/SA063S09	SES068	-1.7187	-78.1911	-76.4724
BLOCK06/SES063/SA063S09	SES083	-0.207817	-76.6802	-76.4724
BLOCK06/SES063/SA063S09	SES177	-1.04269	-77.5151	-76.4724
BLOCK06/SES063/SA063S09	SES187	-0.729942	-77.2024	-76.4724
BLOCK06/SES063/SA063S10	SES068	-1.8549	-79.3767	-77.5218
BLOCK06/SES063/SA063S10	SES083	-0.377464	-77.8993	-77.5218
BLOCK06/SES063/SA063S10	SES172	-0.816643	-78.3384	-77.5218
BLOCK06/SES063/SA063S10	SES187	-0.411171	-77.933	-77.5218
BLOCK06/SES063/SA063S20	SES068	-3.41985	-81.4042	-77.9844
BLOCK06/SES063/SA063S20	SES083	-0.977737	-78.9621	-77.9844
BLOCK06/SES063/SA063S20	SES172	-2.02882	-80.0132	-77.9844
BLOCK06/SES063/SA063S20	SES187	0.479408	-77.505	-77.9844
BLOCK06/SES063/SA063S24	SES029	-2.38019	-79.0272	-76.647
BLOCK06/SES063/SA063S24	SES083	-0.156967	-76.804	-76.647
BLOCK06/SES063/SA063S24	SES177	-0.731438	-77.3785	-76.647
BLOCK06/SES063/SA063S24	SES189	-1.14587	-77.7929	-76.647
BLOCK06/SES063/SA063S27	SES083	-0.360146	-78.1131	-77.753
BLOCK06/SES063/SA063S27	SES172	-1.34213	-79.0951	-77.753
BLOCK06/SES063/SA063S27	SES187	-1.1804	-78.9334	-77.753
BLOCK06/SES063/SA063S27	SES292	-2.03394	-79.7869	-77.753
BLOCK06/SES067/SA067S12	SES083	-1.72445	-78.0191	-76.2946
BLOCK06/SES067/SA067S12	SES172	-3.86894	-80.1636	-76.2946
BLOCK06/SES067/SA067S12	SES202	0.0528336	-76.2418	-76.2946
BLOCK06/SES067/SA067S12	SES292	-2.43483	-78.7295	-76.2946
BLOCK06/SES067/SA067S14	SES085	-1.95995	-77.9011	-75.9411
BLOCK06/SES067/SA067S14	SES177	-1.48727	-77.4284	-75.9411
BLOCK06/SES067/SA067S14	SES183	-2.5838	-78.5249	-75.9411
BLOCK06/SES067/SA067S14	SES202	-0.846207	-76.7873	-75.9411
BLOCK06/SES067/SA067S21	SES144	-1.1944	-79.086	-77.8916
BLOCK06/SES067/SA067S21	SES177	-0.697632	-78.5893	-77.8916
BLOCK06/SES067/SA067S21	SES183	-4.20219	-82.0938	-77.8916
BLOCK06/SES067/SA067S21	SES189	0.0479431	-77.8437	-77.8916
BLOCK06/SES067/SA067S25	SES085	-0.341431	-77.5732	-77.2318
BLOCK06/SES067/SA067S25	SES177	-0.422531	-77.6543	-77.2318
BLOCK06/SES067/SA067S25	SES183	-1.60632	-78.8381	-77.2318
BLOCK06/SES067/SA067S25	SES202	0.026825	-77.2049	-77.2318
BLOCK06/SES067/SA067S29	SES085	0.39769	-76.7142	-77.1119
BLOCK06/SES067/SA067S29	SES177	-0.806076	-77.9179	-77.1119
BLOCK06/SES067/SA067S29	SES183	-0.863068	-77.9749	-77.1119
BLOCK06/SES067/SA067S29	SES202	0.790627	-76.3212	-77.1119
BLOCK06/SES069/SA069S12	SES029	-4.24554	-79.1656	-74.92
BLOCK06/SES069/SA069S12	SES082	-0.364388	-75.2844	-74.92
BLOCK06/SES069/SA069S12	SES087	-3.92477	-78.8448	-74.92
BLOCK06/SES069/SA069S12	SES206	-2.23973	-77.1598	-74.92
BLOCK06/SES069/SA069S13	SES029	-4.47742	-79.2928	-74.8154
BLOCK06/SES069/SA069S13	SES087	-3.81736	-78.6328	-74.8154
BLOCK06/SES069/SA069S13	SES206	-3.90585	-78.7212	-74.8154
BLOCK06/SES069/SA069S13	SES226	-1.95206	-76.7674	-74.8154
BLOCK06/SES069/SA069S23	SES029	-3.47675	-76.0853	-72.6085
BLOCK06/SES069/SA069S23	SES087	-4.99569	-77.6042	-72.6085
BLOCK06/SES069/SA069S23	SES206	-3.11581	-75.7243	-72.6085
BLOCK06/SES069/SA069S23	SES226	-1.03313	-73.6416	-72.6085
BLOCK06/SES069/SA069S25	SES087	-2.7902	-75.8289	-73.0387
BLOCK06/SES069/SA069S25	SES206	-2.85818	-75.8969	-73.0387
BLOCK06/SES069/SA069S25	SES226	-1.67262	-74.7113	-73.0387
BLOCK06/SES069/SA069S25	SES270	-3.36781	-76.4065	-73.0387
BLOCK06/SES069/SA069S27	SES087	-3.57848	-77.5448	-73.9663
BLOCK06/SES069/SA069S27	SES206	-1.15591	-75.1222	-73.9663
BLOCK06/SES069/SA069S27	SES226	0.272148	-73.6941	-73.9663
BLOCK06/SES069/SA069S27	SES270	-3.39316	-77.3595	-73.9663
BLOCK08/SES081/SA081S11	SES060	-1.66007	-78.7392	-77.0791
BLOCK08/SES081/SA081S11	SES062	-3.2818	-80.3609	-77.0791
BLOCK08/SES081/SA081S11	SES117	-2.48904	-79.5682	-77.0791
BLOCK08/SES081/SA081S11	SES162	-0.950974	-78.0301	-77.0791
BLOCK08/SES081/SA081S13	SES016	-0.664673	-76.3527	-75.688
BLOCK08/SES081/SA081S13	SES060	-0.289268	-75.9772	-75.688
BLOCK08/SES081/SA081S13	SES068	-0.142494	-75.8305	-75.688
BLOCK08/SES081/SA081S13	SES129	-3.12794	-78.8159	-75.688
BLOCK08/SES081/SA081S24	SES060	-1.04179	-78.068	-77.0262
BLOCK08/SES081/SA081S24	SES068	-1.20302	-78.2292	-77.0262
BLOCK08/SES081/SA081S24	SES117	-1.94438	-78.9706	-77.0262
BLOCK08/SES081/SA081S24	SES275	-2.74971	-79.7759	-77.0262
BLOCK08/SES081/SA081S27	SES007	-3.32458	-80.3008	-76.9763
BLOCK08/SES081/SA081S27	SES060	-2.65074	-79.627	-76.9763
BLOCK08/SES081/SA081S27	SES117	-1.22685	-78.2031	-76.9763
BLOCK08/SES081/SA081S27	SES275	-2.81925	-79.7955	-76.9763
BLOCK08/SES081/SA081S29	SES007	-2.41171	-78.6001	-76.1884
BLOCK08/SES081/SA081S29	SES060	-1.48691	-77.6753	-76.1884
BLOCK08/SES081/SA081S29	SES117	-1.90667	-78.0951	-76.1884
BLOCK08/SES081/SA081S29	SES275	-2.56109	-78.7495	-76.1884
BLOCK08/SES086/SA086S11	SES029	-5.99313	-82.2118	-76.2187
BLOCK08/SES086/SA086S11	SES082	-2.03439	-78.2531	-76.2187
BLOCK08/SES086/SA086S11	SES087	-0.58226	-76.801	-76.2187
BLOCK08/SES086/SA086S11	SES206	-2.01199	-78.2307	-76.2187
BLOCK08/SES086/SA086S12	SES029	-5.9989	-81.4389	-75.44
BLOCK08/SES086/SA086S12	SES082	-0.985779	-76.4258	-75.44
BLOCK08/SES086/SA086S12	SES087	0.683701	-74.7563	-75.44
BLOCK08/SES086/SA086S12	SES206	-0.633743	-76.0738	-75.44
BLOCK08/SES086/SA086S20	SES029	-6.1912	-79.6992	-73.508
BLOCK08/SES086/SA086S20	SES082	-1.36723	-74.8753	-73.508
BLOCK08/SES086/SA086S20	SES087	0.311638	-73.1964	-73.508
BLOCK08/SES086/SA086S20	SES206	-0.207573	-73.7156	-73.508
BLOCK08/SES086/SA086S24	SES087	0.338348	-74.903	-75.2414
BLOCK08/SES086/SA086S24	SES104	-0.785568	-76.027	-75.2414
BLOCK08/SES086/SA086S24	SES120	-5.23724	-80.4786	-75.2414
BLOCK08/SES086/SA086S24	SES206	-0.244972	-75.4864	-75.2414
BLOCK08/SES086/SA086S28	SES029	-4.55302	-78.8477	-74.2947
BLOCK08/SES086/SA086S28	SES082	-0.660851	-74.9556	-74.2947
BLOCK08/SES086/SA086S28	SES087	0.403267	-73.8915	-74.2947
BLOCK08/SES086/SA086S28	SES206	-0.408188	-74.7029	-74.2947
BLOCK08/SES089/SA089S13	SES087	-4.51836	-81.6484	-77.1301
BLOCK08/SES089/SA089S13	SES206	-4.13217	-81.2622	-77.1301
BLOCK08/SES089/SA089S13	SES226	-0.959908	-78.09	-77.1301
BLOCK08/SES089/SA089S13	SES270	-4.99976	-82.1298	-77.1301
BLOCK08/SES089/SA089S14	SES062	-2.55788	-79.43	-76.8722
BLOCK08/SES089/SA089S14	SES087	-2.06252	-78.9347	-76.8722
BLOCK08/SES089/SA089S14	SES206	-1.06441	-77.9366	-76.8722
BLOCK08/SES089/SA089S14	SES226	0.191734	-76.6804	-76.8722
BLOCK08/SES089/SA089S23	SES087	-5.73534	-84.598	-78.8627
BLOCK08/SES089/SA089S23	SES206	-4.99719	-83.8599	-78.8627
BLOCK08/SES089/SA089S23	SES226	-0.489166	-79.3519	-78.8627
BLOCK08/SES089/SA089S23	SES270	-7.44329	-86.306	-78.8627
BLOCK08/SES089/SA089S25	SES062	-3.89902	-80.824	-76.925
BLOCK08/SES089/SA089S25	SES087	-4.57619	-81.5012	-76.925
BLOCK08/SES089/SA089S25	SES206	-2.41183	-79.3368	-76.925
BLOCK08/SES089/SA089S25	SES226	0.42897	-76.496	-76.925
BLOCK08/SES089/SA089S28	SES062	-2.90736	-79.9328	-77.0254
BLOCK08/SES089/SA089S28	SES087	-3.92063	-80.9461	-77.0254
BLOCK08/SES089/SA089S28	SES206	-2.31624	-79.3417	-77.0254
BLOCK08/SES089/SA089S28	SES226	0.778366	-76.2471	-77.0254
BLOCK09/SES097/SA097S11	SES099	-1.60592	-77.4122	-75.8063
BLOCK09/SES097/SA097S11	SES125	-2.2902	-78.0965	-75.8063
BLOCK09/SES097/SA097S11	SES206	-1.76772	-77.574	-75.8063
BLOCK09/SES097/SA097S11	SES226	-0.400894	-76.2072	-75.8063
BLOCK09/SES097/SA097S14	SES062	-5.85534	-83.0348	-77.1794
BLOCK09/SES097/SA097S14	SES099	-3.11691	-80.2964	-77.1794
BLOCK09/SES097/SA097S14	SES104	-0.468391	-77.6478	-77.1794
BLOCK09/SES097/SA097S14	SES206	-1.80408	-78.9835	-77.1794
BLOCK09/SES097/SA097S22	SES099	-2.08099	-77.2837	-75.2027
BLOCK09/SES097/SA097S22	SES206	-1.00911	-76.2118	-75.2027
BLOCK09/SES097/SA097S22	SES226	-0.497482	-75.7002	-75.2027
BLOCK09/SES097/SA097S22	SES270	-0.838211	-76.0409	-75.2027
BLOCK09/SES097/SA097S26	SES099	-2.18024	-77.6004	-75.4202
BLOCK09/SES097/SA097S26	SES120	-4.00334	-79.4235	-75.4202
BLOCK09/SES097/SA097S26	SES206	-1.17578	-76.596	-75.4202
BLOCK09/SES097/SA097S26	SES226	-1.61605	-77.0362	-75.4202
BLOCK09/SES097/SA097S28	SES099	-3.47546	-79.5263	-76.0508
BLOCK09/SES097/SA097S28	SES120	-3.41989	-79.4707	-76.0508
BLOCK09/SES097/SA097S28	SES206	-2.27791	-78.3287	-76.0508
BLOCK09/SES097/SA097S28	SES226	-1.50073	-77.5515	-76.0508
BLOCK09/SES098/SA098S11	SES127	-4.24505	-84.0426	-79.7975
BLOCK09/SES098/SA098S11	SES144	-1.19856	-80.9961	-79.7975
BLOCK09/SES098/SA098S11	SES147	-0.387901	-80.1854	-79.7975
BLOCK09/SES098/SA098S11	SES148	-3.59253	-83.39	-79.7975
BLOCK09/SES098/SA098S12	SES127	-7.95164	-89.7702	-81.8186
BLOCK09/SES098/SA098S12	SES144	-1.77569	-83.5943	-81.8186
BLOCK09/SES098/SA098S12	SES147	-0.610649	-82.4292	-81.8186
BLOCK09/SES098/SA098S12	SES189	0.438873	-81.3797	-81.8186
BLOCK09/SES098/SA098S20	SES127	-8.81495	-89.0139	-80.1989
BLOCK09/SES098/SA098S20	SES147	0.337006	-79.8619	-80.1989
BLOCK09/SES098/SA098S20	SES148	-5.00295	-85.2019	-80.1989
BLOCK09/SES098/SA098S20	SES292	-5.62764	-85.8266	-80.1989
BLOCK09/SES098/SA098S23	SES127	-3.28625	-81.9992	-78.713
BLOCK09/SES098/SA098S23	SES147	-0.420525	-79.1335	-78.713
BLOCK09/SES098/SA098S23	SES187	-0.132881	-78.8459	-78.713
BLOCK09/SES098/SA098S23	SES292	-3.38976	-82.1028	-78.713
BLOCK09/SES098/SA098S27	SES127	-3.0649	-83.4247	-80.3598
BLOCK09/SES098/SA098S27	SES147	-0.925827	-81.2857	-80.3598
BLOCK09/SES098/SA098S27	SES148	-4.18738	-84.5472	-80.3598
BLOCK09/SES098/SA098S27	SES292	-3.8262	-84.186	-80.3598
BLOCK10/SES102/SA102S13	SES101	-0.370583	-78.2016	-77.831
BLOCK10/SES102/SA102S13	SES105	-2.23483	-80.0659	-77.831
BLOCK10/SES102/SA102S13	SES120	-2.32274	-80.1538	-77.831
BLOCK10/SES102/SA102S13	SES158	-18.3333	-96.1644	-77.831
BLOCK10/SES102/SA102S14	SES007	-0.348442	-76.0415	-75.6931
BLOCK10/SES102/SA102S14	SES101	-0.617065	-76.3102	-75.6931
BLOCK10/SES102/SA102S14	SES105	-0.950096	-76.6432	-75.6931
BLOCK10/SES102/SA102S14	SES147	-4.4382	-80.1313	-75.6931
BLOCK10/SES102/SA102S22	SES007	-1.14754	-77.3915	-76.244
BLOCK10/SES102/SA102S22	SES101	-0.0232773	-76.2673	-76.244
BLOCK10/SES102/SA102S22	SES105	-1.18983	-77.4338	-76.244
BLOCK10/SES102/SA102S22	SES158	-9.37832	-85.6223	-76.244
BLOCK10/SES102/SA102S25	SES007	-0.741348	-77.4254	-76.684
BLOCK10/SES102/SA102S25	SES101	-0.896111	-77.5801	-76.684
BLOCK10/SES102/SA102S25	SES105	-1.12258	-77.8066	-76.684
BLOCK10/SES102/SA102S25	SES147	-6.0835	-82.7675	-76.684
BLOCK10/SES102/SA102S27	SES007	-1.45993	-78.4431	-76.9832
BLOCK10/SES102/SA102S27	SES101	-0.598297	-77.5815	-76.9832
BLOCK10/SES102/SA102S27	SES105	-1.53371	-78.5169	-76.9832
BLOCK10/SES102/SA102S27	SES147	-3.96135	-80.9445	-76.9832
BLOCK10/SES103/SA103S14	SES105	-4.28336	-81.103	-76.8196
BLOCK10/SES103/SA103S14	SES106	-0.841957	-77.6616	-76.8196
BLOCK10/SES103/SA103S14	SES120	-4.25462	-81.0742	-76.8196
BLOCK10/SES103/SA103S14	SES206	-1.41889	-78.2385	-76.8196
BLOCK10/SES103/SA103S15	SES099	-1.3754	-80.3117	-78.9363
BLOCK10/SES103/SA103S15	SES101	-6.92107	-85.8574	-78.9363
BLOCK10/SES103/SA103S15	SES104	-0.541336	-79.4777	-78.9363
BLOCK10/SES103/SA103S15	SES125	-0.486626	-79.423	-78.9363
BLOCK10/SES103/SA103S24	SES104	-1.4332	-76.6802	-75.247
BLOCK10/SES103/SA103S24	SES125	-2.68183	-77.9288	-75.247
BLOCK10/SES103/SA103S24	SES148	-6.00749	-81.2545	-75.247
BLOCK10/SES103/SA103S24	SES158	-1.38118	-76.6282	-75.247
BLOCK10/SES103/SA103S26	SES104	-1.18409	-79.448	-78.2639
BLOCK10/SES103/SA103S26	SES106	-0.686684	-78.9506	-78.2639
BLOCK10/SES103/SA103S26	SES125	-2.36416	-80.6281	-78.2639
BLOCK10/SES103/SA103S26	SES148	-5.34698	-83.6109	-78.2639
BLOCK10/SES103/SA103S28	SES104	-2.11957	-81.4926	-79.373
BLOCK10/SES103/SA103S28	SES106	-1.71153	-81.0845	-79.373
BLOCK10/SES103/SA103S28	SES125	-4.16708	-83.5401	-79.373
BLOCK10/SES103/SA103S28	SES206	-4.76191	-84.1349	-79.373
BLOCK12/SES121/SA121S12	SES042	-3.62354	-83.948	-80.3245
BLOCK12/SES121/SA121S12	SES087	-3.53718	-83.8617	-80.3245
BLOCK12/SES121/SA121S12	SES105	-3.24377	-83.5683	-80.3245
BLOCK12/SES121/SA121S12	SES206	-2.20334	-82.5278	-80.3245
BLOCK12/SES121/SA121S14	SES007	-6.37347	-86.2693	-79.8958
BLOCK12/SES121/SA121S14	SES105	-4.20316	-84.099	-79.8958
BLOCK12/SES121/SA121S14	SES106	-1.90755	-81.8034	-79.8958
BLOCK12/SES121/SA121S14	SES206	-2.53799	-82.4338	-79.8958
BLOCK12/SES121/SA121S23	SES105	-3.25221	-84.2119	-80.9596
BLOCK12/SES121/SA121S23	SES106	-1.61169	-82.5713	-80.9596
BLOCK12/SES121/SA121S23	SES120	-4.48039	-85.44	-80.9596
BLOCK12/SES121/SA121S23	SES206	-1.72375	-82.6834	-80.9596
BLOCK12/SES121/SA121S25	SES007	-5.36342	-87.0494	-81.686
BLOCK12/SES121/SA121S25	SES105	-4.3918	-86.0778	-81.686
BLOCK12/SES121/SA121S25	SES106	-1.47656	-83.1626	-81.686
BLOCK12/SES121/SA121S25	SES206	-2.76943	-84.4555	-81.686
BLOCK12/SES121/SA121S27	SES087	-2.96397	-83.072	-80.108
BLOCK12/SES121/SA121S27	SES105	-5.73107	-85.8391	-80.108
BLOCK12/SES121/SA121S27	SES120	-4.85421	-84.9622	-80.108
BLOCK12/SES121/SA121S27	SES206	-3.11795	-83.226	-80.108
BLOCK12/SES124/SA124S16	SES042	-0.0306702	-77.9199	-77.8893
BLOCK12/SES124/SA124S16	SES082	-0.483917	-78.3732	-77.8893
BLOCK12/SES124/SA124S16	SES183	-5.36877	-83.258	-77.8893
BLOCK12/SES124/SA124S16	SES206	-1.40717	-79.2964	-77.8893
BLOCK12/SES124/SA124S17	SES105	-3.13985	-83.2727	-80.1329
BLOCK12/SES124/SA124S17	SES149	-0.981934	-81.1148	-80.1329
BLOCK12/SES124/SA124S17	SES158	-0.620827	-80.7537	-80.1329
BLOCK12/SES124/SA124S17	SES275	-4.15485	-84.2877	-80.1329
BLOCK12/SES124/SA124S23	SES105	-4.46272	-78.8398	-74.3771
BLOCK12/SES124/SA124S23	SES125	0.966026	-73.411	-74.3771
BLOCK12/SES124/SA124S23	SES129	-5.80183	-80.1789	-74.3771
BLOCK12/SES124/SA124S23	SES158	-0.22921	-74.6063	-74.3771
BLOCK12/SES124/SA124S26	SES105	-5.49892	-80.8299	-75.331
BLOCK12/SES124/SA124S26	SES125	0.336685	-74.9943	-75.331
BLOCK12/SES124/SA124S26	SES129	-6.77065	-82.1017	-75.331
BLOCK12/SES124/SA124S26	SES158	-1.06577	-76.3968	-75.331
BLOCK12/SES124/SA124S28	SES104	-0.327187	-75.602	-75.2748
BLOCK12/SES124/SA124S28	SES106	0.0863495	-75.1884	-75.2748
BLOCK12/SES124/SA124S28	SES125	0.599228	-74.6755	-75.2748
BLOCK12/SES124/SA124S28	SES275	-6.29074	-81.5655	-75.2748
BLOCK12/SES126/SA126S13	SES007	-3.13424	-84.0376	-80.9034
BLOCK12/SES126/SA126S13	SES162	-1.20807	-82.1115	-80.9034
BLOCK12/SES126/SA126S13	SES177	-1.10104	-82.0044	-80.9034
BLOCK12/SES126/SA126S13	SES180	-1.68148	-82.5849	-80.9034
BLOCK12/SES126/SA126S14	SES144	-0.999031	-79.4737	-78.4747
BLOCK12/SES126/SA126S14	SES148	-1.39056	-79.8652	-78.4747
BLOCK12/SES126/SA126S14	SES177	-0.155273	-78.63	-78.4747
BLOCK12/SES126/SA126S14	SES180	-0.512207	-78.9869	-78.4747
BLOCK12/SES126/SA126S20	SES007	-3.02348	-81.8827	-78.8593
BLOCK12/SES126/SA126S20	SES162	-2.15806	-81.0173	-78.8593
BLOCK12/SES126/SA126S20	SES172	-6.45936	-85.3186	-78.8593
BLOCK12/SES126/SA126S20	SES180	-3.29974	-82.159	-78.8593
BLOCK12/SES126/SA126S24	SES120	-1.19835	-79.4024	-78.204
BLOCK12/SES126/SA126S24	SES162	-0.52552	-78.7295	-78.204
BLOCK12/SES126/SA126S24	SES177	-0.647797	-78.8518	-78.204
BLOCK12/SES126/SA126S24	SES180	-0.60125	-78.8053	-78.204
BLOCK12/SES126/SA126S26	SES120	-1.11174	-79.4351	-78.3234
BLOCK12/SES126/SA126S26	SES177	-1.11053	-79.4339	-78.3234
BLOCK12/SES126/SA126S26	SES180	-1.45788	-79.7813	-78.3234
BLOCK12/SES126/SA126S26	SES202	-3.94702	-82.2704	-78.3234
BLOCK12/SES128/SA128S10	SES087	-3.32864	-79.1438	-75.8152
BLOCK12/SES128/SA128S10	SES206	-2.05275	-77.8679	-75.8152
BLOCK12/SES128/SA128S10	SES226	-0.849342	-76.6645	-75.8152
BLOCK12/SES128/SA128S10	SES270	-2.38029	-78.1955	-75.8152
BLOCK12/SES128/SA128S12	SES120	-4.43993	-80.8725	-76.4326
BLOCK12/SES128/SA128S12	SES158	-1.99919	-78.4318	-76.4326
BLOCK12/SES128/SA128S12	SES206	-1.68593	-78.1185	-76.4326
BLOCK12/SES128/SA128S12	SES226	-0.978722	-77.4113	-76.4326
BLOCK12/SES128/SA128S21	SES106	-4.85659	-82.2479	-77.3913
BLOCK12/SES128/SA128S21	SES120	-3.334	-80.7253	-77.3913
BLOCK12/SES128/SA128S21	SES206	-5.59174	-82.983	-77.3913
BLOCK12/SES128/SA128S21	SES226	-2.69839	-80.0897	-77.3913
BLOCK12/SES128/SA128S24	SES087	-5.95158	-84.0791	-78.1275
BLOCK12/SES128/SA128S24	SES120	-2.19503	-80.3226	-78.1275
BLOCK12/SES128/SA128S24	SES206	-5.47933	-83.6069	-78.1275
BLOCK12/SES128/SA128S24	SES226	-2.54013	-80.6677	-78.1275
BLOCK12/SES128/SA128S27	SES099	-5.81827	-82.0135	-76.1952
BLOCK12/SES128/SA128S27	SES120	-2.7985	-78.9937	-76.1952
BLOCK12/SES128/SA128S27	SES206	-3.79801	-79.9932	-76.1952
BLOCK12/SES128/SA128S27	SES226	-1.03685	-77.2321	-76.1952
BLOCK13/SES130/SA130S13	SES143	-4.63161	-83.9062	-79.2746
BLOCK13/SES130/SA130S13	SES144	-0.657562	-79.9321	-79.2746
BLOCK13/SES130/SA130S13	SES146	-1.54581	-80.8204	-79.2746
BLOCK13/SES130/SA130S13	SES275	-3.70344	-82.978	-79.2746
BLOCK13/SES130/SA130S15	SES143	-2.64429	-79.6429	-76.9986
BLOCK13/SES130/SA130S15	SES144	-0.234596	-77.2332	-76.9986
BLOCK13/SES130/SA130S15	SES146	-1.2838	-78.2824	-76.9986
BLOCK13/SES130/SA130S15	SES275	-1.34672	-78.3453	-76.9986
BLOCK13/SES130/SA130S23	SES127	-6.1624	-85.3918	-79.2294
BLOCK13/SES130/SA130S23	SES144	-0.924065	-80.1535	-79.2294
BLOCK13/SES130/SA130S23	SES146	-0.726448	-79.9559	-79.2294
BLOCK13/SES130/SA130S23	SES162	-3.74979	-82.9792	-79.2294
BLOCK13/SES130/SA130S25	SES127	-4.75513	-81.943	-77.1879
BLOCK13/SES130/SA130S25	SES144	-0.659782	-77.8477	-77.1879
BLOCK13/SES130/SA130S25	SES146	-1.18025	-78.3682	-77.1879
BLOCK13/SES130/SA130S25	SES275	-1.53272	-78.7206	-77.1879
BLOCK13/SES130/SA130S28	SES127	-3.25161	-80.8862	-77.6346
BLOCK13/SES130/SA130S28	SES144	-0.847809	-78.4824	-77.6346
BLOCK13/SES130/SA130S28	SES146	-1.66975	-79.3043	-77.6346
BLOCK13/SES130/SA130S28	SES275	-1.0118	-78.6464	-77.6346
BLOCK13/SES131/SA131S13	SES002	-3.07279	-82.1584	-79.0856
BLOCK13/SES131/SA131S13	SES007	-6.43548	-85.521	-79.0856
BLOCK13/SES131/SA131S13	SES099	-3.06055	-82.1461	-79.0856
BLOCK13/SES131/SA131S13	SES105	-3.99122	-83.0768	-79.0856
BLOCK13/SES131/SA131S14	SES104	-0.350563	-77.1829	-76.8324
BLOCK13/SES131/SA131S14	SES106	-0.723289	-77.5556	-76.8324
BLOCK13/SES131/SA131S14	SES125	-1.56535	-78.3977	-76.8324
BLOCK13/SES131/SA131S14	SES148	-3.30137	-80.1337	-76.8324
BLOCK13/SES131/SA131S20	SES104	-1.18487	-79.8347	-78.6499
BLOCK13/SES131/SA131S20	SES106	-0.446808	-79.0967	-78.6499
BLOCK13/SES131/SA131S20	SES125	-1.45152	-80.1014	-78.6499
BLOCK13/SES131/SA131S20	SES148	-4.7207	-83.3706	-78.6499
BLOCK13/SES131/SA131S22	SES099	-1.60168	-79.3264	-77.7247
BLOCK13/SES131/SA131S22	SES104	-1.18463	-78.9094	-77.7247
BLOCK13/SES131/SA131S22	SES125	-1.25404	-78.9788	-77.7247
BLOCK13/SES131/SA131S22	SES206	-2.02477	-79.7495	-77.7247
BLOCK13/SES131/SA131S29	SES087	-1.35455	-79.2725	-77.918
BLOCK13/SES131/SA131S29	SES104	-1.96357	-79.8815	-77.918
BLOCK13/SES131/SA131S29	SES125	-2.02966	-79.9476	-77.918
BLOCK13/SES131/SA131S29	SES206	-1.87558	-79.7935	-77.918
BLOCK13/SES132/SA132S11	SES083	-1.99209	-79.1444	-77.1523
BLOCK13/SES132/SA132S11	SES120	-0.162857	-77.3152	-77.1523
BLOCK13/SES132/SA132S11	SES127	-1.60414	-78.7565	-77.1523
BLOCK13/SES132/SA132S11	SES275	-2.14903	-79.3014	-77.1523
BLOCK13/SES132/SA132S12	SES083	-1.58895	-78.1709	-76.5819
BLOCK13/SES132/SA132S12	SES143	-0.633446	-77.2154	-76.5819
BLOCK13/SES132/SA132S12	SES144	-0.766617	-77.3485	-76.5819
BLOCK13/SES132/SA132S12	SES148	-1.47192	-78.0538	-76.5819
BLOCK13/SES132/SA132S22	SES062	-0.997688	-77.3104	-76.3127
BLOCK13/SES132/SA132S22	SES083	-0.838219	-77.151	-76.3127
BLOCK13/SES132/SA132S22	SES127	-1.41443	-77.7272	-76.3127
BLOCK13/SES132/SA132S22	SES275	-1.87122	-78.184	-76.3127
BLOCK13/SES132/SA132S24	SES007	-1.43685	-77.4482	-76.0114
BLOCK13/SES132/SA132S24	SES083	-1.40855	-77.4199	-76.0114
BLOCK13/SES132/SA132S24	SES127	-0.912544	-76.9239	-76.0114
BLOCK13/SES132/SA132S24	SES275	-1.98116	-77.9925	-76.0114
BLOCK13/SES132/SA132S27	SES083	-1.64922	-78.945	-77.2958
BLOCK13/SES132/SA132S27	SES120	-0.34536	-77.6411	-77.2958
BLOCK13/SES132/SA132S27	SES127	-2.12907	-79.4249	-77.2958
BLOCK13/SES132/SA132S27	SES275	-2.15038	-79.4462	-77.2958
BLOCK14/SES141/SA141S09	SES143	-0.279198	-78.3637	-78.0845
BLOCK14/SES141/SA141S09	SES144	-0.613136	-78.6976	-78.0845
BLOCK14/SES141/SA141S09	SES162	-0.416916	-78.5014	-78.0845
BLOCK14/SES141/SA141S09	SES180	-0.777733	-78.8622	-78.0845
BLOCK14/SES141/SA141S15	SES127	-1.92339	-79.9527	-78.0293
BLOCK14/SES141/SA141S15	SES144	-1.1513	-79.1806	-78.0293
BLOCK14/SES141/SA141S15	SES162	-0.974808	-79.0041	-78.0293
BLOCK14/SES141/SA141S15	SES180	-0.898735	-78.928	-78.0293
BLOCK14/SES141/SA141S24	SES127	-0.858688	-78.5349	-77.6762
BLOCK14/SES141/SA141S24	SES144	-2.07867	-79.7549	-77.6762
BLOCK14/SES141/SA141S24	SES162	0.0663223	-77.6099	-77.6762
BLOCK14/SES141/SA141S24	SES183	-2.13885	-79.815	-77.6762
BLOCK14/SES141/SA141S26	SES142	-2.67996	-80.9086	-78.2286
BLOCK14/SES141/SA141S26	SES144	-1.23443	-79.463	-78.2286
BLOCK14/SES141/SA141S26	SES172	-2.18707	-80.4157	-78.2286
BLOCK14/SES141/SA141S26	SES180	-0.803154	-79.0317	-78.2286
BLOCK14/SES141/SA141S29	SES127	-0.565941	-77.9686	-77.4026
BLOCK14/SES141/SA141S29	SES142	-1.29683	-78.6995	-77.4026
BLOCK14/SES141/SA141S29	SES144	-1.7683	-79.1709	-77.4026
BLOCK14/SES141/SA141S29	SES180	0.00740814	-77.3952	-77.4026
BLOCK15/SES157/SA157S08	SES083	-2.52971	-79.2122	-76.6825
BLOCK15/SES157/SA157S08	SES127	-2.57767	-79.2602	-76.6825
BLOCK15/SES157/SA157S08	SES148	-0.873039	-77.5556	-76.6825
BLOCK15/SES157/SA157S08	SES292	-2.31758	-79.0001	-76.6825
BLOCK15/SES157/SA157S11	SES083	-1.81191	-78.1309	-76.3189
BLOCK15/SES157/SA157S11	SES127	-4.39142	-80.7104	-76.3189
BLOCK15/SES157/SA157S11	SES148	-2.35514	-78.6741	-76.3189
BLOCK15/SES157/SA157S11	SES292	-1.59126	-77.9102	-76.3189
BLOCK15/SES157/SA157S21	SES127	-4.04762	-80.0358	-75.9882
BLOCK15/SES157/SA157S21	SES148	-1.24595	-77.2341	-75.9882
BLOCK15/SES157/SA157S21	SES158	-7.66209	-83.6503	-75.9882
BLOCK15/SES157/SA157S21	SES292	-0.56514	-76.5533	-75.9882
BLOCK15/SES157/SA157S24	SES127	-4.7249	-80.2815	-75.5566
BLOCK15/SES157/SA157S24	SES148	-1.59174	-77.1483	-75.5566
BLOCK15/SES157/SA157S24	SES183	-1.94735	-77.5039	-75.5566
BLOCK15/SES157/SA157S24	SES292	-1.15237	-76.709	-75.5566
BLOCK15/SES157/SA157S26	SES007	-1.08508	-78.0647	-76.9796
BLOCK15/SES157/SA157S26	SES127	-1.9258	-78.9054	-76.9796
BLOCK15/SES157/SA157S26	SES147	-5.69113	-82.6707	-76.9796
BLOCK15/SES157/SA157S26	SES148	-0.949623	-77.9292	-76.9796
BLOCK16/SES161/SA161S10	SES007	-3.53802	-82.9792	-79.4412
BLOCK16/SES161/SA161S10	SES105	-1.41984	-80.861	-79.4412
BLOCK16/SES161/SA161S10	SES158	-3.31596	-82.7572	-79.4412
BLOCK16/SES161/SA161S10	SES275	-1.97919	-81.4204	-79.4412
BLOCK16/SES161/SA161S12	SES007	-2.88281	-81.4391	-78.5563
BLOCK16/SES161/SA161S12	SES105	-2.22205	-80.7784	-78.5563
BLOCK16/SES161/SA161S12	SES158	-1.94196	-80.4983	-78.5563
BLOCK16/SES161/SA161S12	SES275	-1.99923	-80.5556	-78.5563
BLOCK16/SES161/SA161S20	SES007	-2.81163	-82.7702	-79.9586
BLOCK16/SES161/SA161S20	SES105	-1.65951	-81.6181	-79.9586
BLOCK16/SES161/SA161S20	SES158	-3.15114	-83.1097	-79.9586
BLOCK16/SES161/SA161S20	SES275	-1.93314	-81.8917	-79.9586
BLOCK16/SES161/SA161S23	SES007	-2.40389	-80.7043	-78.3004
BLOCK16/SES161/SA161S23	SES105	-1.87307	-80.1734	-78.3004
BLOCK16/SES161/SA161S23	SES148	-4.19604	-82.4964	-78.3004
BLOCK16/SES161/SA161S23	SES158	-2.46606	-80.7664	-78.3004
BLOCK16/SES161/SA161S28	SES007	-3.63116	-81.707	-78.0759
BLOCK16/SES161/SA161S28	SES105	-2.51265	-80.5885	-78.0759
BLOCK16/SES161/SA161S28	SES158	-1.16643	-79.2423	-78.0759
BLOCK16/SES161/SA161S28	SES206	-2.85069	-80.9266	-78.0759
BLOCK16/SES164/SA164S11	SES104	-2.16782	-75.5302	-73.3624
BLOCK16/SES164/SA164S11	SES125	-0.933502	-74.2959	-73.3624
BLOCK16/SES164/SA164S11	SES158	-1.25154	-74.6139	-73.3624
BLOCK16/SES164/SA164S11	SES206	-1.38334	-74.7457	-73.3624
BLOCK16/SES164/SA164S13	SES099	-0.404846	-75.905	-75.5002
BLOCK16/SES164/SA164S13	SES104	-2.22697	-77.7272	-75.5002
BLOCK16/SES164/SA164S13	SES125	-2.58737	-78.0876	-75.5002
BLOCK16/SES164/SA164S13	SES206	-1.06136	-76.5616	-75.5002
BLOCK16/SES164/SA164S24	SES002	0.491272	-74.4347	-74.926
BLOCK16/SES164/SA164S24	SES099	-0.453033	-75.379	-74.926
BLOCK16/SES164/SA164S24	SES125	-1.50323	-76.4292	-74.926
BLOCK16/SES164/SA164S24	SES226	-1.74126	-76.6673	-74.926
BLOCK16/SES164/SA164S27	SES087	-1.88194	-76.6977	-74.8158
BLOCK16/SES164/SA164S27	SES125	-1.82146	-76.6372	-74.8158
BLOCK16/SES164/SA164S27	SES206	-1.38008	-76.1958	-74.8158
BLOCK16/SES164/SA164S27	SES226	-2.23251	-77.0483	-74.8158
BLOCK16/SES164/SA164S29	SES002	0.398933	-74.0528	-74.4517
BLOCK16/SES164/SA164S29	SES019	-1.60489	-76.0566	-74.4517
BLOCK16/SES164/SA164S29	SES125	-1.19913	-75.6508	-74.4517
BLOCK16/SES164/SA164S29	SES226	-1.58797	-76.0397	-74.4517
BLOCK16/SES169/SA169S13	SES117	-2.60146	-80.7782	-78.1767
BLOCK16/SES169/SA169S13	SES144	-0.886497	-79.0632	-78.1767
BLOCK16/SES169/SA169S13	SES146	-1.10503	-79.2817	-78.1767
BLOCK16/SES169/SA169S13	SES162	-2.75428	-80.931	-78.1767
BLOCK16/SES169/SA169S14	SES144	-0.634834	-76.7511	-76.1163
BLOCK16/SES169/SA169S14	SES148	-1.48602	-77.6023	-76.1163
BLOCK16/SES169/SA169S14	SES177	-3.00296	-79.1192	-76.1163
BLOCK16/SES169/SA169S14	SES180	-5.08997	-81.2063	-76.1163
BLOCK16/SES169/SA169S24	SES117	-2.98315	-81.5459	-78.5628
BLOCK16/SES169/SA169S24	SES144	-0.954681	-79.5174	-78.5628
BLOCK16/SES169/SA169S24	SES146	-1.08566	-79.6484	-78.5628
BLOCK16/SES169/SA169S24	SES162	-3.92192	-82.4847	-78.5628
BLOCK16/SES169/SA169S27	SES127	-3.63319	-81.0598	-77.4266
BLOCK16/SES169/SA169S27	SES129	-2.43194	-79.8586	-77.4266
BLOCK16/SES169/SA169S27	SES144	-2.29584	-79.7225	-77.4266
BLOCK16/SES169/SA169S27	SES146	-1.21033	-78.637	-77.4266
BLOCK16/SES169/SA169S29	SES144	-0.567932	-77.4611	-76.8931
BLOCK16/SES169/SA169S29	SES162	-2.6982	-79.5913	-76.8931
BLOCK16/SES169/SA169S29	SES177	-3.84253	-80.7357	-76.8931
BLOCK16/SES169/SA169S29	SES180	-2.9526	-79.8457	-76.8931
BLOCK17/SES171/SA171S12	SES083	-1.46082	-79.4787	-78.0179
BLOCK17/SES171/SA171S12	SES148	-2.0146	-80.0325	-78.0179
BLOCK17/SES171/SA171S12	SES172	-2.32597	-80.3438	-78.0179
BLOCK17/SES171/SA171S12	SES292	-2.21803	-80.2359	-78.0179
BLOCK17/SES171/SA171S15	SES148	-1.78123	-81.2362	-79.4549
BLOCK17/SES171/SA171S15	SES177	-1.74223	-81.1972	-79.4549
BLOCK17/SES171/SA171S15	SES180	-4.94048	-84.3954	-79.4549
BLOCK17/SES171/SA171S15	SES292	-4.53458	-83.9895	-79.4549
BLOCK17/SES171/SA171S22	SES007	-1.73598	-77.8921	-76.1561
BLOCK17/SES171/SA171S22	SES148	-0.964912	-77.121	-76.1561
BLOCK17/SES171/SA171S22	SES177	-0.87603	-77.0321	-76.1561
BLOCK17/SES171/SA171S22	SES180	-2.60638	-78.7625	-76.1561
BLOCK17/SES171/SA171S25	SES101	-4.17027	-84.7923	-80.622
BLOCK17/SES171/SA171S25	SES120	-5.18575	-85.8077	-80.622
BLOCK17/SES171/SA171S25	SES177	-1.56887	-82.1909	-80.622
BLOCK17/SES171/SA171S25	SES180	-3.71972	-84.3417	-80.622
BLOCK17/SES171/SA171S27	SES177	-0.551582	-78.7959	-78.2443
BLOCK17/SES171/SA171S27	SES180	-3.03638	-81.2807	-78.2443
BLOCK17/SES171/SA171S27	SES189	-0.729691	-78.974	-78.2443
BLOCK17/SES171/SA171S27	SES292	-3.10427	-81.3486	-78.2443
BLOCK17/SES173/SA173S13	SES162	-2.69473	-83.0076	-80.3129
BLOCK17/SES173/SA173S13	SES177	-1.09489	-81.4078	-80.3129
BLOCK17/SES173/SA173S13	SES180	-2.42527	-82.7382	-80.3129
BLOCK17/SES173/SA173S13	SES292	-3.41419	-83.7271	-80.3129
BLOCK17/SES173/SA173S14	SES007	-4.89117	-85.2327	-80.3415
BLOCK17/SES173/SA173S14	SES162	-1.33048	-81.672	-80.3415
BLOCK17/SES173/SA173S14	SES177	-0.4618	-80.8033	-80.3415
BLOCK17/SES173/SA173S14	SES180	-2.35025	-82.6918	-80.3415
BLOCK17/SES173/SA173S24	SES144	-0.796646	-82.2401	-81.4435
BLOCK17/SES173/SA173S24	SES162	-2.28867	-83.7322	-81.4435
BLOCK17/SES173/SA173S24	SES177	-1.18762	-82.6311	-81.4435
BLOCK17/SES173/SA173S24	SES180	-1.82222	-83.2657	-81.4435
BLOCK17/SES173/SA173S27	SES162	-4.257	-84.6997	-80.4427
BLOCK17/SES173/SA173S27	SES177	-0.850716	-81.2934	-80.4427
BLOCK17/SES173/SA173S27	SES180	-2.68873	-83.1314	-80.4427
BLOCK17/SES173/SA173S27	SES292	-3.93829	-84.381	-80.4427
BLOCK17/SES173/SA173S29	SES162	-2.09813	-82.3794	-80.2813
BLOCK17/SES173/SA173S29	SES175	0.226402	-80.0549	-80.2813
BLOCK17/SES173/SA173S29	SES177	-0.916603	-81.1979	-80.2813
BLOCK17/SES173/SA173S29	SES292	-3.83324	-84.1145	-80.2813
BLOCK18/SES182/SA182S10	SES144	-1.08865	-78.7013	-77.6127
BLOCK18/SES182/SA182S10	SES177	-0.964493	-78.5772	-77.6127
BLOCK18/SES182/SA182S10	SES180	-1.30345	-78.9161	-77.6127
BLOCK18/SES182/SA182S10	SES275	-1.13021	-78.7429	-77.6127
BLOCK18/SES182/SA182S12	SES144	-0.931664	-78.3884	-77.4567
BLOCK18/SES182/SA182S12	SES177	-1.0932	-78.5499	-77.4567
BLOCK18/SES182/SA182S12	SES180	-1.6862	-79.1429	-77.4567
BLOCK18/SES182/SA182S12	SES275	-2.15804	-79.6147	-77.4567
BLOCK18/SES182/SA182S21	SES117	-0.208626	-79.3636	-79.1549
BLOCK18/SES182/SA182S21	SES144	-1.29787	-80.4528	-79.1549
BLOCK18/SES182/SA182S21	SES162	-0.745033	-79.9	-79.1549
BLOCK18/SES182/SA182S21	SES180	-1.15777	-80.3127	-79.1549
BLOCK18/SES182/SA182S23	SES117	-0.494911	-78.63	-78.1351
BLOCK18/SES182/SA182S23	SES144	-1.57525	-79.7104	-78.1351
BLOCK18/SES182/SA182S23	SES180	-1.94418	-80.0793	-78.1351
BLOCK18/SES182/SA182S23	SES275	-2.50188	-80.637	-78.1351
BLOCK18/SES182/SA182S25	SES007	-1.56192	-78.9651	-77.4032
BLOCK18/SES182/SA182S25	SES162	-0.801407	-78.2046	-77.4032
BLOCK18/SES182/SA182S25	SES177	-0.640442	-78.0436	-77.4032
BLOCK18/SES182/SA182S25	SES180	-0.747925	-78.1511	-77.4032
BLOCK18/SES184/SA184S12	SES177	-2.00378	-80.1443	-78.1405
BLOCK18/SES184/SA184S12	SES180	-2.21145	-80.352	-78.1405
BLOCK18/SES184/SA184S12	SES189	-3.93642	-82.0769	-78.1405
BLOCK18/SES184/SA184S12	SES292	-1.47644	-79.6169	-78.1405
BLOCK18/SES184/SA184S13	SES101	-2.0074	-80.3384	-78.331
BLOCK18/SES184/SA184S13	SES177	-1.77066	-80.1017	-78.331
BLOCK18/SES184/SA184S13	SES180	-2.07532	-80.4063	-78.331
BLOCK18/SES184/SA184S13	SES292	-1.13189	-79.4629	-78.331
BLOCK18/SES184/SA184S22	SES177	-1.7177	-78.9671	-77.2494
BLOCK18/SES184/SA184S22	SES180	-2.27567	-79.5251	-77.2494
BLOCK18/SES184/SA184S22	SES189	-2.80743	-80.0568	-77.2494
BLOCK18/SES184/SA184S22	SES292	-2.08651	-79.3359	-77.2494
BLOCK18/SES184/SA184S25	SES101	-0.981743	-76.2541	-75.2723
BLOCK18/SES184/SA184S25	SES177	-1.91924	-77.1916	-75.2723
BLOCK18/SES184/SA184S25	SES180	-2.85978	-78.1321	-75.2723
BLOCK18/SES184/SA184S25	SES292	-1.71858	-76.9909	-75.2723
BLOCK18/SES184/SA184S27	SES083	-2.0317	-78.7234	-76.6917
BLOCK18/SES184/SA184S27	SES177	-2.14789	-78.8396	-76.6917
BLOCK18/SES184/SA184S27	SES202	-5.8699	-82.5616	-76.6917
BLOCK18/SES184/SA184S27	SES292	-2.1677	-78.8594	-76.6917
BLOCK20/SES204/SA204S12	SES062	-4.61688	-79.5182	-74.9013
BLOCK20/SES204/SA204S12	SES083	-3.58975	-78.4911	-74.9013
BLOCK20/SES204/SA204S12	SES206	-1.24349	-76.1448	-74.9013
BLOCK20/SES204/SA204S12	SES226	-1.47977	-76.3811	-74.9013
BLOCK20/SES204/SA204S14	SES068	-5.69548	-79.616	-73.9205
BLOCK20/SES204/SA204S14	SES087	-1.7267	-75.6472	-73.9205
BLOCK20/SES204/SA204S14	SES206	-2.00928	-75.9298	-73.9205
BLOCK20/SES204/SA204S14	SES226	-1.45974	-75.3802	-73.9205
BLOCK20/SES204/SA204S22	SES068	-6.05643	-80.1961	-74.1397
BLOCK20/SES204/SA204S22	SES082	-2.55532	-76.695	-74.1397
BLOCK20/SES204/SA204S22	SES083	-4.76518	-78.9049	-74.1397
BLOCK20/SES204/SA204S22	SES206	-1.42404	-75.5637	-74.1397
BLOCK20/SES204/SA204S25	SES062	-5.74426	-80.4682	-74.7239
BLOCK20/SES204/SA204S25	SES083	-4.41339	-79.1373	-74.7239
BLOCK20/SES204/SA204S25	SES206	-0.70105	-75.425	-74.7239
BLOCK20/SES204/SA204S25	SES226	-1.03284	-75.7568	-74.7239
BLOCK20/SES204/SA204S27	SES068	-6.08739	-81.6226	-75.5352
BLOCK20/SES204/SA204S27	SES082	-1.38297	-76.9182	-75.5352
BLOCK20/SES204/SA204S27	SES087	-0.251076	-75.7863	-75.5352
BLOCK20/SES204/SA204S27	SES206	-0.73288	-76.2681	-75.5352
BLOCK20/SES207/SA207S10	SES127	-0.811775	-78.2097	-77.3979
BLOCK20/SES207/SA207S10	SES183	-1.90374	-79.3017	-77.3979
BLOCK20/SES207/SA207S10	SES189	-1.20859	-78.6065	-77.3979
BLOCK20/SES207/SA207S10	SES292	-1.53616	-78.9341	-77.3979
BLOCK20/SES207/SA207S11	SES127	-3.0442	-80.0077	-76.9635
BLOCK20/SES207/SA207S11	SES183	-1.89906	-78.8625	-76.9635
BLOCK20/SES207/SA207S11	SES187	-1.07243	-78.0359	-76.9635
BLOCK20/SES207/SA207S11	SES292	-1.73557	-78.699	-76.9635
BLOCK20/SES207/SA207S25	SES068	-2.20788	-80.3858	-78.1779
BLOCK20/SES207/SA207S25	SES083	-2.25826	-80.4362	-78.1779
BLOCK20/SES207/SA207S25	SES127	-1.44783	-79.6257	-78.1779
BLOCK20/SES207/SA207S25	SES187	-1.21902	-79.3969	-78.1779
BLOCK20/SES207/SA207S27	SES127	-2.0117	-80.7351	-78.7234
BLOCK20/SES207/SA207S27	SES183	-0.850983	-79.5744	-78.7234
BLOCK20/SES207/SA207S27	SES187	-1.41674	-80.1401	-78.7234
BLOCK20/SES207/SA207S27	SES292	-2.17296	-80.8964	-78.7234
BLOCK20/SES207/SA207S29	SES083	-2.90147	-80.0591	-77.1577
BLOCK20/SES207/SA207S29	SES085	-0.93927	-78.0969	-77.1577
BLOCK20/SES207/SA207S29	SES172	-4.10825	-81.2659	-77.1577
BLOCK20/SES207/SA207S29	SES189	-1.99131	-79.149	-77.1577
BLOCK22/SES221/SA221S12	SES068	-1.96672	-80.4767	-78.51
BLOCK22/SES221/SA221S12	SES143	-0.576813	-79.0868	-78.51
BLOCK22/SES221/SA221S12	SES175	-0.366661	-78.8767	-78.51
BLOCK22/SES221/SA221S12	SES202	-0.618156	-79.1282	-78.51
BLOCK22/SES221/SA221S15	SES085	-6.45888	-87.0569	-80.598
BLOCK22/SES221/SA221S15	SES143	-1.26428	-81.8623	-80.598
BLOCK22/SES221/SA221S15	SES175	-2.22717	-82.8252	-80.598
BLOCK22/SES221/SA221S15	SES187	-0.766861	-81.3649	-80.598
BLOCK22/SES221/SA221S23	SES068	-3.33808	-82.766	-79.4279
BLOCK22/SES221/SA221S23	SES143	-1.22691	-80.6548	-79.4279
BLOCK22/SES221/SA221S23	SES175	-0.589828	-80.0177	-79.4279
BLOCK22/SES221/SA221S23	SES189	1.45749	-77.9704	-79.4279
BLOCK22/SES221/SA221S27	SES085	-5.47874	-85.36	-79.8813
BLOCK22/SES221/SA221S27	SES143	0.204353	-79.6769	-79.8813
BLOCK22/SES221/SA221S27	SES175	0.384399	-79.4969	-79.8813
BLOCK22/SES221/SA221S27	SES189	2.66122	-77.2201	-79.8813
BLOCK22/SES221/SA221S29	SES085	-12.4947	-95.5206	-83.0259
BLOCK22/SES221/SA221S29	SES143	-3.74335	-86.7693	-83.0259
BLOCK22/SES221/SA221S29	SES175	-3.79267	-86.8186	-83.0259
BLOCK22/SES221/SA221S29	SES187	1.64485	-81.3811	-83.0259
BLOCK22/SES223/SA223S11	SES143	-0.68087	-80.6107	-79.9298
BLOCK22/SES223/SA223S11	SES144	-2.18266	-82.1125	-79.9298
BLOCK22/SES223/SA223S11	SES175	-0.933556	-80.8634	-79.9298
BLOCK22/SES223/SA223S11	SES187	-1.05385	-80.9837	-79.9298
BLOCK22/SES223/SA223S13	SES068	-1.64111	-82.5876	-80.9465
BLOCK22/SES223/SA223S13	SES143	-1.81554	-82.7621	-80.9465
BLOCK22/SES223/SA223S13	SES146	-4.25489	-85.2014	-80.9465
BLOCK22/SES223/SA223S13	SES202	-4.11574	-85.0623	-80.9465
BLOCK22/SES223/SA223S22	SES143	-0.601227	-80.1358	-79.5346
BLOCK22/SES223/SA223S22	SES144	-2.10329	-81.6379	-79.5346
BLOCK22/SES223/SA223S22	SES175	-0.989708	-80.5243	-79.5346
BLOCK22/SES223/SA223S22	SES187	-0.266846	-79.8014	-79.5346
BLOCK22/SES223/SA223S25	SES068	-2.43649	-82.2843	-79.8478
BLOCK22/SES223/SA223S25	SES143	-0.992233	-80.84	-79.8478
BLOCK22/SES223/SA223S25	SES175	-1.08763	-80.9354	-79.8478
BLOCK22/SES223/SA223S25	SES187	-0.426079	-80.2739	-79.8478
BLOCK22/SES223/SA223S27	SES143	-0.827827	-81.4146	-80.5867
BLOCK22/SES223/SA223S27	SES146	-3.32988	-83.9166	-80.5867
BLOCK22/SES223/SA223S27	SES187	-0.343742	-80.9305	-80.5867
BLOCK22/SES223/SA223S27	SES292	-4.47887	-85.0656	-80.5867
BLOCK27/SES273/SA273S12	SES099	-2.8167	-74.8781	-72.0614
BLOCK27/SES273/SA273S12	SES104	0.270653	-71.7907	-72.0614
BLOCK27/SES273/SA273S12	SES125	-0.802666	-72.864	-72.0614
BLOCK27/SES273/SA273S12	SES206	0.409508	-71.6519	-72.0614
BLOCK27/SES273/SA273S13	SES099	-2.58901	-74.5068	-71.9178
BLOCK27/SES273/SA273S13	SES104	-0.404175	-72.322	-71.9178
BLOCK27/SES273/SA273S13	SES206	-0.239685	-72.1575	-71.9178
BLOCK27/SES273/SA273S13	SES292	-6.9743	-78.8921	-71.9178
BLOCK27/SES273/SA273S21	SES099	-1.43665	-72.8485	-71.4118
BLOCK27/SES273/SA273S21	SES148	-5.53188	-76.9437	-71.4118
BLOCK27/SES273/SA273S21	SES149	-0.800484	-72.2123	-71.4118
BLOCK27/SES273/SA273S21	SES177	-6.9743	-78.3861	-71.4118
BLOCK27/SES273/SA273S25	SES104	-0.0480728	-72.1568	-72.1087
BLOCK27/SES273/SA273S25	SES125	-0.380699	-72.4894	-72.1087
BLOCK27/SES273/SA273S25	SES158	-0.996994	-73.1057	-72.1087
BLOCK27/SES273/SA273S25	SES206	0.794983	-71.3137	-72.1087
BLOCK27/SES273/SA273S27	SES099	-0.544357	-73.9251	-73.3807
BLOCK27/SES273/SA273S27	SES104	-0.436539	-73.8172	-73.3807
BLOCK27/SES273/SA273S27	SES149	-0.610352	-73.9911	-73.3807
BLOCK27/SES273/SA273S27	SES275	-3.31181	-76.6925	-73.3807
BLOCK27/SES274/SA274S10	SES105	-3.1831	-78.6014	-75.4183
BLOCK27/SES274/SA274S10	SES125	-0.791191	-76.2095	-75.4183
BLOCK27/SES274/SA274S10	SES129	-3.17882	-78.5972	-75.4183
BLOCK27/SES274/SA274S10	SES158	-1.60481	-77.0232	-75.4183
BLOCK27/SES274/SA274S11	SES105	-2.88634	-79.0355	-76.1491
BLOCK27/SES274/SA274S11	SES149	-1.00665	-77.1558	-76.1491
BLOCK27/SES274/SA274S11	SES158	-1.43507	-77.5842	-76.1491
BLOCK27/SES274/SA274S11	SES275	-4.03409	-80.1832	-76.1491
BLOCK27/SES274/SA274S21	SES105	-3.15392	-79.3538	-76.1998
BLOCK27/SES274/SA274S21	SES129	-3.50687	-79.7067	-76.1998
BLOCK27/SES274/SA274S21	SES149	-0.251015	-76.4509	-76.1998
BLOCK27/SES274/SA274S21	SES158	-1.91452	-78.1144	-76.1998
BLOCK27/SES274/SA274S24	SES105	-4.60786	-78.7382	-74.1303
BLOCK27/SES274/SA274S24	SES129	-4.96223	-79.0926	-74.1303
BLOCK27/SES274/SA274S24	SES149	-0.938164	-75.0685	-74.1303
BLOCK27/SES274/SA274S24	SES158	-2.96745	-77.0978	-74.1303
BLOCK27/SES274/SA274S29	SES105	-3.29199	-79.2966	-76.0046
BLOCK27/SES274/SA274S29	SES106	-1.41478	-77.4194	-76.0046
BLOCK27/SES274/SA274S29	SES120	-3.32129	-79.3259	-76.0046
BLOCK27/SES274/SA274S29	SES275	-3.53106	-79.5357	-76.0046
BLOCK27/SES276/SA276S16	SES148	-1.8634	-79.5167	-77.6533
BLOCK27/SES276/SA276S16	SES172	-3.07116	-80.7245	-77.6533
BLOCK27/SES276/SA276S16	SES180	-4.44275	-82.0961	-77.6533
BLOCK27/SES276/SA276S16	SES292	-0.568192	-78.2215	-77.6533
BLOCK27/SES276/SA276S17	SES101	-2.39661	-79.8735	-77.4769
BLOCK27/SES276/SA276S17	SES177	-2.66824	-80.1451	-77.4769
BLOCK27/SES276/SA276S17	SES180	-3.16531	-80.6422	-77.4769
BLOCK27/SES276/SA276S17	SES292	-1.40378	-78.8806	-77.4769
BLOCK27/SES276/SA276S24	SES101	-0.956535	-77.2457	-76.2891
BLOCK27/SES276/SA276S24	SES177	-2.76335	-79.0525	-76.2891
BLOCK27/SES276/SA276S24	SES180	-3.35365	-79.6428	-76.2891
BLOCK27/SES276/SA276S24	SES292	-1.82235	-78.1115	-76.2891
BLOCK27/SES276/SA276S26	SES101	-2.34811	-78.8366	-76.4885
BLOCK27/SES276/SA276S26	SES177	-1.81033	-78.2989	-76.4885
BLOCK27/SES276/SA276S26	SES180	-2.05351	-78.542	-76.4885
BLOCK27/SES276/SA276S26	SES292	-1.31437	-77.8029	-76.4885
BLOCK27/SES276/SA276S28	SES101	-2.0711	-79.2021	-77.131
BLOCK27/SES276/SA276S28	SES177	-1.61576	-78.7468	-77.131
BLOCK27/SES276/SA276S28	SES180	-2.75377	-79.8848	-77.131
BLOCK27/SES276/SA276S28	SES292	-1.36545	-78.4965	-77.131
BLOCK27/SES277/SA277S12	SES101	-1.37836	-81.0713	-79.693
BLOCK27/SES277/SA277S12	SES177	-2.25946	-81.9524	-79.693
BLOCK27/SES277/SA277S12	SES180	-2.04819	-81.7412	-79.693
BLOCK27/SES277/SA277S12	SES292	-2.00523	-81.6982	-79.693
BLOCK27/SES277/SA277S14	SES177	-0.666351	-79.8352	-79.1688
BLOCK27/SES277/SA277S14	SES180	-2.12984	-81.2987	-79.1688
BLOCK27/SES277/SA277S14	SES189	-0.333534	-79.5023	-79.1688
BLOCK27/SES277/SA277S14	SES292	-3.23402	-82.4028	-79.1688
BLOCK27/SES277/SA277S21	SES177	-1.39863	-79.3151	-77.9165
BLOCK27/SES277/SA277S21	SES180	-2.97417	-80.8906	-77.9165
BLOCK27/SES277/SA277S21	SES189	-1.2847	-79.2012	-77.9165
BLOCK27/SES277/SA277S21	SES292	-3.04422	-80.9607	-77.9165
BLOCK27/SES277/SA277S24	SES144	-1.29372	-81.5512	-80.2575
BLOCK27/SES277/SA277S24	SES177	-1.95561	-82.2131	-80.2575
BLOCK27/SES277/SA277S24	SES180	-3.85664	-84.1142	-80.2575
BLOCK27/SES277/SA277S24	SES189	-1.17421	-81.4317	-80.2575
BLOCK27/SES277/SA277S29	SES177	-0.801537	-77.523	-76.7215
BLOCK27/SES277/SA277S29	SES180	-2.02382	-78.7453	-76.7215
BLOCK27/SES277/SA277S29	SES202	-3.47821	-80.1997	-76.7215
BLOCK27/SES277/SA277S29	SES292	-2.21683	-78.9383	-76.7215
BLOCK27/SES279/SA279S09	SES120	-2.38461	-78.0138	-75.6292
BLOCK27/SES279/SA279S09	SES146	-1.98929	-77.6185	-75.6292
BLOCK27/SES279/SA279S09	SES206	-4.16962	-79.7989	-75.6292
BLOCK27/SES279/SA279S09	SES226	-3.14047	-78.7697	-75.6292
BLOCK27/SES279/SA279S10	SES099	-6.1345	-82.2964	-76.1619
BLOCK27/SES279/SA279S10	SES206	-3.05986	-79.2218	-76.1619
BLOCK27/SES279/SA279S10	SES226	-2.00928	-78.1712	-76.1619
BLOCK27/SES279/SA279S10	SES292	-2.23856	-78.4005	-76.1619
BLOCK27/SES279/SA279S20	SES099	-7.43616	-84.5676	-77.1314
BLOCK27/SES279/SA279S20	SES206	-4.07252	-81.2039	-77.1314
BLOCK27/SES279/SA279S20	SES226	-1.86127	-78.9927	-77.1314
BLOCK27/SES279/SA279S20	SES292	-0.954689	-78.0861	-77.1314
BLOCK27/SES279/SA279S26	SES099	-7.39522	-84.0721	-76.6769
BLOCK27/SES279/SA279S26	SES206	-3.39204	-80.0689	-76.6769
BLOCK27/SES279/SA279S26	SES226	-1.81913	-78.496	-76.6769
BLOCK27/SES279/SA279S26	SES292	-1.94392	-78.6208	-76.6769
BLOCK27/SES279/SA279S28	SES099	-6.05939	-80.7022	-74.6428
BLOCK27/SES279/SA279S28	SES120	-2.36018	-77.003	-74.6428
BLOCK27/SES279/SA279S28	SES177	-5.01702	-79.6598	-74.6428
BLOCK27/SES279/SA279S28	SES206	-4.69571	-79.3385	-74.6428
BLOCK29/SES290/SA290S12	SES162	-2.5355	-80.0721	-77.5366
BLOCK29/SES290/SA290S12	SES177	-1.85134	-79.388	-77.5366
BLOCK29/SES290/SA290S12	SES180	-3.74532	-81.2819	-77.5366
BLOCK29/SES290/SA290S12	SES292	-3.58571	-81.1223	-77.5366
BLOCK29/SES290/SA290S13	SES007	-4.32082	-83.4391	-79.1183
BLOCK29/SES290/SA290S13	SES162	-2.83298	-81.9513	-79.1183
BLOCK29/SES290/SA290S13	SES177	-1.37601	-80.4943	-79.1183
BLOCK29/SES290/SA290S13	SES180	-2.47218	-81.5905	-79.1183
BLOCK29/SES290/SA290S22	SES177	-0.50618	-78.4711	-77.9649
BLOCK29/SES290/SA290S22	SES180	-0.863792	-78.8287	-77.9649
BLOCK29/SES290/SA290S22	SES202	-1.13221	-79.0971	-77.9649
BLOCK29/SES290/SA290S22	SES292	-2.38557	-80.3505	-77.9649
BLOCK29/SES290/SA290S25	SES162	-2.01022	-80.0672	-78.057
BLOCK29/SES290/SA290S25	SES177	-1.60752	-79.6645	-78.057
BLOCK29/SES290/SA290S25	SES180	-2.33302	-80.39	-78.057
BLOCK29/SES290/SA290S25	SES292	-2.83588	-80.8929	-78.057
BLOCK29/SES290/SA290S29	SES177	-0.405289	-77.4419	-77.0366
BLOCK29/SES290/SA290S29	SES180	-0.676201	-77.7128	-77.0366
BLOCK29/SES290/SA290S29	SES275	-2.97205	-80.0087	-77.0366
BLOCK29/SES290/SA290S29	SES292	-2.61908	-79.6557	-77.0366
BLOCK29/SES291/SA291S11	SES105	-4.20285	-80.3648	-76.162
BLOCK29/SES291/SA291S11	SES125	-0.69091	-76.8529	-76.162
BLOCK29/SES291/SA291S11	SES158	-0.970795	-77.1328	-76.162
BLOCK29/SES291/SA291S11	SES275	-5.25517	-81.4172	-76.162
BLOCK29/SES291/SA291S12	SES158	-0.419273	-75.1839	-74.7646
BLOCK29/SES291/SA291S12	SES226	-1.34518	-76.1098	-74.7646
BLOCK29/SES291/SA291S12	SES270	0.707367	-74.0573	-74.7646
BLOCK29/SES291/SA291S12	SES275	-5.52415	-80.2888	-74.7646
BLOCK29/SES291/SA291S22	SES082	-1.25773	-76.0481	-74.7904
BLOCK29/SES291/SA291S22	SES158	-1.27011	-76.0605	-74.7904
BLOCK29/SES291/SA291S22	SES259	-1.71273	-76.5031	-74.7904
BLOCK29/SES291/SA291S22	SES275	-5.0406	-79.831	-74.7904
BLOCK29/SES291/SA291S24	SES104	0.027504	-73.3114	-73.339
BLOCK29/SES291/SA291S24	SES125	-0.379997	-73.7189	-73.339
BLOCK29/SES291/SA291S24	SES158	-0.779778	-74.1187	-73.339
BLOCK29/SES291/SA291S24	SES275	-5.13593	-78.4749	-73.339
BLOCK29/SES291/SA291S27	SES158	0.119804	-74.36	-74.4798
BLOCK29/SES291/SA291S27	SES172	-5.0304	-79.5102	-74.4798
BLOCK29/SES291/SA291S27	SES275	-5.22926	-79.709	-74.4798
BLOCK29/SES291/SA291S27	SES292	-5.59527	-80.075	-74.4798
