spk_ver/v00/v0000	SES146	0.969612	-76.6539	-77.6235
spk_ver/v00/v0001	SES002	-43.2933	-121.156	-77.8627
spk_ver/v00/v0002	SES002	-25.7784	-104.063	-78.2843
spk_ver/v00/v0003	SES002	-39.3949	-120.27	-80.875
spk_ver/v00/v0004	SES002	-0.946419	-77.4886	-76.5422
spk_ver/v00/v0005	SES002	-9.53561	-88.3547	-78.8191
spk_ver/v00/v0006	SES002	-21.2274	-97.3824	-76.1551
spk_ver/v00/v0007	SES002	-24.8484	-103.867	-79.0191
spk_ver/v00/v0008	SES146	-0.216141	-77.623	-77.4069
spk_ver/v00/v0009	SES002	-2.75342	-78.273	-75.5195
spk_ver/v00/v0010	SES002	-4.66113	-81.3603	-76.6992
spk_ver/v00/v0011	SES002	-3.39925	-81.414	-78.0147
spk_ver/v00/v0012	SES002	-34.8302	-109.647	-74.8171
spk_ver/v00/v0013	SES002	-21.8802	-97.4893	-75.6091
spk_ver/v00/v0014	SES002	-4.56908	-79.8961	-75.327
spk_ver/v00/v0015	SES002	-2.68268	-77.9227	-75.24
spk_ver/v00/v0016	SES275	0.952011	-77.7025	-78.6545
spk_ver/v00/v0017	SES002	0.892326	-71.3203	-72.2126
spk_ver/v00/v0018	SES002	-40.1902	-121.15	-80.9594
spk_ver/v00/v0019	SES002	-1.77238	-77.8299	-76.0575
spk_ver/v00/v0020	SES002	-38.0906	-118.595	-80.504
spk_ver/v00/v0021	SES002	-30.7473	-108.128	-77.3807
spk_ver/v00/v0022	SES002	-4.0221	-79.5629	-75.5408
spk_ver/v00/v0023	SES002	-22.9804	-97.7457	-74.7653
spk_ver/v00/v0024	SES002	-31.3101	-110.628	-79.3178
spk_ver/v00/v0025	SES002	-24.1396	-105.17	-81.0303
spk_ver/v00/v0026	SES002	-16.4694	-92.1829	-75.7135
spk_ver/v00/v0027	SES129	1.79655	-73.9632	-75.7598
spk_ver/v00/v0028	SES007	-3.23813	-79.494	-76.2559
spk_ver/v00/v0029	SES083	-0.0769501	-75.9103	-75.8333
spk_ver/v00/v0030	SES019	2.69633	-73.1008	-75.7972
spk_ver/v00/v0031	SES007	-2.77608	-81.1805	-78.4044
spk_ver/v00/v0032	SES270	2.44546	-72.9744	-75.4199
spk_ver/v00/v0033	SES007	-4.8975	-82.6745	-77.777
spk_ver/v00/v0034	SES007	-9.61687	-91.8393	-82.2224
spk_ver/v00/v0035	SES007	-2.00642	-77.9892	-75.9827
spk_ver/v00/v0036	SES007	-2.47587	-77.1395	-74.6636
spk_ver/v00/v0037	SES007	-7.32925	-80.7351	-73.4058
spk_ver/v00/v0038	SES259	3.31493	-69.6371	-72.952
spk_ver/v00/v0039	SES007	-5.40029	-83.9521	-78.5518
spk_ver/v00/v0040	SES007	-5.82185	-79.2294	-73.4075
spk_ver/v00/v0041	SES007	-4.44299	-79.3024	-74.8594
spk_ver/v00/v0042	SES007	-1.34875	-80.7782	-79.4295
spk_ver/v00/v0043	SES007	-1.39822	-78.7317	-77.3335
spk_ver/v00/v0044	SES007	-5.3604	-77.4411	-72.0807
spk_ver/v00/v0045	SES007	-1.71191	-77.3613	-75.6494
spk_ver/v00/v0046	SES007	-1.84621	-77.1657	-75.3195
spk_ver/v00/v0047	SES172	-0.251884	-76.7748	-76.523
spk_ver/v00/v0048	SES105	1.70406	-75.431	-77.1351
spk_ver/v00/v0049	SES007	-2.0188	-77.7889	-75.7701
spk_ver/v00/v0050	SES292	-0.224663	-77.0411	-76.8165
spk_ver/v00/v0051	SES007	-4.15993	-82.6232	-78.4632
spk_ver/v00/v0052	SES068	0.529602	-75.2564	-75.786
spk_ver/v00/v0053	SES008	-2.10442	-76.9502	-74.8458
spk_ver/v00/v0054	SES008	-11.8994	-92.6274	-80.728
spk_ver/v00/v0055	SES008	-1.17209	-81.5381	-80.366
spk_ver/v00/v0056	SES008	-9.59392	-84.1333	-74.5393
spk_ver/v00/v0057	SES008	-6.99195	-83.0239	-76.032
spk_ver/v00/v0058	SES083	-0.325974	-76.4424	-76.1164
spk_ver/v00/v0059	SES158	3.0471	-72.2857	-75.3328
spk_ver/v00/v0060	SES008	-3.48288	-80.7061	-77.2232
spk_ver/v00/v0061	SES101	1.22383	-75.1325	-76.3564
spk_ver/v00/v0062	SES008	-5.26879	-83.045	-77.7762
spk_ver/v00/v0063	SES008	-3.40589	-79.8776	-76.4717
spk_ver/v00/v0064	SES117	1.9229	-77.8352	-79.7581
spk_ver/v00/v0065	SES149	2.51143	-71.8733	-74.3847
spk_ver/v00/v0066	SES008	-2.60957	-81.4321	-78.8225
spk_ver/v00/v0067	SES008	-4.74178	-87.6744	-82.9327
spk_ver/v00/v0068	SES162	1.80129	-76.7485	-78.5498
spk_ver/v00/v0069	SES008	-7.08878	-79.9345	-72.8457
spk_ver/v00/v0070	SES008	-2.16535	-77.4516	-75.2862
spk_ver/v00/v0071	SES008	-3.91221	-80.5407	-76.6285
spk_ver/v00/v0072	SES008	-1.10107	-75.957	-74.8559
spk_ver/v00/v0073	SES008	-5.31711	-78.9741	-73.657
spk_ver/v00/v0074	SES008	-4.91618	-81.9345	-77.0184
spk_ver/v00/v0075	SES008	-8.71555	-86.181	-77.4655
spk_ver/v00/v0076	SES167	1.71684	-75.6043	-77.3211
spk_ver/v00/v0077	SES008	-3.35249	-77.7378	-74.3853
spk_ver/v00/v0078	SES177	0.707085	-75.163	-75.8701
spk_ver/v00/v0079	SES008	-3.01836	-80.2776	-77.2593
spk_ver/v00/v0080	SES008	-4.70238	-82.1143	-77.4119
spk_ver/v00/v0081	SES008	-8.16061	-85.6095	-77.4489
spk_ver/v00/v0082	SES008	-5.72621	-82.2003	-76.4741
spk_ver/v00/v0083	SES008	-6.53223	-84.691	-78.1588
spk_ver/v00/v0084	SES144	1.03209	-76.7248	-77.7569
spk_ver/v00/v0085	SES008	-4.24256	-80.7924	-76.5498
spk_ver/v00/v0086	SES008	-2.05338	-76.3049	-74.2515
spk_ver/v00/v0087	SES008	-5.28709	-83.7647	-78.4777
spk_ver/v00/v0088	SES008	-7.17432	-84.0651	-76.8907
spk_ver/v00/v0089	SES008	-2.73138	-80.8641	-78.1328
spk_ver/v00/v0090	SES142	3.55863	-76.1375	-79.6961
spk_ver/v00/v0091	SES008	-10.9482	-84.4222	-73.474
spk_ver/v00/v0092	SES158	0.145523	-76.1731	-76.3186
spk_ver/v00/v0093	SES014	-13.2046	-88.8291	-75.6245
spk_ver/v00/v0094	SES014	-4.07826	-83.1984	-79.1201
spk_ver/v00/v0095	SES014	-2.30837	-76.9898	-74.6814
spk_ver/v00/v0096	SES014	-3.42068	-77.4356	-74.0149
spk_ver/v00/v0097	SES014	-3.14939	-79.7107	-76.5613
spk_ver/v00/v0098	SES014	-3.13615	-78.4915	-75.3554
spk_ver/v00/v0099	SES014	-27.6735	-105.265	-77.5913
spk_ver/v01/v0100	SES127	-0.824875	-78.0261	-77.2013
spk_ver/v01/v0101	SES014	-25.2126	-104.379	-79.1664
spk_ver/v01/v0102	SES014	-41.6788	-121.776	-80.0975
spk_ver/v01/v0103	SES014	-8.40771	-90.5017	-82.094
spk_ver/v01/v0104	SES014	-26.852	-105.559	-78.7074
spk_ver/v01/v0105	SES014	-2.99642	-80.2013	-77.2048
spk_ver/v01/v0106	SES014	-2.63323	-78.7741	-76.1409
spk_ver/v01/v0107	SES014	-39.4072	-115.169	-75.7623
spk_ver/v01/v0108	SES014	-40.682	-120.065	-79.3834
spk_ver/v01/v0109	SES014	-22.1985	-102.857	-80.6586
spk_ver/v01/v0110	SES014	-3.54445	-80.8484	-77.3039
spk_ver/v01/v0111	SES014	-1.10581	-74.8505	-73.7447
spk_ver/v01/v0112	SES014	-32.1097	-108.67	-76.5604
spk_ver/v01/v0113	SES104	0.514755	-73.6317	-74.1464
spk_ver/v01/v0114	SES082	0.793381	-73.546	-74.3394
spk_ver/v01/v0115	SES087	3.12981	-71.0016	-74.1314
spk_ver/v01/v0116	SES014	-1.33988	-76.3695	-75.0296
spk_ver/v01/v0117	SES177	0.277214	-76.7248	-77.002
spk_ver/v01/v0118	SES014	-26.8405	-106.152	-79.3118
spk_ver/v01/v0119	SES014	-1.44285	-76.0481	-74.6053
spk_ver/v01/v0120	SES014	-37.1592	-118.028	-80.869
spk_ver/v01/v0121	SES146	0.898842	-76.051	-76.9499
spk_ver/v01/v0122	SES014	2.4692	-70.1843	-72.6535
spk_ver/v01/v0123	SES014	-1.93272	-76.7184	-74.7857
spk_ver/v01/v0124	SES014	-29.2833	-106.618	-77.335
spk_ver/v01/v0125	SES014	-18.1552	-97.1788	-79.0237
spk_ver/v01/v0126	SES016	-2.18639	-80.265	-78.0786
spk_ver/v01/v0127	SES016	-3.07169	-84.2573	-81.1856
spk_ver/v01/v0128	SES106	3.51068	-71.5621	-75.0728
spk_ver/v01/v0129	SES016	-7.40647	-81.2386	-73.8321
spk_ver/v01/v0130	SES016	-2.51022	-80.3857	-77.8755
spk_ver/v01/v0131	SES016	-6.82828	-83.14	-76.3118
spk_ver/v01/v0132	SES016	-3.37457	-79.3553	-75.9808
spk_ver/v01/v0133	SES016	-3.36925	-83.2758	-79.9065
spk_ver/v01/v0134	SES016	-6.65446	-82.3281	-75.6736
spk_ver/v01/v0135	SES016	-4.55656	-83.5768	-79.0202
spk_ver/v01/v0136	SES016	-4.1293	-83.3334	-79.2041
spk_ver/v01/v0137	SES007	0.676559	-76.7996	-77.4762
spk_ver/v01/v0138	SES016	-1.51421	-78.9221	-77.4078
spk_ver/v01/v0139	SES016	-1.43416	-77.2887	-75.8545
spk_ver/v01/v0140	SES016	2.10043	-75.4893	-77.5897
spk_ver/v01/v0141	SES016	-10.3797	-89.5922	-79.2125
spk_ver/v01/v0142	SES016	-4.66464	-78.5847	-73.9201
spk_ver/v01/v0143	SES016	-6.64439	-85.9847	-79.3403
spk_ver/v01/v0144	SES016	-2.38376	-78.4386	-76.0548
spk_ver/v01/v0145	SES016	-2.95836	-81.3759	-78.4175
spk_ver/v01/v0146	SES016	-1.57507	-77.3647	-75.7897
spk_ver/v01/v0147	SES016	-2.70403	-80.8769	-78.1728
spk_ver/v01/v0148	SES127	1.00352	-76.1467	-77.1502
spk_ver/v01/v0149	SES016	-5.46472	-82.1758	-76.711
spk_ver/v01/v0150	SES016	-3.31464	-80.2974	-76.9828
spk_ver/v01/v0151	SES147	1.71637	-78.4304	-80.1468
spk_ver/v01/v0152	SES016	-1.50771	-79.1513	-77.6436
spk_ver/v01/v0153	SES104	2.46686	-71.8913	-74.3581
spk_ver/v01/v0154	SES016	-2.96826	-80.2845	-77.3162
spk_ver/v01/v0155	SES016	-2.5815	-81.1948	-78.6133
spk_ver/v01/v0156	SES019	-1.19923	-77.674	-76.4748
spk_ver/v01/v0157	SES019	-5.53403	-80.6765	-75.1425
spk_ver/v01/v0158	SES019	-1.1479	-75.3187	-74.1708
spk_ver/v01/v0159	SES007	0.657547	-76.3255	-76.983
spk_ver/v01/v0160	SES019	-2.49825	-77.1505	-74.6522
spk_ver/v01/v0161	SES019	-3.11776	-78.5796	-75.4618
spk_ver/v01/v0162	SES019	-16.845	-91.7988	-74.9538
spk_ver/v01/v0163	SES189	3.1716	-76.8067	-79.9783
spk_ver/v01/v0164	SES019	-1.75703	-76.3323	-74.5753
spk_ver/v01/v0165	SES019	-1.00813	-77.7984	-76.7903
spk_ver/v01/v0166	SES019	-16.0177	-91.4275	-75.4098
spk_ver/v01/v0167	SES019	-20.7769	-98.5077	-77.7308
spk_ver/v01/v0168	SES019	-1.47678	-81.1003	-79.6236
spk_ver/v01/v0169	SES019	-4.40928	-80.9071	-76.4979
spk_ver/v01/v0170	SES270	1.99564	-73.2757	-75.2713
spk_ver/v01/v0171	SES019	-2.13265	-77.8164	-75.6838
spk_ver/v01/v0172	SES019	-23.2398	-101.491	-78.2514
spk_ver/v01/v0173	SES206	2.11267	-72.2049	-74.3176
spk_ver/v01/v0174	SES019	-2.10152	-75.2011	-73.0996
spk_ver/v01/v0175	SES014	2.63754	-70.4217	-73.0592
spk_ver/v01/v0176	SES019	-14.6228	-90.5925	-75.9697
spk_ver/v01/v0177	SES120	1.12201	-76.8921	-78.0141
spk_ver/v01/v0178	SES019	-1.99989	-79.0352	-77.0353
spk_ver/v01/v0179	SES019	-22.2554	-97.2326	-74.9771
spk_ver/v01/v0180	SES175	1.74097	-76.3277	-78.0687
spk_ver/v01/v0181	SES019	-19.6394	-98.8077	-79.1684
spk_ver/v01/v0182	SES019	-8.34703	-84.463	-76.116
spk_ver/v01/v0183	SES029	-2.40363	-81.2344	-78.8308
spk_ver/v01/v0184	SES029	-5.56269	-78.9795	-73.4168
spk_ver/v01/v0185	SES029	-2.83747	-80.3608	-77.5233
spk_ver/v01/v0186	SES068	0.787514	-75.0069	-75.7944
spk_ver/v01/v0187	SES029	-6.82045	-81.361	-74.5405
spk_ver/v01/v0188	SES029	-5.73939	-79.6183	-73.8789
spk_ver/v01/v0189	SES149	2.61028	-72.3473	-74.9575
spk_ver/v01/v0190	SES029	-5.47143	-79.3094	-73.838
spk_ver/v01/v0191	SES029	-5.09454	-79.6967	-74.6021
spk_ver/v01/v0192	SES183	1.08486	-74.6806	-75.7655
spk_ver/v01/v0193	SES029	-0.498009	-77.5985	-77.1005
spk_ver/v01/v0194	SES016	1.2897	-75.6973	-76.987
spk_ver/v01/v0195	SES029	-3.46499	-79.7031	-76.2381
spk_ver/v01/v0196	SES029	-1.2765	-78.9594	-77.6829
spk_ver/v01/v0197	SES029	-6.06272	-79.6461	-73.5833
spk_ver/v01/v0198	SES146	0.102234	-77.2617	-77.364
spk_ver/v01/v0199	SES029	-3.79497	-81.4137	-77.6188
spk_ver/v02/v0200	SES029	-2.14246	-80.6364	-78.4939
spk_ver/v02/v0201	SES068	1.15231	-74.8733	-76.0256
spk_ver/v02/v0202	SES148	1.98639	-76.0122	-77.9986
spk_ver/v02/v0203	SES029	-3.20629	-79.6723	-76.466
spk_ver/v02/v0204	SES029	-0.878296	-77.9728	-77.0945
spk_ver/v02/v0205	SES060	0.540939	-74.8644	-75.4054
spk_ver/v02/v0206	SES127	1.52923	-75.2957	-76.825
spk_ver/v02/v0207	SES029	-4.95798	-79.084	-74.126
spk_ver/v02/v0208	SES048	2.12222	-75.3127	-77.4349
spk_ver/v02/v0209	SES029	-2.14156	-80.1966	-78.055
spk_ver/v02/v0210	SES029	-4.65434	-81.2194	-76.5651
spk_ver/v02/v0211	SES029	-4.33284	-77.4048	-73.0719
spk_ver/v02/v0212	SES042	-36.681	-116.677	-79.9958
spk_ver/v02/v0213	SES085	0.0875397	-77.2451	-77.3326
spk_ver/v02/v0214	SES206	2.67391	-69.8779	-72.5518
spk_ver/v02/v0215	SES144	0.423035	-76.8671	-77.2901
spk_ver/v02/v0216	SES042	-2.78532	-77.9209	-75.1356
spk_ver/v02/v0217	SES042	-2.19351	-83.399	-81.2055
spk_ver/v02/v0218	SES042	-0.717461	-74.2923	-73.5748
spk_ver/v02/v0219	SES206	1.72417	-71.4409	-73.165
spk_ver/v02/v0220	SES019	4.4457	-70.9428	-75.3885
spk_ver/v02/v0221	SES007	0.504234	-76.0917	-76.5959
spk_ver/v02/v0222	SES042	-38.8519	-118.202	-79.3497
spk_ver/v02/v0223	SES147	2.56496	-77.5833	-80.1482
spk_ver/v02/v0224	SES105	0.662132	-76.2924	-76.9545
spk_ver/v02/v0225	SES042	-2.03191	-76.7002	-74.6683
spk_ver/v02/v0226	SES275	1.52821	-76.181	-77.7092
spk_ver/v02/v0227	SES042	-5.09852	-81.837	-76.7384
spk_ver/v02/v0228	SES042	-22.9714	-101.208	-78.2371
spk_ver/v02/v0229	SES042	-39.758	-115.486	-75.7276
spk_ver/v02/v0230	SES085	0.746696	-73.3173	-74.0639
spk_ver/v02/v0231	SES014	2.91819	-69.8324	-72.7506
spk_ver/v02/v0232	SES042	-1.37191	-74.5445	-73.1725
spk_ver/v02/v0233	SES048	-5.14353	-79.3521	-74.2086
spk_ver/v02/v0234	SES048	-13.8833	-94.2394	-80.3562
spk_ver/v02/v0235	SES029	0.664276	-75.7363	-76.4006
spk_ver/v02/v0236	SES048	-5.7236	-81.9821	-76.2585
spk_ver/v02/v0237	SES048	-7.55791	-83.6487	-76.0908
spk_ver/v02/v0238	SES048	-5.92142	-83.0492	-77.1278
spk_ver/v02/v0239	SES060	1.49383	-74.1271	-75.6209
spk_ver/v02/v0240	SES048	-9.92161	-88.3985	-78.4769
spk_ver/v02/v0241	SES048	-10.5744	-89.6418	-79.0674
spk_ver/v02/v0242	SES189	5.57355	-76.7616	-82.3351
spk_ver/v02/v0243	SES162	1.09692	-76.5996	-77.6965
spk_ver/v02/v0244	SES048	-5.23596	-79.3799	-74.1439
spk_ver/v02/v0245	SES048	-6.77031	-84.0439	-77.2736
spk_ver/v02/v0246	SES048	-4.81868	-79.4311	-74.6124
spk_ver/v02/v0247	SES048	-5.03133	-81.7839	-76.7526
spk_ver/v02/v0248	SES226	2.86137	-72.3056	-75.1669
spk_ver/v02/v0249	SES048	-4.53373	-82.6632	-78.1295
spk_ver/v02/v0250	SES048	-4.54662	-82.3104	-77.7638
spk_ver/v02/v0251	SES048	-5.72909	-81.1844	-75.4553
spk_ver/v02/v0252	SES060	-10.3085	-92.3018	-81.9933
spk_ver/v02/v0253	SES060	-6.65169	-81.1672	-74.5155
spk_ver/v02/v0254	SES259	3.66113	-69.7975	-73.4586
spk_ver/v02/v0255	SES060	-5.95318	-84.6913	-78.7381
spk_ver/v02/v0256	SES202	1.7946	-76.8811	-78.6757
spk_ver/v02/v0257	SES148	0.640991	-75.4257	-76.0667
spk_ver/v02/v0258	SES060	-6.05579	-88.08	-82.0242
spk_ver/v02/v0259	SES060	-1.3867	-77.0795	-75.6928
spk_ver/v02/v0260	SES060	-2.91814	-79.7133	-76.7952
spk_ver/v02/v0261	SES099	3.33283	-71.0129	-74.3457
spk_ver/v02/v0262	SES060	-3.82017	-81.7378	-77.9177
spk_ver/v02/v0263	SES060	-2.71841	-78.1971	-75.4787
spk_ver/v02/v0264	SES292	0.872292	-76.5584	-77.4307
spk_ver/v02/v0265	SES060	-1.36216	-77.6216	-76.2594
spk_ver/v02/v0266	SES060	-8.51807	-83.9518	-75.4337
spk_ver/v02/v0267	SES060	-4.6265	-81.9941	-77.3676
spk_ver/v02/v0268	SES060	-5.65878	-83.56	-77.9012
spk_ver/v02/v0269	SES127	2.20532	-75.0218	-77.2271
spk_ver/v02/v0270	SES060	-1.50761	-79.0925	-77.5849
spk_ver/v02/v0271	SES060	-2.24249	-78.3261	-76.0836
spk_ver/v02/v0272	SES060	-5.05798	-81.8875	-76.8295
spk_ver/v02/v0273	SES087	2.68368	-72.0534	-74.7371
spk_ver/v02/v0274	SES146	-0.016571	-77.4312	-77.4146
spk_ver/v02/v0275	SES060	-5.61986	-84.3889	-78.769
spk_ver/v02/v0276	SES002	3.40627	-70.6952	-74.1015
spk_ver/v02/v0277	SES060	-2.37067	-78.0465	-75.6759
spk_ver/v02/v0278	SES060	-6.86334	-83.9869	-77.1235
spk_ver/v02/v0279	SES060	-8.26608	-82.0093	-73.7432
spk_ver/v02/v0280	SES129	3.04259	-73.8714	-76.914
spk_ver/v02/v0281	SES162	0.74366	-76.5507	-77.2944
spk_ver/v02/v0282	SES060	-5.46213	-80.941	-75.4789
spk_ver/v02/v0283	SES060	-3.57243	-79.8246	-76.2522
spk_ver/v02/v0284	SES062	-8.00094	-87.2676	-79.2667
spk_ver/v02/v0285	SES062	-6.7441	-81.257	-74.5129
spk_ver/v02/v0286	SES120	0.814445	-76.992	-77.8064
spk_ver/v02/v0287	SES062	-6.80866	-83.2474	-76.4387
spk_ver/v02/v0288	SES062	-6.3573	-81.8792	-75.5219
spk_ver/v02/v0289	SES062	-4.31402	-78.8536	-74.5396
spk_ver/v02/v0290	SES062	-4.7486	-82.7159	-77.9673
spk_ver/v02/v0291	SES275	0.415009	-76.4666	-76.8816
spk_ver/v02/v0292	SES062	-7.26984	-87.2795	-80.0096
spk_ver/v02/v0293	SES062	-11.8691	-92.8406	-80.9715
spk_ver/v02/v0294	SES062	-4.04116	-77.5258	-73.4846
spk_ver/v02/v0295	SES062	-5.24718	-83.1229	-77.8757
spk_ver/v02/v0296	SES062	-5.4171	-82.6403	-77.2232
spk_ver/v02/v0297	SES062	-6.42709	-83.8177	-77.3906
spk_ver/v02/v0298	SES062	-6.66032	-82.3037	-75.6434
spk_ver/v02/v0299	SES062	-2.65915	-79.5684	-76.9092
spk_ver/v03/v0300	SES062	-12.4583	-94.6127	-82.1544
spk_ver/v03/v0301	SES062	-4.14425	-79.7704	-75.6262
spk_ver/v03/v0302	SES172	0.702324	-74.0052	-74.7075
spk_ver/v03/v0303	SES062	-1.69006	-77.6505	-75.9604
spk_ver/v03/v0304	SES062	-2.22371	-79.3851	-77.1614
spk_ver/v03/v0305	SES062	-5.65039	-81.278	-75.6276
spk_ver/v03/v0306	SES062	-14.3841	-95.7734	-81.3892
spk_ver/v03/v0307	SES062	-5.56769	-80.6799	-75.1122
spk_ver/v03/v0308	SES062	-9.12326	-88.0803	-78.9571
spk_ver/v03/v0309	SES062	-4.37217	-83.5161	-79.1439
spk_ver/v03/v0310	SES125	2.20508	-71.8727	-74.0777
spk_ver/v03/v0311	SES062	-7.12236	-80.9953	-73.8729
spk_ver/v03/v0312	SES062	-7.8176	-85.8806	-78.063
spk_ver/v03/v0313	SES062	-6.14025	-85.9704	-79.8301
spk_ver/v03/v0314	SES068	-7.22395	-83.9858	-76.7618
spk_ver/v03/v0315	SES068	-4.75543	-78.5407	-73.7853
spk_ver/v03/v0316	SES068	-4.86459	-84.9905	-80.1259
spk_ver/v03/v0317	SES068	-3.69631	-83.6565	-79.9602
spk_ver/v03/v0318	SES068	-7.44125	-81.1242	-73.6829
spk_ver/v03/v0319	SES068	-7.88727	-83.1783	-75.2911
spk_ver/v03/v0320	SES068	-2.84953	-77.5441	-74.6945
spk_ver/v03/v0321	SES068	-1.71656	-79.1055	-77.389
spk_ver/v03/v0322	SES068	-2.12138	-78.8966	-76.7752
spk_ver/v03/v0323	SES068	-3.90217	-82.4399	-78.5377
spk_ver/v03/v0324	SES144	0.169655	-79.7113	-79.881
spk_ver/v03/v0325	SES068	-3.09401	-79.5263	-76.4323
spk_ver/v03/v0326	SES068	-1.472	-76.3364	-74.8644
spk_ver/v03/v0327	SES068	-2.93102	-80.9064	-77.9754
spk_ver/v03/v0328	SES068	-7.23804	-84.1656	-76.9275
spk_ver/v03/v0329	SES068	-2.82787	-79.0236	-76.1957
spk_ver/v03/v0330	SES180	-0.137383	-78.4876	-78.3502
spk_ver/v03/v0331	SES068	-2.27158	-78.9316	-76.66
spk_ver/v03/v0332	SES275	1.21828	-75.3796	-76.5979
spk_ver/v03/v0333	SES062	2.49001	-72.234	-74.7241
spk_ver/v03/v0334	SES270	1.92748	-72.4762	-74.4036
spk_ver/v03/v0335	SES068	-7.25935	-83.823	-76.5636
spk_ver/v03/v0336	SES068	-1.91006	-76.5959	-74.6858
spk_ver/v03/v0337	SES068	-4.07621	-83.2819	-79.2057
spk_ver/v03/v0338	SES068	-4.03664	-83.4878	-79.4511
spk_ver/v03/v0339	SES068	-3.21027	-79.728	-76.5178
spk_ver/v03/v0340	SES068	-2.25588	-82.6157	-80.3598
spk_ver/v03/v0341	SES016	0.974083	-75.2052	-76.1793
spk_ver/v03/v0342	SES068	-5.4259	-86.121	-80.6951
spk_ver/v03/v0343	SES068	-3.30106	-81.3106	-78.0096
spk_ver/v03/v0344	SES125	2.71272	-72.1133	-74.826
spk_ver/v03/v0345	SES187	0.554611	-75.9607	-76.5154
spk_ver/v03/v0346	SES068	-3.26561	-79.0861	-75.8205
spk_ver/v03/v0347	SES143	1.44136	-76.8847	-78.326
spk_ver/v03/v0348	SES292	1.283	-75.7293	-77.0123
spk_ver/v03/v0349	SES082	-12.9843	-88.3374	-75.3532
spk_ver/v03/v0350	SES101	0.554504	-75.2227	-75.7772
spk_ver/v03/v0351	SES082	-0.162033	-74.5895	-74.4275
spk_ver/v03/v0352	SES082	-2.00367	-79.7271	-77.7235
spk_ver/v03/v0353	SES082	-20.1101	-97.0364	-76.9264
spk_ver/v03/v0354	SES082	-27.0025	-107.412	-80.4095
spk_ver/v03/v0355	SES083	0.176323	-74.3201	-74.4965
spk_ver/v03/v0356	SES082	-2.65882	-78.5982	-75.9393
spk_ver/v03/v0357	SES082	-29.7984	-107.626	-77.8273
spk_ver/v03/v0358	SES082	-0.765709	-76.4723	-75.7065
spk_ver/v03/v0359	SES117	0.815392	-80.0802	-80.8956
spk_ver/v03/v0360	SES082	-13.7018	-91.1015	-77.3997
spk_ver/v03/v0361	SES082	-3.06946	-80.8254	-77.756
spk_ver/v03/v0362	SES007	1.4318	-74.8453	-76.2771
spk_ver/v03/v0363	SES082	-2.66452	-77.3313	-74.6668
spk_ver/v03/v0364	SES019	1.73919	-74.135	-75.8741
spk_ver/v03/v0365	SES082	-0.402176	-76.0932	-75.691
spk_ver/v03/v0366	SES226	2.8389	-72.5638	-75.4027
spk_ver/v03/v0367	SES167	2.08405	-74.5866	-76.6706
spk_ver/v03/v0368	SES082	-2.17456	-75.8065	-73.6319
spk_ver/v03/v0369	SES042	3.94805	-68.724	-72.6721
spk_ver/v03/v0370	SES042	3.99675	-70.0803	-74.077
spk_ver/v03/v0371	SES082	-21.6758	-98.191	-76.5152
spk_ver/v03/v0372	SES082	-2.69767	-75.6328	-72.9351
spk_ver/v03/v0373	SES082	-22.6064	-102.095	-79.4884
spk_ver/v03/v0374	SES083	-0.918282	-75.4456	-74.5273
spk_ver/v03/v0375	SES292	0.953789	-76.2404	-77.1942
spk_ver/v03/v0376	SES083	-5.25084	-79.2249	-73.9741
spk_ver/v03/v0377	SES083	-4.66844	-80.2515	-75.5831
spk_ver/v03/v0378	SES083	-4.16752	-83.5905	-79.423
spk_ver/v03/v0379	SES083	-1.29794	-79.1146	-77.8166
spk_ver/v03/v0380	SES083	-3.67455	-82.7832	-79.1087
spk_ver/v03/v0381	SES083	-2.81294	-82.5108	-79.6978
spk_ver/v03/v0382	SES148	0.58696	-75.4737	-76.0607
spk_ver/v03/v0383	SES083	-1.08595	-76.7898	-75.7038
spk_ver/v03/v0384	SES226	3.27235	-73.083	-76.3554
spk_ver/v03/v0385	SES226	2.72273	-71.8539	-74.5766
spk_ver/v03/v0386	SES087	2.60159	-72.4387	-75.0403
spk_ver/v03/v0387	SES029	0.85955	-76.1282	-76.9877
spk_ver/v03/v0388	SES147	3.10637	-76.0132	-79.1196
spk_ver/v03/v0389	SES083	-5.13828	-81.074	-75.9357
spk_ver/v03/v0390	SES189	2.09206	-77.3375	-79.4296
spk_ver/v03/v0391	SES083	-1.86079	-78.4333	-76.5725
spk_ver/v03/v0392	SES083	-1.03204	-75.6407	-74.6087
spk_ver/v03/v0393	SES083	-1.80524	-78.3119	-76.5067
spk_ver/v03/v0394	SES083	-3.70033	-80.0657	-76.3654
spk_ver/v03/v0395	SES083	-0.51416	-76.7454	-76.2312
spk_ver/v03/v0396	SES014	3.35188	-69.2192	-72.5711
spk_ver/v03/v0397	SES085	-0.645943	-75.1722	-74.5263
spk_ver/v03/v0398	SES085	-1.79934	-76.407	-74.6076
spk_ver/v03/v0399	SES085	-6.72083	-80.7018	-73.9809
spk_ver/v04/v0400	SES106	2.95646	-71.2601	-74.2166
spk_ver/v04/v0401	SES085	-7.32272	-81.5902	-74.2675
spk_ver/v04/v0402	SES085	-9.76863	-88.4655	-78.6969
spk_ver/v04/v0403	SES085	-0.909439	-76.3806	-75.4712
spk_ver/v04/v0404	SES180	1.80276	-75.4818	-77.2845
spk_ver/v04/v0405	SES129	2.10405	-73.2137	-75.3177
spk_ver/v04/v0406	SES085	-4.42104	-78.447	-74.0259
spk_ver/v04/v0407	SES146	-0.14296	-77.8716	-77.7287
spk_ver/v04/v0408	SES085	-0.350334	-75.9064	-75.5561
spk_ver/v04/v0409	SES085	-5.90616	-82.048	-76.1418
spk_ver/v04/v0410	SES085	-8.15916	-83.939	-75.7798
spk_ver/v04/v0411	SES292	0.693214	-76.6918	-77.3851
spk_ver/v04/v0412	SES085	-1.32441	-76.3133	-74.9889
spk_ver/v04/v0413	SES125	3.06777	-71.5564	-74.6241
spk_ver/v04/v0414	SES085	-8.60965	-93.8045	-85.1948
spk_ver/v04/v0415	SES085	-1.29035	-77.6529	-76.3626
spk_ver/v04/v0416	SES085	-9.18843	-86.32	-77.1316
spk_ver/v04/v0417	SES062	0.861267	-73.8916	-74.7529
spk_ver/v04/v0418	SES060	1.96935	-74.3557	-76.325
spk_ver/v04/v0419	SES085	-1.95289	-78.2646	-76.3117
spk_ver/v04/v0420	SES085	-7.96442	-81.2431	-73.2787
spk_ver/v04/v0421	SES085	-9.50747	-86.0463	-76.5389
spk_ver/v04/v0422	SES085	-1.99326	-80.4329	-78.4396
spk_ver/v04/v0423	SES085	-8.00473	-84.3167	-76.312
spk_ver/v04/v0424	SES085	-5.61703	-82.9304	-77.3134
spk_ver/v04/v0425	SES183	1.09232	-76.9297	-78.0221
spk_ver/v04/v0426	SES085	-6.70304	-81.3445	-74.6415
spk_ver/v04/v0427	SES087	-2.56242	-78.5443	-75.9819
spk_ver/v04/v0428	SES162	1.56579	-75.9135	-77.4792
spk_ver/v04/v0429	SES087	-2.04568	-76.049	-74.0033
spk_ver/v04/v0430	SES087	-19.7252	-100.31	-80.585
spk_ver/v04/v0431	SES087	-31.0204	-109.013	-77.9927
spk_ver/v04/v0432	SES087	-2.84605	-77.799	-74.9529
spk_ver/v04/v0433	SES087	-23.2375	-98.5263	-75.2888
spk_ver/v04/v0434	SES142	4.48084	-74.5557	-79.0365
spk_ver/v04/v0435	SES087	-26.2556	-104.448	-78.192
spk_ver/v04/v0436	SES099	2.04266	-72.0146	-74.0572
spk_ver/v04/v0437	SES087	-12.3863	-88.0627	-75.6763
spk_ver/v04/v0438	SES087	-16.7252	-94.5451	-77.8199
spk_ver/v04/v0439	SES087	-1.24608	-73.6123	-72.3662
spk_ver/v04/v0440	SES087	-17.4909	-93.6596	-76.1687
spk_ver/v04/v0441	SES087	-26.5604	-104.421	-77.8603
spk_ver/v04/v0442	SES187	1.69367	-77.4328	-79.1264
spk_ver/v04/v0443	SES172	1.41379	-75.2657	-76.6795
spk_ver/v04/v0444	SES087	-7.13864	-84.1319	-76.9932
spk_ver/v04/v0445	SES087	-1.60812	-75.1606	-73.5525
spk_ver/v04/v0446	SES087	-0.111977	-74.1186	-74.0066
spk_ver/v04/v0447	SES087	-0.337914	-75.6609	-75.3229
spk_ver/v04/v0448	SES106	2.23044	-73.4273	-75.6578
spk_ver/v04/v0449	SES146	0.990654	-77.2883	-78.279
spk_ver/v04/v0450	SES087	-24.0197	-101.797	-77.7772
spk_ver/v04/v0451	SES087	-1.92976	-77.7724	-75.8426
spk_ver/v04/v0452	SES007	1.65561	-76.4458	-78.1014
spk_ver/v04/v0453	SES087	-2.23609	-76.6509	-74.4148
spk_ver/v04/v0454	SES087	-26.5711	-104.539	-77.968
spk_ver/v04/v0455	SES180	0.501007	-76.9507	-77.4517
spk_ver/v04/v0456	SES099	-18.0558	-97.6355	-79.5798
spk_ver/v04/v0457	SES042	2.58911	-71.9223	-74.5114
spk_ver/v04/v0458	SES099	-1.67884	-76.2961	-74.6172
spk_ver/v04/v0459	SES099	-36.1039	-114.103	-77.9986
spk_ver/v04/v0460	SES099	-20.1664	-101.306	-81.1393
spk_ver/v04/v0461	SES099	-1.77779	-75.7702	-73.9924
spk_ver/v04/v0462	SES082	3.08638	-71.5387	-74.6251
spk_ver/v04/v0463	SES099	-1.42619	-75.4214	-73.9952
spk_ver/v04/v0464	SES099	-0.312752	-74.1549	-73.8422
spk_ver/v04/v0465	SES099	-25.9125	-104.145	-78.2321
spk_ver/v04/v0466	SES099	-1.60047	-75.7401	-74.1396
spk_ver/v04/v0467	SES099	-3.43388	-79.3165	-75.8826
spk_ver/v04/v0468	SES129	2.44466	-74.3059	-76.7506
spk_ver/v04/v0469	SES101	0.266899	-75.7743	-76.0412
spk_ver/v04/v0470	SES099	-22.2602	-100.402	-78.142
spk_ver/v04/v0471	SES172	0.507507	-76.0415	-76.549
spk_ver/v04/v0472	SES099	-0.384621	-74.9799	-74.5953
spk_ver/v04/v0473	SES270	3.55278	-71.2961	-74.8489
spk_ver/v04/v0474	SES099	-11.3037	-88.7303	-77.4266
spk_ver/v04/v0475	SES099	-10.7667	-86.5745	-75.8078
spk_ver/v04/v0476	SES099	-2.96054	-80.6605	-77.6999
spk_ver/v04/v0477	SES002	3.20523	-69.8629	-73.0681
spk_ver/v04/v0478	SES099	-0.46727	-74.2349	-73.7676
spk_ver/v04/v0479	SES007	-0.990379	-78.807	-77.8166
spk_ver/v04/v0480	SES101	-7.25352	-80.2797	-73.0262
spk_ver/v04/v0481	SES101	-5.93766	-85.7833	-79.8457
spk_ver/v04/v0482	SES175	0.76384	-77.2028	-77.9666
spk_ver/v04/v0483	SES101	-3.27229	-81.2302	-77.9579
spk_ver/v04/v0484	SES101	-6.84315	-80.0527	-73.2095
spk_ver/v04/v0485	SES101	-5.44923	-84.605	-79.1558
spk_ver/v04/v0486	SES101	-2.43513	-82.256	-79.8209
spk_ver/v04/v0487	SES101	-3.4756	-82.0187	-78.5431
spk_ver/v04/v0488	SES101	-5.70974	-80.2884	-74.5787
spk_ver/v04/v0489	SES147	1.67139	-80.0371	-81.7085
spk_ver/v04/v0490	SES085	0.524254	-77.0902	-77.6145
spk_ver/v04/v0491	SES101	-3.84653	-82.8239	-78.9773
spk_ver/v04/v0492	SES101	-5.89084	-83.6762	-77.7853
spk_ver/v04/v0493	SES101	-5.88881	-78.7517	-72.8629
spk_ver/v04/v0494	SES101	-4.41432	-87.1096	-82.6953
spk_ver/v04/v0495	SES101	-1.45141	-75.5733	-74.1219
spk_ver/v04/v0496	SES101	-3.97829	-82.4052	-78.4269
spk_ver/v04/v0497	SES014	3.21363	-68.7311	-71.9448
spk_ver/v04/v0498	SES101	-3.08074	-80.7748	-77.6941
spk_ver/v04/v0499	SES101	-1.45661	-76.5685	-75.1119
spk_ver/v05/v0500	SES085	0.753036	-74.6558	-75.4089
spk_ver/v05/v0501	SES101	-8.33514	-82.6574	-74.3222
spk_ver/v05/v0502	SES275	1.51313	-75.483	-76.9962
spk_ver/v05/v0503	SES117	2.14208	-78.2023	-80.3443
spk_ver/v05/v0504	SES101	-6.36045	-80.2471	-73.8866
spk_ver/v05/v0505	SES101	-1.15419	-77.2584	-76.1042
spk_ver/v05/v0506	SES101	-2.89153	-81.7748	-78.8833
spk_ver/v05/v0507	SES048	1.47091	-73.6288	-75.0997
spk_ver/v05/v0508	SES117	1.06747	-79.1669	-80.2344
spk_ver/v05/v0509	SES202	3.11493	-73.9315	-77.0465
spk_ver/v05/v0510	SES104	-1.8009	-80.0396	-78.2387
spk_ver/v05/v0511	SES008	0.0456543	-78.3284	-78.374
spk_ver/v05/v0512	SES104	-0.56765	-76.1801	-75.6125
spk_ver/v05/v0513	SES104	-1.04	-74.7075	-73.6674
spk_ver/v05/v0514	SES104	-20.7351	-95.6754	-74.9403
spk_ver/v05/v0515	SES104	-33.1039	-111.121	-78.0175
spk_ver/v05/v0516	SES104	-0.362892	-78.6857	-78.3228
spk_ver/v05/v0517	SES060	0.088623	-73.9453	-74.0339
spk_ver/v05/v0518	SES104	-35.528	-115.585	-80.0571
spk_ver/v05/v0519	SES104	-30.7338	-110.612	-79.8781
spk_ver/v05/v0520	SES104	-0.100937	-73.0846	-72.9837
spk_ver/v05/v0521	SES008	1.12167	-73.6605	-74.7822
spk_ver/v05/v0522	SES068	0.706947	-76.1559	-76.8629
spk_ver/v05/v0523	SES087	1.88393	-72.3772	-74.2611
spk_ver/v05/v0524	SES104	-0.839165	-77.3247	-76.4856
spk_ver/v05/v0525	SES104	-0.874542	-74.616	-73.7414
spk_ver/v05/v0526	SES104	-1.81622	-77.9453	-76.1291
spk_ver/v05/v0527	SES083	0.181511	-75.5709	-75.7524
spk_ver/v05/v0528	SES148	1.36701	-76.0091	-77.3761
spk_ver/v05/v0529	SES104	-1.99158	-77.5313	-75.5397
spk_ver/v05/v0530	SES104	-17.6935	-94.3806	-76.6871
spk_ver/v05/v0531	SES125	2.57793	-72.4037	-74.9816
spk_ver/v05/v0532	SES104	-32.6599	-111.013	-78.3535
spk_ver/v05/v0533	SES149	3.29609	-70.8862	-74.1823
spk_ver/v05/v0534	SES104	-27.3516	-103.692	-76.3406
spk_ver/v05/v0535	SES187	1.98048	-76.4035	-78.3839
spk_ver/v05/v0536	SES104	-1.92252	-75.8731	-73.9506
spk_ver/v05/v0537	SES104	-1.40068	-77.8073	-76.4066
spk_ver/v05/v0538	SES167	2.62933	-75.6145	-78.2439
spk_ver/v05/v0539	SES104	-1.0157	-79.2735	-78.2578
spk_ver/v05/v0540	SES104	-26.9224	-100.643	-73.7204
spk_ver/v05/v0541	SES183	1.31495	-78.4502	-79.7651
spk_ver/v05/v0542	SES104	-0.540543	-76.0396	-75.4991
spk_ver/v05/v0543	SES104	-27.0502	-102.751	-75.7005
spk_ver/v05/v0544	SES105	-5.13763	-82.7607	-77.623
spk_ver/v05/v0545	SES105	-2.81272	-80.2156	-77.4028
spk_ver/v05/v0546	SES105	-3.9885	-78.9391	-74.9506
spk_ver/v05/v0547	SES105	-5.39427	-84.3202	-78.9259
spk_ver/v05/v0548	SES019	2.21237	-73.746	-75.9584
spk_ver/v05/v0549	SES105	-3.65976	-80.3974	-76.7376
spk_ver/v05/v0550	SES105	-3.7161	-81.4382	-77.7221
spk_ver/v05/v0551	SES202	2.4164	-77.3187	-79.7351
spk_ver/v05/v0552	SES105	-6.55141	-83.5817	-77.0303
spk_ver/v05/v0553	SES105	0.119003	-77.5014	-77.6204
spk_ver/v05/v0554	SES105	-3.00601	-78.5777	-75.5717
spk_ver/v05/v0555	SES105	-2.4965	-78.6551	-76.1586
spk_ver/v05/v0556	SES082	0.937927	-74.0953	-75.0333
spk_ver/v05/v0557	SES105	-3.4613	-78.4588	-74.9975
spk_ver/v05/v0558	SES014	2.04092	-70.7262	-72.7671
spk_ver/v05/v0559	SES105	-2.25458	-77.759	-75.5044
spk_ver/v05/v0560	SES177	0.157806	-76.1655	-76.3233
spk_ver/v05/v0561	SES189	8.8275	-82.9437	-91.7712
spk_ver/v05/v0562	SES105	-2.30921	-81.4605	-79.1513
spk_ver/v05/v0563	SES099	2.59333	-73.818	-76.4114
spk_ver/v05/v0564	SES105	-3.69865	-81.0173	-77.3187
spk_ver/v05/v0565	SES105	-4.54298	-79.8764	-75.3335
spk_ver/v05/v0566	SES105	-3.50507	-81.3059	-77.8008
spk_ver/v05/v0567	SES142	2.57452	-77.2743	-79.8489
spk_ver/v05/v0568	SES048	1.03922	-75.4505	-76.4897
spk_ver/v05/v0569	SES105	-5.11144	-77.6111	-72.4996
spk_ver/v05/v0570	SES105	-1.36494	-77.4054	-76.0404
spk_ver/v05/v0571	SES105	-6.32822	-84.8937	-78.5655
spk_ver/v05/v0572	SES105	-3.68046	-81.5483	-77.8678
spk_ver/v05/v0573	SES105	-4.74315	-79.9553	-75.2121
spk_ver/v05/v0574	SES105	-3.56561	-80.4533	-76.8877
spk_ver/v05/v0575	SES105	-4.12981	-82.7139	-78.5841
spk_ver/v05/v0576	SES106	-29.974	-108.026	-78.0523
spk_ver/v05/v0577	SES106	-8.89468	-91.1955	-82.3008
spk_ver/v05/v0578	SES106	-12.4608	-89.0379	-76.5771
spk_ver/v05/v0579	SES106	-20.0539	-96.1694	-76.1155
spk_ver/v05/v0580	SES106	-1.18066	-74.2923	-73.1116
spk_ver/v05/v0581	SES106	-24.3169	-102.885	-78.5676
spk_ver/v05/v0582	SES106	-1.79189	-79.6375	-77.8456
spk_ver/v05/v0583	SES106	-0.205612	-73.6309	-73.4253
spk_ver/v05/v0584	SES106	-20.7848	-98.1719	-77.3871
spk_ver/v05/v0585	SES106	-0.614746	-78.1146	-77.4999
spk_ver/v05/v0586	SES106	-24.0824	-101.118	-77.0361
spk_ver/v05/v0587	SES106	-5.36272	-83.8323	-78.4696
spk_ver/v05/v0588	SES106	-17.2411	-92.8106	-75.5694
spk_ver/v05/v0589	SES106	-23.5762	-98.6427	-75.0665
spk_ver/v05/v0590	SES082	1.8877	-74.8844	-76.7721
spk_ver/v05/v0591	SES180	0.513153	-77.856	-78.3691
spk_ver/v05/v0592	SES106	-0.737976	-76.2827	-75.5447
spk_ver/v05/v0593	SES106	-26.4055	-105.521	-79.116
spk_ver/v05/v0594	SES292	0.897377	-75.8159	-76.7133
spk_ver/v05/v0595	SES106	-1.52396	-76.3813	-74.8574
spk_ver/v05/v0596	SES106	-25.7274	-104.216	-78.4889
spk_ver/v05/v0597	SES106	-20.9455	-98.2688	-77.3233
spk_ver/v05/v0598	SES042	2.52039	-71.0473	-73.5677
spk_ver/v05/v0599	SES106	-20.5424	-98.8814	-78.339
spk_ver/v06/v0600	SES106	0.833626	-73.6416	-74.4752
spk_ver/v06/v0601	SES106	-2.1299	-78.3443	-76.2144
spk_ver/v06/v0602	SES106	-8.31248	-85.1332	-76.8207
spk_ver/v06/v0603	SES106	-25.1793	-102.862	-77.6832
spk_ver/v06/v0604	SES106	-17.7468	-93.8513	-76.1045
spk_ver/v06/v0605	SES106	-30.0319	-111.819	-81.7873
spk_ver/v06/v0606	SES048	2.52168	-73.9608	-76.4824
spk_ver/v06/v0607	SES167	2.85487	-74.0735	-76.9283
spk_ver/v06/v0608	SES106	-20.2468	-97.4239	-77.1771
spk_ver/v06/v0609	SES143	0.00431061	-77.6841	-77.6884
spk_ver/v06/v0610	SES106	-36.6634	-119.107	-82.4431
spk_ver/v06/v0611	SES106	-11.2494	-89.373	-78.1236
spk_ver/v06/v0612	SES106	-38.797	-118.028	-79.2309
spk_ver/v06/v0613	SES117	-0.804886	-77.5598	-76.7549
spk_ver/v06/v0614	SES117	-6.35262	-82.5389	-76.1863
spk_ver/v06/v0615	SES117	-1.4851	-79.4416	-77.9565
spk_ver/v06/v0616	SES106	2.22974	-69.9449	-72.1746
spk_ver/v06/v0617	SES142	4.45244	-76.248	-80.7004
spk_ver/v06/v0618	SES048	2.47923	-73.027	-75.5063
spk_ver/v06/v0619	SES175	1.32114	-76.3066	-77.6277
spk_ver/v06/v0620	SES180	0.947044	-75.4939	-76.4409
spk_ver/v06/v0621	SES117	0.558151	-79.6539	-80.2121
spk_ver/v06/v0622	SES029	0.244301	-77.5798	-77.8241
spk_ver/v06/v0623	SES117	-0.319649	-76.5823	-76.2626
spk_ver/v06/v0624	SES117	-5.08218	-81.3392	-76.257
spk_ver/v06/v0625	SES117	0.268562	-81.9625	-82.2311
spk_ver/v06/v0626	SES106	2.5144	-72.468	-74.9824
spk_ver/v06/v0627	SES226	2.54535	-71.9177	-74.463
spk_ver/v06/v0628	SES117	0.743156	-77.1472	-77.8904
spk_ver/v06/v0629	SES117	-4.05374	-76.3307	-72.277
spk_ver/v06/v0630	SES117	-6.63826	-84.0341	-77.3959
spk_ver/v06/v0631	SES117	-5.08565	-84.2131	-79.1275
spk_ver/v06/v0632	SES117	-2.14146	-77.3954	-75.2539
spk_ver/v06/v0633	SES099	3.73615	-70.0907	-73.8269
spk_ver/v06/v0634	SES105	1.78886	-75.6061	-77.3949
spk_ver/v06/v0635	SES167	1.4587	-76.2364	-77.6951
spk_ver/v06/v0636	SES117	-0.365677	-76.9948	-76.6291
spk_ver/v06/v0637	SES202	2.74545	-75.3457	-78.0912
spk_ver/v06/v0638	SES117	-4.16428	-79.8218	-75.6575
spk_ver/v06/v0639	SES167	2.14056	-74.8666	-77.0072
spk_ver/v06/v0640	SES117	-2.14411	-81.312	-79.1679
spk_ver/v06/v0641	SES117	-3.12833	-77.463	-74.3347
spk_ver/v06/v0642	SES101	0.93895	-73.758	-74.697
spk_ver/v06/v0643	SES068	0.580933	-75.7356	-76.3166
spk_ver/v06/v0644	SES120	-3.05543	-80.9897	-77.9343
spk_ver/v06/v0645	SES120	-4.56537	-83.8289	-79.2635
spk_ver/v06/v0646	SES172	0.922279	-75.8513	-76.7736
spk_ver/v06/v0647	SES120	-2.71761	-78.6038	-75.8862
spk_ver/v06/v0648	SES120	-0.697823	-75.7822	-75.0844
spk_ver/v06/v0649	SES120	-3.45749	-80.9496	-77.4921
spk_ver/v06/v0650	SES087	1.8943	-72.89	-74.7843
spk_ver/v06/v0651	SES120	-3.91985	-79.9671	-76.0472
spk_ver/v06/v0652	SES104	-1.81499	-79.3201	-77.5051
spk_ver/v06/v0653	SES129	1.79927	-73.5126	-75.3119
spk_ver/v06/v0654	SES120	-2.86281	-79.9497	-77.0869
spk_ver/v06/v0655	SES120	-2.31052	-79.1221	-76.8115
spk_ver/v06/v0656	SES120	-2.05695	-78.3672	-76.3103
spk_ver/v06/v0657	SES147	2.19144	-77.6682	-79.8597
spk_ver/v06/v0658	SES120	-3.9985	-79.6324	-75.6339
spk_ver/v06/v0659	SES120	-4.00198	-78.4852	-74.4832
spk_ver/v06/v0660	SES120	-1.09858	-77.4884	-76.3898
spk_ver/v06/v0661	SES120	-3.29636	-80.7817	-77.4854
spk_ver/v06/v0662	SES120	-1.83362	-82.0073	-80.1736
spk_ver/v06/v0663	SES120	-4.9809	-85.2253	-80.2444
spk_ver/v06/v0664	SES147	3.27869	-76.3784	-79.6571
spk_ver/v06/v0665	SES162	1.55672	-76.1513	-77.708
spk_ver/v06/v0666	SES120	-3.11362	-78.9312	-75.8176
spk_ver/v06/v0667	SES120	-3.19099	-78.4903	-75.2993
spk_ver/v06/v0668	SES120	1.49968	-74.9965	-76.4962
spk_ver/v06/v0669	SES142	4.37163	-75.2365	-79.6082
spk_ver/v06/v0670	SES106	3.01161	-71.1927	-74.2043
spk_ver/v06/v0671	SES183	2.2483	-75.7828	-78.0311
spk_ver/v06/v0672	SES120	-4.09132	-80.7071	-76.6158
spk_ver/v06/v0673	SES029	-0.0268707	-78.0302	-78.0033
spk_ver/v06/v0674	SES120	-2.10738	-79.5031	-77.3957
spk_ver/v06/v0675	SES008	1.5219	-73.6923	-75.2142
spk_ver/v06/v0676	SES125	-28.4274	-108.043	-79.6153
spk_ver/v06/v0677	SES143	0.861267	-77.6532	-78.5145
spk_ver/v06/v0678	SES125	-24.6078	-104.278	-79.6707
spk_ver/v06/v0679	SES162	0.249588	-76.2451	-76.4947
spk_ver/v06/v0680	SES125	-17.036	-93.2331	-76.1971
spk_ver/v06/v0681	SES125	-2.53489	-77.0133	-74.4784
spk_ver/v06/v0682	SES125	-20.6444	-95.0015	-74.3572
spk_ver/v06/v0683	SES226	2.19862	-72.5836	-74.7822
spk_ver/v06/v0684	SES125	-21.0141	-99.4553	-78.4412
spk_ver/v06/v0685	SES125	-34.7919	-111.695	-76.9029
spk_ver/v06/v0686	SES120	1.43912	-74.3487	-75.7878
spk_ver/v06/v0687	SES125	-3.83553	-82.6376	-78.8021
spk_ver/v06/v0688	SES158	2.72346	-72.761	-75.4845
spk_ver/v06/v0689	SES125	-10.3946	-92.5622	-82.1676
spk_ver/v06/v0690	SES105	1.82056	-75.5823	-77.4029
spk_ver/v06/v0691	SES125	-1.37282	-76.9411	-75.5683
spk_ver/v06/v0692	SES125	-2.31403	-76.493	-74.1789
spk_ver/v06/v0693	SES180	1.68304	-75.7949	-77.478
spk_ver/v06/v0694	SES125	-41.0811	-120.111	-79.0298
spk_ver/v06/v0695	SES125	-6.97976	-82.5163	-75.5365
spk_ver/v06/v0696	SES125	-30.4351	-106.223	-75.7882
spk_ver/v06/v0697	SES125	-34.5283	-114.009	-79.4803
spk_ver/v06/v0698	SES083	0.29985	-75.1426	-75.4425
spk_ver/v06/v0699	SES125	-24.9749	-102.162	-77.1873
spk_ver/v07/v0700	SES014	3.89725	-69.5137	-73.4109
spk_ver/v07/v0701	SES125	-18.0544	-92.6349	-74.5805
spk_ver/v07/v0702	SES127	-0.99263	-77.2001	-76.2075
spk_ver/v07/v0703	SES127	-2.89912	-81.9674	-79.0683
spk_ver/v07/v0704	SES206	2.53259	-70.906	-73.4386
spk_ver/v07/v0705	SES127	-2.99609	-80.9965	-78.0004
spk_ver/v07/v0706	SES127	-6.40406	-84.1029	-77.6988
spk_ver/v07/v0707	SES127	-5.5057	-80.2831	-74.7774
spk_ver/v07/v0708	SES275	0.746735	-75.9962	-76.743
spk_ver/v07/v0709	SES127	-3.61098	-82.367	-78.756
spk_ver/v07/v0710	SES105	1.01819	-76.1832	-77.2014
spk_ver/v07/v0711	SES127	-7.07173	-85.1681	-78.0963
spk_ver/v07/v0712	SES127	-1.76669	-78.706	-76.9393
spk_ver/v07/v0713	SES127	-9.31245	-87.7007	-78.3883
spk_ver/v07/v0714	SES019	4.70017	-71.7275	-76.4277
spk_ver/v07/v0715	SES127	-5.59817	-85.6579	-80.0598
spk_ver/v07/v0716	SES148	0.565849	-75.8313	-76.3972
spk_ver/v07/v0717	SES162	1.19797	-75.6355	-76.8335
spk_ver/v07/v0718	SES189	3.00531	-77.9647	-80.97
spk_ver/v07/v0719	SES149	-0.565338	-74.5321	-73.9667
spk_ver/v07/v0720	SES175	1.22404	-76.0069	-77.2309
spk_ver/v07/v0721	SES127	-5.14312	-80.699	-75.5559
spk_ver/v07/v0722	SES127	-4.27367	-83.1946	-78.921
spk_ver/v07/v0723	SES127	-2.07423	-78.634	-76.5597
spk_ver/v07/v0724	SES127	-7.65109	-85.3564	-77.7053
spk_ver/v07/v0725	SES127	-4.62826	-81.5498	-76.9215
spk_ver/v07/v0726	SES259	3.46423	-70.1715	-73.6357
spk_ver/v07/v0727	SES127	-5.20643	-86.4978	-81.2914
spk_ver/v07/v0728	SES127	-2.29986	-76.9664	-74.6665
spk_ver/v07/v0729	SES127	-8.0096	-84.4844	-76.4748
spk_ver/v07/v0730	SES127	-5.18274	-84.119	-78.9363
spk_ver/v07/v0731	SES129	-2.96124	-77.2427	-74.2815
spk_ver/v07/v0732	SES129	-7.1306	-85.4749	-78.3443
spk_ver/v07/v0733	SES129	-12.4395	-94.0099	-81.5704
spk_ver/v07/v0734	SES129	-22.0119	-103.732	-81.7203
spk_ver/v07/v0735	SES183	1.57729	-75.8756	-77.4529
spk_ver/v07/v0736	SES129	-5.04362	-82.9614	-77.9178
spk_ver/v07/v0737	SES129	-5.27492	-86.9197	-81.6448
spk_ver/v07/v0738	SES129	-7.8422	-83.3155	-75.4733
spk_ver/v07/v0739	SES129	-9.23142	-87.2939	-78.0625
spk_ver/v07/v0740	SES167	-0.396095	-77.4288	-77.0327
spk_ver/v07/v0741	SES129	-10.2124	-90.4609	-80.2485
spk_ver/v07/v0742	SES129	-5.42751	-78.0233	-72.5958
spk_ver/v07/v0743	SES129	-4.87983	-83.6217	-78.7419
spk_ver/v07/v0744	SES129	-12.1744	-92.3327	-80.1582
spk_ver/v07/v0745	SES180	0.771935	-76.5208	-77.2927
spk_ver/v07/v0746	SES129	-1.92039	-77.2638	-75.3434
spk_ver/v07/v0747	SES292	-0.0236969	-75.9012	-75.8775
spk_ver/v07/v0748	SES202	2.14182	-76.9487	-79.0905
spk_ver/v07/v0749	SES270	2.22011	-71.6463	-73.8664
spk_ver/v07/v0750	SES129	-4.71268	-79.5571	-74.8444
spk_ver/v07/v0751	SES129	-5.65653	-78.64	-72.9835
spk_ver/v07/v0752	SES060	-0.443451	-76.9509	-76.5075
spk_ver/v07/v0753	SES129	-10.1285	-89.2626	-79.1341
spk_ver/v07/v0754	SES129	-21.7092	-105.399	-83.6903
spk_ver/v07/v0755	SES129	-7.43564	-88.0908	-80.6552
spk_ver/v07/v0756	SES175	1.36803	-76.9929	-78.3609
spk_ver/v07/v0757	SES129	-8.81078	-85.0156	-76.2048
spk_ver/v07/v0758	SES129	-7.0647	-84.1457	-77.081
spk_ver/v07/v0759	SES129	-6.86596	-80.8423	-73.9763
spk_ver/v07/v0760	SES129	-6.82766	-83.3267	-76.4991
spk_ver/v07/v0761	SES129	-5.11086	-77.2627	-72.1518
spk_ver/v07/v0762	SES172	0.136436	-76.7439	-76.8803
spk_ver/v07/v0763	SES129	-5.66586	-82.8545	-77.1886
spk_ver/v07/v0764	SES129	-10.5981	-87.1062	-76.5081
spk_ver/v07/v0765	SES175	0.875938	-77.1182	-77.9942
spk_ver/v07/v0766	SES129	-6.96677	-81.8494	-74.8826
spk_ver/v07/v0767	SES129	-5.67792	-83.37	-77.6921
spk_ver/v07/v0768	SES042	3.35718	-70.4961	-73.8533
spk_ver/v07/v0769	SES099	3.15199	-72.1617	-75.3136
spk_ver/v07/v0770	SES142	-8.10007	-86.4244	-78.3243
spk_ver/v07/v0771	SES142	-9.86664	-87.0615	-77.1948
spk_ver/v07/v0772	SES101	0.279457	-75.5896	-75.869
spk_ver/v07/v0773	SES142	-12.4165	-89.4939	-77.0774
spk_ver/v07/v0774	SES142	-6.94869	-86.0456	-79.0969
spk_ver/v07/v0775	SES142	-4.25632	-83.2442	-78.9879
spk_ver/v07/v0776	SES142	-8.17597	-83.9416	-75.7656
spk_ver/v07/v0777	SES142	-5.27671	-82.4044	-77.1277
spk_ver/v07/v0778	SES142	-2.82635	-82.3864	-79.56
spk_ver/v07/v0779	SES142	-11.4997	-84.6842	-73.1845
spk_ver/v07/v0780	SES142	-6.4856	-85.1954	-78.7098
spk_ver/v07/v0781	SES142	-9.87466	-84.6594	-74.7847
spk_ver/v07/v0782	SES101	0.769402	-75.8264	-76.5958
spk_ver/v07/v0783	SES142	-7.55988	-83.6341	-76.0742
spk_ver/v07/v0784	SES187	1.88815	-75.1118	-77
spk_ver/v07/v0785	SES143	1.76746	-78.7463	-80.5138
spk_ver/v07/v0786	SES142	-6.18031	-83.9256	-77.7452
spk_ver/v07/v0787	SES144	0.779892	-76.4641	-77.244
spk_ver/v07/v0788	SES275	0.432556	-76.8213	-77.2538
spk_ver/v07/v0789	SES142	-5.3915	-82.4184	-77.0269
spk_ver/v07/v0790	SES099	4.22588	-68.849	-73.0749
spk_ver/v07/v0791	SES142	-10.2669	-87.4702	-77.2033
spk_ver/v07/v0792	SES142	-7.59244	-79.3525	-71.7601
spk_ver/v07/v0793	SES142	-10.6545	-87.5056	-76.8511
spk_ver/v07/v0794	SES014	2.48098	-70.1273	-72.6083
spk_ver/v07/v0795	SES142	-8.59784	-83.0911	-74.4933
spk_ver/v07/v0796	SES142	-11.8721	-86.907	-75.0349
spk_ver/v07/v0797	SES143	-1.06281	-77.5363	-76.4735
spk_ver/v07/v0798	SES206	2.49806	-69.9284	-72.4264
spk_ver/v07/v0799	SES143	-9.38728	-88.4201	-79.0328
spk_ver/v08/v0800	SES143	-0.781311	-78.4714	-77.6901
spk_ver/v08/v0801	SES143	-1.42088	-76.2185	-74.7976
spk_ver/v08/v0802	SES143	-6.20815	-84.6161	-78.4079
spk_ver/v08/v0803	SES143	-7.61163	-82.5181	-74.9064
spk_ver/v08/v0804	SES143	-7.08894	-85.2228	-78.1338
spk_ver/v08/v0805	SES143	-6.16542	-82.6698	-76.5044
spk_ver/v08/v0806	SES143	-2.05722	-82.0251	-79.9678
spk_ver/v08/v0807	SES177	0.323158	-76.4792	-76.8023
spk_ver/v08/v0808	SES149	1.82987	-72.1938	-74.0236
spk_ver/v08/v0809	SES143	-9.22118	-85.1798	-75.9586
spk_ver/v08/v0810	SES158	2.11652	-74.0118	-76.1283
spk_ver/v08/v0811	SES143	-2.30296	-84.5132	-82.2102
spk_ver/v08/v0812	SES062	1.34409	-73.151	-74.4951
spk_ver/v08/v0813	SES259	3.57003	-69.2053	-72.7753
spk_ver/v08/v0814	SES143	-10.8523	-83.5884	-72.7361
spk_ver/v08/v0815	SES143	-6.73104	-82.6861	-75.955
spk_ver/v08/v0816	SES143	-1.44415	-79.3094	-77.8652
spk_ver/v08/v0817	SES144	0.584076	-77.4128	-77.9969
spk_ver/v08/v0818	SES143	-2.32164	-81.1593	-78.8376
spk_ver/v08/v0819	SES143	-3.04321	-79.2004	-76.1572
spk_ver/v08/v0820	SES143	-1.66994	-76.3812	-74.7113
spk_ver/v08/v0821	SES143	-2.47729	-81.2399	-78.7626
spk_ver/v08/v0822	SES143	-6.92046	-82.2004	-75.2799
spk_ver/v08/v0823	SES104	2.08305	-72.1805	-74.2635
spk_ver/v08/v0824	SES143	-2.37378	-78.5609	-76.1871
spk_ver/v08/v0825	SES143	-7.93557	-82.5101	-74.5745
spk_ver/v08/v0826	SES144	-7.37733	-82.0607	-74.6834
spk_ver/v08/v0827	SES144	-2.36874	-79.5825	-77.2138
spk_ver/v08/v0828	SES144	-0.992874	-76.6408	-75.6479
spk_ver/v08/v0829	SES172	0.395508	-77.1338	-77.5293
spk_ver/v08/v0830	SES144	-0.970856	-78.0045	-77.0337
spk_ver/v08/v0831	SES183	1.27452	-77.0723	-78.3468
spk_ver/v08/v0832	SES144	-3.82497	-80.5362	-76.7112
spk_ver/v08/v0833	SES144	-8.32722	-81.2299	-72.9027
spk_ver/v08/v0834	SES144	-2.06808	-79.5133	-77.4453
spk_ver/v08/v0835	SES144	-2.38945	-80.1827	-77.7932
spk_ver/v08/v0836	SES144	-3.23303	-79.0596	-75.8265
spk_ver/v08/v0837	SES144	-4.09084	-76.8008	-72.71
spk_ver/v08/v0838	SES144	-3.15755	-81.84	-78.6825
spk_ver/v08/v0839	SES085	0.301758	-75.7415	-76.0432
spk_ver/v08/v0840	SES144	0.27861	-77.8956	-78.1742
spk_ver/v08/v0841	SES144	-4.30679	-83.908	-79.6012
spk_ver/v08/v0842	SES144	-6.49913	-80.9684	-74.4692
spk_ver/v08/v0843	SES144	-1.20786	-77.5022	-76.2944
spk_ver/v08/v0844	SES144	-4.69781	-78.9878	-74.29
spk_ver/v08/v0845	SES144	-5.3063	-79.5753	-74.269
spk_ver/v08/v0846	SES104	1.80426	-72.6991	-74.5034
spk_ver/v08/v0847	SES144	-2.64559	-80.1908	-77.5452
spk_ver/v08/v0848	SES144	-4.51399	-88.0186	-83.5046
spk_ver/v08/v0849	SES144	-7.82775	-82.9506	-75.1229
spk_ver/v08/v0850	SES144	-7.27087	-81.7718	-74.5009
spk_ver/v08/v0851	SES144	-2.00418	-78.2463	-76.2421
spk_ver/v08/v0852	SES144	-0.775002	-76.209	-75.434
spk_ver/v08/v0853	SES144	-5.61342	-79.3248	-73.7113
spk_ver/v08/v0854	SES144	-2.50955	-80.7469	-78.2373
spk_ver/v08/v0855	SES144	-0.708618	-75.6189	-74.9103
spk_ver/v08/v0856	SES082	0.523956	-78.0455	-78.5695
spk_ver/v08/v0857	SES142	3.77805	-75.3332	-79.1112
spk_ver/v08/v0858	SES144	-1.47821	-82.4104	-80.9322
spk_ver/v08/v0859	SES144	-1.18182	-79.3649	-78.1831
spk_ver/v08/v0860	SES146	-4.65368	-81.0573	-76.4036
spk_ver/v08/v0861	SES146	-4.28555	-79.813	-75.5274
spk_ver/v08/v0862	SES146	-5.12785	-81.5682	-76.4403
spk_ver/v08/v0863	SES146	-5.3292	-84.3641	-79.0349
spk_ver/v08/v0864	SES146	-4.55726	-77.6537	-73.0965
spk_ver/v08/v0865	SES008	2.50883	-74.1554	-76.6642
spk_ver/v08/v0866	SES142	1.90778	-76.4507	-78.3585
spk_ver/v08/v0867	SES146	-2.78749	-75.6404	-72.8529
spk_ver/v08/v0868	SES082	2.92603	-71.0889	-74.0149
spk_ver/v08/v0869	SES146	-1.13661	-76.7948	-75.6582
spk_ver/v08/v0870	SES146	-3.00817	-82.2809	-79.2727
spk_ver/v08/v0871	SES146	-4.52223	-79.6711	-75.1488
spk_ver/v08/v0872	SES146	-3.52177	-82.3085	-78.7867
spk_ver/v08/v0873	SES082	2.25318	-70.8491	-73.1022
spk_ver/v08/v0874	SES146	-6.19538	-86.6702	-80.4748
spk_ver/v08/v0875	SES144	0.381241	-77.5835	-77.9647
spk_ver/v08/v0876	SES146	-3.76842	-75.6531	-71.8847
spk_ver/v08/v0877	SES146	-3.8042	-78.9563	-75.1521
spk_ver/v08/v0878	SES146	-1.93216	-78.563	-76.6309
spk_ver/v08/v0879	SES146	-5.74902	-83.5992	-77.8501
spk_ver/v08/v0880	SES146	-5.09908	-83.7867	-78.6876
spk_ver/v08/v0881	SES143	0.554535	-77.0001	-77.5547
spk_ver/v08/v0882	SES146	-3.16291	-82.5991	-79.4362
spk_ver/v08/v0883	SES147	-4.43335	-79.7003	-75.2669
spk_ver/v08/v0884	SES147	-0.484085	-77.9311	-77.447
spk_ver/v08/v0885	SES016	1.1808	-75.2419	-76.4227
spk_ver/v08/v0886	SES147	-1.05072	-79.5965	-78.5458
spk_ver/v08/v0887	SES147	-2.68785	-78.9012	-76.2133
spk_ver/v08/v0888	SES147	-1.40457	-79.6681	-78.2636
spk_ver/v08/v0889	SES019	2.1741	-73.8026	-75.9767
spk_ver/v08/v0890	SES147	-2.70919	-82.1032	-79.394
spk_ver/v08/v0891	SES147	-6.59019	-82.813	-76.2228
spk_ver/v08/v0892	SES147	-2.11663	-81.493	-79.3764
spk_ver/v08/v0893	SES270	3.97448	-73.5628	-77.5373
spk_ver/v08/v0894	SES029	1.17861	-76.0129	-77.1915
spk_ver/v08/v0895	SES147	-1.57043	-82.276	-80.7056
spk_ver/v08/v0896	SES117	1.27642	-77.6952	-78.9716
spk_ver/v08/v0897	SES183	2.11389	-78.4877	-80.6016
spk_ver/v08/v0898	SES147	-6.0549	-78.8278	-72.7729
spk_ver/v08/v0899	SES147	-3.28768	-83.7202	-80.4325
spk_ver/v09/v0900	SES087	2.06206	-72.1737	-74.2357
spk_ver/v09/v0901	SES147	-11.0888	-87.0248	-75.936
spk_ver/v09/v0902	SES147	-8.74496	-84.9955	-76.2506
spk_ver/v09/v0903	SES147	-1.58025	-79.2252	-77.645
spk_ver/v09/v0904	SES147	-6.15009	-82.3575	-76.2074
spk_ver/v09/v0905	SES143	0.684654	-77.3965	-78.0812
spk_ver/v09/v0906	SES149	0.864601	-72.7267	-73.5913
spk_ver/v09/v0907	SES148	-1.09013	-76.069	-74.9788
spk_ver/v09/v0908	SES148	-1.83836	-77.4128	-75.5744
spk_ver/v09/v0909	SES106	2.84187	-72.3015	-75.1433
spk_ver/v09/v0910	SES148	-1.83471	-81.8687	-80.034
spk_ver/v09/v0911	SES148	-6.45856	-83.1374	-76.6788
spk_ver/v09/v0912	SES142	2.16383	-76.681	-78.8449
spk_ver/v09/v0913	SES148	-5.65569	-84.2599	-78.6042
spk_ver/v09/v0914	SES148	-6.12079	-82.939	-76.8182
spk_ver/v09/v0915	SES148	-3.83701	-84.7693	-80.9322
spk_ver/v09/v0916	SES148	-5.10708	-84.6751	-79.568
spk_ver/v09/v0917	SES148	0.691391	-76.8379	-77.5293
spk_ver/v09/v0918	SES148	-0.556679	-76.3745	-75.8178
spk_ver/v09/v0919	SES270	2.17972	-73.8941	-76.0738
spk_ver/v09/v0920	SES148	-3.56213	-79.1254	-75.5632
spk_ver/v09/v0921	SES148	-4.40845	-82.546	-78.1375
spk_ver/v09/v0922	SES129	1.35153	-73.577	-74.9285
spk_ver/v09/v0923	SES117	1.48791	-76.2581	-77.746
spk_ver/v09/v0924	SES042	4.24741	-70.5021	-74.7495
spk_ver/v09/v0925	SES148	-4.9335	-82.3461	-77.4126
spk_ver/v09/v0926	SES148	-5.95986	-82.7673	-76.8074
spk_ver/v09/v0927	SES144	0.378922	-76.9297	-77.3086
spk_ver/v09/v0928	SES007	0.184189	-77.3914	-77.5756
spk_ver/v09/v0929	SES148	-2.80721	-77.2239	-74.4166
spk_ver/v09/v0930	SES148	-2.51834	-78.141	-75.6227
spk_ver/v09/v0931	SES148	-3.83422	-83.6195	-79.7852
spk_ver/v09/v0932	SES202	2.32531	-74.7579	-77.0832
spk_ver/v09/v0933	SES148	-1.45786	-76.8408	-75.383
spk_ver/v09/v0934	SES148	-4.48991	-78.7561	-74.2661
spk_ver/v09/v0935	SES060	1.25207	-73.568	-74.8201
spk_ver/v09/v0936	SES060	1.30134	-75.8836	-77.185
spk_ver/v09/v0937	SES148	-2.5838	-79.6182	-77.0344
spk_ver/v09/v0938	SES148	-4.43113	-83.2766	-78.8455
spk_ver/v09/v0939	SES148	-4.36713	-78.7662	-74.3991
spk_ver/v09/v0940	SES148	-4.21181	-78.1394	-73.9276
spk_ver/v09/v0941	SES149	-4.84092	-82.6556	-77.8147
spk_ver/v09/v0942	SES149	-23.8918	-98.465	-74.5732
spk_ver/v09/v0943	SES149	-19.1175	-97.2924	-78.1749
spk_ver/v09/v0944	SES149	-1.33463	-78.806	-77.4714
spk_ver/v09/v0945	SES105	0.279999	-75.3687	-75.6487
spk_ver/v09/v0946	SES149	-3.50491	-76.4033	-72.8984
spk_ver/v09/v0947	SES149	-21.5444	-101.646	-80.1019
spk_ver/v09/v0948	SES149	-24.0871	-99.1109	-75.0237
spk_ver/v09/v0949	SES149	-16.5867	-90.7626	-74.1759
spk_ver/v09/v0950	SES226	2.20135	-71.3923	-73.5936
spk_ver/v09/v0951	SES149	-29.6012	-108.034	-78.4325
spk_ver/v09/v0952	SES149	-4.63989	-80.5991	-75.9592
spk_ver/v09/v0953	SES062	0.962532	-73.7737	-74.7363
spk_ver/v09/v0954	SES149	-30.5451	-110.614	-80.0691
spk_ver/v09/v0955	SES048	0.787613	-74.3609	-75.1486
spk_ver/v09/v0956	SES158	-1.5379	-74.2952	-72.7573
spk_ver/v09/v0957	SES158	-17.7874	-100.609	-82.8215
spk_ver/v09/v0958	SES158	-1.81581	-76.8239	-75.0081
spk_ver/v09/v0959	SES158	-2.40346	-77.9256	-75.5222
spk_ver/v09/v0960	SES158	-18.8521	-97.1449	-78.2928
spk_ver/v09/v0961	SES147	2.40898	-76.9498	-79.3588
spk_ver/v09/v0962	SES158	-30.2369	-109.96	-79.7226
spk_ver/v09/v0963	SES292	1.09221	-75.4353	-76.5276
spk_ver/v09/v0964	SES060	1.55727	-74.4157	-75.973
spk_ver/v09/v0965	SES002	1.51352	-72.0579	-73.5714
spk_ver/v09/v0966	SES149	2.35344	-71.5378	-73.8913
spk_ver/v09/v0967	SES158	-23.9576	-103.415	-79.457
spk_ver/v09/v0968	SES158	-2.82729	-79.406	-76.5787
spk_ver/v09/v0969	SES275	-0.340981	-79.2131	-78.8722
spk_ver/v09/v0970	SES158	-23.6547	-98.882	-75.2273
spk_ver/v09/v0971	SES158	-16.4204	-93.7503	-77.3299
spk_ver/v09/v0972	SES002	3.0621	-69.9253	-72.9874
spk_ver/v09/v0973	SES158	-28.0687	-104.124	-76.0548
spk_ver/v09/v0974	SES202	2.62093	-75.0675	-77.6884
spk_ver/v09/v0975	SES158	-29.1281	-108.609	-79.4805
spk_ver/v09/v0976	SES158	-0.256332	-75.4077	-75.1514
spk_ver/v09/v0977	SES162	-0.908554	-77.0111	-76.1026
spk_ver/v09/v0978	SES162	-8.37739	-85.2088	-76.8314
spk_ver/v09/v0979	SES162	-9.80801	-84.866	-75.058
spk_ver/v09/v0980	SES162	-2.02995	-80.0613	-78.0313
spk_ver/v09/v0981	SES162	-3.28791	-83.1401	-79.8521
spk_ver/v09/v0982	SES259	3.92099	-70.2157	-74.1367
spk_ver/v09/v0983	SES162	-5.02377	-85.0267	-80.003
spk_ver/v09/v0984	SES162	-2.24238	-76.668	-74.4256
spk_ver/v09/v0985	SES162	-3.42484	-79.6131	-76.1883
spk_ver/v09/v0986	SES062	0.973244	-74.0472	-75.0204
spk_ver/v09/v0987	SES162	-1.0139	-77.8692	-76.8553
spk_ver/v09/v0988	SES162	-5.06919	-79.5715	-74.5023
spk_ver/v09/v0989	SES162	-6.12035	-83.8275	-77.7072
spk_ver/v09/v0990	SES162	-2.8842	-83.3247	-80.4405
spk_ver/v09/v0991	SES087	2.3056	-72.3391	-74.6447
spk_ver/v09/v0992	SES120	0.433098	-77.4473	-77.8804
spk_ver/v09/v0993	SES162	-6.63232	-80.4414	-73.8091
spk_ver/v09/v0994	SES162	-2.46767	-79.1697	-76.702
spk_ver/v09/v0995	SES162	-6.21156	-78.9456	-72.7341
spk_ver/v09/v0996	SES162	-1.97646	-76.3697	-74.3933
spk_ver/v09/v0997	SES162	-8.88169	-84.0083	-75.1266
spk_ver/v09/v0998	SES162	-5.54865	-84.5504	-79.0018
spk_ver/v09/v0999	SES162	-1.47111	-76.4873	-75.0162
spk_ver/v10/v1000	SES162	-5.4974	-79.5258	-74.0284
spk_ver/v10/v1001	SES148	0.916092	-77.1195	-78.0356
spk_ver/v10/v1002	SES162	-0.596962	-78.7261	-78.1291
spk_ver/v10/v1003	SES162	-1.68683	-79.486	-77.7991
spk_ver/v10/v1004	SES162	-5.18251	-84.2501	-79.0676
spk_ver/v10/v1005	SES162	-8.02161	-84.4612	-76.4396
spk_ver/v10/v1006	SES162	-3.0676	-83.6494	-80.5818
spk_ver/v10/v1007	SES162	-5.27054	-84.3419	-79.0714
spk_ver/v10/v1008	SES162	-5.50491	-84.6507	-79.1458
spk_ver/v10/v1009	SES162	-7.23677	-80.1128	-72.876
spk_ver/v10/v1010	SES167	-6.58551	-83.2228	-76.6373
spk_ver/v10/v1011	SES167	-0.093605	-78.5087	-78.4151
spk_ver/v10/v1012	SES167	-2.11972	-80.896	-78.7763
spk_ver/v10/v1013	SES167	-9.94373	-85.8238	-75.88
spk_ver/v10/v1014	SES167	-3.29253	-78.0484	-74.7559
spk_ver/v10/v1015	SES167	-0.954552	-77.9754	-77.0209
spk_ver/v10/v1016	SES167	-1.30911	-78.5363	-77.2272
spk_ver/v10/v1017	SES167	-1.48174	-78.3583	-76.8766
spk_ver/v10/v1018	SES167	-5.90343	-82.2421	-76.3386
spk_ver/v10/v1019	SES167	-3.43935	-80.5982	-77.1588
spk_ver/v10/v1020	SES167	-8.48442	-83.9157	-75.4313
spk_ver/v10/v1021	SES167	-1.57937	-82.943	-81.3636
spk_ver/v10/v1022	SES167	-5.28279	-82.5644	-77.2816
spk_ver/v10/v1023	SES167	-4.13406	-85.7724	-81.6383
spk_ver/v10/v1024	SES167	-6.18228	-88.9416	-82.7594
spk_ver/v10/v1025	SES167	-2.2776	-77.3761	-75.0984
spk_ver/v10/v1026	SES167	-2.43072	-80.4025	-77.9718
spk_ver/v10/v1027	SES167	-1.49458	-77.6836	-76.189
spk_ver/v10/v1028	SES167	-8.76991	-85.2467	-76.4768
spk_ver/v10/v1029	SES167	-4.35101	-81.0254	-76.6744
spk_ver/v10/v1030	SES167	-8.76622	-84.4104	-75.6442
spk_ver/v10/v1031	SES167	-8.5545	-82.505	-73.9505
spk_ver/v10/v1032	SES167	-8.73891	-82.7031	-73.9642
spk_ver/v10/v1033	SES167	-8.55151	-80.1923	-71.6408
spk_ver/v10/v1034	SES002	2.30663	-69.7104	-72.017
spk_ver/v10/v1035	SES167	-3.17381	-79.4433	-76.2695
spk_ver/v10/v1036	SES083	0.347656	-75.4861	-75.8337
spk_ver/v10/v1037	SES167	-2.66081	-80.6567	-77.9959
spk_ver/v10/v1038	SES167	-0.984856	-84.5768	-83.5919
spk_ver/v10/v1039	SES167	-2.10246	-80.4581	-78.3556
spk_ver/v10/v1040	SES167	-8.94218	-88.3168	-79.3746
spk_ver/v10/v1041	SES167	-0.897346	-79.6014	-78.7041
spk_ver/v10/v1042	SES087	2.38332	-73.0283	-75.4116
spk_ver/v10/v1043	SES029	0.812103	-76.0124	-76.8245
spk_ver/v10/v1044	SES206	1.82865	-71.1921	-73.0208
spk_ver/v10/v1045	SES172	-4.02333	-81.9238	-77.9005
spk_ver/v10/v1046	SES172	1.00405	-74.9964	-76.0005
spk_ver/v10/v1047	SES172	-5.22919	-82.2175	-76.9883
spk_ver/v10/v1048	SES259	4.30492	-69.5158	-73.8207
spk_ver/v10/v1049	SES172	-5.42259	-78.7651	-73.3425
spk_ver/v10/v1050	SES120	0.919411	-77.0548	-77.9742
spk_ver/v10/v1051	SES172	-3.46889	-80.0129	-76.5441
spk_ver/v10/v1052	SES172	-7.66966	-86.5804	-78.9107
spk_ver/v10/v1053	SES172	-11.1092	-92.5995	-81.4903
spk_ver/v10/v1054	SES172	-6.21961	-85.0546	-78.835
spk_ver/v10/v1055	SES189	4.79428	-79.76	-84.5543
spk_ver/v10/v1056	SES172	-7.73169	-82.6108	-74.8791
spk_ver/v10/v1057	SES172	-2.86491	-79.6967	-76.8318
spk_ver/v10/v1058	SES172	-5.79022	-82.9736	-77.1834
spk_ver/v10/v1059	SES172	-2.14627	-78.3857	-76.2395
spk_ver/v10/v1060	SES029	0.527916	-74.9187	-75.4466
spk_ver/v10/v1061	SES175	-10.7397	-87.282	-76.5424
spk_ver/v10/v1062	SES187	0.39463	-75.3101	-75.7047
spk_ver/v10/v1063	SES019	3.12811	-73.2718	-76.3999
spk_ver/v10/v1064	SES175	-7.6777	-82.8623	-75.1846
spk_ver/v10/v1065	SES175	-7.93977	-83.5772	-75.6374
spk_ver/v10/v1066	SES175	-7.87099	-85.5529	-77.682
spk_ver/v10/v1067	SES175	-3.71671	-80.8529	-77.1362
spk_ver/v10/v1068	SES175	-10.8038	-89.0209	-78.2171
spk_ver/v10/v1069	SES016	1.88268	-74.7234	-76.6061
spk_ver/v10/v1070	SES175	-4.08646	-84.4291	-80.3427
spk_ver/v10/v1071	SES175	-4.35434	-79.0335	-74.6791
spk_ver/v10/v1072	SES175	-12.677	-89.7876	-77.1107
spk_ver/v10/v1073	SES029	0.623894	-77.0798	-77.7037
spk_ver/v10/v1074	SES175	-7.35544	-82.2083	-74.8528
spk_ver/v10/v1075	SES175	-1.84692	-77.4582	-75.6113
spk_ver/v10/v1076	SES175	-1.22775	-75.9684	-74.7407
spk_ver/v10/v1077	SES175	-11.0202	-85.3593	-74.3391
spk_ver/v10/v1078	SES127	1.75901	-73.6896	-75.4486
spk_ver/v10/v1079	SES175	-6.06306	-78.4329	-72.3698
spk_ver/v10/v1080	SES175	-1.78374	-80.6216	-78.8378
spk_ver/v10/v1081	SES175	-7.21663	-82.0757	-74.8591
spk_ver/v10/v1082	SES175	-6.60669	-81.3435	-74.7368
spk_ver/v10/v1083	SES007	0.780525	-76.8883	-77.6688
spk_ver/v10/v1084	SES068	1.04502	-74.1225	-75.1676
spk_ver/v10/v1085	SES008	1.81593	-73.5422	-75.3581
spk_ver/v10/v1086	SES175	-2.44187	-77.6963	-75.2544
spk_ver/v10/v1087	SES175	-6.25704	-83.9808	-77.7237
spk_ver/v10/v1088	SES008	2.10609	-73.946	-76.0521
spk_ver/v10/v1089	SES177	-4.977	-78.7629	-73.7859
spk_ver/v10/v1090	SES177	-6.21898	-80.3998	-74.1808
spk_ver/v10/v1091	SES177	-5.76196	-82.0432	-76.2812
spk_ver/v10/v1092	SES177	-0.850716	-77.6163	-76.7656
spk_ver/v10/v1093	SES177	-7.8241	-82.2587	-74.4346
spk_ver/v10/v1094	SES002	2.48768	-70.2706	-72.7583
spk_ver/v10/v1095	SES104	1.79658	-71.5562	-73.3528
spk_ver/v10/v1096	SES177	-2.91539	-79.4836	-76.5682
spk_ver/v10/v1097	SES177	-3.23611	-82.947	-79.7109
spk_ver/v10/v1098	SES177	-3.00809	-82.2523	-79.2442
spk_ver/v10/v1099	SES177	-0.191032	-77.4166	-77.2256
spk_ver/v11/v1100	SES177	-7.20649	-82.0469	-74.8404
spk_ver/v11/v1101	SES085	-0.329391	-76.8239	-76.4945
spk_ver/v11/v1102	SES187	1.19047	-75.8294	-77.0199
spk_ver/v11/v1103	SES177	-1.98463	-80.5396	-78.555
spk_ver/v11/v1104	SES177	1.08288	-74.3671	-75.45
spk_ver/v11/v1105	SES177	-1.0145	-77.1204	-76.1059
spk_ver/v11/v1106	SES177	-6.21736	-83.2467	-77.0294
spk_ver/v11/v1107	SES177	-1.50105	-77.8568	-76.3557
spk_ver/v11/v1108	SES177	-0.712479	-77.7744	-77.0619
spk_ver/v11/v1109	SES125	2.42429	-72.4858	-74.9101
spk_ver/v11/v1110	SES177	-4.9674	-78.8388	-73.8714
spk_ver/v11/v1111	SES177	-2.77899	-78.8919	-76.1129
spk_ver/v11/v1112	SES177	-7.64878	-84.355	-76.7062
spk_ver/v11/v1113	SES177	-7.86485	-81.0248	-73.16
spk_ver/v11/v1114	SES177	-2.20957	-80.8647	-78.6551
spk_ver/v11/v1115	SES177	-3.47946	-82.9018	-79.4223
spk_ver/v11/v1116	SES085	1.06882	-74.7299	-75.7988
spk_ver/v11/v1117	SES147	1.80253	-78.1141	-79.9166
spk_ver/v11/v1118	SES177	-1.01574	-78.558	-77.5423
spk_ver/v11/v1119	SES177	-5.64054	-82.3839	-76.7434
spk_ver/v11/v1120	SES180	-9.13305	-84.771	-75.6379
spk_ver/v11/v1121	SES189	3.24426	-77.662	-80.9063
spk_ver/v11/v1122	SES117	1.65361	-81.3336	-82.9872
spk_ver/v11/v1123	SES129	3.31393	-72.492	-75.8059
spk_ver/v11/v1124	SES180	-4.62957	-82.6423	-78.0127
spk_ver/v11/v1125	SES180	-1.68416	-76.3982	-74.7141
spk_ver/v11/v1126	SES180	-1.40588	-77.6461	-76.2402
spk_ver/v11/v1127	SES180	-2.11546	-78.1812	-76.0658
spk_ver/v11/v1128	SES016	0.0694656	-77.7604	-77.8299
spk_ver/v11/v1129	SES158	1.76537	-73.2437	-75.0091
spk_ver/v11/v1130	SES180	-3.41494	-80.2941	-76.8791
spk_ver/v11/v1131	SES180	-7.31912	-78.9574	-71.6383
spk_ver/v11/v1132	SES180	-2.49096	-82.8087	-80.3177
spk_ver/v11/v1133	SES180	-5.66045	-79.6179	-73.9575
spk_ver/v11/v1134	SES180	-5.62533	-83.9364	-78.3111
spk_ver/v11/v1135	SES180	-2.40322	-76.9038	-74.5006
spk_ver/v11/v1136	SES180	-8.02464	-85.6225	-77.5978
spk_ver/v11/v1137	SES148	0.379662	-75.3999	-75.7795
spk_ver/v11/v1138	SES104	2.85873	-69.547	-72.4057
spk_ver/v11/v1139	SES180	-9.11166	-88.1641	-79.0524
spk_ver/v11/v1140	SES083	0.443665	-75.4886	-75.9323
spk_ver/v11/v1141	SES180	-6.88533	-80.9861	-74.1008
spk_ver/v11/v1142	SES180	-2.89694	-80.8647	-77.9677
spk_ver/v11/v1143	SES180	-4.29453	-83.6284	-79.3338
spk_ver/v11/v1144	SES099	2.72909	-72.2982	-75.0273
spk_ver/v11/v1145	SES180	-2.0267	-80.0513	-78.0246
spk_ver/v11/v1146	SES183	-3.09435	-81.7766	-78.6823
spk_ver/v11/v1147	SES183	-1.3871	-76.9953	-75.6082
spk_ver/v11/v1148	SES183	-5.44334	-84.0695	-78.6262
spk_ver/v11/v1149	SES183	-5.64687	-80.8938	-75.247
spk_ver/v11/v1150	SES183	-4.78157	-78.5282	-73.7467
spk_ver/v11/v1151	SES082	2.15703	-72.2708	-74.4278
spk_ver/v11/v1152	SES183	-3.98228	-83.1503	-79.168
spk_ver/v11/v1153	SES183	-3.33005	-80.2714	-76.9414
spk_ver/v11/v1154	SES002	3.28143	-68.8786	-72.16
spk_ver/v11/v1155	SES183	-4.71521	-84.9295	-80.2143
spk_ver/v11/v1156	SES183	-5.86127	-84.4188	-78.5575
spk_ver/v11/v1157	SES183	-5.46007	-77.4625	-72.0024
spk_ver/v11/v1158	SES183	-0.808556	-77.0418	-76.2333
spk_ver/v11/v1159	SES183	-2.61358	-81.9294	-79.3158
spk_ver/v11/v1160	SES183	-6.00225	-81.8099	-75.8077
spk_ver/v11/v1161	SES183	-6.34238	-86.6212	-80.2788
spk_ver/v11/v1162	SES105	1.42934	-75.0458	-76.4752
spk_ver/v11/v1163	SES183	-8.50486	-82.9077	-74.4028
spk_ver/v11/v1164	SES259	3.19677	-70.7786	-73.9754
spk_ver/v11/v1165	SES183	-4.42368	-85.5116	-81.0879
spk_ver/v11/v1166	SES183	-6.52919	-80.692	-74.1628
spk_ver/v11/v1167	SES183	-3.59855	-82.5606	-78.9621
spk_ver/v11/v1168	SES183	-4.17854	-79.3691	-75.1905
spk_ver/v11/v1169	SES183	-7.27462	-82.6959	-75.4213
spk_ver/v11/v1170	SES183	-5.90544	-81.0789	-75.1735
spk_ver/v11/v1171	SES183	-7.73505	-85.2124	-77.4773
spk_ver/v11/v1172	SES187	-8.82673	-86.6572	-77.8304
spk_ver/v11/v1173	SES019	3.99388	-74.1589	-78.1527
spk_ver/v11/v1174	SES187	-6.99142	-84.1822	-77.1907
spk_ver/v11/v1175	SES187	-0.957024	-81.0623	-80.1053
spk_ver/v11/v1176	SES083	0.187653	-74.9025	-75.0901
spk_ver/v11/v1177	SES187	-8.72749	-85.847	-77.1195
spk_ver/v11/v1178	SES187	-6.37293	-81.139	-74.766
spk_ver/v11/v1179	SES187	-3.4752	-80.8363	-77.3611
spk_ver/v11/v1180	SES187	-0.0666656	-78.0516	-77.9849
spk_ver/v11/v1181	SES187	-9.54203	-84.072	-74.53
spk_ver/v11/v1182	SES187	-1.18169	-76.549	-75.3673
spk_ver/v11/v1183	SES187	-8.43008	-87.7883	-79.3582
spk_ver/v11/v1184	SES187	0.244896	-76.3809	-76.6258
spk_ver/v11/v1185	SES127	1.1075	-75.6374	-76.7449
spk_ver/v11/v1186	SES187	-1.22464	-77.9075	-76.6829
spk_ver/v11/v1187	SES187	-4.40579	-79.2055	-74.7997
spk_ver/v11/v1188	SES187	-1.40758	-80.6778	-79.2702
spk_ver/v11/v1189	SES042	3.21747	-70.3757	-73.5932
spk_ver/v11/v1190	SES187	-0.610779	-77.5473	-76.9365
spk_ver/v11/v1191	SES187	-8.18578	-87.4577	-79.2719
spk_ver/v11/v1192	SES187	-5.11089	-80.4715	-75.3606
spk_ver/v11/v1193	SES183	0.684021	-77.209	-77.893
spk_ver/v11/v1194	SES187	-0.972572	-79.7946	-78.822
spk_ver/v11/v1195	SES187	-8.14565	-83.7923	-75.6466
spk_ver/v11/v1196	SES146	2.03947	-76.0215	-78.061
spk_ver/v11/v1197	SES189	-5.64738	-80.0236	-74.3762
spk_ver/v11/v1198	SES175	2.27332	-75.9135	-78.1868
spk_ver/v11/v1199	SES189	-5.76173	-83.8942	-78.1325
spk_ver/v12/v1200	SES189	-3.23433	-77.7764	-74.5421
spk_ver/v12/v1201	SES177	1.43592	-74.7421	-76.178
spk_ver/v12/v1202	SES189	-1.62601	-80.7737	-79.1477
spk_ver/v12/v1203	SES143	-0.435883	-77.8217	-77.3858
spk_ver/v12/v1204	SES189	-3.00658	-81.5005	-78.4939
spk_ver/v12/v1205	SES189	-2.33411	-77.6054	-75.2713
spk_ver/v12/v1206	SES189	-7.94067	-85.4199	-77.4792
spk_ver/v12/v1207	SES189	-6.29034	-82.4473	-76.157
spk_ver/v12/v1208	SES189	-6.17833	-79.7271	-73.5488
spk_ver/v12/v1209	SES189	-5.6609	-83.7043	-78.0434
spk_ver/v12/v1210	SES189	1.02137	-77.6508	-78.6721
spk_ver/v12/v1211	SES062	1.44116	-74.1298	-75.571
spk_ver/v12/v1212	SES189	-3.26916	-79.2768	-76.0076
spk_ver/v12/v1213	SES048	1.0178	-74.4255	-75.4433
spk_ver/v12/v1214	SES042	2.66628	-70.6633	-73.3296
spk_ver/v12/v1215	SES008	2.35702	-73.5772	-75.9343
spk_ver/v12/v1216	SES202	-5.65613	-78.8374	-73.1813
spk_ver/v12/v1217	SES202	-4.45305	-84.2811	-79.8281
spk_ver/v12/v1218	SES085	1.33917	-72.9997	-74.3388
spk_ver/v12/v1219	SES202	-4.74946	-81.3143	-76.5649
spk_ver/v12/v1220	SES202	-5.47775	-83.8758	-78.398
spk_ver/v12/v1221	SES202	-1.19852	-79.3744	-78.1758
spk_ver/v12/v1222	SES202	-9.85995	-86.0453	-76.1853
spk_ver/v12/v1223	SES158	1.10667	-74.5102	-75.6169
spk_ver/v12/v1224	SES202	-2.67753	-81.079	-78.4015
spk_ver/v12/v1225	SES202	-11.3295	-87.2377	-75.9083
spk_ver/v12/v1226	SES202	-8.96621	-89.2939	-80.3276
spk_ver/v12/v1227	SES202	-6.51945	-85.4144	-78.8949
spk_ver/v12/v1228	SES177	0.82048	-75.8381	-76.6586
spk_ver/v12/v1229	SES202	-7.85672	-86.1785	-78.3218
spk_ver/v12/v1230	SES202	-2.51814	-80.1914	-77.6732
spk_ver/v12/v1231	SES202	-9.14188	-90.2943	-81.1524
spk_ver/v12/v1232	SES202	-3.33749	-84.2095	-80.8721
spk_ver/v12/v1233	SES206	1.92769	-70.1648	-72.0924
spk_ver/v12/v1234	SES202	-8.17146	-84.8566	-76.6851
spk_ver/v12/v1235	SES202	-10.7557	-86.2053	-75.4496
spk_ver/v12/v1236	SES125	3.27796	-71.9763	-75.2542
spk_ver/v12/v1237	SES127	1.53111	-74.7339	-76.2651
spk_ver/v12/v1238	SES202	3.23991	-74.0525	-77.2924
spk_ver/v12/v1239	SES167	1.91049	-74.742	-76.6525
spk_ver/v12/v1240	SES206	-24.6302	-103.647	-79.0172
spk_ver/v12/v1241	SES206	-35.7975	-114.607	-78.81
spk_ver/v12/v1242	SES206	-0.831657	-73.301	-72.4694
spk_ver/v12/v1243	SES206	-1.32642	-76.1525	-74.8261
spk_ver/v12/v1244	SES259	3.33755	-71.3479	-74.6854
spk_ver/v12/v1245	SES206	-23.1905	-100.297	-77.107
spk_ver/v12/v1246	SES206	-23.0406	-98.8203	-75.7798
spk_ver/v12/v1247	SES206	0.0800629	-74.7132	-74.7932
spk_ver/v12/v1248	SES206	-34.8579	-114.145	-79.2869
spk_ver/v12/v1249	SES270	3.32639	-72.3621	-75.6884
spk_ver/v12/v1250	SES206	-27.4771	-105.789	-78.3115
spk_ver/v12/v1251	SES206	-17.1441	-92.8805	-75.7364
spk_ver/v12/v1252	SES206	-18.6533	-94.7359	-76.0826
spk_ver/v12/v1253	SES206	-0.138222	-74.54	-74.4018
spk_ver/v12/v1254	SES206	-0.687386	-73.8383	-73.1509
spk_ver/v12/v1255	SES125	2.29269	-72.7428	-75.0355
spk_ver/v12/v1256	SES206	-44.4326	-120.962	-76.5291
spk_ver/v12/v1257	SES206	-23.4506	-98.7173	-75.2667
spk_ver/v12/v1258	SES206	-1.08706	-74.8146	-73.7275
spk_ver/v12/v1259	SES206	-40.8149	-118.713	-77.8983
spk_ver/v12/v1260	SES206	-44.34	-124.473	-80.1329
spk_ver/v12/v1261	SES206	-29.6124	-106.497	-76.8848
spk_ver/v12/v1262	SES206	-36.343	-114.026	-77.6828
spk_ver/v12/v1263	SES206	-25.771	-101.289	-75.5178
spk_ver/v12/v1264	SES149	0.884514	-73.7965	-74.681
spk_ver/v12/v1265	SES206	-0.554214	-78.2612	-77.707
spk_ver/v12/v1266	SES206	-42.6175	-121.344	-78.7261
spk_ver/v12/v1267	SES206	-0.61422	-79.6622	-79.048
spk_ver/v12/v1268	SES206	-23.1669	-100.761	-77.5945
spk_ver/v12/v1269	SES206	-42.8258	-127.282	-84.4562
spk_ver/v12/v1270	SES206	-53.7931	-135.832	-82.0394
spk_ver/v12/v1271	SES226	-35.5094	-115.106	-79.597
spk_ver/v12/v1272	SES226	-0.566376	-72.0432	-71.4768
spk_ver/v12/v1273	SES226	-21.1359	-96.8045	-75.6685
spk_ver/v12/v1274	SES226	-19.1937	-97.9007	-78.707
spk_ver/v12/v1275	SES226	0.0420303	-76.7985	-76.8405
spk_ver/v12/v1276	SES226	-20.9507	-97.7061	-76.7555
spk_ver/v12/v1277	SES226	-0.258018	-75.7256	-75.4676
spk_ver/v12/v1278	SES226	0.153183	-75.7275	-75.8807
spk_ver/v12/v1279	SES226	-21.0415	-95.8807	-74.8392
spk_ver/v12/v1280	SES226	-3.21619	-78.721	-75.5048
spk_ver/v12/v1281	SES226	-0.672318	-76.3589	-75.6865
spk_ver/v12/v1282	SES226	-2.1602	-79.8273	-77.6671
spk_ver/v12/v1283	SES143	0.687767	-77.3714	-78.0592
spk_ver/v12/v1284	SES226	-14.165	-88.7016	-74.5366
spk_ver/v12/v1285	SES226	-0.141258	-73.4126	-73.2713
spk_ver/v12/v1286	SES226	-1.50124	-79.1044	-77.6032
spk_ver/v12/v1287	SES226	-9.64902	-86.837	-77.188
spk_ver/v12/v1288	SES226	-20.0326	-95.6828	-75.6502
spk_ver/v12/v1289	SES104	2.01443	-73.8443	-75.8587
spk_ver/v12/v1290	SES008	2.11259	-76.3792	-78.4918
spk_ver/v12/v1291	SES226	-1.4152	-75.6016	-74.1864
spk_ver/v12/v1292	SES259	-4.35662	-81.3293	-76.9726
spk_ver/v12/v1293	SES062	0.879707	-74.0993	-74.979
spk_ver/v12/v1294	SES099	3.23553	-72.9378	-76.1734
spk_ver/v12/v1295	SES158	-0.145874	-76.1073	-75.9614
spk_ver/v12/v1296	SES259	-18.8292	-93.8566	-75.0274
spk_ver/v12/v1297	SES259	-9.66681	-89.9279	-80.2611
spk_ver/v12/v1298	SES259	-3.92454	-76.6881	-72.7635
spk_ver/v12/v1299	SES259	-16.1147	-92.6248	-76.5101
spk_ver/v13/v1300	SES120	1.14259	-76.6297	-77.7723
spk_ver/v13/v1301	SES259	-25.1652	-102.38	-77.2148
spk_ver/v13/v1302	SES259	-17.8785	-96.1768	-78.2982
spk_ver/v13/v1303	SES129	1.52611	-75.0698	-76.5959
spk_ver/v13/v1304	SES259	-19.6942	-97.8959	-78.2016
spk_ver/v13/v1305	SES259	-10.5197	-91.2624	-80.7426
spk_ver/v13/v1306	SES106	2.02706	-73.3626	-75.3897
spk_ver/v13/v1307	SES259	-17.1364	-97.4874	-80.351
spk_ver/v13/v1308	SES259	-2.11827	-77.476	-75.3577
spk_ver/v13/v1309	SES259	-17.7721	-93.8565	-76.0844
spk_ver/v13/v1310	SES259	-13.2696	-88.4213	-75.1518
spk_ver/v13/v1311	SES259	-18.7449	-94.7977	-76.0528
spk_ver/v13/v1312	SES259	-2.99741	-76.2735	-73.2761
spk_ver/v13/v1313	SES144	0.115746	-76.1661	-76.2818
spk_ver/v13/v1314	SES259	-20.5684	-98.1236	-77.5552
spk_ver/v13/v1315	SES162	1.3868	-75.4007	-76.7875
spk_ver/v13/v1316	SES206	2.20616	-70.3408	-72.547
spk_ver/v13/v1317	SES175	1.73792	-77.3074	-79.0453
spk_ver/v13/v1318	SES259	-24.1411	-102.997	-78.8556
spk_ver/v13/v1319	SES259	-23.4009	-102.006	-78.6054
spk_ver/v13/v1320	SES270	-1.47924	-75.5037	-74.0244
spk_ver/v13/v1321	SES101	-0.21627	-76.4462	-76.2299
spk_ver/v13/v1322	SES177	1.3024	-74.8146	-76.117
spk_ver/v13/v1323	SES127	2.21374	-73.1386	-75.3524
spk_ver/v13/v1324	SES270	-31.5383	-109.612	-78.0735
spk_ver/v13/v1325	SES062	1.70793	-73.7221	-75.43
spk_ver/v13/v1326	SES270	-0.180565	-75.4557	-75.2752
spk_ver/v13/v1327	SES120	0.314621	-78.5439	-78.8585
spk_ver/v13/v1328	SES270	-8.67574	-92.1892	-83.5135
spk_ver/v13/v1329	SES270	-17.6301	-92.175	-74.5448
spk_ver/v13/v1330	SES270	-0.835472	-78.7147	-77.8793
spk_ver/v13/v1331	SES270	-23.8836	-97.8202	-73.9366
spk_ver/v13/v1332	SES270	-0.869377	-73.5896	-72.7202
spk_ver/v13/v1333	SES270	-0.454857	-78.4612	-78.0064
spk_ver/v13/v1334	SES270	-4.48257	-80.1366	-75.654
spk_ver/v13/v1335	SES270	-1.53859	-75.5309	-73.9923
spk_ver/v13/v1336	SES270	-1.56958	-76.3001	-74.7305
spk_ver/v13/v1337	SES016	2.26607	-74.4493	-76.7154
spk_ver/v13/v1338	SES270	-17.4607	-92.8407	-75.38
spk_ver/v13/v1339	SES002	2.21026	-69.9785	-72.1887
spk_ver/v13/v1340	SES105	1.3674	-77.1067	-78.4741
spk_ver/v13/v1341	SES275	-4.84249	-87.4298	-82.5873
spk_ver/v13/v1342	SES187	1.5661	-77.0925	-78.6586
spk_ver/v13/v1343	SES275	-6.59946	-85.3673	-78.7679
spk_ver/v13/v1344	SES275	-3.89209	-79.9577	-76.0656
spk_ver/v13/v1345	SES275	-4.4984	-79.9397	-75.4413
spk_ver/v13/v1346	SES275	-7.20839	-80.3386	-73.1302
spk_ver/v13/v1347	SES275	-7.24394	-86.1667	-78.9228
spk_ver/v13/v1348	SES180	-0.477806	-77.5181	-77.0403
spk_ver/v13/v1349	SES275	-6.74895	-87.9328	-81.1838
spk_ver/v13/v1350	SES275	-1.36526	-76.7587	-75.3934
spk_ver/v13/v1351	SES275	-10.4747	-94.8424	-84.3677
spk_ver/v13/v1352	SES275	-2.18464	-81.054	-78.8694
spk_ver/v13/v1353	SES275	-3.84532	-83.0684	-79.223
spk_ver/v13/v1354	SES189	2.99438	-78.4811	-81.4755
spk_ver/v13/v1355	SES068	0.515999	-74.7766	-75.2926
spk_ver/v13/v1356	SES275	-5.0762	-82.7302	-77.654
spk_ver/v13/v1357	SES048	0.0142746	-75.152	-75.1662
spk_ver/v13/v1358	SES226	2.75476	-69.8607	-72.6155
spk_ver/v13/v1359	SES016	0.345505	-75.4207	-75.7662
spk_ver/v13/v1360	SES275	-4.2735	-82.475	-78.2015
spk_ver/v13/v1361	SES068	1.41683	-73.3991	-74.8159
spk_ver/v13/v1362	SES275	-5.36797	-81.0197	-75.6518
spk_ver/v13/v1363	SES275	-4.67815	-81.864	-77.1859
spk_ver/v13/v1364	SES275	-8.40736	-90.3475	-81.9402
spk_ver/v13/v1365	SES275	-4.89837	-82.0516	-77.1532
spk_ver/v13/v1366	SES187	1.40108	-75.1788	-76.5799
spk_ver/v13/v1367	SES275	-5.51543	-82.8874	-77.3719
spk_ver/v13/v1368	SES125	2.25312	-72.1406	-74.3938
spk_ver/v13/v1369	SES275	-2.55201	-82.4404	-79.8884
spk_ver/v13/v1370	SES292	-6.07014	-81.9792	-75.9091
spk_ver/v13/v1371	SES292	-6.51756	-82.3795	-75.8619
spk_ver/v13/v1372	SES292	-5.51927	-82.3106	-76.7913
spk_ver/v13/v1373	SES292	-4.28653	-81.3	-77.0135
spk_ver/v13/v1374	SES101	0.422462	-76.7667	-77.1891
spk_ver/v13/v1375	SES292	-3.94829	-81.8128	-77.8645
spk_ver/v13/v1376	SES292	-1.99171	-78.0367	-76.045
spk_ver/v13/v1377	SES292	-8.01819	-88.1065	-80.0883
spk_ver/v13/v1378	SES292	-1.14132	-77.2322	-76.0909
spk_ver/v13/v1379	SES292	-2.55316	-80.6233	-78.0701
spk_ver/v13/v1380	SES292	-2.86932	-81.1774	-78.3081
spk_ver/v13/v1381	SES292	-6.27031	-78.2274	-71.9571
spk_ver/v13/v1382	SES292	-6.98438	-90.6609	-83.6765
spk_ver/v13/v1383	SES292	-2.64642	-80.026	-77.3796
spk_ver/v13/v1384	SES292	-2.60052	-79.6999	-77.0994
spk_ver/v13/v1385	SES292	-4.08918	-82.2404	-78.1512
spk_ver/v13/v1386	SES292	-4.13249	-83.2752	-79.1428
spk_ver/v13/v1387	SES158	1.58955	-76.5572	-78.1468
spk_ver/v13/v1388	SES292	-1.00095	-75.5506	-74.5497
spk_ver/v13/v1389	SES292	-1.09738	-74.5584	-73.461
spk_ver/v13/v1390	SES292	-7.69508	-82.4831	-74.788
spk_ver/v13/v1391	SES292	-2.32607	-79.4959	-77.1698
spk_ver/v13/v1392	SES292	-3.87293	-85.0756	-81.2027
spk_ver/v13/v1393	SES292	-6.7888	-80.6772	-73.8884
spk_ver/v13/v1394	SES292	-4.98593	-83.2511	-78.2651
spk_ver/v13/v1395	SES292	-5.94053	-80.212	-74.2715
spk_ver/v13/v1396	SES117	1.12399	-79.285	-80.409
spk_ver/v13/v1397	SES292	-5.13599	-77.7524	-72.6164
spk_ver/v13/v1398	SES292	-4.10442	-83.0676	-78.9632
spk_ver/v13/v1399	SES292	-1.99239	-80.4464	-78.454
