Threshold search:
THR	-6.34745951405	9	0(0)	1(1000)
THR	-6.2523189189095	8.991	0(0)	0.999(999)
THR	-6.157178323769	8.991	0(0)	0.999(999)
THR	-6.0620377286285	8.991	0(0)	0.999(999)
THR	-5.966897133488	8.991	0(0)	0.999(999)
THR	-5.8717565383475	8.991	0(0)	0.999(999)
THR	-5.776615943207	8.991	0(0)	0.999(999)
THR	-5.6814753480665	8.991	0(0)	0.999(999)
THR	-5.586334752926	8.982	0(0)	0.998(998)
THR	-5.4911941577855	8.982	0(0)	0.998(998)
THR	-5.396053562645	8.964	0(0)	0.996(996)
THR	-5.3009129675045	8.964	0(0)	0.996(996)
THR	-5.205772372364	8.964	0(0)	0.996(996)
THR	-5.1106317772235	8.964	0(0)	0.996(996)
THR	-5.015491182083	8.955	0(0)	0.995(995)
THR	-4.9203505869425	8.955	0(0)	0.995(995)
THR	-4.825209991802	8.946	0(0)	0.994(994)
THR	-4.7300693966615	8.937	0(0)	0.993(993)
THR	-4.634928801521	8.928	0(0)	0.992(992)
THR	-4.5397882063805	8.91	0(0)	0.99(990)
THR	-4.44464761124	8.892	0(0)	0.988(988)
THR	-4.3495070160995	8.883	0(0)	0.987(987)
THR	-4.254366420959	8.874	0(0)	0.986(986)
THR	-4.1592258258185	8.874	0(0)	0.986(986)
THR	-4.064085230678	8.865	0(0)	0.985(985)
THR	-3.9689446355375	8.856	0(0)	0.984(984)
THR	-3.87380404039699	8.847	0(0)	0.983(983)
THR	-3.77866344525649	8.82	0(0)	0.98(980)
THR	-3.68352285011599	8.811	0(0)	0.979(979)
THR	-3.58838225497549	8.793	0(0)	0.977(977)
THR	-3.49324165983499	8.757	0(0)	0.973(973)
THR	-3.39810106469449	8.712	0(0)	0.968(968)
THR	-3.30296046955399	8.658	0(0)	0.962(962)
THR	-3.20781987441349	8.631	0(0)	0.959(959)
THR	-3.11267927927299	8.604	0(0)	0.956(956)
THR	-3.01753868413249	8.559	0(0)	0.951(951)
THR	-2.92239808899199	8.496	0(0)	0.944(944)
THR	-2.82725749385149	8.46	0(0)	0.94(940)
THR	-2.73211689871099	8.415	0(0)	0.935(935)
THR	-2.63697630357049	8.361	0(0)	0.929(929)
THR	-2.54183570842999	8.253	0(0)	0.917(917)
THR	-2.44669511328949	8.208	0(0)	0.912(912)
THR	-2.35155451814899	8.028	0(0)	0.892(892)
THR	-2.25641392300849	7.884	0(0)	0.876(876)
THR	-2.16127332786799	7.758	0(0)	0.862(862)
THR	-2.06613273272749	7.623	0(0)	0.847(847)
THR	-1.97099213758699	7.497	0(0)	0.833(833)
THR	-1.87585154244649	7.317	0(0)	0.813(813)
THR	-1.78071094730599	7.078	0.004(1)	0.786(786)
THR	-1.68557035216549	6.826	0.004(1)	0.758(758)
THR	-1.59042975702499	6.583	0.004(1)	0.731(731)
THR	-1.49528916188449	6.286	0.004(1)	0.698(698)
THR	-1.40014856674399	5.917	0.004(1)	0.657(657)
THR	-1.30500797160349	5.539	0.004(1)	0.615(615)
THR	-1.20986737646299	5.066	0.008(2)	0.562(562)
THR	-1.11472678132249	4.566	0.012(3)	0.506(506)
THR	-1.01958618618199	4.03	0.016(4)	0.446(446)
THR	-0.924445591041491	3.517	0.016(4)	0.389(389)
THR	-0.829304995900991	3.139	0.016(4)	0.347(347)
THR	-0.734164400760491	2.791	0.028(7)	0.307(307)
THR	-0.639023805619991	2.29	0.04(10)	0.25(250)
THR	-0.543883210479491	2.011	0.04(10)	0.219(219)
THR	-0.448742615338991	1.766	0.056(14)	0.19(190)
THR	-0.353602020198491	1.536	0.06(15)	0.164(164)
THR	-0.258461425057991	1.337	0.068(17)	0.141(141)
THR	-0.163320829917491	1.054	0.1(25)	0.106(106)
THR	-0.0681802347769909	0.95	0.14(35)	0.09(90)
THR	0.0269603603635092	0.846	0.18(45)	0.074(74)
THR	0.122100955504009	0.752	0.212(53)	0.06(60)
THR	0.217241550644509	0.649	0.244(61)	0.045(45)
THR	0.312382145785009	0.6	0.276(69)	0.036(36)
THR	0.407522740925509	0.627	0.348(87)	0.031(31)
THR	0.502663336066009	0.6	0.384(96)	0.024(24)
THR	0.597803931206509	0.593	0.44(110)	0.017(17)
THR	0.692944526347009	0.621	0.504(126)	0.013(13)
THR	0.788085121487509	0.655	0.556(139)	0.011(11)
THR	0.883225716628009	0.676	0.604(151)	0.008(8)
THR	0.978366311768509	0.718	0.664(166)	0.006(6)
THR	1.07350690690901	0.74	0.704(176)	0.004(4)
THR	1.16864750204951	0.816	0.78(195)	0.004(4)
THR	1.26378809719001	0.836	0.8(200)	0.004(4)
THR	1.35892869233051	0.859	0.832(208)	0.003(3)
THR	1.45406928747101	0.878	0.86(215)	0.002(2)
THR	1.54920988261151	0.88	0.88(220)	0(0)
THR	1.64435047775201	0.896	0.896(224)	0(0)
THR	1.73949107289251	0.904	0.904(226)	0(0)
THR	1.83463166803301	0.92	0.92(230)	0(0)
THR	1.92977226317351	0.932	0.932(233)	0(0)
THR	2.02491285831401	0.944	0.944(236)	0(0)
THR	2.12005345345451	0.952	0.952(238)	0(0)
THR	2.21519404859501	0.964	0.964(241)	0(0)
THR	2.31033464373551	0.964	0.964(241)	0(0)
THR	2.40547523887601	0.972	0.972(243)	0(0)
THR	2.50061583401651	0.984	0.984(246)	0(0)
THR	2.59575642915701	0.992	0.992(248)	0(0)
THR	2.69089702429751	0.992	0.992(248)	0(0)
THR	2.78603761943801	0.992	0.992(248)	0(0)
THR	2.88117821457851	0.992	0.992(248)	0(0)
THR	2.97631880971901	0.992	0.992(248)	0(0)
THR	3.07145940485951	0.992	0.992(248)	0(0)
THR	3.16660000000001	1	1(250)	0(0)


==============================================
THR: 0.597803931206509
Missed:     110/250=0.4400
FalseAlarm: 17/1000=0.0170
----------------------------------------------
==> CostDetection: 59.3
==============================================
