BLOCK00/SES002/SA002S12	SES002	0.846402	5.366	4.5196
BLOCK00/SES002/SA002S13	SES002	1.43893	4.06923	2.6303
BLOCK00/SES002/SA002S23	SES002	1.01543	4.70962	3.69419
BLOCK00/SES002/SA002S26	SES002	1.13024	4.75981	3.62957
BLOCK00/SES002/SA002S28	SES002	0.927481	4.40648	3.47899
BLOCK00/SES007/SA007S14	SES007	1.3735	6.51134	5.13784
BLOCK00/SES007/SA007S15	SES007	1.12358	5.82209	4.69852
BLOCK00/SES007/SA007S24	SES007	0.916566	5.78413	4.86757
BLOCK00/SES007/SA007S27	SES007	0.986708	5.18348	4.19677
BLOCK00/SES007/SA007S29	SES007	0.655102	6.46123	5.80612
BLOCK00/SES008/SA008S11	SES008	1.44576	6.37568	4.92992
BLOCK00/SES008/SA008S12	SES008	1.3207	6.68922	5.36852
BLOCK00/SES008/SA008S19	SES008	1.91469	8.01674	6.10205
BLOCK00/SES008/SA008S22	SES008	0.947796	5.251	4.3032
BLOCK00/SES008/SA008S29	SES008	1.39441	6.92377	5.52936
BLOCK01/SES014/SA014S10	SES014	1.96767	6.60284	4.63517
BLOCK01/SES014/SA014S12	SES014	2.4715	8.4675	5.996
BLOCK01/SES014/SA014S24	SES014	1.99326	6.65809	4.66483
BLOCK01/SES014/SA014S26	SES014	2.53048	8.39533	5.86485
BLOCK01/SES014/SA014S28	SES014	3.04457	7.87106	4.82649
BLOCK01/SES016/SA016S12	SES016	0.699409	4.13064	3.43123
BLOCK01/SES016/SA016S13	SES016	1.23717	5.26723	4.03006
BLOCK01/SES016/SA016S22	SES016	1.54774	6.39127	4.84353
BLOCK01/SES016/SA016S25	SES016	1.49312	7.20127	5.70815
BLOCK01/SES016/SA016S27	SES016	2.00408	7.15054	5.14646
BLOCK01/SES019/SA019S13	SES019	2.66704	5.44952	2.78248
BLOCK01/SES019/SA019S14	SES019	2.04353	5.47949	3.43596
BLOCK01/SES019/SA019S22	SES019	2.84123	6.05724	3.21601
BLOCK01/SES019/SA019S25	SES019	2.60107	5.43369	2.83262
BLOCK01/SES019/SA019S29	SES019	3.24431	5.30014	2.05582
BLOCK02/SES029/SA029S11	SES029	1.35789	6.73341	5.37552
BLOCK02/SES029/SA029S12	SES029	1.28609	6.70488	5.41878
BLOCK02/SES029/SA029S20	SES029	1.44249	6.85491	5.41242
BLOCK02/SES029/SA029S25	SES029	1.36634	6.66612	5.29978
BLOCK02/SES029/SA029S28	SES029	1.11644	6.59017	5.47372
BLOCK04/SES042/SA042S12	SES042	2.13458	6.56377	4.42919
BLOCK04/SES042/SA042S15	SES042	1.38079	7.28779	5.90699
BLOCK04/SES042/SA042S22	SES042	2.32604	7.63276	5.30672
BLOCK04/SES042/SA042S25	SES042	1.27098	5.98738	4.7164
BLOCK04/SES042/SA042S27	SES042	1.62055	6.96602	5.34547
BLOCK04/SES048/SA048S11	SES048	1.48813	7.07392	5.58579
BLOCK04/SES048/SA048S12	SES048	0.722012	6.05961	5.3376
BLOCK04/SES048/SA048S20	SES048	1.55158	7.3758	5.82423
BLOCK04/SES048/SA048S23	SES048	1.39356	6.02846	4.6349
BLOCK04/SES048/SA048S27	SES048	1.17338	7.10434	5.93095
BLOCK06/SES060/SA060S11	SES060	1.50145	6.52383	5.02238
BLOCK06/SES060/SA060S12	SES060	1.06532	5.65805	4.59273
BLOCK06/SES060/SA060S22	SES060	0.212574	5.18588	4.9733
BLOCK06/SES060/SA060S24	SES060	1.63961	7.40151	5.7619
BLOCK06/SES060/SA060S28	SES060	1.47356	7.68232	6.20876
BLOCK06/SES062/SA062S10	SES062	1.05263	6.17169	5.11906
BLOCK06/SES062/SA062S11	SES062	1.47558	6.69695	5.22137
BLOCK06/SES062/SA062S21	SES062	1.78732	8.42923	6.64191
BLOCK06/SES062/SA062S26	SES062	1.36303	7.08904	5.72602
BLOCK06/SES062/SA062S29	SES062	1.60988	7.68647	6.07659
BLOCK06/SES068/SA068S14	SES068	1.28991	5.81038	4.52047
BLOCK06/SES068/SA068S15	SES068	1.57857	7.1597	5.58114
BLOCK06/SES068/SA068S23	SES068	1.9413	6.54717	4.60587
BLOCK06/SES068/SA068S27	SES068	2.30752	6.36226	4.05474
BLOCK06/SES068/SA068S29	SES068	1.66712	6.70876	5.04164
BLOCK08/SES082/SA082S12	SES082	0.877414	4.86069	3.98328
BLOCK08/SES082/SA082S14	SES082	1.19297	4.91223	3.71926
BLOCK08/SES082/SA082S21	SES082	1.25277	5.13058	3.87782
BLOCK08/SES082/SA082S24	SES082	1.4595	5.53436	4.07486
BLOCK08/SES082/SA082S28	SES082	1.31068	4.58855	3.27787
BLOCK08/SES083/SA083S14	SES083	1.49625	6.69574	5.19949
BLOCK08/SES083/SA083S15	SES083	1.92808	6.90438	4.97631
BLOCK08/SES083/SA083S24	SES083	1.3575	6.32584	4.96834
BLOCK08/SES083/SA083S26	SES083	1.57571	6.01635	4.44064
BLOCK08/SES083/SA083S29	SES083	0.954673	6.14379	5.18912
BLOCK08/SES085/SA085S10	SES085	2.02452	7.35554	5.33102
BLOCK08/SES085/SA085S13	SES085	1.55321	6.14069	4.58748
BLOCK08/SES085/SA085S22	SES085	1.28157	5.7517	4.47013
BLOCK08/SES085/SA085S26	SES085	1.59228	7.01086	5.41858
BLOCK08/SES085/SA085S28	SES085	1.98825	7.27936	5.29111
BLOCK08/SES087/SA087S15	SES087	1.93004	5.90675	3.97671
BLOCK08/SES087/SA087S16	SES087	2.0176	5.58483	3.56723
BLOCK08/SES087/SA087S24	SES087	1.43473	5.92439	4.48966
BLOCK08/SES087/SA087S26	SES087	2.01534	7.0787	5.06336
BLOCK08/SES087/SA087S29	SES087	1.97946	6.00431	4.02485
BLOCK09/SES099/SA099S15	SES099	1.64954	4.96593	3.31639
BLOCK09/SES099/SA099S16	SES099	1.31949	4.8143	3.49482
BLOCK09/SES099/SA099S24	SES099	1.134	5.2621	4.1281
BLOCK09/SES099/SA099S26	SES099	1.60996	5.64318	4.03322
BLOCK09/SES099/SA099S29	SES099	1.8869	5.70864	3.82175
BLOCK10/SES101/SA101S11	SES101	1.31385	6.20472	4.89087
BLOCK10/SES101/SA101S13	SES101	1.80426	6.77736	4.9731
BLOCK10/SES101/SA101S22	SES101	1.61896	4.91501	3.29605
BLOCK10/SES101/SA101S24	SES101	2.185	6.35481	4.16982
BLOCK10/SES101/SA101S28	SES101	1.56774	5.53189	3.96415
BLOCK10/SES104/SA104S11	SES104	2.3574	6.61269	4.2553
BLOCK10/SES104/SA104S12	SES104	2.38573	6.35521	3.96947
BLOCK10/SES104/SA104S21	SES104	1.8819	5.60743	3.72552
BLOCK10/SES104/SA104S24	SES104	1.52422	5.6282	4.10399
BLOCK10/SES104/SA104S28	SES104	2.4163	6.15646	3.74016
BLOCK10/SES105/SA105S12	SES105	1.15787	4.69348	3.53561
BLOCK10/SES105/SA105S13	SES105	0.763927	5.43625	4.67232
BLOCK10/SES105/SA105S22	SES105	0.805858	4.70168	3.89583
BLOCK10/SES105/SA105S26	SES105	1.44955	5.43019	3.98064
BLOCK10/SES105/SA105S29	SES105	1.38481	6.06431	4.67951
BLOCK10/SES106/SA106S09	SES106	1.57212	4.71775	3.14563
BLOCK10/SES106/SA106S11	SES106	1.93333	5.71782	3.78449
BLOCK10/SES106/SA106S22	SES106	2.50246	4.66846	2.166
BLOCK10/SES106/SA106S27	SES106	2.37725	5.90378	3.52652
BLOCK10/SES106/SA106S29	SES106	1.54556	6.27235	4.72679
BLOCK11/SES117/SA117S12	SES117	1.11214	5.93278	4.82064
BLOCK11/SES117/SA117S13	SES117	0.695777	6.21188	5.5161
BLOCK11/SES117/SA117S23	SES117	2.03072	5.92191	3.89119
BLOCK11/SES117/SA117S25	SES117	1.63312	5.56965	3.93653
BLOCK11/SES117/SA117S28	SES117	1.52478	5.73696	4.21218
BLOCK12/SES120/SA120S08	SES120	1.22286	5.42399	4.20112
BLOCK12/SES120/SA120S11	SES120	1.82027	4.53294	2.71267
BLOCK12/SES120/SA120S22	SES120	1.27745	6.65956	5.38212
BLOCK12/SES120/SA120S24	SES120	0.779045	5.73264	4.9536
BLOCK12/SES120/SA120S28	SES120	0.216841	4.84568	4.62884
BLOCK12/SES125/SA125S13	SES125	1.8615	6.88497	5.02347
BLOCK12/SES125/SA125S14	SES125	1.60643	5.83293	4.2265
BLOCK12/SES125/SA125S25	SES125	2.73794	6.57707	3.83913
BLOCK12/SES125/SA125S27	SES125	2.01229	7.43834	5.42605
BLOCK12/SES125/SA125S29	SES125	2.04544	6.40035	4.35491
BLOCK12/SES127/SA127S11	SES127	0.985165	6.32318	5.33801
BLOCK12/SES127/SA127S12	SES127	1.25166	7.72659	6.47493
BLOCK12/SES127/SA127S23	SES127	0.982475	6.75203	5.76955
BLOCK12/SES127/SA127S25	SES127	1.09701	6.08134	4.98433
BLOCK12/SES127/SA127S27	SES127	1.4398	6.60262	5.16282
BLOCK12/SES129/SA129S11	SES129	1.77286	7.62916	5.85631
BLOCK12/SES129/SA129S12	SES129	1.63339	7.08741	5.45402
BLOCK12/SES129/SA129S22	SES129	1.24131	6.46293	5.22162
BLOCK12/SES129/SA129S27	SES129	1.92613	7.3337	5.40757
BLOCK12/SES129/SA129S29	SES129	1.71421	7.27657	5.56236
BLOCK14/SES142/SA142S11	SES142	1.63523	6.17451	4.53928
BLOCK14/SES142/SA142S12	SES142	1.79651	6.41805	4.62154
BLOCK14/SES142/SA142S24	SES142	2.08057	6.80716	4.72659
BLOCK14/SES142/SA142S27	SES142	2.22197	7.14519	4.92322
BLOCK14/SES142/SA142S29	SES142	1.93317	7.21258	5.27941
BLOCK14/SES143/SA143S12	SES143	1.055	6.23623	5.18124
BLOCK14/SES143/SA143S13	SES143	1.11208	6.06714	4.95506
BLOCK14/SES143/SA143S23	SES143	1.19431	6.22637	5.03206
BLOCK14/SES143/SA143S25	SES143	1.75783	6.85206	5.09422
BLOCK14/SES143/SA143S28	SES143	1.07217	6.54663	5.47446
BLOCK14/SES144/SA144S09	SES144	1.24448	6.88713	5.64265
BLOCK14/SES144/SA144S11	SES144	1.07434	6.03685	4.96251
BLOCK14/SES144/SA144S21	SES144	0.556518	4.93601	4.37949
BLOCK14/SES144/SA144S25	SES144	1.27312	6.96493	5.69181
BLOCK14/SES144/SA144S29	SES144	0.849513	6.18642	5.33691
BLOCK14/SES146/SA146S14	SES146	0.989967	5.38591	4.39595
BLOCK14/SES146/SA146S15	SES146	0.489916	5.4116	4.92168
BLOCK14/SES146/SA146S24	SES146	1.26329	5.73624	4.47295
BLOCK14/SES146/SA146S26	SES146	2.11579	6.75241	4.63662
BLOCK14/SES146/SA146S29	SES146	1.182	4.99001	3.80801
BLOCK14/SES147/SA147S11	SES147	1.01416	6.68855	5.6744
BLOCK14/SES147/SA147S13	SES147	1.66004	7.5594	5.89937
BLOCK14/SES147/SA147S23	SES147	1.6116	6.42416	4.81255
BLOCK14/SES147/SA147S26	SES147	1.34613	5.8779	4.53177
BLOCK14/SES147/SA147S28	SES147	1.16346	6.37573	5.21226
BLOCK14/SES148/SA148S10	SES148	1.29371	7.59847	6.30477
BLOCK14/SES148/SA148S12	SES148	1.07072	6.06262	4.9919
BLOCK14/SES148/SA148S22	SES148	1.10375	7.31184	6.20809
BLOCK14/SES148/SA148S26	SES148	1.13734	7.39646	6.25912
BLOCK14/SES148/SA148S29	SES148	1.02133	6.74055	5.71922
BLOCK14/SES149/SA149S13	SES149	1.08306	6.38291	5.29984
BLOCK14/SES149/SA149S14	SES149	1.35075	7.31952	5.96877
BLOCK14/SES149/SA149S24	SES149	1.80722	7.20414	5.39692
BLOCK14/SES149/SA149S26	SES149	1.55765	7.56889	6.01124
BLOCK14/SES149/SA149S28	SES149	2.34662	7.93761	5.59099
BLOCK15/SES158/SA158S13	SES158	1.79368	5.1466	3.35292
BLOCK15/SES158/SA158S14	SES158	1.99477	4.8502	2.85544
BLOCK15/SES158/SA158S23	SES158	1.60446	5.23413	3.62967
BLOCK15/SES158/SA158S26	SES158	2.19517	3.85235	1.65718
BLOCK15/SES158/SA158S28	SES158	1.50116	4.54346	3.0423
BLOCK16/SES162/SA162S10	SES162	0.964138	5.90177	4.93763
BLOCK16/SES162/SA162S11	SES162	1.26073	6.4714	5.21066
BLOCK16/SES162/SA162S21	SES162	1.56502	5.91125	4.34623
BLOCK16/SES162/SA162S24	SES162	1.63606	5.81761	4.18155
BLOCK16/SES162/SA162S27	SES162	1.45149	5.03558	3.58409
BLOCK16/SES167/SA167S14	SES167	1.79113	8.17113	6.38001
BLOCK16/SES167/SA167S15	SES167	1.55184	7.52227	5.97043
BLOCK16/SES167/SA167S21	SES167	1.83429	8.17559	6.3413
BLOCK16/SES167/SA167S25	SES167	2.06294	8.75393	6.69099
BLOCK16/SES167/SA167S29	SES167	2.66088	9.4181	6.75723
BLOCK17/SES172/SA172S12	SES172	1.39936	5.18938	3.79002
BLOCK17/SES172/SA172S13	SES172	1.55455	5.47563	3.92108
BLOCK17/SES172/SA172S23	SES172	1.24646	6.05548	4.80903
BLOCK17/SES172/SA172S27	SES172	1.34418	5.35521	4.01103
BLOCK17/SES172/SA172S29	SES172	1.29332	5.52883	4.23552
BLOCK17/SES175/SA175S11	SES175	1.02915	6.58126	5.5521
BLOCK17/SES175/SA175S13	SES175	1.42869	7.37447	5.94578
BLOCK17/SES175/SA175S23	SES175	1.11626	6.79043	5.67417
BLOCK17/SES175/SA175S25	SES175	0.388654	4.70259	4.31394
BLOCK17/SES175/SA175S28	SES175	1.0872	6.40583	5.31863
BLOCK17/SES177/SA177S15	SES177	1.35054	5.99427	4.64373
BLOCK17/SES177/SA177S17	SES177	0.904644	5.78649	4.88185
BLOCK17/SES177/SA177S23	SES177	0.962674	5.4222	4.45953
BLOCK17/SES177/SA177S26	SES177	1.51743	7.61045	6.09302
BLOCK17/SES177/SA177S28	SES177	1.03404	6.11715	5.08311
BLOCK18/SES180/SA180S13	SES180	1.12521	5.8505	4.72529
BLOCK18/SES180/SA180S15	SES180	1.03514	5.69941	4.66427
BLOCK18/SES180/SA180S24	SES180	1.83872	7.06804	5.22932
BLOCK18/SES180/SA180S26	SES180	1.31837	6.49372	5.17535
BLOCK18/SES180/SA180S29	SES180	1.089	6.45413	5.36513
BLOCK18/SES183/SA183S13	SES183	1.03704	5.77757	4.74053
BLOCK18/SES183/SA183S14	SES183	1.10802	5.74683	4.6388
BLOCK18/SES183/SA183S24	SES183	1.47068	5.14988	3.67921
BLOCK18/SES183/SA183S27	SES183	1.46364	6.265	4.80136
BLOCK18/SES183/SA183S29	SES183	1.48751	6.07938	4.59187
BLOCK18/SES187/SA187S13	SES187	0.898371	5.05038	4.15201
BLOCK18/SES187/SA187S14	SES187	1.22399	5.1029	3.8789
BLOCK18/SES187/SA187S24	SES187	1.55846	5.17221	3.61375
BLOCK18/SES187/SA187S27	SES187	1.42861	5.09173	3.66312
BLOCK18/SES187/SA187S29	SES187	0.982959	4.66935	3.68639
BLOCK18/SES189/SA189S10	SES189	1.5102	5.63874	4.12854
BLOCK18/SES189/SA189S13	SES189	1.17026	4.84964	3.67938
BLOCK18/SES189/SA189S24	SES189	1.81436	6.32566	4.51131
BLOCK18/SES189/SA189S26	SES189	1.17506	6.57818	5.40312
BLOCK18/SES189/SA189S29	SES189	1.74042	6.62775	4.88733
BLOCK20/SES202/SA202S12	SES202	1.54746	7.47706	5.9296
BLOCK20/SES202/SA202S14	SES202	1.9693	7.18762	5.21832
BLOCK20/SES202/SA202S24	SES202	1.11783	6.40472	5.28689
BLOCK20/SES202/SA202S27	SES202	1.54179	7.66749	6.1257
BLOCK20/SES202/SA202S29	SES202	1.72566	7.47152	5.74586
BLOCK20/SES206/SA206S15	SES206	0.953704	5.43931	4.48561
BLOCK20/SES206/SA206S17	SES206	1.84667	5.9759	4.12923
BLOCK20/SES206/SA206S24	SES206	2.13602	6.6131	4.47708
BLOCK20/SES206/SA206S27	SES206	1.73246	5.47852	3.74607
BLOCK20/SES206/SA206S29	SES206	1.6747	7.15656	5.48186
BLOCK22/SES226/SA226S12	SES226	1.25041	5.0345	3.78409
BLOCK22/SES226/SA226S13	SES226	0.720922	5.30689	4.58597
BLOCK22/SES226/SA226S20	SES226	1.43119	5.09361	3.66242
BLOCK22/SES226/SA226S23	SES226	1.88116	5.89353	4.01237
BLOCK22/SES226/SA226S28	SES226	1.55322	6.49249	4.93928
BLOCK25/SES259/SA259S13	SES259	2.51746	6.296	3.77854
BLOCK25/SES259/SA259S14	SES259	1.62775	6.47711	4.84936
BLOCK25/SES259/SA259S22	SES259	2.07463	6.96726	4.89263
BLOCK25/SES259/SA259S24	SES259	1.79415	7.11464	5.3205
BLOCK25/SES259/SA259S28	SES259	1.86782	6.3857	4.51788
BLOCK27/SES270/SA270S14	SES270	2.10591	4.21992	2.11402
BLOCK27/SES270/SA270S16	SES270	1.09177	3.97125	2.87949
BLOCK27/SES270/SA270S22	SES270	2.47821	4.91363	2.43542
BLOCK27/SES270/SA270S26	SES270	2.08159	4.54984	2.46824
BLOCK27/SES270/SA270S28	SES270	1.62641	4.47555	2.84913
BLOCK27/SES275/SA275S17	SES275	1.96129	7.20748	5.24619
BLOCK27/SES275/SA275S18	SES275	1.60859	5.97152	4.36292
BLOCK27/SES275/SA275S24	SES275	1.66208	5.52767	3.86559
BLOCK27/SES275/SA275S26	SES275	1.55557	6.65604	5.10048
BLOCK27/SES275/SA275S28	SES275	1.27252	5.94987	4.67736
BLOCK29/SES292/SA292S10	SES292	1.26635	6.52087	5.25452
BLOCK29/SES292/SA292S12	SES292	1.36466	5.60748	4.24282
BLOCK29/SES292/SA292S22	SES292	1.54223	6.63168	5.08945
BLOCK29/SES292/SA292S24	SES292	1.42345	6.42503	5.00158
BLOCK29/SES292/SA292S27	SES292	1.11248	6.19787	5.08539
BLOCK00/SES001/SA001S14	SES062	-0.703127	4.0636	4.76673
BLOCK00/SES001/SA001S14	SES082	0.0616131	4.82834	4.76673
BLOCK00/SES001/SA001S14	SES106	-0.171519	4.59521	4.76673
BLOCK00/SES001/SA001S14	SES206	0.268001	5.03473	4.76673
BLOCK00/SES001/SA001S15	SES062	-0.299234	5.11315	5.41238
BLOCK00/SES001/SA001S15	SES104	0.241397	5.65378	5.41238
BLOCK00/SES001/SA001S15	SES106	0.661097	6.07348	5.41238
BLOCK00/SES001/SA001S15	SES206	0.523164	5.93555	5.41238
BLOCK00/SES001/SA001S24	SES062	-0.154657	4.16598	4.32064
BLOCK00/SES001/SA001S24	SES082	0.372701	4.69334	4.32064
BLOCK00/SES001/SA001S24	SES087	0.10971	4.43035	4.32064
BLOCK00/SES001/SA001S24	SES206	0.105212	4.42585	4.32064
BLOCK00/SES001/SA001S27	SES062	0.00602722	5.73214	5.72611
BLOCK00/SES001/SA001S27	SES082	0.825731	6.55184	5.72611
BLOCK00/SES001/SA001S27	SES087	1.44665	7.17276	5.72611
BLOCK00/SES001/SA001S27	SES206	0.697033	6.42314	5.72611
BLOCK00/SES001/SA001S29	SES062	-0.38253	3.68764	4.07017
BLOCK00/SES001/SA001S29	SES082	0.429917	4.50009	4.07017
BLOCK00/SES001/SA001S29	SES158	0.673757	4.74393	4.07017
BLOCK00/SES001/SA001S29	SES206	0.272782	4.34295	4.07017
BLOCK00/SES003/SA003S11	SES002	0.537893	4.39539	3.85749
BLOCK00/SES003/SA003S11	SES019	0.0272217	3.88471	3.85749
BLOCK00/SES003/SA003S11	SES082	0.37058	4.22807	3.85749
BLOCK00/SES003/SA003S11	SES125	0.362024	4.21952	3.85749
BLOCK00/SES003/SA003S15	SES016	-0.189344	4.52611	4.71545
BLOCK00/SES003/SA003S15	SES019	0.445971	5.16143	4.71545
BLOCK00/SES003/SA003S15	SES062	0.657043	5.3725	4.71545
BLOCK00/SES003/SA003S15	SES206	1.35783	6.07329	4.71545
BLOCK00/SES003/SA003S22	SES002	-0.053802	5.12501	5.17881
BLOCK00/SES003/SA003S22	SES062	0.0257649	5.20458	5.17881
BLOCK00/SES003/SA003S22	SES082	-0.371276	4.80754	5.17881
BLOCK00/SES003/SA003S22	SES087	0.00325727	5.18207	5.17881
BLOCK00/SES003/SA003S25	SES062	-0.45606	2.94012	3.39618
BLOCK00/SES003/SA003S25	SES082	0.391538	3.78772	3.39618
BLOCK00/SES003/SA003S25	SES087	0.404134	3.80032	3.39618
BLOCK00/SES003/SA003S25	SES206	0.857445	4.25363	3.39618
BLOCK00/SES003/SA003S29	SES002	0.0861402	4.92841	4.84227
BLOCK00/SES003/SA003S29	SES062	-0.383493	4.45878	4.84227
BLOCK00/SES003/SA003S29	SES082	-0.0397506	4.80252	4.84227
BLOCK00/SES003/SA003S29	SES087	0.0150385	4.85731	4.84227
BLOCK00/SES004/SA004S12	SES083	0.784086	5.72971	4.94563
BLOCK00/SES004/SA004S12	SES148	0.127355	5.07298	4.94563
BLOCK00/SES004/SA004S12	SES172	1.23694	6.18256	4.94563
BLOCK00/SES004/SA004S12	SES292	0.547299	5.49292	4.94563
BLOCK00/SES004/SA004S17	SES083	0.648596	5.80148	5.15288
BLOCK00/SES004/SA004S17	SES162	0.654251	5.80713	5.15288
BLOCK00/SES004/SA004S17	SES172	0.967774	6.12066	5.15288
BLOCK00/SES004/SA004S17	SES292	0.469962	5.62285	5.15288
BLOCK00/SES004/SA004S24	SES083	0.502444	5.49953	4.99708
BLOCK00/SES004/SA004S24	SES148	-0.0422373	4.95485	4.99708
BLOCK00/SES004/SA004S24	SES172	0.499904	5.49699	4.99708
BLOCK00/SES004/SA004S24	SES292	0.712548	5.70963	4.99708
BLOCK00/SES004/SA004S26	SES083	1.01011	5.23626	4.22615
BLOCK00/SES004/SA004S26	SES127	1.07432	5.30047	4.22615
BLOCK00/SES004/SA004S26	SES148	-0.253901	3.97225	4.22615
BLOCK00/SES004/SA004S26	SES292	0.541886	4.76803	4.22615
BLOCK00/SES004/SA004S28	SES083	0.796997	5.27913	4.48214
BLOCK00/SES004/SA004S28	SES127	0.445146	4.92728	4.48214
BLOCK00/SES004/SA004S28	SES187	0.882939	5.36508	4.48214
BLOCK00/SES004/SA004S28	SES292	-0.0386534	4.44348	4.48214
BLOCK00/SES006/SA006S10	SES014	0.384587	2.25911	1.87452
BLOCK00/SES006/SA006S10	SES158	0.507295	2.38182	1.87452
BLOCK00/SES006/SA006S10	SES226	-0.682324	1.1922	1.87452
BLOCK00/SES006/SA006S10	SES270	0.946193	2.82071	1.87452
BLOCK00/SES006/SA006S11	SES158	0.0587468	3.17927	3.12052
BLOCK00/SES006/SA006S11	SES226	-0.0939102	3.02661	3.12052
BLOCK00/SES006/SA006S11	SES270	0.532632	3.65315	3.12052
BLOCK00/SES006/SA006S11	SES275	-0.475342	2.64518	3.12052
BLOCK00/SES006/SA006S23	SES062	-0.691859	3.77871	4.47057
BLOCK00/SES006/SA006S23	SES105	-0.19173	4.27884	4.47057
BLOCK00/SES006/SA006S23	SES158	-0.371219	4.09935	4.47057
BLOCK00/SES006/SA006S23	SES275	0.22809	4.69866	4.47057
BLOCK00/SES006/SA006S26	SES104	-0.43747	3.99857	4.43604
BLOCK00/SES006/SA006S26	SES158	-0.00102425	4.43501	4.43604
BLOCK00/SES006/SA006S26	SES270	0.617292	5.05333	4.43604
BLOCK00/SES006/SA006S26	SES275	-0.730945	3.70509	4.43604
BLOCK00/SES006/SA006S28	SES007	-0.329101	2.97069	3.29979
BLOCK00/SES006/SA006S28	SES105	-0.241825	3.05796	3.29979
BLOCK00/SES006/SA006S28	SES158	-0.444201	2.85559	3.29979
BLOCK00/SES006/SA006S28	SES275	-0.771282	2.52851	3.29979
BLOCK00/SES009/SA009S12	SES083	-0.343237	5.22402	5.56726
BLOCK00/SES009/SA009S12	SES148	0.156417	5.72368	5.56726
BLOCK00/SES009/SA009S12	SES177	0.39835	5.96561	5.56726
BLOCK00/SES009/SA009S12	SES292	0.432361	5.99962	5.56726
BLOCK00/SES009/SA009S15	SES007	0.897949	6.64089	5.74295
BLOCK00/SES009/SA009S15	SES099	-0.785443	4.9575	5.74295
BLOCK00/SES009/SA009S15	SES148	0.498368	6.24131	5.74295
BLOCK00/SES009/SA009S15	SES172	-0.0178103	5.72514	5.74295
BLOCK00/SES009/SA009S24	SES146	0.29874	5.1505	4.85176
BLOCK00/SES009/SA009S24	SES148	-0.366856	4.4849	4.85176
BLOCK00/SES009/SA009S24	SES177	0.642844	5.4946	4.85176
BLOCK00/SES009/SA009S24	SES292	0.441265	5.29302	4.85176
BLOCK00/SES009/SA009S26	SES083	-0.604113	4.42888	5.033
BLOCK00/SES009/SA009S26	SES101	-0.479413	4.55359	5.033
BLOCK00/SES009/SA009S26	SES120	0.503185	5.53618	5.033
BLOCK00/SES009/SA009S26	SES177	0.223734	5.25673	5.033
BLOCK00/SES009/SA009S29	SES083	-0.13321	5.99303	6.12624
BLOCK00/SES009/SA009S29	SES101	-0.0260525	6.10019	6.12624
BLOCK00/SES009/SA009S29	SES177	0.543181	6.66942	6.12624
BLOCK00/SES009/SA009S29	SES292	0.241348	6.36759	6.12624
BLOCK01/SES011/SA011S10	SES019	0.26405	4.00368	3.73963
BLOCK01/SES011/SA011S10	SES042	2.09044	5.83007	3.73963
BLOCK01/SES011/SA011S10	SES082	0.30742	4.04705	3.73963
BLOCK01/SES011/SA011S10	SES206	0.944092	4.68372	3.73963
BLOCK01/SES011/SA011S11	SES019	-0.285765	3.54772	3.83349
BLOCK01/SES011/SA011S11	SES042	1.57359	5.40708	3.83349
BLOCK01/SES011/SA011S11	SES082	0.416856	4.25034	3.83349
BLOCK01/SES011/SA011S11	SES206	0.917395	4.75088	3.83349
BLOCK01/SES011/SA011S22	SES019	-0.0147462	4.4189	4.43365
BLOCK01/SES011/SA011S22	SES042	1.84235	6.27599	4.43365
BLOCK01/SES011/SA011S22	SES082	0.114297	4.54794	4.43365
BLOCK01/SES011/SA011S22	SES206	0.650234	5.08388	4.43365
BLOCK01/SES011/SA011S24	SES019	0.370634	5.06892	4.69829
BLOCK01/SES011/SA011S24	SES042	1.81626	6.51454	4.69829
BLOCK01/SES011/SA011S24	SES104	1.05991	5.7582	4.69829
BLOCK01/SES011/SA011S24	SES206	1.08793	5.78622	4.69829
BLOCK01/SES011/SA011S27	SES082	0.803426	4.4742	3.67077
BLOCK01/SES011/SA011S27	SES087	0.325338	3.99611	3.67077
BLOCK01/SES011/SA011S27	SES125	1.04966	4.72043	3.67077
BLOCK01/SES011/SA011S27	SES206	0.879422	4.5502	3.67077
BLOCK01/SES012/SA012S11	SES007	0.0913973	5.63788	5.54648
BLOCK01/SES012/SA012S11	SES082	0.362007	5.90849	5.54648
BLOCK01/SES012/SA012S11	SES083	0.565682	6.11216	5.54648
BLOCK01/SES012/SA012S11	SES206	0.366232	5.91271	5.54648
BLOCK01/SES012/SA012S14	SES082	1.37113	6.08183	4.7107
BLOCK01/SES012/SA012S14	SES087	0.987365	5.69807	4.7107
BLOCK01/SES012/SA012S14	SES206	0.785227	5.49593	4.7107
BLOCK01/SES012/SA012S14	SES292	0.941936	5.65264	4.7107
BLOCK01/SES012/SA012S24	SES082	0.599966	4.34782	3.74785
BLOCK01/SES012/SA012S24	SES087	0.274975	4.02283	3.74785
BLOCK01/SES012/SA012S24	SES120	0.0405548	3.78841	3.74785
BLOCK01/SES012/SA012S24	SES206	0.421183	4.16904	3.74785
BLOCK01/SES012/SA012S26	SES019	-1.16892	4.17703	5.34595
BLOCK01/SES012/SA012S26	SES082	0.141057	5.48701	5.34595
BLOCK01/SES012/SA012S26	SES206	0.85555	6.2015	5.34595
BLOCK01/SES012/SA012S26	SES292	0.654213	6.00016	5.34595
BLOCK01/SES012/SA012S29	SES062	0.903101	5.9485	5.04539
BLOCK01/SES012/SA012S29	SES082	0.649054	5.69445	5.04539
BLOCK01/SES012/SA012S29	SES083	0.284924	5.33032	5.04539
BLOCK01/SES012/SA012S29	SES206	0.635784	5.68118	5.04539
BLOCK01/SES013/SA013S16	SES062	-0.482563	3.29423	3.7768
BLOCK01/SES013/SA013S16	SES106	0.632001	4.4088	3.7768
BLOCK01/SES013/SA013S16	SES206	0.521581	4.29838	3.7768
BLOCK01/SES013/SA013S16	SES226	0.479743	4.25654	3.7768
BLOCK01/SES013/SA013S17	SES062	0.0207229	5.00426	4.98354
BLOCK01/SES013/SA013S17	SES106	0.762373	5.74591	4.98354
BLOCK01/SES013/SA013S17	SES206	1.5661	6.54964	4.98354
BLOCK01/SES013/SA013S17	SES226	1.2897	6.27324	4.98354
BLOCK01/SES013/SA013S23	SES104	0.0171216	3.07899	3.06186
BLOCK01/SES013/SA013S23	SES106	0.981464	4.04333	3.06186
BLOCK01/SES013/SA013S23	SES206	0.672224	3.73409	3.06186
BLOCK01/SES013/SA013S23	SES270	0.749471	3.81134	3.06186
BLOCK01/SES013/SA013S25	SES042	0.841421	4.66357	3.82215
BLOCK01/SES013/SA013S25	SES104	0.966718	4.78887	3.82215
BLOCK01/SES013/SA013S25	SES106	1.41804	5.24019	3.82215
BLOCK01/SES013/SA013S25	SES206	0.559757	4.38191	3.82215
BLOCK01/SES013/SA013S29	SES062	-0.853173	2.61603	3.4692
BLOCK01/SES013/SA013S29	SES104	0.489876	3.95908	3.4692
BLOCK01/SES013/SA013S29	SES106	1.11911	4.58831	3.4692
BLOCK01/SES013/SA013S29	SES206	0.813387	4.28259	3.4692
BLOCK02/SES021/SA021S13	SES016	-0.0387664	4.53821	4.57698
BLOCK02/SES021/SA021S13	SES029	0.304624	4.8816	4.57698
BLOCK02/SES021/SA021S13	SES087	0.303203	4.88018	4.57698
BLOCK02/SES021/SA021S13	SES206	0.648213	5.22519	4.57698
BLOCK02/SES021/SA021S15	SES087	0.871083	6.42854	5.55746
BLOCK02/SES021/SA021S15	SES125	0.613256	6.17071	5.55746
BLOCK02/SES021/SA021S15	SES206	0.95065	6.50811	5.55746
BLOCK02/SES021/SA021S15	SES226	0.266628	5.82409	5.55746
BLOCK02/SES021/SA021S23	SES062	-0.369999	2.96115	3.33115
BLOCK02/SES021/SA021S23	SES087	1.18107	4.51222	3.33115
BLOCK02/SES021/SA021S23	SES206	0.356731	3.68788	3.33115
BLOCK02/SES021/SA021S23	SES226	0.986271	4.31742	3.33115
BLOCK02/SES021/SA021S27	SES002	0.174172	5.2924	5.11823
BLOCK02/SES021/SA021S27	SES016	-1.35076	3.76747	5.11823
BLOCK02/SES021/SA021S27	SES019	0.293651	5.41188	5.11823
BLOCK02/SES021/SA021S27	SES062	0.158528	5.27676	5.11823
BLOCK02/SES021/SA021S29	SES087	0.819219	4.92306	4.10384
BLOCK02/SES021/SA021S29	SES125	1.24615	5.34999	4.10384
BLOCK02/SES021/SA021S29	SES206	0.600551	4.70439	4.10384
BLOCK02/SES021/SA021S29	SES226	-0.114933	3.98891	4.10384
BLOCK04/SES043/SA043S09	SES083	0.576539	5.27055	4.69401
BLOCK04/SES043/SA043S09	SES101	0.715256	5.40927	4.69401
BLOCK04/SES043/SA043S09	SES144	1.02376	5.71778	4.69401
BLOCK04/SES043/SA043S09	SES172	0.635764	5.32978	4.69401
BLOCK04/SES043/SA043S11	SES083	0.115457	5.65271	5.53726
BLOCK04/SES043/SA043S11	SES101	0.951487	6.48874	5.53726
BLOCK04/SES043/SA043S11	SES144	1.10612	6.64337	5.53726
BLOCK04/SES043/SA043S11	SES172	0.67849	6.21575	5.53726
BLOCK04/SES043/SA043S23	SES083	0.587054	5.70602	5.11897
BLOCK04/SES043/SA043S23	SES144	1.40871	6.52768	5.11897
BLOCK04/SES043/SA043S23	SES177	0.437042	5.55601	5.11897
BLOCK04/SES043/SA043S23	SES275	0.955881	6.07485	5.11897
BLOCK04/SES043/SA043S26	SES083	0.673415	6.1169	5.44349
BLOCK04/SES043/SA043S26	SES101	0.363561	5.80705	5.44349
BLOCK04/SES043/SA043S26	SES144	1.14856	6.59205	5.44349
BLOCK04/SES043/SA043S26	SES177	0.39988	5.84337	5.44349
BLOCK04/SES043/SA043S28	SES016	0.580086	6.22358	5.6435
BLOCK04/SES043/SA043S28	SES083	0.945926	6.58942	5.6435
BLOCK04/SES043/SA043S28	SES101	1.17996	6.82346	5.6435
BLOCK04/SES043/SA043S28	SES144	1.18183	6.82533	5.6435
BLOCK04/SES044/SA044S10	SES127	-0.179538	3.25297	3.43251
BLOCK04/SES044/SA044S10	SES144	0.636759	4.06927	3.43251
BLOCK04/SES044/SA044S10	SES147	-0.537114	2.89539	3.43251
BLOCK04/SES044/SA044S10	SES148	-0.720934	2.71157	3.43251
BLOCK04/SES044/SA044S11	SES101	1.21485	5.13137	3.91652
BLOCK04/SES044/SA044S11	SES144	1.21857	5.1351	3.91652
BLOCK04/SES044/SA044S11	SES147	0.108378	4.0249	3.91652
BLOCK04/SES044/SA044S11	SES177	-0.0252655	3.89126	3.91652
BLOCK04/SES044/SA044S24	SES007	-0.624543	3.78399	4.40854
BLOCK04/SES044/SA044S24	SES101	0.56581	4.97435	4.40854
BLOCK04/SES044/SA044S24	SES147	0.312917	4.72145	4.40854
BLOCK04/SES044/SA044S24	SES177	0.390252	4.79879	4.40854
BLOCK04/SES044/SA044S26	SES007	0.412086	4.78945	4.37737
BLOCK04/SES044/SA044S26	SES016	0.52524	4.90261	4.37737
BLOCK04/SES044/SA044S26	SES101	1.50075	5.87812	4.37737
BLOCK04/SES044/SA044S26	SES147	0.78241	5.15978	4.37737
BLOCK04/SES044/SA044S29	SES007	0.229674	6.17581	5.94614
BLOCK04/SES044/SA044S29	SES101	1.24807	7.19421	5.94614
BLOCK04/SES044/SA044S29	SES147	0.45126	6.3974	5.94614
BLOCK04/SES044/SA044S29	SES177	0.296588	6.24273	5.94614
BLOCK04/SES046/SA046S13	SES101	0.69385	5.22872	4.53487
BLOCK04/SES046/SA046S13	SES144	1.10286	5.63773	4.53487
BLOCK04/SES046/SA046S13	SES147	0.345039	4.87991	4.53487
BLOCK04/SES046/SA046S13	SES177	0.32301	4.85788	4.53487
BLOCK04/SES046/SA046S15	SES048	0.799065	6.85889	6.05983
BLOCK04/SES046/SA046S15	SES083	0.797564	6.85739	6.05983
BLOCK04/SES046/SA046S15	SES120	-0.459205	5.60062	6.05983
BLOCK04/SES046/SA046S15	SES148	0.157281	6.21711	6.05983
BLOCK04/SES046/SA046S22	SES101	0.921861	5.87149	4.94963
BLOCK04/SES046/SA046S22	SES144	0.783418	5.73305	4.94963
BLOCK04/SES046/SA046S22	SES147	0.131785	5.08142	4.94963
BLOCK04/SES046/SA046S22	SES172	0.827934	5.77757	4.94963
BLOCK04/SES046/SA046S25	SES083	0.536341	6.12225	5.58591
BLOCK04/SES046/SA046S25	SES127	0.581015	6.16692	5.58591
BLOCK04/SES046/SA046S25	SES144	0.566505	6.15241	5.58591
BLOCK04/SES046/SA046S25	SES148	0.468533	6.05444	5.58591
BLOCK04/SES046/SA046S28	SES007	0.184527	5.90782	5.72329
BLOCK04/SES046/SA046S28	SES105	0.344742	6.06804	5.72329
BLOCK04/SES046/SA046S28	SES147	-0.117557	5.60574	5.72329
BLOCK04/SES046/SA046S28	SES148	0.510769	6.23406	5.72329
BLOCK04/SES049/SA049S16	SES104	0.788516	2.83832	2.04981
BLOCK04/SES049/SA049S16	SES106	0.316634	2.36644	2.04981
BLOCK04/SES049/SA049S16	SES120	0.956128	3.00593	2.04981
BLOCK04/SES049/SA049S16	SES206	0.754859	2.80466	2.04981
BLOCK04/SES049/SA049S18	SES099	0.221941	2.45559	2.23365
BLOCK04/SES049/SA049S18	SES104	-0.352131	1.88152	2.23365
BLOCK04/SES049/SA049S18	SES125	-0.640441	1.59321	2.23365
BLOCK04/SES049/SA049S18	SES206	0.380849	2.6145	2.23365
BLOCK04/SES049/SA049S25	SES087	0.52081	3.3194	2.79859
BLOCK04/SES049/SA049S25	SES104	0.429197	3.22778	2.79859
BLOCK04/SES049/SA049S25	SES125	0.0938556	2.89244	2.79859
BLOCK04/SES049/SA049S25	SES206	0.347957	3.14654	2.79859
BLOCK04/SES049/SA049S27	SES099	0.0902739	4.00434	3.91407
BLOCK04/SES049/SA049S27	SES104	1.03426	4.94833	3.91407
BLOCK04/SES049/SA049S27	SES125	0.0523748	3.96644	3.91407
BLOCK04/SES049/SA049S27	SES206	0.682849	4.59692	3.91407
BLOCK04/SES049/SA049S29	SES099	0.452184	4.82769	4.3755
BLOCK04/SES049/SA049S29	SES104	0.768825	5.14433	4.3755
BLOCK04/SES049/SA049S29	SES125	0.617592	4.99309	4.3755
BLOCK04/SES049/SA049S29	SES206	1.05184	5.42734	4.3755
BLOCK06/SES063/SA063S09	SES068	-0.242384	6.03172	6.2741
BLOCK06/SES063/SA063S09	SES083	0.556843	6.83094	6.2741
BLOCK06/SES063/SA063S09	SES177	-0.0520158	6.22208	6.2741
BLOCK06/SES063/SA063S09	SES187	0.00965595	6.28376	6.2741
BLOCK06/SES063/SA063S10	SES068	-0.0506406	5.73532	5.78596
BLOCK06/SES063/SA063S10	SES083	0.921199	6.70716	5.78596
BLOCK06/SES063/SA063S10	SES172	0.752697	6.53866	5.78596
BLOCK06/SES063/SA063S10	SES187	0.444062	6.23003	5.78596
BLOCK06/SES063/SA063S20	SES068	-0.407946	5.1893	5.59725
BLOCK06/SES063/SA063S20	SES083	0.513252	6.1105	5.59725
BLOCK06/SES063/SA063S20	SES172	0.238141	5.83539	5.59725
BLOCK06/SES063/SA063S20	SES187	0.397091	5.99434	5.59725
BLOCK06/SES063/SA063S24	SES029	-0.545412	5.32684	5.87225
BLOCK06/SES063/SA063S24	SES083	1.42014	7.29239	5.87225
BLOCK06/SES063/SA063S24	SES177	0.322661	6.19492	5.87225
BLOCK06/SES063/SA063S24	SES189	1.1161	6.98836	5.87225
BLOCK06/SES063/SA063S27	SES083	0.654196	6.3889	5.73471
BLOCK06/SES063/SA063S27	SES172	0.536459	6.27117	5.73471
BLOCK06/SES063/SA063S27	SES187	0.251116	5.98582	5.73471
BLOCK06/SES063/SA063S27	SES292	-0.240664	5.49404	5.73471
BLOCK06/SES067/SA067S12	SES083	1.00799	7.29993	6.29194
BLOCK06/SES067/SA067S12	SES172	0.416438	6.70838	6.29194
BLOCK06/SES067/SA067S12	SES202	1.17442	7.46635	6.29194
BLOCK06/SES067/SA067S12	SES292	0.21163	6.50357	6.29194
BLOCK06/SES067/SA067S14	SES085	1.69572	8.68315	6.98742
BLOCK06/SES067/SA067S14	SES177	0.284497	7.27192	6.98742
BLOCK06/SES067/SA067S14	SES183	1.77034	8.75776	6.98742
BLOCK06/SES067/SA067S14	SES202	1.07954	8.06696	6.98742
BLOCK06/SES067/SA067S21	SES144	0.777525	6.37951	5.60198
BLOCK06/SES067/SA067S21	SES177	0.316366	5.91835	5.60198
BLOCK06/SES067/SA067S21	SES183	0.192884	5.79487	5.60198
BLOCK06/SES067/SA067S21	SES189	0.2418	5.84378	5.60198
BLOCK06/SES067/SA067S25	SES085	0.731925	7.43802	6.7061
BLOCK06/SES067/SA067S25	SES177	0.32057	7.02666	6.7061
BLOCK06/SES067/SA067S25	SES183	1.07299	7.77908	6.7061
BLOCK06/SES067/SA067S25	SES202	0.280498	6.98659	6.7061
BLOCK06/SES067/SA067S29	SES085	0.319118	6.3115	5.99238
BLOCK06/SES067/SA067S29	SES177	-0.0912743	5.90111	5.99238
BLOCK06/SES067/SA067S29	SES183	0.879338	6.87172	5.99238
BLOCK06/SES067/SA067S29	SES202	0.713033	6.70541	5.99238
BLOCK06/SES069/SA069S12	SES029	-0.225733	3.70141	3.92715
BLOCK06/SES069/SA069S12	SES082	0.615638	4.54279	3.92715
BLOCK06/SES069/SA069S12	SES087	0.947159	4.87431	3.92715
BLOCK06/SES069/SA069S12	SES206	1.11725	5.0444	3.92715
BLOCK06/SES069/SA069S13	SES029	-0.176597	4.58601	4.76261
BLOCK06/SES069/SA069S13	SES087	1.52042	6.28303	4.76261
BLOCK06/SES069/SA069S13	SES206	1.09252	5.85513	4.76261
BLOCK06/SES069/SA069S13	SES226	1.34158	6.10419	4.76261
BLOCK06/SES069/SA069S23	SES029	0.415804	5.42767	5.01186
BLOCK06/SES069/SA069S23	SES087	2.16933	7.18119	5.01186
BLOCK06/SES069/SA069S23	SES206	0.993989	6.00585	5.01186
BLOCK06/SES069/SA069S23	SES226	1.88162	6.89348	5.01186
BLOCK06/SES069/SA069S25	SES087	1.81547	7.58078	5.76532
BLOCK06/SES069/SA069S25	SES206	0.966921	6.73224	5.76532
BLOCK06/SES069/SA069S25	SES226	1.90819	7.67351	5.76532
BLOCK06/SES069/SA069S25	SES270	0.467209	6.23253	5.76532
BLOCK06/SES069/SA069S27	SES087	1.11601	5.85196	4.73595
BLOCK06/SES069/SA069S27	SES206	1.23292	5.96887	4.73595
BLOCK06/SES069/SA069S27	SES226	1.75185	6.4878	4.73595
BLOCK06/SES069/SA069S27	SES270	0.322642	5.05859	4.73595
BLOCK08/SES081/SA081S11	SES060	0.260833	4.77188	4.51105
BLOCK08/SES081/SA081S11	SES062	0.192185	4.70324	4.51105
BLOCK08/SES081/SA081S11	SES117	-0.0571399	4.45391	4.51105
BLOCK08/SES081/SA081S11	SES162	-0.145552	4.3655	4.51105
BLOCK08/SES081/SA081S13	SES016	0.616215	6.67071	6.05449
BLOCK08/SES081/SA081S13	SES060	1.18739	7.24188	6.05449
BLOCK08/SES081/SA081S13	SES068	0.523148	6.57764	6.05449
BLOCK08/SES081/SA081S13	SES129	-0.116401	5.93809	6.05449
BLOCK08/SES081/SA081S24	SES060	0.656899	6.41562	5.75872
BLOCK08/SES081/SA081S24	SES068	0.474305	6.23302	5.75872
BLOCK08/SES081/SA081S24	SES117	-0.00733376	5.75138	5.75872
BLOCK08/SES081/SA081S24	SES275	0.403124	6.16184	5.75872
BLOCK08/SES081/SA081S27	SES007	0.166875	5.28828	5.1214
BLOCK08/SES081/SA081S27	SES060	0.449643	5.57104	5.1214
BLOCK08/SES081/SA081S27	SES117	0.307018	5.42842	5.1214
BLOCK08/SES081/SA081S27	SES275	0.209961	5.33136	5.1214
BLOCK08/SES081/SA081S29	SES007	0.396949	5.59861	5.20166
BLOCK08/SES081/SA081S29	SES060	0.794043	5.99571	5.20166
BLOCK08/SES081/SA081S29	SES117	0.471703	5.67337	5.20166
BLOCK08/SES081/SA081S29	SES275	0.029181	5.23084	5.20166
BLOCK08/SES086/SA086S11	SES029	-0.911211	1.79399	2.7052
BLOCK08/SES086/SA086S11	SES082	0.582177	3.28738	2.7052
BLOCK08/SES086/SA086S11	SES087	1.673	4.3782	2.7052
BLOCK08/SES086/SA086S11	SES206	0.495302	3.2005	2.7052
BLOCK08/SES086/SA086S12	SES029	-0.220342	3.32201	3.54235
BLOCK08/SES086/SA086S12	SES082	0.738179	4.28053	3.54235
BLOCK08/SES086/SA086S12	SES087	1.61405	5.1564	3.54235
BLOCK08/SES086/SA086S12	SES206	0.701538	4.24389	3.54235
BLOCK08/SES086/SA086S20	SES029	-0.614415	4.06017	4.67459
BLOCK08/SES086/SA086S20	SES082	1.05279	5.72737	4.67459
BLOCK08/SES086/SA086S20	SES087	1.63065	6.30523	4.67459
BLOCK08/SES086/SA086S20	SES206	1.31911	5.99369	4.67459
BLOCK08/SES086/SA086S24	SES087	1.36866	4.92575	3.55709
BLOCK08/SES086/SA086S24	SES104	0.719639	4.27673	3.55709
BLOCK08/SES086/SA086S24	SES120	0.670438	4.22752	3.55709
BLOCK08/SES086/SA086S24	SES206	1.02173	4.57881	3.55709
BLOCK08/SES086/SA086S28	SES029	-0.324554	4.4193	4.74386
BLOCK08/SES086/SA086S28	SES082	0.749524	5.49338	4.74386
BLOCK08/SES086/SA086S28	SES087	1.65781	6.40167	4.74386
BLOCK08/SES086/SA086S28	SES206	1.01664	5.7605	4.74386
BLOCK08/SES089/SA089S13	SES087	0.815505	4.34251	3.527
BLOCK08/SES089/SA089S13	SES206	0.360771	3.88777	3.527
BLOCK08/SES089/SA089S13	SES226	0.442909	3.96991	3.527
BLOCK08/SES089/SA089S13	SES270	-0.215322	3.31168	3.527
BLOCK08/SES089/SA089S14	SES062	0.157329	4.95628	4.79895
BLOCK08/SES089/SA089S14	SES087	0.814837	5.61379	4.79895
BLOCK08/SES089/SA089S14	SES206	0.987318	5.78627	4.79895
BLOCK08/SES089/SA089S14	SES226	0.772642	5.57159	4.79895
BLOCK08/SES089/SA089S23	SES087	1.3805	3.95135	2.57085
BLOCK08/SES089/SA089S23	SES206	1.01591	3.58676	2.57085
BLOCK08/SES089/SA089S23	SES226	0.504996	3.07584	2.57085
BLOCK08/SES089/SA089S23	SES270	-0.318603	2.25224	2.57085
BLOCK08/SES089/SA089S25	SES062	-0.144977	3.12166	3.26664
BLOCK08/SES089/SA089S25	SES087	1.91067	5.17731	3.26664
BLOCK08/SES089/SA089S25	SES206	1.11644	4.38308	3.26664
BLOCK08/SES089/SA089S25	SES226	1.7256	4.99224	3.26664
BLOCK08/SES089/SA089S28	SES062	-0.452574	3.34662	3.7992
BLOCK08/SES089/SA089S28	SES087	1.40375	5.20295	3.7992
BLOCK08/SES089/SA089S28	SES206	1.06571	4.8649	3.7992
BLOCK08/SES089/SA089S28	SES226	1.18948	4.98868	3.7992
BLOCK09/SES097/SA097S11	SES099	1.10366	4.25135	3.14769
BLOCK09/SES097/SA097S11	SES125	0.250282	3.39797	3.14769
BLOCK09/SES097/SA097S11	SES206	0.561021	3.70871	3.14769
BLOCK09/SES097/SA097S11	SES226	1.1348	4.28248	3.14769
BLOCK09/SES097/SA097S14	SES062	-0.141781	3.83067	3.97245
BLOCK09/SES097/SA097S14	SES099	0.391431	4.36388	3.97245
BLOCK09/SES097/SA097S14	SES104	1.00936	4.9818	3.97245
BLOCK09/SES097/SA097S14	SES206	0.121548	4.094	3.97245
BLOCK09/SES097/SA097S22	SES099	0.988103	4.65304	3.66493
BLOCK09/SES097/SA097S22	SES206	0.920052	4.58499	3.66493
BLOCK09/SES097/SA097S22	SES226	0.30215	3.96708	3.66493
BLOCK09/SES097/SA097S22	SES270	0.417666	4.0826	3.66493
BLOCK09/SES097/SA097S26	SES099	1.08163	3.978	2.89637
BLOCK09/SES097/SA097S26	SES120	0.794792	3.69116	2.89637
BLOCK09/SES097/SA097S26	SES206	1.03756	3.93393	2.89637
BLOCK09/SES097/SA097S26	SES226	0.33667	3.23304	2.89637
BLOCK09/SES097/SA097S28	SES099	0.965085	5.06645	4.10137
BLOCK09/SES097/SA097S28	SES120	0.84199	4.94336	4.10137
BLOCK09/SES097/SA097S28	SES206	0.453199	4.55456	4.10137
BLOCK09/SES097/SA097S28	SES226	-0.0398483	4.06152	4.10137
BLOCK09/SES098/SA098S11	SES127	0.356699	5.0272	4.6705
BLOCK09/SES098/SA098S11	SES144	0.439313	5.10981	4.6705
BLOCK09/SES098/SA098S11	SES147	0.404503	5.075	4.6705
BLOCK09/SES098/SA098S11	SES148	-0.928763	3.74173	4.6705
BLOCK09/SES098/SA098S12	SES127	0.310937	3.72087	3.40993
BLOCK09/SES098/SA098S12	SES144	0.159776	3.56971	3.40993
BLOCK09/SES098/SA098S12	SES147	0.39734	3.80727	3.40993
BLOCK09/SES098/SA098S12	SES189	-0.623724	2.78621	3.40993
BLOCK09/SES098/SA098S20	SES127	0.559765	4.682	4.12224
BLOCK09/SES098/SA098S20	SES147	1.00154	5.12378	4.12224
BLOCK09/SES098/SA098S20	SES148	-0.161629	3.96061	4.12224
BLOCK09/SES098/SA098S20	SES292	0.65254	4.77478	4.12224
BLOCK09/SES098/SA098S23	SES127	0.454904	5.16114	4.70624
BLOCK09/SES098/SA098S23	SES147	0.215114	4.92135	4.70624
BLOCK09/SES098/SA098S23	SES187	0.408675	5.11491	4.70624
BLOCK09/SES098/SA098S23	SES292	0.363258	5.0695	4.70624
BLOCK09/SES098/SA098S27	SES127	-0.381364	3.14263	3.524
BLOCK09/SES098/SA098S27	SES147	-0.381615	3.14238	3.524
BLOCK09/SES098/SA098S27	SES148	-1.10299	2.421	3.524
BLOCK09/SES098/SA098S27	SES292	0.564409	4.08841	3.524
BLOCK10/SES102/SA102S13	SES101	0.983864	5.46482	4.48095
BLOCK10/SES102/SA102S13	SES105	0.0365849	4.51754	4.48095
BLOCK10/SES102/SA102S13	SES120	-0.0106049	4.47035	4.48095
BLOCK10/SES102/SA102S13	SES158	-0.209587	4.27137	4.48095
BLOCK10/SES102/SA102S14	SES007	0.939326	6.02287	5.08354
BLOCK10/SES102/SA102S14	SES101	1.46268	6.54622	5.08354
BLOCK10/SES102/SA102S14	SES105	0.397313	5.48086	5.08354
BLOCK10/SES102/SA102S14	SES147	0.738356	5.8219	5.08354
BLOCK10/SES102/SA102S22	SES007	0.0287042	5.61889	5.59019
BLOCK10/SES102/SA102S22	SES101	0.638192	6.22838	5.59019
BLOCK10/SES102/SA102S22	SES105	0.0498567	5.64004	5.59019
BLOCK10/SES102/SA102S22	SES158	-0.464565	5.12562	5.59019
BLOCK10/SES102/SA102S25	SES007	0.392108	5.29167	4.89957
BLOCK10/SES102/SA102S25	SES101	0.996146	5.89571	4.89957
BLOCK10/SES102/SA102S25	SES105	0.153512	5.05308	4.89957
BLOCK10/SES102/SA102S25	SES147	0.0288591	4.92842	4.89957
BLOCK10/SES102/SA102S27	SES007	0.318915	5.00803	4.68912
BLOCK10/SES102/SA102S27	SES101	0.833385	5.5225	4.68912
BLOCK10/SES102/SA102S27	SES105	0.015646	4.70476	4.68912
BLOCK10/SES102/SA102S27	SES147	-0.0102506	4.67886	4.68912
BLOCK10/SES103/SA103S14	SES105	0.174861	3.31265	3.13779
BLOCK10/SES103/SA103S14	SES106	0.495758	3.63355	3.13779
BLOCK10/SES103/SA103S14	SES120	-0.0366781	3.10111	3.13779
BLOCK10/SES103/SA103S14	SES206	-0.0999284	3.03786	3.13779
BLOCK10/SES103/SA103S15	SES099	0.0521562	2.39553	2.34338
BLOCK10/SES103/SA103S15	SES101	-0.691507	1.65187	2.34338
BLOCK10/SES103/SA103S15	SES104	-0.202709	2.14067	2.34338
BLOCK10/SES103/SA103S15	SES125	-0.0668461	2.27653	2.34338
BLOCK10/SES103/SA103S24	SES104	-0.17983	3.81216	3.99199
BLOCK10/SES103/SA103S24	SES125	-0.0957041	3.89628	3.99199
BLOCK10/SES103/SA103S24	SES148	0.0681183	4.0601	3.99199
BLOCK10/SES103/SA103S24	SES158	0.412361	4.40435	3.99199
BLOCK10/SES103/SA103S26	SES104	0.0885482	2.77666	2.68811
BLOCK10/SES103/SA103S26	SES106	0.633236	3.32135	2.68811
BLOCK10/SES103/SA103S26	SES125	-0.560657	2.12746	2.68811
BLOCK10/SES103/SA103S26	SES148	-0.303655	2.38446	2.68811
BLOCK10/SES103/SA103S28	SES104	0.567388	2.18536	1.61798
BLOCK10/SES103/SA103S28	SES106	0.913869	2.53184	1.61798
BLOCK10/SES103/SA103S28	SES125	0.0309589	1.64893	1.61798
BLOCK10/SES103/SA103S28	SES206	0.173363	1.79134	1.61798
BLOCK12/SES121/SA121S12	SES042	0.471038	3.78484	3.3138
BLOCK12/SES121/SA121S12	SES087	0.944512	4.25832	3.3138
BLOCK12/SES121/SA121S12	SES105	0.918836	4.23264	3.3138
BLOCK12/SES121/SA121S12	SES206	0.181156	3.49496	3.3138
BLOCK12/SES121/SA121S14	SES007	-0.186697	2.04182	2.22852
BLOCK12/SES121/SA121S14	SES105	0.0115626	2.24008	2.22852
BLOCK12/SES121/SA121S14	SES106	0.659743	2.88826	2.22852
BLOCK12/SES121/SA121S14	SES206	0.635831	2.86435	2.22852
BLOCK12/SES121/SA121S23	SES105	-0.0913553	2.00384	2.09519
BLOCK12/SES121/SA121S23	SES106	0.593376	2.68857	2.09519
BLOCK12/SES121/SA121S23	SES120	-0.124853	1.97034	2.09519
BLOCK12/SES121/SA121S23	SES206	0.776961	2.87215	2.09519
BLOCK12/SES121/SA121S25	SES007	0.338473	2.83215	2.49367
BLOCK12/SES121/SA121S25	SES105	-0.00957894	2.48409	2.49367
BLOCK12/SES121/SA121S25	SES106	0.472942	2.96661	2.49367
BLOCK12/SES121/SA121S25	SES206	0.438982	2.93265	2.49367
BLOCK12/SES121/SA121S27	SES087	0.881216	3.77526	2.89405
BLOCK12/SES121/SA121S27	SES105	-0.787784	2.10626	2.89405
BLOCK12/SES121/SA121S27	SES120	0.947299	3.84134	2.89405
BLOCK12/SES121/SA121S27	SES206	1.14443	4.03847	2.89405
BLOCK12/SES124/SA124S16	SES042	0.985704	5.57069	4.58499
BLOCK12/SES124/SA124S16	SES082	0.0515146	4.6365	4.58499
BLOCK12/SES124/SA124S16	SES183	-0.736016	3.84897	4.58499
BLOCK12/SES124/SA124S16	SES206	0.180218	4.76521	4.58499
BLOCK12/SES124/SA124S17	SES105	0.00353122	3.39289	3.38936
BLOCK12/SES124/SA124S17	SES149	-1.31403	2.07533	3.38936
BLOCK12/SES124/SA124S17	SES158	-0.573357	2.816	3.38936
BLOCK12/SES124/SA124S17	SES275	-0.00652599	3.38284	3.38936
BLOCK12/SES124/SA124S23	SES105	-0.68172	4.53353	5.21525
BLOCK12/SES124/SA124S23	SES125	1.05983	6.27508	5.21525
BLOCK12/SES124/SA124S23	SES129	-0.735825	4.47943	5.21525
BLOCK12/SES124/SA124S23	SES158	0.648998	5.86425	5.21525
BLOCK12/SES124/SA124S26	SES105	-0.911694	2.4881	3.39979
BLOCK12/SES124/SA124S26	SES125	0.703867	4.10366	3.39979
BLOCK12/SES124/SA124S26	SES129	-0.568286	2.83151	3.39979
BLOCK12/SES124/SA124S26	SES158	0.635378	4.03517	3.39979
BLOCK12/SES124/SA124S28	SES104	0.925426	4.84178	3.91636
BLOCK12/SES124/SA124S28	SES106	0.798204	4.71456	3.91636
BLOCK12/SES124/SA124S28	SES125	0.846121	4.76248	3.91636
BLOCK12/SES124/SA124S28	SES275	-0.452118	3.46424	3.91636
BLOCK12/SES126/SA126S13	SES007	0.326442	5.24017	4.91373
BLOCK12/SES126/SA126S13	SES162	0.0434766	4.9572	4.91373
BLOCK12/SES126/SA126S13	SES177	0.290376	5.2041	4.91373
BLOCK12/SES126/SA126S13	SES180	0.210894	5.12462	4.91373
BLOCK12/SES126/SA126S14	SES144	0.861512	6.62363	5.76212
BLOCK12/SES126/SA126S14	SES148	0.527456	6.28958	5.76212
BLOCK12/SES126/SA126S14	SES177	0.447115	6.20924	5.76212
BLOCK12/SES126/SA126S14	SES180	0.715807	6.47793	5.76212
BLOCK12/SES126/SA126S20	SES007	0.869462	6.66184	5.79238
BLOCK12/SES126/SA126S20	SES162	0.679086	6.47146	5.79238
BLOCK12/SES126/SA126S20	SES172	0.280143	6.07252	5.79238
BLOCK12/SES126/SA126S20	SES180	0.568419	6.3608	5.79238
BLOCK12/SES126/SA126S24	SES120	0.972687	6.76907	5.79638
BLOCK12/SES126/SA126S24	SES162	0.366953	6.16333	5.79638
BLOCK12/SES126/SA126S24	SES177	0.321586	6.11796	5.79638
BLOCK12/SES126/SA126S24	SES180	0.693204	6.48958	5.79638
BLOCK12/SES126/SA126S26	SES120	0.679606	5.70054	5.02093
BLOCK12/SES126/SA126S26	SES177	-0.142507	4.87842	5.02093
BLOCK12/SES126/SA126S26	SES180	0.142757	5.16369	5.02093
BLOCK12/SES126/SA126S26	SES202	-0.10281	4.91812	5.02093
BLOCK12/SES128/SA128S10	SES087	-0.0413041	4.08609	4.12739
BLOCK12/SES128/SA128S10	SES206	0.315715	4.44311	4.12739
BLOCK12/SES128/SA128S10	SES226	0.0558677	4.18326	4.12739
BLOCK12/SES128/SA128S10	SES270	0.409378	4.53677	4.12739
BLOCK12/SES128/SA128S12	SES120	0.298928	4.73596	4.43703
BLOCK12/SES128/SA128S12	SES158	0.314625	4.75166	4.43703
BLOCK12/SES128/SA128S12	SES206	0.244216	4.68125	4.43703
BLOCK12/SES128/SA128S12	SES226	-0.284089	4.15294	4.43703
BLOCK12/SES128/SA128S21	SES106	0.851041	4.23788	3.38684
BLOCK12/SES128/SA128S21	SES120	1.01043	4.39726	3.38684
BLOCK12/SES128/SA128S21	SES206	1.12009	4.50693	3.38684
BLOCK12/SES128/SA128S21	SES226	1.9541	5.34094	3.38684
BLOCK12/SES128/SA128S24	SES087	0.268182	4.04847	3.78029
BLOCK12/SES128/SA128S24	SES120	0.197365	3.97765	3.78029
BLOCK12/SES128/SA128S24	SES206	0.42171	4.202	3.78029
BLOCK12/SES128/SA128S24	SES226	0.13621	3.9165	3.78029
BLOCK12/SES128/SA128S27	SES099	0.0944552	5.10057	5.00611
BLOCK12/SES128/SA128S27	SES120	0.622859	5.62897	5.00611
BLOCK12/SES128/SA128S27	SES206	0.568688	5.5748	5.00611
BLOCK12/SES128/SA128S27	SES226	0.51647	5.52259	5.00611
BLOCK13/SES130/SA130S13	SES143	0.679606	4.54441	3.8648
BLOCK13/SES130/SA130S13	SES144	0.99274	4.85754	3.8648
BLOCK13/SES130/SA130S13	SES146	0.652848	4.51765	3.8648
BLOCK13/SES130/SA130S13	SES275	0.607235	4.47204	3.8648
BLOCK13/SES130/SA130S15	SES143	0.158449	5.61903	5.46058
BLOCK13/SES130/SA130S15	SES144	0.858974	6.31956	5.46058
BLOCK13/SES130/SA130S15	SES146	0.316782	5.77736	5.46058
BLOCK13/SES130/SA130S15	SES275	0.702957	6.16354	5.46058
BLOCK13/SES130/SA130S23	SES127	0.17718	3.53173	3.35455
BLOCK13/SES130/SA130S23	SES144	0.679525	4.03408	3.35455
BLOCK13/SES130/SA130S23	SES146	0.612175	3.96673	3.35455
BLOCK13/SES130/SA130S23	SES162	0.782377	4.13693	3.35455
BLOCK13/SES130/SA130S25	SES127	0.431707	5.87215	5.44044
BLOCK13/SES130/SA130S25	SES144	0.640374	6.08082	5.44044
BLOCK13/SES130/SA130S25	SES146	0.231075	5.67152	5.44044
BLOCK13/SES130/SA130S25	SES275	0.209889	5.65033	5.44044
BLOCK13/SES130/SA130S28	SES127	0.590182	5.08747	4.49729
BLOCK13/SES130/SA130S28	SES144	0.248023	4.74531	4.49729
BLOCK13/SES130/SA130S28	SES146	0.996305	5.4936	4.49729
BLOCK13/SES130/SA130S28	SES275	0.59305	5.09034	4.49729
BLOCK13/SES131/SA131S13	SES002	-0.0379448	2.71894	2.75689
BLOCK13/SES131/SA131S13	SES007	-0.511051	2.24584	2.75689
BLOCK13/SES131/SA131S13	SES099	-0.542657	2.21423	2.75689
BLOCK13/SES131/SA131S13	SES105	-0.440788	2.3161	2.75689
BLOCK13/SES131/SA131S14	SES104	0.862838	5.4152	4.55236
BLOCK13/SES131/SA131S14	SES106	0.981225	5.53358	4.55236
BLOCK13/SES131/SA131S14	SES125	0.0893545	4.64171	4.55236
BLOCK13/SES131/SA131S14	SES148	0.774543	5.3269	4.55236
BLOCK13/SES131/SA131S20	SES104	-0.273474	2.3673	2.64078
BLOCK13/SES131/SA131S20	SES106	0.0241282	2.66491	2.64078
BLOCK13/SES131/SA131S20	SES125	-0.824774	1.816	2.64078
BLOCK13/SES131/SA131S20	SES148	-0.361076	2.2797	2.64078
BLOCK13/SES131/SA131S22	SES099	0.00180674	4.3304	4.32859
BLOCK13/SES131/SA131S22	SES104	0.195984	4.52458	4.32859
BLOCK13/SES131/SA131S22	SES125	-0.011704	4.31689	4.32859
BLOCK13/SES131/SA131S22	SES206	0.121637	4.45023	4.32859
BLOCK13/SES131/SA131S29	SES087	0.0330424	3.61325	3.58021
BLOCK13/SES131/SA131S29	SES104	-0.343207	3.237	3.58021
BLOCK13/SES131/SA131S29	SES125	-0.309056	3.27115	3.58021
BLOCK13/SES131/SA131S29	SES206	-0.25635	3.32386	3.58021
BLOCK13/SES132/SA132S11	SES083	-0.00377798	5.89401	5.89779
BLOCK13/SES132/SA132S11	SES120	0.956349	6.85414	5.89779
BLOCK13/SES132/SA132S11	SES127	0.390597	6.28839	5.89779
BLOCK13/SES132/SA132S11	SES275	0.209238	6.10703	5.89779
BLOCK13/SES132/SA132S12	SES083	0.163367	6.84528	6.68191
BLOCK13/SES132/SA132S12	SES143	0.107371	6.78928	6.68191
BLOCK13/SES132/SA132S12	SES144	0.799232	7.48114	6.68191
BLOCK13/SES132/SA132S12	SES148	1.02156	7.70347	6.68191
BLOCK13/SES132/SA132S22	SES062	0.379458	6.25153	5.87207
BLOCK13/SES132/SA132S22	SES083	-0.231304	5.64077	5.87207
BLOCK13/SES132/SA132S22	SES127	0.320224	6.1923	5.87207
BLOCK13/SES132/SA132S22	SES275	0.306128	6.1782	5.87207
BLOCK13/SES132/SA132S24	SES007	0.596719	6.84023	6.24351
BLOCK13/SES132/SA132S24	SES083	0.251335	6.49484	6.24351
BLOCK13/SES132/SA132S24	SES127	0.0765805	6.32009	6.24351
BLOCK13/SES132/SA132S24	SES275	0.748412	6.99192	6.24351
BLOCK13/SES132/SA132S27	SES083	-0.263645	5.16068	5.42433
BLOCK13/SES132/SA132S27	SES120	0.750628	6.17496	5.42433
BLOCK13/SES132/SA132S27	SES127	-0.425683	4.99865	5.42433
BLOCK13/SES132/SA132S27	SES275	-0.0603108	5.36402	5.42433
BLOCK14/SES141/SA141S09	SES143	0.132579	6.24427	6.1117
BLOCK14/SES141/SA141S09	SES144	0.326735	6.43843	6.1117
BLOCK14/SES141/SA141S09	SES162	-0.13545	5.97624	6.1117
BLOCK14/SES141/SA141S09	SES180	-0.183677	5.92802	6.1117
BLOCK14/SES141/SA141S15	SES127	0.289286	5.69139	5.4021
BLOCK14/SES141/SA141S15	SES144	0.365511	5.76761	5.4021
BLOCK14/SES141/SA141S15	SES162	-0.183959	5.21814	5.4021
BLOCK14/SES141/SA141S15	SES180	-0.258471	5.14363	5.4021
BLOCK14/SES141/SA141S24	SES127	0.833267	6.49601	5.66274
BLOCK14/SES141/SA141S24	SES144	0.81907	6.48181	5.66274
BLOCK14/SES141/SA141S24	SES162	0.220819	5.88356	5.66274
BLOCK14/SES141/SA141S24	SES183	-0.0660834	5.59666	5.66274
BLOCK14/SES141/SA141S26	SES142	0.459193	5.47241	5.01321
BLOCK14/SES141/SA141S26	SES144	0.16009	5.1733	5.01321
BLOCK14/SES141/SA141S26	SES172	0.564176	5.57739	5.01321
BLOCK14/SES141/SA141S26	SES180	0.112106	5.12532	5.01321
BLOCK14/SES141/SA141S29	SES127	0.792213	6.4005	5.60829
BLOCK14/SES141/SA141S29	SES142	0.508393	6.11668	5.60829
BLOCK14/SES141/SA141S29	SES144	0.387843	5.99613	5.60829
BLOCK14/SES141/SA141S29	SES180	0.481265	6.08955	5.60829
BLOCK15/SES157/SA157S08	SES083	1.06586	6.47934	5.41348
BLOCK15/SES157/SA157S08	SES127	0.514672	5.92816	5.41348
BLOCK15/SES157/SA157S08	SES148	1.02915	6.44263	5.41348
BLOCK15/SES157/SA157S08	SES292	0.365127	5.77861	5.41348
BLOCK15/SES157/SA157S11	SES083	0.455966	5.65189	5.19592
BLOCK15/SES157/SA157S11	SES127	0.242453	5.43837	5.19592
BLOCK15/SES157/SA157S11	SES148	0.538006	5.73393	5.19592
BLOCK15/SES157/SA157S11	SES292	0.273072	5.46899	5.19592
BLOCK15/SES157/SA157S21	SES127	0.745909	6.3103	5.56439
BLOCK15/SES157/SA157S21	SES148	0.698625	6.26301	5.56439
BLOCK15/SES157/SA157S21	SES158	-1.64044	3.92395	5.56439
BLOCK15/SES157/SA157S21	SES292	0.481094	6.04548	5.56439
BLOCK15/SES157/SA157S24	SES127	0.294637	6.07139	5.77675
BLOCK15/SES157/SA157S24	SES148	0.673578	6.45033	5.77675
BLOCK15/SES157/SA157S24	SES183	0.227141	6.00389	5.77675
BLOCK15/SES157/SA157S24	SES292	0.212327	5.98908	5.77675
BLOCK15/SES157/SA157S26	SES007	0.356729	5.95849	5.60176
BLOCK15/SES157/SA157S26	SES127	0.694705	6.29646	5.60176
BLOCK15/SES157/SA157S26	SES147	0.135097	5.73686	5.60176
BLOCK15/SES157/SA157S26	SES148	0.599677	6.20144	5.60176
BLOCK16/SES161/SA161S10	SES007	0.0122924	3.86289	3.8506
BLOCK16/SES161/SA161S10	SES105	0.308178	4.15877	3.8506
BLOCK16/SES161/SA161S10	SES158	-0.0463674	3.80423	3.8506
BLOCK16/SES161/SA161S10	SES275	0.441096	4.29169	3.8506
BLOCK16/SES161/SA161S12	SES007	0.353858	4.75929	4.40544
BLOCK16/SES161/SA161S12	SES105	-0.335049	4.07039	4.40544
BLOCK16/SES161/SA161S12	SES158	0.391818	4.79725	4.40544
BLOCK16/SES161/SA161S12	SES275	0.254365	4.6598	4.40544
BLOCK16/SES161/SA161S20	SES007	0.0746057	3.23121	3.1566
BLOCK16/SES161/SA161S20	SES105	-0.325955	2.83065	3.1566
BLOCK16/SES161/SA161S20	SES158	0.454463	3.61107	3.1566
BLOCK16/SES161/SA161S20	SES275	-0.294872	2.86173	3.1566
BLOCK16/SES161/SA161S23	SES007	-0.23411	4.04772	4.28183
BLOCK16/SES161/SA161S23	SES105	0.184201	4.46603	4.28183
BLOCK16/SES161/SA161S23	SES148	0.058383	4.34021	4.28183
BLOCK16/SES161/SA161S23	SES158	-0.224935	4.0569	4.28183
BLOCK16/SES161/SA161S28	SES007	-0.0711932	4.02593	4.09713
BLOCK16/SES161/SA161S28	SES105	-0.175731	3.9214	4.09713
BLOCK16/SES161/SA161S28	SES158	0.838599	4.93573	4.09713
BLOCK16/SES161/SA161S28	SES206	0.840226	4.93735	4.09713
BLOCK16/SES164/SA164S11	SES104	0.607956	3.71241	3.10445
BLOCK16/SES164/SA164S11	SES125	0.501534	3.60599	3.10445
BLOCK16/SES164/SA164S11	SES158	1.8547	4.95915	3.10445
BLOCK16/SES164/SA164S11	SES206	0.760393	3.86485	3.10445
BLOCK16/SES164/SA164S13	SES099	0.000392675	2.76783	2.76744
BLOCK16/SES164/SA164S13	SES104	-0.240004	2.52744	2.76744
BLOCK16/SES164/SA164S13	SES125	0.765408	3.53285	2.76744
BLOCK16/SES164/SA164S13	SES206	0.845304	3.61275	2.76744
BLOCK16/SES164/SA164S24	SES002	1.44636	3.74931	2.30294
BLOCK16/SES164/SA164S24	SES099	0.868725	3.17167	2.30294
BLOCK16/SES164/SA164S24	SES125	0.543298	2.84624	2.30294
BLOCK16/SES164/SA164S24	SES226	1.74563	4.04857	2.30294
BLOCK16/SES164/SA164S27	SES087	0.638276	3.3752	2.73693
BLOCK16/SES164/SA164S27	SES125	0.804258	3.54119	2.73693
BLOCK16/SES164/SA164S27	SES206	0.725223	3.46215	2.73693
BLOCK16/SES164/SA164S27	SES226	0.494521	3.23145	2.73693
BLOCK16/SES164/SA164S29	SES002	0.785494	3.34583	2.56033
BLOCK16/SES164/SA164S29	SES019	-0.278112	2.28222	2.56033
BLOCK16/SES164/SA164S29	SES125	0.623038	3.18337	2.56033
BLOCK16/SES164/SA164S29	SES226	-0.227637	2.3327	2.56033
BLOCK16/SES169/SA169S13	SES117	0.10628	5.18042	5.07414
BLOCK16/SES169/SA169S13	SES144	0.286834	5.36097	5.07414
BLOCK16/SES169/SA169S13	SES146	0.672819	5.74696	5.07414
BLOCK16/SES169/SA169S13	SES162	0.324639	5.39878	5.07414
BLOCK16/SES169/SA169S14	SES144	0.767043	6.41136	5.64432
BLOCK16/SES169/SA169S14	SES148	0.16943	5.81375	5.64432
BLOCK16/SES169/SA169S14	SES177	0.943099	6.58742	5.64432
BLOCK16/SES169/SA169S14	SES180	0.774952	6.41927	5.64432
BLOCK16/SES169/SA169S24	SES117	0.596539	4.68581	4.08927
BLOCK16/SES169/SA169S24	SES144	0.387049	4.47632	4.08927
BLOCK16/SES169/SA169S24	SES146	0.299117	4.38839	4.08927
BLOCK16/SES169/SA169S24	SES162	0.505599	4.59487	4.08927
BLOCK16/SES169/SA169S27	SES127	0.302173	5.34962	5.04744
BLOCK16/SES169/SA169S27	SES129	0.121052	5.1685	5.04744
BLOCK16/SES169/SA169S27	SES144	0.0951209	5.14256	5.04744
BLOCK16/SES169/SA169S27	SES146	0.732728	5.78017	5.04744
BLOCK16/SES169/SA169S29	SES144	0.865098	6.71444	5.84935
BLOCK16/SES169/SA169S29	SES162	0.75548	6.60483	5.84935
BLOCK16/SES169/SA169S29	SES177	-0.0576701	5.79168	5.84935
BLOCK16/SES169/SA169S29	SES180	0.772305	6.62165	5.84935
BLOCK17/SES171/SA171S12	SES083	0.352324	4.22138	3.86906
BLOCK17/SES171/SA171S12	SES148	0.142125	4.01118	3.86906
BLOCK17/SES171/SA171S12	SES172	0.309538	4.1786	3.86906
BLOCK17/SES171/SA171S12	SES292	0.160856	4.02991	3.86906
BLOCK17/SES171/SA171S15	SES148	0.178782	5.04288	4.8641
BLOCK17/SES171/SA171S15	SES177	0.206766	5.07087	4.8641
BLOCK17/SES171/SA171S15	SES180	-0.381598	4.4825	4.8641
BLOCK17/SES171/SA171S15	SES292	0.168921	5.03302	4.8641
BLOCK17/SES171/SA171S22	SES007	0.131274	5.47586	5.34458
BLOCK17/SES171/SA171S22	SES148	0.795824	6.14041	5.34458
BLOCK17/SES171/SA171S22	SES177	0.727613	6.07219	5.34458
BLOCK17/SES171/SA171S22	SES180	0.185993	5.53057	5.34458
BLOCK17/SES171/SA171S25	SES101	0.746963	4.35751	3.61055
BLOCK17/SES171/SA171S25	SES120	-0.0327585	3.57779	3.61055
BLOCK17/SES171/SA171S25	SES177	0.868978	4.47953	3.61055
BLOCK17/SES171/SA171S25	SES180	-0.00196767	3.60858	3.61055
BLOCK17/SES171/SA171S27	SES177	0.84546	5.40837	4.56291
BLOCK17/SES171/SA171S27	SES180	-0.361692	4.20122	4.56291
BLOCK17/SES171/SA171S27	SES189	0.571142	5.13405	4.56291
BLOCK17/SES171/SA171S27	SES292	0.133308	4.69622	4.56291
BLOCK17/SES173/SA173S13	SES162	-0.65136	4.49836	5.14972
BLOCK17/SES173/SA173S13	SES177	0.352913	5.50263	5.14972
BLOCK17/SES173/SA173S13	SES180	-0.442469	4.70725	5.14972
BLOCK17/SES173/SA173S13	SES292	0.98818	6.1379	5.14972
BLOCK17/SES173/SA173S14	SES007	0.895971	5.65379	4.75782
BLOCK17/SES173/SA173S14	SES162	-0.419842	4.33798	4.75782
BLOCK17/SES173/SA173S14	SES177	0.624228	5.38205	4.75782
BLOCK17/SES173/SA173S14	SES180	0.0111547	4.76897	4.75782
BLOCK17/SES173/SA173S24	SES144	0.617725	4.56576	3.94804
BLOCK17/SES173/SA173S24	SES162	-0.246384	3.70165	3.94804
BLOCK17/SES173/SA173S24	SES177	0.672909	4.62094	3.94804
BLOCK17/SES173/SA173S24	SES180	-0.330437	3.6176	3.94804
BLOCK17/SES173/SA173S27	SES162	-0.265404	4.59455	4.85996
BLOCK17/SES173/SA173S27	SES177	0.483206	5.34316	4.85996
BLOCK17/SES173/SA173S27	SES180	0.377218	5.23717	4.85996
BLOCK17/SES173/SA173S27	SES292	1.11958	5.97954	4.85996
BLOCK17/SES173/SA173S29	SES162	-0.234474	3.54841	3.78288
BLOCK17/SES173/SA173S29	SES175	0.293105	4.07599	3.78288
BLOCK17/SES173/SA173S29	SES177	0.675675	4.45856	3.78288
BLOCK17/SES173/SA173S29	SES292	0.233371	4.01625	3.78288
BLOCK18/SES182/SA182S10	SES144	0.301363	5.12394	4.82258
BLOCK18/SES182/SA182S10	SES177	0.252594	5.07517	4.82258
BLOCK18/SES182/SA182S10	SES180	-0.288298	4.53428	4.82258
BLOCK18/SES182/SA182S10	SES275	0.238493	5.06107	4.82258
BLOCK18/SES182/SA182S12	SES144	0.839849	7.48063	6.64078
BLOCK18/SES182/SA182S12	SES177	0.576613	7.21739	6.64078
BLOCK18/SES182/SA182S12	SES180	0.352106	6.99288	6.64078
BLOCK18/SES182/SA182S12	SES275	0.53686	7.17764	6.64078
BLOCK18/SES182/SA182S21	SES117	0.0842319	4.90889	4.82466
BLOCK18/SES182/SA182S21	SES144	0.0748377	4.8995	4.82466
BLOCK18/SES182/SA182S21	SES162	0.227815	5.05248	4.82466
BLOCK18/SES182/SA182S21	SES180	-0.361824	4.46284	4.82466
BLOCK18/SES182/SA182S23	SES117	0.300697	5.4619	5.16121
BLOCK18/SES182/SA182S23	SES144	0.075448	5.23665	5.16121
BLOCK18/SES182/SA182S23	SES180	-0.377682	4.78352	5.16121
BLOCK18/SES182/SA182S23	SES275	0.575857	5.73706	5.16121
BLOCK18/SES182/SA182S25	SES007	0.52855	4.73543	4.20688
BLOCK18/SES182/SA182S25	SES162	0.405388	4.61227	4.20688
BLOCK18/SES182/SA182S25	SES177	0.108297	4.31518	4.20688
BLOCK18/SES182/SA182S25	SES180	0.078938	4.28582	4.20688
BLOCK18/SES184/SA184S12	SES177	0.385282	4.67883	4.29355
BLOCK18/SES184/SA184S12	SES180	0.0997424	4.39329	4.29355
BLOCK18/SES184/SA184S12	SES189	0.191942	4.48549	4.29355
BLOCK18/SES184/SA184S12	SES292	-0.0637045	4.22985	4.29355
BLOCK18/SES184/SA184S13	SES101	0.205182	4.31731	4.11212
BLOCK18/SES184/SA184S13	SES177	0.0629053	4.17503	4.11212
BLOCK18/SES184/SA184S13	SES180	0.195013	4.30714	4.11212
BLOCK18/SES184/SA184S13	SES292	-0.0603542	4.05177	4.11212
BLOCK18/SES184/SA184S22	SES177	-0.161349	4.03181	4.19316
BLOCK18/SES184/SA184S22	SES180	0.373762	4.56692	4.19316
BLOCK18/SES184/SA184S22	SES189	0.270853	4.46401	4.19316
BLOCK18/SES184/SA184S22	SES292	0.13403	4.32719	4.19316
BLOCK18/SES184/SA184S25	SES101	0.526026	5.31225	4.78623
BLOCK18/SES184/SA184S25	SES177	0.160059	4.94629	4.78623
BLOCK18/SES184/SA184S25	SES180	0.708687	5.49491	4.78623
BLOCK18/SES184/SA184S25	SES292	0.176597	4.96282	4.78623
BLOCK18/SES184/SA184S27	SES083	0.240141	5.09345	4.85331
BLOCK18/SES184/SA184S27	SES177	-0.125547	4.72776	4.85331
BLOCK18/SES184/SA184S27	SES202	0.103638	4.95695	4.85331
BLOCK18/SES184/SA184S27	SES292	0.0320368	4.88534	4.85331
BLOCK20/SES204/SA204S12	SES062	0.248429	5.51479	5.26636
BLOCK20/SES204/SA204S12	SES083	0.312695	5.57906	5.26636
BLOCK20/SES204/SA204S12	SES206	0.795096	6.06146	5.26636
BLOCK20/SES204/SA204S12	SES226	0.141941	5.4083	5.26636
BLOCK20/SES204/SA204S14	SES068	0.990752	7.3989	6.40815
BLOCK20/SES204/SA204S14	SES087	1.79896	8.2071	6.40815
BLOCK20/SES204/SA204S14	SES206	0.765156	7.1733	6.40815
BLOCK20/SES204/SA204S14	SES226	0.500364	6.90851	6.40815
BLOCK20/SES204/SA204S22	SES068	1.16242	6.15585	4.99343
BLOCK20/SES204/SA204S22	SES082	0.4637	5.45713	4.99343
BLOCK20/SES204/SA204S22	SES083	0.566831	5.56026	4.99343
BLOCK20/SES204/SA204S22	SES206	1.13945	6.13288	4.99343
BLOCK20/SES204/SA204S25	SES062	0.148097	5.78523	5.63713
BLOCK20/SES204/SA204S25	SES083	0.472528	6.10966	5.63713
BLOCK20/SES204/SA204S25	SES206	0.988598	6.62573	5.63713
BLOCK20/SES204/SA204S25	SES226	0.18413	5.82126	5.63713
BLOCK20/SES204/SA204S27	SES068	0.755127	5.29651	4.54139
BLOCK20/SES204/SA204S27	SES082	0.183871	4.72526	4.54139
BLOCK20/SES204/SA204S27	SES087	1.12469	5.66608	4.54139
BLOCK20/SES204/SA204S27	SES206	0.52188	5.06327	4.54139
BLOCK20/SES207/SA207S10	SES127	-0.0399313	4.86102	4.90095
BLOCK20/SES207/SA207S10	SES183	0.523309	5.42426	4.90095
BLOCK20/SES207/SA207S10	SES189	0.509026	5.40997	4.90095
BLOCK20/SES207/SA207S10	SES292	0.154436	5.05538	4.90095
BLOCK20/SES207/SA207S11	SES127	-0.0385227	5.11191	5.15044
BLOCK20/SES207/SA207S11	SES183	0.338904	5.48934	5.15044
BLOCK20/SES207/SA207S11	SES187	0.543771	5.69421	5.15044
BLOCK20/SES207/SA207S11	SES292	0.165191	5.31563	5.15044
BLOCK20/SES207/SA207S25	SES068	0.282582	4.83683	4.55425
BLOCK20/SES207/SA207S25	SES083	0.430824	4.98507	4.55425
BLOCK20/SES207/SA207S25	SES127	0.643878	5.19813	4.55425
BLOCK20/SES207/SA207S25	SES187	0.750434	5.30468	4.55425
BLOCK20/SES207/SA207S27	SES127	0.0262041	4.35649	4.33029
BLOCK20/SES207/SA207S27	SES183	0.686194	5.01648	4.33029
BLOCK20/SES207/SA207S27	SES187	0.543716	4.87401	4.33029
BLOCK20/SES207/SA207S27	SES292	-0.100402	4.22989	4.33029
BLOCK20/SES207/SA207S29	SES083	0.359655	5.38283	5.02317
BLOCK20/SES207/SA207S29	SES085	0.70936	5.73253	5.02317
BLOCK20/SES207/SA207S29	SES172	0.79667	5.81984	5.02317
BLOCK20/SES207/SA207S29	SES189	-0.0316401	4.99153	5.02317
BLOCK22/SES221/SA221S12	SES068	1.44925	6.78882	5.33957
BLOCK22/SES221/SA221S12	SES143	0.36634	5.70591	5.33957
BLOCK22/SES221/SA221S12	SES175	0.480201	5.81977	5.33957
BLOCK22/SES221/SA221S12	SES202	0.666132	6.0057	5.33957
BLOCK22/SES221/SA221S15	SES085	1.1343	5.78681	4.65251
BLOCK22/SES221/SA221S15	SES143	0.300404	4.95292	4.65251
BLOCK22/SES221/SA221S15	SES175	0.276703	4.92921	4.65251
BLOCK22/SES221/SA221S15	SES187	0.310354	4.96287	4.65251
BLOCK22/SES221/SA221S23	SES068	1.33967	6.36005	5.02038
BLOCK22/SES221/SA221S23	SES143	0.193862	5.21425	5.02038
BLOCK22/SES221/SA221S23	SES175	0.612096	5.63248	5.02038
BLOCK22/SES221/SA221S23	SES189	0.584512	5.6049	5.02038
BLOCK22/SES221/SA221S27	SES085	2.10071	6.73821	4.6375
BLOCK22/SES221/SA221S27	SES143	0.858219	5.49572	4.6375
BLOCK22/SES221/SA221S27	SES175	0.363926	5.00143	4.6375
BLOCK22/SES221/SA221S27	SES189	0.785357	5.42286	4.6375
BLOCK22/SES221/SA221S29	SES085	1.59686	6.04621	4.44935
BLOCK22/SES221/SA221S29	SES143	0.743106	5.19246	4.44935
BLOCK22/SES221/SA221S29	SES175	0.644476	5.09383	4.44935
BLOCK22/SES221/SA221S29	SES187	0.579546	5.0289	4.44935
BLOCK22/SES223/SA223S11	SES143	0.021666	4.10816	4.08649
BLOCK22/SES223/SA223S11	SES144	-0.373053	3.71344	4.08649
BLOCK22/SES223/SA223S11	SES175	0.340627	4.42712	4.08649
BLOCK22/SES223/SA223S11	SES187	-0.353405	3.73309	4.08649
BLOCK22/SES223/SA223S13	SES068	0.899307	5.2549	4.35559
BLOCK22/SES223/SA223S13	SES143	0.352863	4.70846	4.35559
BLOCK22/SES223/SA223S13	SES146	-0.0980573	4.25754	4.35559
BLOCK22/SES223/SA223S13	SES202	0.0673952	4.42299	4.35559
BLOCK22/SES223/SA223S22	SES143	0.189618	4.00013	3.81052
BLOCK22/SES223/SA223S22	SES144	-0.222723	3.58779	3.81052
BLOCK22/SES223/SA223S22	SES175	0.477951	4.28847	3.81052
BLOCK22/SES223/SA223S22	SES187	0.240055	4.05057	3.81052
BLOCK22/SES223/SA223S25	SES068	0.541837	4.91832	4.37648
BLOCK22/SES223/SA223S25	SES143	0.511905	4.88839	4.37648
BLOCK22/SES223/SA223S25	SES175	0.631256	5.00774	4.37648
BLOCK22/SES223/SA223S25	SES187	0.22424	4.60072	4.37648
BLOCK22/SES223/SA223S27	SES143	0.252391	4.38714	4.13475
BLOCK22/SES223/SA223S27	SES146	-0.0973382	4.03741	4.13475
BLOCK22/SES223/SA223S27	SES187	-0.00724792	4.1275	4.13475
BLOCK22/SES223/SA223S27	SES292	0.49807	4.63282	4.13475
BLOCK27/SES273/SA273S12	SES099	0.37217	6.01037	5.6382
BLOCK27/SES273/SA273S12	SES104	0.903749	6.54195	5.6382
BLOCK27/SES273/SA273S12	SES125	0.364175	6.00238	5.6382
BLOCK27/SES273/SA273S12	SES206	0.561648	6.19985	5.6382
BLOCK27/SES273/SA273S13	SES099	0.312203	5.80505	5.49284
BLOCK27/SES273/SA273S13	SES104	0.514562	6.0074	5.49284
BLOCK27/SES273/SA273S13	SES206	0.296467	5.78931	5.49284
BLOCK27/SES273/SA273S13	SES292	0.576065	6.06891	5.49284
BLOCK27/SES273/SA273S21	SES099	0.22984	5.46264	5.2328
BLOCK27/SES273/SA273S21	SES148	-0.317338	4.91546	5.2328
BLOCK27/SES273/SA273S21	SES149	0.417964	5.65076	5.2328
BLOCK27/SES273/SA273S21	SES177	0.483632	5.71643	5.2328
BLOCK27/SES273/SA273S25	SES104	0.654916	5.63845	4.98353
BLOCK27/SES273/SA273S25	SES125	0.294971	5.2785	4.98353
BLOCK27/SES273/SA273S25	SES158	0.232874	5.21641	4.98353
BLOCK27/SES273/SA273S25	SES206	0.749941	5.73347	4.98353
BLOCK27/SES273/SA273S27	SES099	0.375972	6.48699	6.11102
BLOCK27/SES273/SA273S27	SES104	0.538726	6.64975	6.11102
BLOCK27/SES273/SA273S27	SES149	0.544829	6.65585	6.11102
BLOCK27/SES273/SA273S27	SES275	0.35851	6.46953	6.11102
BLOCK27/SES274/SA274S10	SES105	-0.340499	5.71631	6.05681
BLOCK27/SES274/SA274S10	SES125	-0.534008	5.5228	6.05681
BLOCK27/SES274/SA274S10	SES129	0.888538	6.94534	6.05681
BLOCK27/SES274/SA274S10	SES158	-0.764191	5.29261	6.05681
BLOCK27/SES274/SA274S11	SES105	0.379332	6.26929	5.88996
BLOCK27/SES274/SA274S11	SES149	-0.0816026	5.80835	5.88996
BLOCK27/SES274/SA274S11	SES158	-0.173654	5.7163	5.88996
BLOCK27/SES274/SA274S11	SES275	0.640985	6.53094	5.88996
BLOCK27/SES274/SA274S21	SES105	0.333936	6.41055	6.07661
BLOCK27/SES274/SA274S21	SES129	0.839105	6.91572	6.07661
BLOCK27/SES274/SA274S21	SES149	0.145301	6.22191	6.07661
BLOCK27/SES274/SA274S21	SES158	-0.534464	5.54215	6.07661
BLOCK27/SES274/SA274S24	SES105	0.308364	5.95786	5.64949
BLOCK27/SES274/SA274S24	SES129	0.676056	6.32555	5.64949
BLOCK27/SES274/SA274S24	SES149	0.363657	6.01315	5.64949
BLOCK27/SES274/SA274S24	SES158	-0.65602	4.99347	5.64949
BLOCK27/SES274/SA274S29	SES105	0.0743361	5.635	5.56066
BLOCK27/SES274/SA274S29	SES106	-0.00952482	5.55114	5.56066
BLOCK27/SES274/SA274S29	SES120	0.587368	6.14803	5.56066
BLOCK27/SES274/SA274S29	SES275	0.598607	6.15927	5.56066
BLOCK27/SES276/SA276S16	SES148	0.744408	5.63486	4.89046
BLOCK27/SES276/SA276S16	SES172	1.13083	6.02129	4.89046
BLOCK27/SES276/SA276S16	SES180	1.37571	6.26617	4.89046
BLOCK27/SES276/SA276S16	SES292	0.831631	5.72209	4.89046
BLOCK27/SES276/SA276S17	SES101	0.884205	5.9488	5.06459
BLOCK27/SES276/SA276S17	SES177	0.0793271	5.14392	5.06459
BLOCK27/SES276/SA276S17	SES180	0.770502	5.8351	5.06459
BLOCK27/SES276/SA276S17	SES292	0.502651	5.56724	5.06459
BLOCK27/SES276/SA276S24	SES101	1.0542	6.44648	5.39228
BLOCK27/SES276/SA276S24	SES177	0.377675	5.76996	5.39228
BLOCK27/SES276/SA276S24	SES180	1.15612	6.5484	5.39228
BLOCK27/SES276/SA276S24	SES292	0.251775	5.64406	5.39228
BLOCK27/SES276/SA276S26	SES101	0.369025	5.78863	5.4196
BLOCK27/SES276/SA276S26	SES177	0.523089	5.94269	5.4196
BLOCK27/SES276/SA276S26	SES180	0.780043	6.19965	5.4196
BLOCK27/SES276/SA276S26	SES292	0.654847	6.07445	5.4196
BLOCK27/SES276/SA276S28	SES101	0.845171	6.23471	5.38954
BLOCK27/SES276/SA276S28	SES177	-0.0374002	5.35214	5.38954
BLOCK27/SES276/SA276S28	SES180	1.09177	6.48131	5.38954
BLOCK27/SES276/SA276S28	SES292	0.808223	6.19776	5.38954
BLOCK27/SES277/SA277S12	SES101	1.05191	4.872	3.82009
BLOCK27/SES277/SA277S12	SES177	-0.0114205	3.80867	3.82009
BLOCK27/SES277/SA277S12	SES180	0.439775	4.25986	3.82009
BLOCK27/SES277/SA277S12	SES292	-0.0279257	3.79216	3.82009
BLOCK27/SES277/SA277S14	SES177	0.84072	4.37324	3.53252
BLOCK27/SES277/SA277S14	SES180	-0.197024	3.33549	3.53252
BLOCK27/SES277/SA277S14	SES189	1.01659	4.54911	3.53252
BLOCK27/SES277/SA277S14	SES292	0.325013	3.85753	3.53252
BLOCK27/SES277/SA277S21	SES177	0.815519	5.1077	4.29218
BLOCK27/SES277/SA277S21	SES180	0.135233	4.42742	4.29218
BLOCK27/SES277/SA277S21	SES189	1.3063	5.59848	4.29218
BLOCK27/SES277/SA277S21	SES292	0.241627	4.53381	4.29218
BLOCK27/SES277/SA277S24	SES144	0.574727	3.45431	2.87958
BLOCK27/SES277/SA277S24	SES177	0.511402	3.39098	2.87958
BLOCK27/SES277/SA277S24	SES180	-0.319945	2.55964	2.87958
BLOCK27/SES277/SA277S24	SES189	0.922583	3.80216	2.87958
BLOCK27/SES277/SA277S29	SES177	0.298584	5.11021	4.81162
BLOCK27/SES277/SA277S29	SES180	0.499349	5.31097	4.81162
BLOCK27/SES277/SA277S29	SES202	0.419801	5.23142	4.81162
BLOCK27/SES277/SA277S29	SES292	-0.301231	4.51039	4.81162
BLOCK27/SES279/SA279S09	SES120	0.545285	5.69496	5.14967
BLOCK27/SES279/SA279S09	SES146	-0.673777	4.4759	5.14967
BLOCK27/SES279/SA279S09	SES206	0.397992	5.54766	5.14967
BLOCK27/SES279/SA279S09	SES226	-0.0727019	5.07697	5.14967
BLOCK27/SES279/SA279S10	SES099	0.0660205	4.91487	4.84885
BLOCK27/SES279/SA279S10	SES206	-0.117201	4.73165	4.84885
BLOCK27/SES279/SA279S10	SES226	-0.212067	4.63678	4.84885
BLOCK27/SES279/SA279S10	SES292	0.718414	5.56726	4.84885
BLOCK27/SES279/SA279S20	SES099	-0.106221	4.53614	4.64236
BLOCK27/SES279/SA279S20	SES206	0.237027	4.87939	4.64236
BLOCK27/SES279/SA279S20	SES226	-0.394663	4.2477	4.64236
BLOCK27/SES279/SA279S20	SES292	0.762161	5.40452	4.64236
BLOCK27/SES279/SA279S26	SES099	0.368291	4.67476	4.30647
BLOCK27/SES279/SA279S26	SES206	0.985755	5.29222	4.30647
BLOCK27/SES279/SA279S26	SES226	0.343332	4.6498	4.30647
BLOCK27/SES279/SA279S26	SES292	1.10183	5.4083	4.30647
BLOCK27/SES279/SA279S28	SES099	0.327824	6.04486	5.71704
BLOCK27/SES279/SA279S28	SES120	0.831715	6.54875	5.71704
BLOCK27/SES279/SA279S28	SES177	0.343867	6.06091	5.71704
BLOCK27/SES279/SA279S28	SES206	0.715872	6.43291	5.71704
BLOCK29/SES290/SA290S12	SES162	0.9658	7.21123	6.24543
BLOCK29/SES290/SA290S12	SES177	0.993136	7.23856	6.24543
BLOCK29/SES290/SA290S12	SES180	1.23537	7.4808	6.24543
BLOCK29/SES290/SA290S12	SES292	0.63647	6.8819	6.24543
BLOCK29/SES290/SA290S13	SES007	0.361399	5.53328	5.17188
BLOCK29/SES290/SA290S13	SES162	-0.253472	4.91841	5.17188
BLOCK29/SES290/SA290S13	SES177	0.0644598	5.23634	5.17188
BLOCK29/SES290/SA290S13	SES180	0.531617	5.7035	5.17188
BLOCK29/SES290/SA290S22	SES177	0.305457	6.03663	5.73118
BLOCK29/SES290/SA290S22	SES180	0.802754	6.53393	5.73118
BLOCK29/SES290/SA290S22	SES202	0.399108	6.13029	5.73118
BLOCK29/SES290/SA290S22	SES292	0.268067	5.99924	5.73118
BLOCK29/SES290/SA290S25	SES162	0.782273	6.91931	6.13704
BLOCK29/SES290/SA290S25	SES177	0.177342	6.31438	6.13704
BLOCK29/SES290/SA290S25	SES180	1.00974	7.14678	6.13704
BLOCK29/SES290/SA290S25	SES292	0.507496	6.64454	6.13704
BLOCK29/SES290/SA290S29	SES177	0.795138	6.37683	5.58169
BLOCK29/SES290/SA290S29	SES180	1.12508	6.70676	5.58169
BLOCK29/SES290/SA290S29	SES275	0.742615	6.3243	5.58169
BLOCK29/SES290/SA290S29	SES292	0.559843	6.14153	5.58169
BLOCK29/SES291/SA291S11	SES105	-0.58468	3.10544	3.69012
BLOCK29/SES291/SA291S11	SES125	0.596097	4.28622	3.69012
BLOCK29/SES291/SA291S11	SES158	0.562665	4.25279	3.69012
BLOCK29/SES291/SA291S11	SES275	-0.52159	3.16853	3.69012
BLOCK29/SES291/SA291S12	SES158	1.59951	4.84788	3.24836
BLOCK29/SES291/SA291S12	SES226	0.744149	3.99251	3.24836
BLOCK29/SES291/SA291S12	SES270	1.58461	4.83297	3.24836
BLOCK29/SES291/SA291S12	SES275	-1.01726	2.2311	3.24836
BLOCK29/SES291/SA291S22	SES082	0.497022	4.79214	4.29511
BLOCK29/SES291/SA291S22	SES158	0.801723	5.09684	4.29511
BLOCK29/SES291/SA291S22	SES259	0.283942	4.57906	4.29511
BLOCK29/SES291/SA291S22	SES275	-0.499407	3.79571	4.29511
BLOCK29/SES291/SA291S24	SES104	1.52826	6.52164	4.99338
BLOCK29/SES291/SA291S24	SES125	0.804516	5.7979	4.99338
BLOCK29/SES291/SA291S24	SES158	0.62226	5.61564	4.99338
BLOCK29/SES291/SA291S24	SES275	-0.770012	4.22337	4.99338
BLOCK29/SES291/SA291S27	SES158	1.37672	5.52902	4.15231
BLOCK29/SES291/SA291S27	SES172	-0.761883	3.39042	4.15231
BLOCK29/SES291/SA291S27	SES275	-0.582481	3.56983	4.15231
BLOCK29/SES291/SA291S27	SES292	0.718542	4.87085	4.15231
Threshold search:
THR	-1.64044488475	9	0(0)	1(1000)
THR	-1.5915973359025	8.991	0(0)	0.999(999)
THR	-1.542749787055	8.991	0(0)	0.999(999)
THR	-1.4939022382075	8.991	0(0)	0.999(999)
THR	-1.44505468936	8.991	0(0)	0.999(999)
THR	-1.3962071405125	8.991	0(0)	0.999(999)
THR	-1.347359591665	8.982	0(0)	0.998(998)
THR	-1.2985120428175	8.973	0(0)	0.997(997)
THR	-1.24966449397	8.973	0(0)	0.997(997)
THR	-1.2008169451225	8.973	0(0)	0.997(997)
THR	-1.151969396275	8.964	0(0)	0.996(996)
THR	-1.1031218474275	8.964	0(0)	0.996(996)
THR	-1.05427429858	8.955	0(0)	0.995(995)
THR	-1.0054267497325	8.946	0(0)	0.994(994)
THR	-0.956579200885	8.946	0(0)	0.994(994)
THR	-0.9077316520375	8.919	0(0)	0.991(991)
THR	-0.85888410319	8.919	0(0)	0.991(991)
THR	-0.8100365543425	8.901	0(0)	0.989(989)
THR	-0.761189005495	8.847	0(0)	0.983(983)
THR	-0.7123414566475	8.811	0(0)	0.979(979)
THR	-0.6634939078	8.757	0(0)	0.973(973)
THR	-0.6146463589525	8.712	0(0)	0.968(968)
THR	-0.565798810105	8.658	0(0)	0.962(962)
THR	-0.5169512612575	8.595	0(0)	0.955(955)
THR	-0.46810371241	8.55	0(0)	0.95(950)
THR	-0.419256163562501	8.451	0(0)	0.939(939)
THR	-0.370408614715001	8.352	0(0)	0.928(928)
THR	-0.321561065867501	8.217	0(0)	0.913(913)
THR	-0.272713517020001	8.1	0(0)	0.9(900)
THR	-0.223865968172501	7.947	0(0)	0.883(883)
THR	-0.175018419325001	7.803	0(0)	0.867(867)
THR	-0.126170870477501	7.704	0(0)	0.856(856)
THR	-0.0773233216300006	7.551	0(0)	0.839(839)
THR	-0.0284757727825005	7.317	0(0)	0.813(813)
THR	0.0203717760649995	7.056	0(0)	0.784(784)
THR	0.0692193249124995	6.804	0(0)	0.756(756)
THR	0.118066873759999	6.561	0(0)	0.729(729)
THR	0.166914422607499	6.273	0(0)	0.697(697)
THR	0.215761971454999	5.98	0.004(1)	0.664(664)
THR	0.2646095203025	5.678	0.008(2)	0.63(630)
THR	0.313457069149999	5.255	0.008(2)	0.583(583)
THR	0.362304617997499	4.868	0.008(2)	0.54(540)
THR	0.411152166844999	4.449	0.012(3)	0.493(493)
THR	0.459999715692499	4.143	0.012(3)	0.459(459)
THR	0.508847264539999	3.832	0.016(4)	0.424(424)
THR	0.557694813387499	3.503	0.02(5)	0.387(387)
THR	0.606542362234999	3.161	0.02(5)	0.349(349)
THR	0.655389911082499	2.787	0.024(6)	0.307(307)
THR	0.704237459929999	2.534	0.032(8)	0.278(278)
THR	0.753085008777499	2.281	0.04(10)	0.249(249)
THR	0.801932557624999	1.929	0.048(12)	0.209(209)
THR	0.850780106472499	1.689	0.06(15)	0.181(181)
THR	0.899627655319999	1.508	0.068(17)	0.16(160)
THR	0.948475204167499	1.353	0.084(21)	0.141(141)
THR	0.997322753014999	1.137	0.12(30)	0.113(113)
THR	1.0461703018625	1.03	0.148(37)	0.098(98)
THR	1.09501785071	0.926	0.188(47)	0.082(82)
THR	1.1438653995575	0.829	0.244(61)	0.065(65)
THR	1.192712948405	0.763	0.268(67)	0.055(55)
THR	1.2415604972525	0.742	0.292(73)	0.05(50)
THR	1.2904080461	0.775	0.352(88)	0.047(47)
THR	1.3392555949475	0.785	0.38(95)	0.045(45)
THR	1.388103143795	0.761	0.428(107)	0.037(37)
THR	1.4369506926425	0.757	0.46(115)	0.033(33)
THR	1.48579824149	0.765	0.504(126)	0.029(29)
THR	1.5346457903375	0.778	0.544(136)	0.026(26)
THR	1.583493339185	0.832	0.616(154)	0.024(24)
THR	1.6323408880325	0.831	0.66(165)	0.019(19)
THR	1.68118843688	0.853	0.7(175)	0.017(17)
THR	1.7300359857275	0.843	0.708(177)	0.015(15)
THR	1.778883534575	0.832	0.724(181)	0.012(12)
THR	1.8277310834225	0.841	0.76(190)	0.009(9)
THR	1.87657863227	0.843	0.78(195)	0.007(7)
THR	1.9254261811175	0.832	0.796(199)	0.004(4)
THR	1.974273729965	0.859	0.832(208)	0.003(3)
THR	2.0231212788125	0.891	0.864(216)	0.003(3)
THR	2.07196882766	0.911	0.884(221)	0.003(3)
THR	2.1208163765075	0.913	0.904(226)	0.001(1)
THR	2.169663925355	0.912	0.912(228)	0(0)
THR	2.2185114742025	0.92	0.92(230)	0(0)
THR	2.26735902305	0.924	0.924(231)	0(0)
THR	2.3162065718975	0.928	0.928(232)	0(0)
THR	2.365054120745	0.94	0.94(235)	0(0)
THR	2.4139016695925	0.948	0.948(237)	0(0)
THR	2.46274921844	0.952	0.952(238)	0(0)
THR	2.5115967672875	0.964	0.964(241)	0(0)
THR	2.560444316135	0.972	0.972(243)	0(0)
THR	2.6092918649825	0.976	0.976(244)	0(0)
THR	2.65813941383	0.976	0.976(244)	0(0)
THR	2.7069869626775	0.984	0.984(246)	0(0)
THR	2.755834511525	0.988	0.988(247)	0(0)
THR	2.8046820603725	0.988	0.988(247)	0(0)
THR	2.85352960922	0.992	0.992(248)	0(0)
THR	2.9023771580675	0.992	0.992(248)	0(0)
THR	2.951224706915	0.992	0.992(248)	0(0)
THR	3.0000722557625	0.992	0.992(248)	0(0)
THR	3.04891980461	0.996	0.996(249)	0(0)
THR	3.0977673534575	0.996	0.996(249)	0(0)
THR	3.146614902305	0.996	0.996(249)	0(0)
THR	3.1954624511525	0.996	0.996(249)	0(0)
THR	3.24431	1	1(250)	0(0)


==============================================
THR: 1.2415604972525
Missed:     73/250=0.2920
FalseAlarm: 50/1000=0.0500
----------------------------------------------
==> CostDetection: 74.2
==============================================
