Threshold search:
THR	-24.49532994824	9	0(0)	1(1000)
THR	-24.1958472487576	8.991	0(0)	0.999(999)
THR	-23.8963645492752	8.991	0(0)	0.999(999)
THR	-23.5968818497928	8.991	0(0)	0.999(999)
THR	-23.2973991503104	8.991	0(0)	0.999(999)
THR	-22.997916450828	8.991	0(0)	0.999(999)
THR	-22.6984337513456	8.991	0(0)	0.999(999)
THR	-22.3989510518632	8.991	0(0)	0.999(999)
THR	-22.0994683523808	8.991	0(0)	0.999(999)
THR	-21.7999856528984	8.991	0(0)	0.999(999)
THR	-21.500502953416	8.991	0(0)	0.999(999)
THR	-21.2010202539336	8.991	0(0)	0.999(999)
THR	-20.9015375544512	8.991	0(0)	0.999(999)
THR	-20.6020548549688	8.991	0(0)	0.999(999)
THR	-20.3025721554864	8.991	0(0)	0.999(999)
THR	-20.003089456004	8.991	0(0)	0.999(999)
THR	-19.7036067565216	8.991	0(0)	0.999(999)
THR	-19.4041240570392	8.991	0(0)	0.999(999)
THR	-19.1046413575568	8.991	0(0)	0.999(999)
THR	-18.8051586580744	8.991	0(0)	0.999(999)
THR	-18.505675958592	8.982	0(0)	0.998(998)
THR	-18.2061932591096	8.982	0(0)	0.998(998)
THR	-17.9067105596272	8.982	0(0)	0.998(998)
THR	-17.6072278601448	8.982	0(0)	0.998(998)
THR	-17.3077451606624	8.982	0(0)	0.998(998)
THR	-17.00826246118	8.982	0(0)	0.998(998)
THR	-16.7087797616976	8.982	0(0)	0.998(998)
THR	-16.4092970622152	8.982	0(0)	0.998(998)
THR	-16.1098143627328	8.982	0(0)	0.998(998)
THR	-15.8103316632504	8.982	0(0)	0.998(998)
THR	-15.510848963768	8.982	0(0)	0.998(998)
THR	-15.2113662642856	8.982	0(0)	0.998(998)
THR	-14.9118835648032	8.982	0(0)	0.998(998)
THR	-14.6124008653208	8.982	0(0)	0.998(998)
THR	-14.3129181658384	8.982	0(0)	0.998(998)
THR	-14.013435466356	8.982	0(0)	0.998(998)
THR	-13.7139527668736	8.982	0(0)	0.998(998)
THR	-13.4144700673912	8.982	0(0)	0.998(998)
THR	-13.1149873679088	8.982	0(0)	0.998(998)
THR	-12.8155046684264	8.982	0(0)	0.998(998)
THR	-12.516021968944	8.973	0(0)	0.997(997)
THR	-12.2165392694616	8.973	0(0)	0.997(997)
THR	-11.9170565699792	8.973	0(0)	0.997(997)
THR	-11.6175738704968	8.973	0(0)	0.997(997)
THR	-11.3180911710144	8.973	0(0)	0.997(997)
THR	-11.018608471532	8.973	0(0)	0.997(997)
THR	-10.7191257720496	8.973	0(0)	0.997(997)
THR	-10.4196430725672	8.973	0(0)	0.997(997)
THR	-10.1201603730848	8.955	0(0)	0.995(995)
THR	-9.82067767360239	8.955	0(0)	0.995(995)
THR	-9.52119497411999	8.955	0(0)	0.995(995)
THR	-9.22171227463759	8.946	0(0)	0.994(994)
THR	-8.92222957515519	8.928	0(0)	0.992(992)
THR	-8.62274687567279	8.919	0(0)	0.991(991)
THR	-8.32326417619039	8.919	0(0)	0.991(991)
THR	-8.02378147670799	8.901	0(0)	0.989(989)
THR	-7.72429877722559	8.892	0(0)	0.988(988)
THR	-7.42481607774319	8.865	0(0)	0.985(985)
THR	-7.12533337826079	8.847	0(0)	0.983(983)
THR	-6.82585067877839	8.802	0(0)	0.978(978)
THR	-6.52636797929599	8.748	0(0)	0.972(972)
THR	-6.22688527981359	8.703	0(0)	0.967(967)
THR	-5.92740258033119	8.541	0(0)	0.949(949)
THR	-5.62791988084879	8.433	0(0)	0.937(937)
THR	-5.32843718136639	8.343	0(0)	0.927(927)
THR	-5.02895448188399	8.226	0(0)	0.914(914)
THR	-4.72947178240159	8.091	0(0)	0.899(899)
THR	-4.42998908291919	7.852	0.004(1)	0.872(872)
THR	-4.13050638343679	7.618	0.004(1)	0.846(846)
THR	-3.83102368395438	7.321	0.004(1)	0.813(813)
THR	-3.53154098447198	7.051	0.004(1)	0.783(783)
THR	-3.23205828498958	6.682	0.004(1)	0.742(742)
THR	-2.93257558550718	6.376	0.004(1)	0.708(708)
THR	-2.63309288602478	5.998	0.004(1)	0.666(666)
THR	-2.33361018654238	5.503	0.004(1)	0.611(611)
THR	-2.03412748705998	4.814	0.008(2)	0.534(534)
THR	-1.73464478757758	4.112	0.008(2)	0.456(456)
THR	-1.43516208809518	3.302	0.008(2)	0.366(366)
THR	-1.13567938861278	2.654	0.008(2)	0.294(294)
THR	-0.836196689130383	1.803	0.012(3)	0.199(199)
THR	-0.536713989647983	1.105	0.016(4)	0.121(121)
THR	-0.237231290165583	0.566	0.044(11)	0.058(58)
THR	0.0622514093168169	0.35	0.08(20)	0.03(30)
THR	0.361734108799217	0.302	0.14(35)	0.018(18)
THR	0.661216808281617	0.272	0.2(50)	0.008(8)
THR	0.960699507764017	0.335	0.308(77)	0.003(3)
THR	1.26018220724642	0.426	0.408(102)	0.002(2)
THR	1.55966490672882	0.541	0.532(133)	0.001(1)
THR	1.85914760621122	0.609	0.6(150)	0.001(1)
THR	2.15863030569362	0.693	0.684(171)	0.001(1)
THR	2.45811300517602	0.716	0.716(179)	0(0)
THR	2.75759570465842	0.78	0.78(195)	0(0)
THR	3.05707840414082	0.84	0.84(210)	0(0)
THR	3.35656110362322	0.884	0.884(221)	0(0)
THR	3.65604380310562	0.92	0.92(230)	0(0)
THR	3.95552650258802	0.972	0.972(243)	0(0)
THR	4.25500920207042	0.98	0.98(245)	0(0)
THR	4.55449190155282	0.98	0.98(245)	0(0)
THR	4.85397460103522	0.984	0.984(246)	0(0)
THR	5.15345730051762	0.992	0.992(248)	0(0)
THR	5.45294000000002	1	1(250)	0(0)


==============================================
THR: 0.661216808281617
Missed:     50/250=0.2000
FalseAlarm: 8/1000=0.0080
----------------------------------------------
==> CostDetection: 27.2
==============================================
